[2023-08-31T03:16:29.035+0000] {processor.py:157} INFO - Started process (PID=74) to work on /home/airflow/.local/lib/python3.7/site-packages/airflow/example_dags/example_nested_branch_dag.py
[2023-08-31T03:16:29.037+0000] {processor.py:826} INFO - Processing file /home/airflow/.local/lib/python3.7/site-packages/airflow/example_dags/example_nested_branch_dag.py for tasks to queue
[2023-08-31T03:16:29.038+0000] {logging_mixin.py:150} INFO - [2023-08-31T03:16:29.038+0000] {dagbag.py:541} INFO - Filling up the DagBag from /home/airflow/.local/lib/python3.7/site-packages/airflow/example_dags/example_nested_branch_dag.py
[2023-08-31T03:16:29.089+0000] {processor.py:836} INFO - DAG(s) dict_keys(['example_nested_branch_dag']) retrieved from /home/airflow/.local/lib/python3.7/site-packages/airflow/example_dags/example_nested_branch_dag.py
[2023-08-31T03:16:29.390+0000] {logging_mixin.py:150} INFO - [2023-08-31T03:16:29.390+0000] {dag.py:2742} INFO - Sync 1 DAGs
[2023-08-31T03:16:29.632+0000] {logging_mixin.py:150} INFO - [2023-08-31T03:16:29.631+0000] {dag.py:3508} INFO - Setting next_dagrun for example_nested_branch_dag to 2023-08-30T00:00:00+00:00, run_after=2023-08-31T00:00:00+00:00
[2023-08-31T03:16:29.735+0000] {processor.py:179} INFO - Processing /home/airflow/.local/lib/python3.7/site-packages/airflow/example_dags/example_nested_branch_dag.py took 0.763 seconds
[2023-08-31T03:17:00.386+0000] {processor.py:157} INFO - Started process (PID=144) to work on /home/airflow/.local/lib/python3.7/site-packages/airflow/example_dags/example_nested_branch_dag.py
[2023-08-31T03:17:00.388+0000] {processor.py:826} INFO - Processing file /home/airflow/.local/lib/python3.7/site-packages/airflow/example_dags/example_nested_branch_dag.py for tasks to queue
[2023-08-31T03:17:00.389+0000] {logging_mixin.py:150} INFO - [2023-08-31T03:17:00.389+0000] {dagbag.py:541} INFO - Filling up the DagBag from /home/airflow/.local/lib/python3.7/site-packages/airflow/example_dags/example_nested_branch_dag.py
[2023-08-31T03:17:00.400+0000] {processor.py:836} INFO - DAG(s) dict_keys(['example_nested_branch_dag']) retrieved from /home/airflow/.local/lib/python3.7/site-packages/airflow/example_dags/example_nested_branch_dag.py
[2023-08-31T03:17:00.432+0000] {logging_mixin.py:150} INFO - [2023-08-31T03:17:00.432+0000] {dag.py:2742} INFO - Sync 1 DAGs
[2023-08-31T03:17:00.468+0000] {logging_mixin.py:150} INFO - [2023-08-31T03:17:00.468+0000] {dag.py:3508} INFO - Setting next_dagrun for example_nested_branch_dag to 2023-08-30T00:00:00+00:00, run_after=2023-08-31T00:00:00+00:00
[2023-08-31T03:17:00.500+0000] {processor.py:179} INFO - Processing /home/airflow/.local/lib/python3.7/site-packages/airflow/example_dags/example_nested_branch_dag.py took 0.117 seconds
[2023-08-31T03:17:30.625+0000] {processor.py:157} INFO - Started process (PID=215) to work on /home/airflow/.local/lib/python3.7/site-packages/airflow/example_dags/example_nested_branch_dag.py
[2023-08-31T03:17:30.626+0000] {processor.py:826} INFO - Processing file /home/airflow/.local/lib/python3.7/site-packages/airflow/example_dags/example_nested_branch_dag.py for tasks to queue
[2023-08-31T03:17:30.626+0000] {logging_mixin.py:150} INFO - [2023-08-31T03:17:30.626+0000] {dagbag.py:541} INFO - Filling up the DagBag from /home/airflow/.local/lib/python3.7/site-packages/airflow/example_dags/example_nested_branch_dag.py
[2023-08-31T03:17:30.636+0000] {processor.py:836} INFO - DAG(s) dict_keys(['example_nested_branch_dag']) retrieved from /home/airflow/.local/lib/python3.7/site-packages/airflow/example_dags/example_nested_branch_dag.py
[2023-08-31T03:17:30.669+0000] {logging_mixin.py:150} INFO - [2023-08-31T03:17:30.669+0000] {dag.py:2742} INFO - Sync 1 DAGs
[2023-08-31T03:17:30.706+0000] {logging_mixin.py:150} INFO - [2023-08-31T03:17:30.706+0000] {dag.py:3508} INFO - Setting next_dagrun for example_nested_branch_dag to 2023-08-30T00:00:00+00:00, run_after=2023-08-31T00:00:00+00:00
[2023-08-31T03:17:30.744+0000] {processor.py:179} INFO - Processing /home/airflow/.local/lib/python3.7/site-packages/airflow/example_dags/example_nested_branch_dag.py took 0.123 seconds
[2023-08-31T03:18:01.514+0000] {processor.py:157} INFO - Started process (PID=286) to work on /home/airflow/.local/lib/python3.7/site-packages/airflow/example_dags/example_nested_branch_dag.py
[2023-08-31T03:18:01.516+0000] {processor.py:826} INFO - Processing file /home/airflow/.local/lib/python3.7/site-packages/airflow/example_dags/example_nested_branch_dag.py for tasks to queue
[2023-08-31T03:18:01.517+0000] {logging_mixin.py:150} INFO - [2023-08-31T03:18:01.516+0000] {dagbag.py:541} INFO - Filling up the DagBag from /home/airflow/.local/lib/python3.7/site-packages/airflow/example_dags/example_nested_branch_dag.py
[2023-08-31T03:18:01.526+0000] {processor.py:836} INFO - DAG(s) dict_keys(['example_nested_branch_dag']) retrieved from /home/airflow/.local/lib/python3.7/site-packages/airflow/example_dags/example_nested_branch_dag.py
[2023-08-31T03:18:01.559+0000] {logging_mixin.py:150} INFO - [2023-08-31T03:18:01.559+0000] {dag.py:2742} INFO - Sync 1 DAGs
[2023-08-31T03:18:01.595+0000] {logging_mixin.py:150} INFO - [2023-08-31T03:18:01.595+0000] {dag.py:3508} INFO - Setting next_dagrun for example_nested_branch_dag to 2023-08-30T00:00:00+00:00, run_after=2023-08-31T00:00:00+00:00
[2023-08-31T03:18:01.622+0000] {processor.py:179} INFO - Processing /home/airflow/.local/lib/python3.7/site-packages/airflow/example_dags/example_nested_branch_dag.py took 0.110 seconds
[2023-08-31T03:18:32.321+0000] {processor.py:157} INFO - Started process (PID=357) to work on /home/airflow/.local/lib/python3.7/site-packages/airflow/example_dags/example_nested_branch_dag.py
[2023-08-31T03:18:32.324+0000] {processor.py:826} INFO - Processing file /home/airflow/.local/lib/python3.7/site-packages/airflow/example_dags/example_nested_branch_dag.py for tasks to queue
[2023-08-31T03:18:32.325+0000] {logging_mixin.py:150} INFO - [2023-08-31T03:18:32.325+0000] {dagbag.py:541} INFO - Filling up the DagBag from /home/airflow/.local/lib/python3.7/site-packages/airflow/example_dags/example_nested_branch_dag.py
[2023-08-31T03:18:32.339+0000] {processor.py:836} INFO - DAG(s) dict_keys(['example_nested_branch_dag']) retrieved from /home/airflow/.local/lib/python3.7/site-packages/airflow/example_dags/example_nested_branch_dag.py
[2023-08-31T03:18:32.375+0000] {logging_mixin.py:150} INFO - [2023-08-31T03:18:32.375+0000] {dag.py:2742} INFO - Sync 1 DAGs
[2023-08-31T03:18:32.407+0000] {logging_mixin.py:150} INFO - [2023-08-31T03:18:32.407+0000] {dag.py:3508} INFO - Setting next_dagrun for example_nested_branch_dag to 2023-08-30T00:00:00+00:00, run_after=2023-08-31T00:00:00+00:00
[2023-08-31T03:18:32.450+0000] {processor.py:179} INFO - Processing /home/airflow/.local/lib/python3.7/site-packages/airflow/example_dags/example_nested_branch_dag.py took 0.133 seconds
[2023-08-31T03:19:03.132+0000] {processor.py:157} INFO - Started process (PID=428) to work on /home/airflow/.local/lib/python3.7/site-packages/airflow/example_dags/example_nested_branch_dag.py
[2023-08-31T03:19:03.133+0000] {processor.py:826} INFO - Processing file /home/airflow/.local/lib/python3.7/site-packages/airflow/example_dags/example_nested_branch_dag.py for tasks to queue
[2023-08-31T03:19:03.134+0000] {logging_mixin.py:150} INFO - [2023-08-31T03:19:03.134+0000] {dagbag.py:541} INFO - Filling up the DagBag from /home/airflow/.local/lib/python3.7/site-packages/airflow/example_dags/example_nested_branch_dag.py
[2023-08-31T03:19:03.153+0000] {processor.py:836} INFO - DAG(s) dict_keys(['example_nested_branch_dag']) retrieved from /home/airflow/.local/lib/python3.7/site-packages/airflow/example_dags/example_nested_branch_dag.py
[2023-08-31T03:19:03.199+0000] {logging_mixin.py:150} INFO - [2023-08-31T03:19:03.199+0000] {dag.py:2742} INFO - Sync 1 DAGs
[2023-08-31T03:19:03.247+0000] {logging_mixin.py:150} INFO - [2023-08-31T03:19:03.247+0000] {dag.py:3508} INFO - Setting next_dagrun for example_nested_branch_dag to 2023-08-30T00:00:00+00:00, run_after=2023-08-31T00:00:00+00:00
[2023-08-31T03:19:03.286+0000] {processor.py:179} INFO - Processing /home/airflow/.local/lib/python3.7/site-packages/airflow/example_dags/example_nested_branch_dag.py took 0.162 seconds
