[2023-08-31T03:16:33.189+0000] {processor.py:157} INFO - Started process (PID=95) to work on /home/airflow/.local/lib/python3.7/site-packages/airflow/example_dags/example_sla_dag.py
[2023-08-31T03:16:33.190+0000] {processor.py:826} INFO - Processing file /home/airflow/.local/lib/python3.7/site-packages/airflow/example_dags/example_sla_dag.py for tasks to queue
[2023-08-31T03:16:33.191+0000] {logging_mixin.py:150} INFO - [2023-08-31T03:16:33.190+0000] {dagbag.py:541} INFO - Filling up the DagBag from /home/airflow/.local/lib/python3.7/site-packages/airflow/example_dags/example_sla_dag.py
[2023-08-31T03:16:33.200+0000] {processor.py:836} INFO - DAG(s) dict_keys(['example_sla_dag']) retrieved from /home/airflow/.local/lib/python3.7/site-packages/airflow/example_dags/example_sla_dag.py
[2023-08-31T03:16:33.228+0000] {logging_mixin.py:150} INFO - [2023-08-31T03:16:33.227+0000] {dag.py:2742} INFO - Sync 1 DAGs
[2023-08-31T03:16:33.268+0000] {logging_mixin.py:150} INFO - [2023-08-31T03:16:33.267+0000] {dag.py:3508} INFO - Setting next_dagrun for example_sla_dag to 2023-08-31T03:14:00+00:00, run_after=2023-08-31T03:16:00+00:00
[2023-08-31T03:16:33.304+0000] {processor.py:179} INFO - Processing /home/airflow/.local/lib/python3.7/site-packages/airflow/example_dags/example_sla_dag.py took 0.117 seconds
[2023-08-31T03:17:04.088+0000] {processor.py:157} INFO - Started process (PID=166) to work on /home/airflow/.local/lib/python3.7/site-packages/airflow/example_dags/example_sla_dag.py
[2023-08-31T03:17:04.090+0000] {processor.py:826} INFO - Processing file /home/airflow/.local/lib/python3.7/site-packages/airflow/example_dags/example_sla_dag.py for tasks to queue
[2023-08-31T03:17:04.091+0000] {logging_mixin.py:150} INFO - [2023-08-31T03:17:04.091+0000] {dagbag.py:541} INFO - Filling up the DagBag from /home/airflow/.local/lib/python3.7/site-packages/airflow/example_dags/example_sla_dag.py
[2023-08-31T03:17:04.102+0000] {processor.py:836} INFO - DAG(s) dict_keys(['example_sla_dag']) retrieved from /home/airflow/.local/lib/python3.7/site-packages/airflow/example_dags/example_sla_dag.py
[2023-08-31T03:17:04.133+0000] {logging_mixin.py:150} INFO - [2023-08-31T03:17:04.133+0000] {dag.py:2742} INFO - Sync 1 DAGs
[2023-08-31T03:17:04.180+0000] {logging_mixin.py:150} INFO - [2023-08-31T03:17:04.180+0000] {dag.py:3508} INFO - Setting next_dagrun for example_sla_dag to 2023-08-31T03:14:00+00:00, run_after=2023-08-31T03:16:00+00:00
[2023-08-31T03:17:04.210+0000] {processor.py:179} INFO - Processing /home/airflow/.local/lib/python3.7/site-packages/airflow/example_dags/example_sla_dag.py took 0.125 seconds
[2023-08-31T03:17:34.989+0000] {processor.py:157} INFO - Started process (PID=237) to work on /home/airflow/.local/lib/python3.7/site-packages/airflow/example_dags/example_sla_dag.py
[2023-08-31T03:17:34.990+0000] {processor.py:826} INFO - Processing file /home/airflow/.local/lib/python3.7/site-packages/airflow/example_dags/example_sla_dag.py for tasks to queue
[2023-08-31T03:17:34.991+0000] {logging_mixin.py:150} INFO - [2023-08-31T03:17:34.991+0000] {dagbag.py:541} INFO - Filling up the DagBag from /home/airflow/.local/lib/python3.7/site-packages/airflow/example_dags/example_sla_dag.py
[2023-08-31T03:17:34.999+0000] {processor.py:836} INFO - DAG(s) dict_keys(['example_sla_dag']) retrieved from /home/airflow/.local/lib/python3.7/site-packages/airflow/example_dags/example_sla_dag.py
[2023-08-31T03:17:35.027+0000] {logging_mixin.py:150} INFO - [2023-08-31T03:17:35.026+0000] {dag.py:2742} INFO - Sync 1 DAGs
[2023-08-31T03:17:35.059+0000] {logging_mixin.py:150} INFO - [2023-08-31T03:17:35.059+0000] {dag.py:3508} INFO - Setting next_dagrun for example_sla_dag to 2023-08-31T03:14:00+00:00, run_after=2023-08-31T03:16:00+00:00
[2023-08-31T03:17:35.094+0000] {processor.py:179} INFO - Processing /home/airflow/.local/lib/python3.7/site-packages/airflow/example_dags/example_sla_dag.py took 0.108 seconds
[2023-08-31T03:18:06.453+0000] {processor.py:157} INFO - Started process (PID=308) to work on /home/airflow/.local/lib/python3.7/site-packages/airflow/example_dags/example_sla_dag.py
[2023-08-31T03:18:06.454+0000] {processor.py:826} INFO - Processing file /home/airflow/.local/lib/python3.7/site-packages/airflow/example_dags/example_sla_dag.py for tasks to queue
[2023-08-31T03:18:06.455+0000] {logging_mixin.py:150} INFO - [2023-08-31T03:18:06.455+0000] {dagbag.py:541} INFO - Filling up the DagBag from /home/airflow/.local/lib/python3.7/site-packages/airflow/example_dags/example_sla_dag.py
[2023-08-31T03:18:06.463+0000] {processor.py:836} INFO - DAG(s) dict_keys(['example_sla_dag']) retrieved from /home/airflow/.local/lib/python3.7/site-packages/airflow/example_dags/example_sla_dag.py
[2023-08-31T03:18:06.490+0000] {logging_mixin.py:150} INFO - [2023-08-31T03:18:06.489+0000] {dag.py:2742} INFO - Sync 1 DAGs
[2023-08-31T03:18:06.523+0000] {logging_mixin.py:150} INFO - [2023-08-31T03:18:06.523+0000] {dag.py:3508} INFO - Setting next_dagrun for example_sla_dag to 2023-08-31T03:16:00+00:00, run_after=2023-08-31T03:18:00+00:00
[2023-08-31T03:18:06.551+0000] {processor.py:179} INFO - Processing /home/airflow/.local/lib/python3.7/site-packages/airflow/example_dags/example_sla_dag.py took 0.102 seconds
[2023-08-31T03:18:36.797+0000] {processor.py:157} INFO - Started process (PID=379) to work on /home/airflow/.local/lib/python3.7/site-packages/airflow/example_dags/example_sla_dag.py
[2023-08-31T03:18:36.799+0000] {processor.py:826} INFO - Processing file /home/airflow/.local/lib/python3.7/site-packages/airflow/example_dags/example_sla_dag.py for tasks to queue
[2023-08-31T03:18:36.800+0000] {logging_mixin.py:150} INFO - [2023-08-31T03:18:36.799+0000] {dagbag.py:541} INFO - Filling up the DagBag from /home/airflow/.local/lib/python3.7/site-packages/airflow/example_dags/example_sla_dag.py
[2023-08-31T03:18:36.809+0000] {processor.py:836} INFO - DAG(s) dict_keys(['example_sla_dag']) retrieved from /home/airflow/.local/lib/python3.7/site-packages/airflow/example_dags/example_sla_dag.py
[2023-08-31T03:18:36.836+0000] {logging_mixin.py:150} INFO - [2023-08-31T03:18:36.836+0000] {dag.py:2742} INFO - Sync 1 DAGs
[2023-08-31T03:18:36.875+0000] {logging_mixin.py:150} INFO - [2023-08-31T03:18:36.875+0000] {dag.py:3508} INFO - Setting next_dagrun for example_sla_dag to 2023-08-31T03:16:00+00:00, run_after=2023-08-31T03:18:00+00:00
[2023-08-31T03:18:36.905+0000] {processor.py:179} INFO - Processing /home/airflow/.local/lib/python3.7/site-packages/airflow/example_dags/example_sla_dag.py took 0.111 seconds
