[2023-08-31T03:16:32.861+0000] {processor.py:157} INFO - Started process (PID=91) to work on /home/airflow/.local/lib/python3.7/site-packages/airflow/example_dags/example_bash_operator.py
[2023-08-31T03:16:32.862+0000] {processor.py:826} INFO - Processing file /home/airflow/.local/lib/python3.7/site-packages/airflow/example_dags/example_bash_operator.py for tasks to queue
[2023-08-31T03:16:32.863+0000] {logging_mixin.py:150} INFO - [2023-08-31T03:16:32.863+0000] {dagbag.py:541} INFO - Filling up the DagBag from /home/airflow/.local/lib/python3.7/site-packages/airflow/example_dags/example_bash_operator.py
[2023-08-31T03:16:32.882+0000] {processor.py:836} INFO - DAG(s) dict_keys(['example_bash_operator']) retrieved from /home/airflow/.local/lib/python3.7/site-packages/airflow/example_dags/example_bash_operator.py
[2023-08-31T03:16:32.930+0000] {logging_mixin.py:150} INFO - [2023-08-31T03:16:32.930+0000] {dag.py:2742} INFO - Sync 1 DAGs
[2023-08-31T03:16:32.971+0000] {logging_mixin.py:150} INFO - [2023-08-31T03:16:32.970+0000] {dag.py:3508} INFO - Setting next_dagrun for example_bash_operator to 2023-08-30T00:00:00+00:00, run_after=2023-08-31T00:00:00+00:00
[2023-08-31T03:16:33.009+0000] {processor.py:179} INFO - Processing /home/airflow/.local/lib/python3.7/site-packages/airflow/example_dags/example_bash_operator.py took 0.151 seconds
[2023-08-31T03:17:03.714+0000] {processor.py:157} INFO - Started process (PID=162) to work on /home/airflow/.local/lib/python3.7/site-packages/airflow/example_dags/example_bash_operator.py
[2023-08-31T03:17:03.715+0000] {processor.py:826} INFO - Processing file /home/airflow/.local/lib/python3.7/site-packages/airflow/example_dags/example_bash_operator.py for tasks to queue
[2023-08-31T03:17:03.717+0000] {logging_mixin.py:150} INFO - [2023-08-31T03:17:03.716+0000] {dagbag.py:541} INFO - Filling up the DagBag from /home/airflow/.local/lib/python3.7/site-packages/airflow/example_dags/example_bash_operator.py
[2023-08-31T03:17:03.741+0000] {processor.py:836} INFO - DAG(s) dict_keys(['example_bash_operator']) retrieved from /home/airflow/.local/lib/python3.7/site-packages/airflow/example_dags/example_bash_operator.py
[2023-08-31T03:17:03.822+0000] {logging_mixin.py:150} INFO - [2023-08-31T03:17:03.822+0000] {dag.py:2742} INFO - Sync 1 DAGs
[2023-08-31T03:17:03.863+0000] {logging_mixin.py:150} INFO - [2023-08-31T03:17:03.863+0000] {dag.py:3508} INFO - Setting next_dagrun for example_bash_operator to 2023-08-30T00:00:00+00:00, run_after=2023-08-31T00:00:00+00:00
[2023-08-31T03:17:03.891+0000] {processor.py:179} INFO - Processing /home/airflow/.local/lib/python3.7/site-packages/airflow/example_dags/example_bash_operator.py took 0.182 seconds
[2023-08-31T03:17:34.595+0000] {processor.py:157} INFO - Started process (PID=233) to work on /home/airflow/.local/lib/python3.7/site-packages/airflow/example_dags/example_bash_operator.py
[2023-08-31T03:17:34.596+0000] {processor.py:826} INFO - Processing file /home/airflow/.local/lib/python3.7/site-packages/airflow/example_dags/example_bash_operator.py for tasks to queue
[2023-08-31T03:17:34.597+0000] {logging_mixin.py:150} INFO - [2023-08-31T03:17:34.597+0000] {dagbag.py:541} INFO - Filling up the DagBag from /home/airflow/.local/lib/python3.7/site-packages/airflow/example_dags/example_bash_operator.py
[2023-08-31T03:17:34.621+0000] {processor.py:836} INFO - DAG(s) dict_keys(['example_bash_operator']) retrieved from /home/airflow/.local/lib/python3.7/site-packages/airflow/example_dags/example_bash_operator.py
[2023-08-31T03:17:34.699+0000] {logging_mixin.py:150} INFO - [2023-08-31T03:17:34.698+0000] {dag.py:2742} INFO - Sync 1 DAGs
[2023-08-31T03:17:34.738+0000] {logging_mixin.py:150} INFO - [2023-08-31T03:17:34.738+0000] {dag.py:3508} INFO - Setting next_dagrun for example_bash_operator to 2023-08-30T00:00:00+00:00, run_after=2023-08-31T00:00:00+00:00
[2023-08-31T03:17:34.772+0000] {processor.py:179} INFO - Processing /home/airflow/.local/lib/python3.7/site-packages/airflow/example_dags/example_bash_operator.py took 0.181 seconds
[2023-08-31T03:18:05.882+0000] {processor.py:157} INFO - Started process (PID=304) to work on /home/airflow/.local/lib/python3.7/site-packages/airflow/example_dags/example_bash_operator.py
[2023-08-31T03:18:05.884+0000] {processor.py:826} INFO - Processing file /home/airflow/.local/lib/python3.7/site-packages/airflow/example_dags/example_bash_operator.py for tasks to queue
[2023-08-31T03:18:05.885+0000] {logging_mixin.py:150} INFO - [2023-08-31T03:18:05.884+0000] {dagbag.py:541} INFO - Filling up the DagBag from /home/airflow/.local/lib/python3.7/site-packages/airflow/example_dags/example_bash_operator.py
[2023-08-31T03:18:05.898+0000] {processor.py:836} INFO - DAG(s) dict_keys(['example_bash_operator']) retrieved from /home/airflow/.local/lib/python3.7/site-packages/airflow/example_dags/example_bash_operator.py
[2023-08-31T03:18:05.938+0000] {logging_mixin.py:150} INFO - [2023-08-31T03:18:05.938+0000] {dag.py:2742} INFO - Sync 1 DAGs
[2023-08-31T03:18:05.968+0000] {logging_mixin.py:150} INFO - [2023-08-31T03:18:05.968+0000] {dag.py:3508} INFO - Setting next_dagrun for example_bash_operator to 2023-08-30T00:00:00+00:00, run_after=2023-08-31T00:00:00+00:00
[2023-08-31T03:18:06.003+0000] {processor.py:179} INFO - Processing /home/airflow/.local/lib/python3.7/site-packages/airflow/example_dags/example_bash_operator.py took 0.123 seconds
[2023-08-31T03:18:36.384+0000] {processor.py:157} INFO - Started process (PID=375) to work on /home/airflow/.local/lib/python3.7/site-packages/airflow/example_dags/example_bash_operator.py
[2023-08-31T03:18:36.385+0000] {processor.py:826} INFO - Processing file /home/airflow/.local/lib/python3.7/site-packages/airflow/example_dags/example_bash_operator.py for tasks to queue
[2023-08-31T03:18:36.386+0000] {logging_mixin.py:150} INFO - [2023-08-31T03:18:36.386+0000] {dagbag.py:541} INFO - Filling up the DagBag from /home/airflow/.local/lib/python3.7/site-packages/airflow/example_dags/example_bash_operator.py
[2023-08-31T03:18:36.408+0000] {processor.py:836} INFO - DAG(s) dict_keys(['example_bash_operator']) retrieved from /home/airflow/.local/lib/python3.7/site-packages/airflow/example_dags/example_bash_operator.py
[2023-08-31T03:18:36.459+0000] {logging_mixin.py:150} INFO - [2023-08-31T03:18:36.459+0000] {dag.py:2742} INFO - Sync 1 DAGs
[2023-08-31T03:18:36.496+0000] {logging_mixin.py:150} INFO - [2023-08-31T03:18:36.496+0000] {dag.py:3508} INFO - Setting next_dagrun for example_bash_operator to 2023-08-30T00:00:00+00:00, run_after=2023-08-31T00:00:00+00:00
[2023-08-31T03:18:36.527+0000] {processor.py:179} INFO - Processing /home/airflow/.local/lib/python3.7/site-packages/airflow/example_dags/example_bash_operator.py took 0.148 seconds
