[2023-08-31T03:16:31.065+0000] {processor.py:157} INFO - Started process (PID=81) to work on /home/airflow/.local/lib/python3.7/site-packages/airflow/example_dags/example_branch_labels.py
[2023-08-31T03:16:31.066+0000] {processor.py:826} INFO - Processing file /home/airflow/.local/lib/python3.7/site-packages/airflow/example_dags/example_branch_labels.py for tasks to queue
[2023-08-31T03:16:31.067+0000] {logging_mixin.py:150} INFO - [2023-08-31T03:16:31.066+0000] {dagbag.py:541} INFO - Filling up the DagBag from /home/airflow/.local/lib/python3.7/site-packages/airflow/example_dags/example_branch_labels.py
[2023-08-31T03:16:31.080+0000] {processor.py:836} INFO - DAG(s) dict_keys(['example_branch_labels']) retrieved from /home/airflow/.local/lib/python3.7/site-packages/airflow/example_dags/example_branch_labels.py
[2023-08-31T03:16:31.113+0000] {logging_mixin.py:150} INFO - [2023-08-31T03:16:31.113+0000] {dag.py:2742} INFO - Sync 1 DAGs
[2023-08-31T03:16:31.177+0000] {logging_mixin.py:150} INFO - [2023-08-31T03:16:31.177+0000] {dag.py:3508} INFO - Setting next_dagrun for example_branch_labels to 2023-08-30T00:00:00+00:00, run_after=2023-08-31T00:00:00+00:00
[2023-08-31T03:16:31.250+0000] {processor.py:179} INFO - Processing /home/airflow/.local/lib/python3.7/site-packages/airflow/example_dags/example_branch_labels.py took 0.188 seconds
[2023-08-31T03:17:02.310+0000] {processor.py:157} INFO - Started process (PID=152) to work on /home/airflow/.local/lib/python3.7/site-packages/airflow/example_dags/example_branch_labels.py
[2023-08-31T03:17:02.311+0000] {processor.py:826} INFO - Processing file /home/airflow/.local/lib/python3.7/site-packages/airflow/example_dags/example_branch_labels.py for tasks to queue
[2023-08-31T03:17:02.312+0000] {logging_mixin.py:150} INFO - [2023-08-31T03:17:02.312+0000] {dagbag.py:541} INFO - Filling up the DagBag from /home/airflow/.local/lib/python3.7/site-packages/airflow/example_dags/example_branch_labels.py
[2023-08-31T03:17:02.320+0000] {processor.py:836} INFO - DAG(s) dict_keys(['example_branch_labels']) retrieved from /home/airflow/.local/lib/python3.7/site-packages/airflow/example_dags/example_branch_labels.py
[2023-08-31T03:17:02.354+0000] {logging_mixin.py:150} INFO - [2023-08-31T03:17:02.354+0000] {dag.py:2742} INFO - Sync 1 DAGs
[2023-08-31T03:17:02.392+0000] {logging_mixin.py:150} INFO - [2023-08-31T03:17:02.392+0000] {dag.py:3508} INFO - Setting next_dagrun for example_branch_labels to 2023-08-30T00:00:00+00:00, run_after=2023-08-31T00:00:00+00:00
[2023-08-31T03:17:02.424+0000] {processor.py:179} INFO - Processing /home/airflow/.local/lib/python3.7/site-packages/airflow/example_dags/example_branch_labels.py took 0.117 seconds
[2023-08-31T03:17:33.531+0000] {processor.py:157} INFO - Started process (PID=223) to work on /home/airflow/.local/lib/python3.7/site-packages/airflow/example_dags/example_branch_labels.py
[2023-08-31T03:17:33.533+0000] {processor.py:826} INFO - Processing file /home/airflow/.local/lib/python3.7/site-packages/airflow/example_dags/example_branch_labels.py for tasks to queue
[2023-08-31T03:17:33.534+0000] {logging_mixin.py:150} INFO - [2023-08-31T03:17:33.534+0000] {dagbag.py:541} INFO - Filling up the DagBag from /home/airflow/.local/lib/python3.7/site-packages/airflow/example_dags/example_branch_labels.py
[2023-08-31T03:17:33.542+0000] {processor.py:836} INFO - DAG(s) dict_keys(['example_branch_labels']) retrieved from /home/airflow/.local/lib/python3.7/site-packages/airflow/example_dags/example_branch_labels.py
[2023-08-31T03:17:33.575+0000] {logging_mixin.py:150} INFO - [2023-08-31T03:17:33.575+0000] {dag.py:2742} INFO - Sync 1 DAGs
[2023-08-31T03:17:33.657+0000] {logging_mixin.py:150} INFO - [2023-08-31T03:17:33.656+0000] {dag.py:3508} INFO - Setting next_dagrun for example_branch_labels to 2023-08-30T00:00:00+00:00, run_after=2023-08-31T00:00:00+00:00
[2023-08-31T03:17:33.720+0000] {processor.py:179} INFO - Processing /home/airflow/.local/lib/python3.7/site-packages/airflow/example_dags/example_branch_labels.py took 0.192 seconds
[2023-08-31T03:18:04.015+0000] {processor.py:157} INFO - Started process (PID=293) to work on /home/airflow/.local/lib/python3.7/site-packages/airflow/example_dags/example_branch_labels.py
[2023-08-31T03:18:04.017+0000] {processor.py:826} INFO - Processing file /home/airflow/.local/lib/python3.7/site-packages/airflow/example_dags/example_branch_labels.py for tasks to queue
[2023-08-31T03:18:04.017+0000] {logging_mixin.py:150} INFO - [2023-08-31T03:18:04.017+0000] {dagbag.py:541} INFO - Filling up the DagBag from /home/airflow/.local/lib/python3.7/site-packages/airflow/example_dags/example_branch_labels.py
[2023-08-31T03:18:04.024+0000] {processor.py:836} INFO - DAG(s) dict_keys(['example_branch_labels']) retrieved from /home/airflow/.local/lib/python3.7/site-packages/airflow/example_dags/example_branch_labels.py
[2023-08-31T03:18:04.052+0000] {logging_mixin.py:150} INFO - [2023-08-31T03:18:04.052+0000] {dag.py:2742} INFO - Sync 1 DAGs
[2023-08-31T03:18:04.097+0000] {logging_mixin.py:150} INFO - [2023-08-31T03:18:04.097+0000] {dag.py:3508} INFO - Setting next_dagrun for example_branch_labels to 2023-08-30T00:00:00+00:00, run_after=2023-08-31T00:00:00+00:00
[2023-08-31T03:18:04.132+0000] {processor.py:179} INFO - Processing /home/airflow/.local/lib/python3.7/site-packages/airflow/example_dags/example_branch_labels.py took 0.119 seconds
[2023-08-31T03:18:34.740+0000] {processor.py:157} INFO - Started process (PID=364) to work on /home/airflow/.local/lib/python3.7/site-packages/airflow/example_dags/example_branch_labels.py
[2023-08-31T03:18:34.741+0000] {processor.py:826} INFO - Processing file /home/airflow/.local/lib/python3.7/site-packages/airflow/example_dags/example_branch_labels.py for tasks to queue
[2023-08-31T03:18:34.742+0000] {logging_mixin.py:150} INFO - [2023-08-31T03:18:34.742+0000] {dagbag.py:541} INFO - Filling up the DagBag from /home/airflow/.local/lib/python3.7/site-packages/airflow/example_dags/example_branch_labels.py
[2023-08-31T03:18:34.751+0000] {processor.py:836} INFO - DAG(s) dict_keys(['example_branch_labels']) retrieved from /home/airflow/.local/lib/python3.7/site-packages/airflow/example_dags/example_branch_labels.py
[2023-08-31T03:18:34.786+0000] {logging_mixin.py:150} INFO - [2023-08-31T03:18:34.785+0000] {dag.py:2742} INFO - Sync 1 DAGs
[2023-08-31T03:18:34.827+0000] {logging_mixin.py:150} INFO - [2023-08-31T03:18:34.826+0000] {dag.py:3508} INFO - Setting next_dagrun for example_branch_labels to 2023-08-30T00:00:00+00:00, run_after=2023-08-31T00:00:00+00:00
[2023-08-31T03:18:34.855+0000] {processor.py:179} INFO - Processing /home/airflow/.local/lib/python3.7/site-packages/airflow/example_dags/example_branch_labels.py took 0.119 seconds
[2023-08-31T03:19:05.738+0000] {processor.py:157} INFO - Started process (PID=435) to work on /home/airflow/.local/lib/python3.7/site-packages/airflow/example_dags/example_branch_labels.py
[2023-08-31T03:19:05.741+0000] {processor.py:826} INFO - Processing file /home/airflow/.local/lib/python3.7/site-packages/airflow/example_dags/example_branch_labels.py for tasks to queue
[2023-08-31T03:19:05.742+0000] {logging_mixin.py:150} INFO - [2023-08-31T03:19:05.742+0000] {dagbag.py:541} INFO - Filling up the DagBag from /home/airflow/.local/lib/python3.7/site-packages/airflow/example_dags/example_branch_labels.py
[2023-08-31T03:19:05.752+0000] {processor.py:836} INFO - DAG(s) dict_keys(['example_branch_labels']) retrieved from /home/airflow/.local/lib/python3.7/site-packages/airflow/example_dags/example_branch_labels.py
[2023-08-31T03:19:05.785+0000] {logging_mixin.py:150} INFO - [2023-08-31T03:19:05.784+0000] {dag.py:2742} INFO - Sync 1 DAGs
[2023-08-31T03:19:05.831+0000] {logging_mixin.py:150} INFO - [2023-08-31T03:19:05.831+0000] {dag.py:3508} INFO - Setting next_dagrun for example_branch_labels to 2023-08-30T00:00:00+00:00, run_after=2023-08-31T00:00:00+00:00
[2023-08-31T03:19:05.867+0000] {processor.py:179} INFO - Processing /home/airflow/.local/lib/python3.7/site-packages/airflow/example_dags/example_branch_labels.py took 0.132 seconds
