[2023-08-31T03:16:27.102+0000] {processor.py:157} INFO - Started process (PID=66) to work on /home/airflow/.local/lib/python3.7/site-packages/airflow/example_dags/example_datasets.py
[2023-08-31T03:16:27.111+0000] {processor.py:826} INFO - Processing file /home/airflow/.local/lib/python3.7/site-packages/airflow/example_dags/example_datasets.py for tasks to queue
[2023-08-31T03:16:27.115+0000] {logging_mixin.py:150} INFO - [2023-08-31T03:16:27.114+0000] {dagbag.py:541} INFO - Filling up the DagBag from /home/airflow/.local/lib/python3.7/site-packages/airflow/example_dags/example_datasets.py
[2023-08-31T03:16:27.201+0000] {processor.py:836} INFO - DAG(s) dict_keys(['dataset_consumes_1_never_scheduled', 'dataset_consumes_1_and_2', 'dataset_consumes_unknown_never_scheduled', 'dataset_consumes_1', 'dataset_produces_2', 'dataset_produces_1']) retrieved from /home/airflow/.local/lib/python3.7/site-packages/airflow/example_dags/example_datasets.py
[2023-08-31T03:16:27.353+0000] {logging_mixin.py:150} INFO - [2023-08-31T03:16:27.353+0000] {dag.py:2742} INFO - Sync 6 DAGs
[2023-08-31T03:16:27.420+0000] {logging_mixin.py:150} INFO - [2023-08-31T03:16:27.419+0000] {dag.py:3508} INFO - Setting next_dagrun for dataset_consumes_1 to None, run_after=None
[2023-08-31T03:16:27.433+0000] {logging_mixin.py:150} INFO - [2023-08-31T03:16:27.432+0000] {dag.py:3508} INFO - Setting next_dagrun for dataset_consumes_1_and_2 to None, run_after=None
[2023-08-31T03:16:27.436+0000] {logging_mixin.py:150} INFO - [2023-08-31T03:16:27.435+0000] {dag.py:3508} INFO - Setting next_dagrun for dataset_consumes_1_never_scheduled to None, run_after=None
[2023-08-31T03:16:27.438+0000] {logging_mixin.py:150} INFO - [2023-08-31T03:16:27.438+0000] {dag.py:3508} INFO - Setting next_dagrun for dataset_consumes_unknown_never_scheduled to None, run_after=None
[2023-08-31T03:16:27.444+0000] {logging_mixin.py:150} INFO - [2023-08-31T03:16:27.443+0000] {dag.py:3508} INFO - Setting next_dagrun for dataset_produces_1 to 2023-08-30T00:00:00+00:00, run_after=2023-08-31T00:00:00+00:00
[2023-08-31T03:16:27.446+0000] {logging_mixin.py:150} INFO - [2023-08-31T03:16:27.446+0000] {dag.py:3508} INFO - Setting next_dagrun for dataset_produces_2 to None, run_after=None
[2023-08-31T03:16:27.553+0000] {processor.py:179} INFO - Processing /home/airflow/.local/lib/python3.7/site-packages/airflow/example_dags/example_datasets.py took 0.508 seconds
[2023-08-31T03:16:57.896+0000] {processor.py:157} INFO - Started process (PID=137) to work on /home/airflow/.local/lib/python3.7/site-packages/airflow/example_dags/example_datasets.py
[2023-08-31T03:16:57.897+0000] {processor.py:826} INFO - Processing file /home/airflow/.local/lib/python3.7/site-packages/airflow/example_dags/example_datasets.py for tasks to queue
[2023-08-31T03:16:57.898+0000] {logging_mixin.py:150} INFO - [2023-08-31T03:16:57.897+0000] {dagbag.py:541} INFO - Filling up the DagBag from /home/airflow/.local/lib/python3.7/site-packages/airflow/example_dags/example_datasets.py
[2023-08-31T03:16:57.909+0000] {processor.py:836} INFO - DAG(s) dict_keys(['dataset_produces_2', 'dataset_consumes_1_and_2', 'dataset_produces_1', 'dataset_consumes_1', 'dataset_consumes_unknown_never_scheduled', 'dataset_consumes_1_never_scheduled']) retrieved from /home/airflow/.local/lib/python3.7/site-packages/airflow/example_dags/example_datasets.py
[2023-08-31T03:16:57.959+0000] {logging_mixin.py:150} INFO - [2023-08-31T03:16:57.958+0000] {dag.py:2742} INFO - Sync 6 DAGs
[2023-08-31T03:16:57.991+0000] {logging_mixin.py:150} INFO - [2023-08-31T03:16:57.991+0000] {dag.py:3508} INFO - Setting next_dagrun for dataset_consumes_1 to None, run_after=None
[2023-08-31T03:16:57.997+0000] {logging_mixin.py:150} INFO - [2023-08-31T03:16:57.996+0000] {dag.py:3508} INFO - Setting next_dagrun for dataset_consumes_1_and_2 to None, run_after=None
[2023-08-31T03:16:57.999+0000] {logging_mixin.py:150} INFO - [2023-08-31T03:16:57.999+0000] {dag.py:3508} INFO - Setting next_dagrun for dataset_consumes_1_never_scheduled to None, run_after=None
[2023-08-31T03:16:58.001+0000] {logging_mixin.py:150} INFO - [2023-08-31T03:16:58.001+0000] {dag.py:3508} INFO - Setting next_dagrun for dataset_consumes_unknown_never_scheduled to None, run_after=None
[2023-08-31T03:16:58.005+0000] {logging_mixin.py:150} INFO - [2023-08-31T03:16:58.005+0000] {dag.py:3508} INFO - Setting next_dagrun for dataset_produces_1 to 2023-08-30T00:00:00+00:00, run_after=2023-08-31T00:00:00+00:00
[2023-08-31T03:16:58.010+0000] {logging_mixin.py:150} INFO - [2023-08-31T03:16:58.009+0000] {dag.py:3508} INFO - Setting next_dagrun for dataset_produces_2 to None, run_after=None
[2023-08-31T03:16:58.070+0000] {processor.py:179} INFO - Processing /home/airflow/.local/lib/python3.7/site-packages/airflow/example_dags/example_datasets.py took 0.178 seconds
[2023-08-31T03:17:28.185+0000] {processor.py:157} INFO - Started process (PID=208) to work on /home/airflow/.local/lib/python3.7/site-packages/airflow/example_dags/example_datasets.py
[2023-08-31T03:17:28.186+0000] {processor.py:826} INFO - Processing file /home/airflow/.local/lib/python3.7/site-packages/airflow/example_dags/example_datasets.py for tasks to queue
[2023-08-31T03:17:28.187+0000] {logging_mixin.py:150} INFO - [2023-08-31T03:17:28.187+0000] {dagbag.py:541} INFO - Filling up the DagBag from /home/airflow/.local/lib/python3.7/site-packages/airflow/example_dags/example_datasets.py
[2023-08-31T03:17:28.196+0000] {processor.py:836} INFO - DAG(s) dict_keys(['dataset_consumes_1_and_2', 'dataset_produces_1', 'dataset_consumes_1_never_scheduled', 'dataset_produces_2', 'dataset_consumes_unknown_never_scheduled', 'dataset_consumes_1']) retrieved from /home/airflow/.local/lib/python3.7/site-packages/airflow/example_dags/example_datasets.py
[2023-08-31T03:17:28.254+0000] {logging_mixin.py:150} INFO - [2023-08-31T03:17:28.254+0000] {dag.py:2742} INFO - Sync 6 DAGs
[2023-08-31T03:17:28.285+0000] {logging_mixin.py:150} INFO - [2023-08-31T03:17:28.284+0000] {dag.py:3508} INFO - Setting next_dagrun for dataset_consumes_1 to None, run_after=None
[2023-08-31T03:17:28.289+0000] {logging_mixin.py:150} INFO - [2023-08-31T03:17:28.289+0000] {dag.py:3508} INFO - Setting next_dagrun for dataset_consumes_1_and_2 to None, run_after=None
[2023-08-31T03:17:28.291+0000] {logging_mixin.py:150} INFO - [2023-08-31T03:17:28.291+0000] {dag.py:3508} INFO - Setting next_dagrun for dataset_consumes_1_never_scheduled to None, run_after=None
[2023-08-31T03:17:28.293+0000] {logging_mixin.py:150} INFO - [2023-08-31T03:17:28.293+0000] {dag.py:3508} INFO - Setting next_dagrun for dataset_consumes_unknown_never_scheduled to None, run_after=None
[2023-08-31T03:17:28.297+0000] {logging_mixin.py:150} INFO - [2023-08-31T03:17:28.297+0000] {dag.py:3508} INFO - Setting next_dagrun for dataset_produces_1 to 2023-08-30T00:00:00+00:00, run_after=2023-08-31T00:00:00+00:00
[2023-08-31T03:17:28.299+0000] {logging_mixin.py:150} INFO - [2023-08-31T03:17:28.299+0000] {dag.py:3508} INFO - Setting next_dagrun for dataset_produces_2 to None, run_after=None
[2023-08-31T03:17:28.368+0000] {processor.py:179} INFO - Processing /home/airflow/.local/lib/python3.7/site-packages/airflow/example_dags/example_datasets.py took 0.186 seconds
[2023-08-31T03:17:59.039+0000] {processor.py:157} INFO - Started process (PID=279) to work on /home/airflow/.local/lib/python3.7/site-packages/airflow/example_dags/example_datasets.py
[2023-08-31T03:17:59.041+0000] {processor.py:826} INFO - Processing file /home/airflow/.local/lib/python3.7/site-packages/airflow/example_dags/example_datasets.py for tasks to queue
[2023-08-31T03:17:59.042+0000] {logging_mixin.py:150} INFO - [2023-08-31T03:17:59.042+0000] {dagbag.py:541} INFO - Filling up the DagBag from /home/airflow/.local/lib/python3.7/site-packages/airflow/example_dags/example_datasets.py
[2023-08-31T03:17:59.051+0000] {processor.py:836} INFO - DAG(s) dict_keys(['dataset_produces_1', 'dataset_consumes_1', 'dataset_consumes_1_never_scheduled', 'dataset_consumes_unknown_never_scheduled', 'dataset_produces_2', 'dataset_consumes_1_and_2']) retrieved from /home/airflow/.local/lib/python3.7/site-packages/airflow/example_dags/example_datasets.py
[2023-08-31T03:17:59.109+0000] {logging_mixin.py:150} INFO - [2023-08-31T03:17:59.108+0000] {dag.py:2742} INFO - Sync 6 DAGs
[2023-08-31T03:17:59.150+0000] {logging_mixin.py:150} INFO - [2023-08-31T03:17:59.150+0000] {dag.py:3508} INFO - Setting next_dagrun for dataset_consumes_1 to None, run_after=None
[2023-08-31T03:17:59.156+0000] {logging_mixin.py:150} INFO - [2023-08-31T03:17:59.155+0000] {dag.py:3508} INFO - Setting next_dagrun for dataset_consumes_1_and_2 to None, run_after=None
[2023-08-31T03:17:59.158+0000] {logging_mixin.py:150} INFO - [2023-08-31T03:17:59.158+0000] {dag.py:3508} INFO - Setting next_dagrun for dataset_consumes_1_never_scheduled to None, run_after=None
[2023-08-31T03:17:59.160+0000] {logging_mixin.py:150} INFO - [2023-08-31T03:17:59.160+0000] {dag.py:3508} INFO - Setting next_dagrun for dataset_consumes_unknown_never_scheduled to None, run_after=None
[2023-08-31T03:17:59.163+0000] {logging_mixin.py:150} INFO - [2023-08-31T03:17:59.163+0000] {dag.py:3508} INFO - Setting next_dagrun for dataset_produces_1 to 2023-08-30T00:00:00+00:00, run_after=2023-08-31T00:00:00+00:00
[2023-08-31T03:17:59.165+0000] {logging_mixin.py:150} INFO - [2023-08-31T03:17:59.165+0000] {dag.py:3508} INFO - Setting next_dagrun for dataset_produces_2 to None, run_after=None
[2023-08-31T03:17:59.214+0000] {processor.py:179} INFO - Processing /home/airflow/.local/lib/python3.7/site-packages/airflow/example_dags/example_datasets.py took 0.178 seconds
[2023-08-31T03:18:29.755+0000] {processor.py:157} INFO - Started process (PID=350) to work on /home/airflow/.local/lib/python3.7/site-packages/airflow/example_dags/example_datasets.py
[2023-08-31T03:18:29.756+0000] {processor.py:826} INFO - Processing file /home/airflow/.local/lib/python3.7/site-packages/airflow/example_dags/example_datasets.py for tasks to queue
[2023-08-31T03:18:29.758+0000] {logging_mixin.py:150} INFO - [2023-08-31T03:18:29.757+0000] {dagbag.py:541} INFO - Filling up the DagBag from /home/airflow/.local/lib/python3.7/site-packages/airflow/example_dags/example_datasets.py
[2023-08-31T03:18:29.775+0000] {processor.py:836} INFO - DAG(s) dict_keys(['dataset_produces_1', 'dataset_consumes_1', 'dataset_produces_2', 'dataset_consumes_unknown_never_scheduled', 'dataset_consumes_1_and_2', 'dataset_consumes_1_never_scheduled']) retrieved from /home/airflow/.local/lib/python3.7/site-packages/airflow/example_dags/example_datasets.py
[2023-08-31T03:18:29.844+0000] {logging_mixin.py:150} INFO - [2023-08-31T03:18:29.844+0000] {dag.py:2742} INFO - Sync 6 DAGs
[2023-08-31T03:18:29.904+0000] {logging_mixin.py:150} INFO - [2023-08-31T03:18:29.904+0000] {dag.py:3508} INFO - Setting next_dagrun for dataset_consumes_1 to None, run_after=None
[2023-08-31T03:18:29.910+0000] {logging_mixin.py:150} INFO - [2023-08-31T03:18:29.910+0000] {dag.py:3508} INFO - Setting next_dagrun for dataset_consumes_1_and_2 to None, run_after=None
[2023-08-31T03:18:29.914+0000] {logging_mixin.py:150} INFO - [2023-08-31T03:18:29.914+0000] {dag.py:3508} INFO - Setting next_dagrun for dataset_consumes_1_never_scheduled to None, run_after=None
[2023-08-31T03:18:29.916+0000] {logging_mixin.py:150} INFO - [2023-08-31T03:18:29.916+0000] {dag.py:3508} INFO - Setting next_dagrun for dataset_consumes_unknown_never_scheduled to None, run_after=None
[2023-08-31T03:18:29.920+0000] {logging_mixin.py:150} INFO - [2023-08-31T03:18:29.920+0000] {dag.py:3508} INFO - Setting next_dagrun for dataset_produces_1 to 2023-08-30T00:00:00+00:00, run_after=2023-08-31T00:00:00+00:00
[2023-08-31T03:18:29.922+0000] {logging_mixin.py:150} INFO - [2023-08-31T03:18:29.922+0000] {dag.py:3508} INFO - Setting next_dagrun for dataset_produces_2 to None, run_after=None
[2023-08-31T03:18:29.976+0000] {processor.py:179} INFO - Processing /home/airflow/.local/lib/python3.7/site-packages/airflow/example_dags/example_datasets.py took 0.226 seconds
[2023-08-31T03:19:00.329+0000] {processor.py:157} INFO - Started process (PID=421) to work on /home/airflow/.local/lib/python3.7/site-packages/airflow/example_dags/example_datasets.py
[2023-08-31T03:19:00.330+0000] {processor.py:826} INFO - Processing file /home/airflow/.local/lib/python3.7/site-packages/airflow/example_dags/example_datasets.py for tasks to queue
[2023-08-31T03:19:00.331+0000] {logging_mixin.py:150} INFO - [2023-08-31T03:19:00.331+0000] {dagbag.py:541} INFO - Filling up the DagBag from /home/airflow/.local/lib/python3.7/site-packages/airflow/example_dags/example_datasets.py
[2023-08-31T03:19:00.343+0000] {processor.py:836} INFO - DAG(s) dict_keys(['dataset_consumes_1_and_2', 'dataset_produces_2', 'dataset_consumes_1', 'dataset_produces_1', 'dataset_consumes_1_never_scheduled', 'dataset_consumes_unknown_never_scheduled']) retrieved from /home/airflow/.local/lib/python3.7/site-packages/airflow/example_dags/example_datasets.py
[2023-08-31T03:19:00.405+0000] {logging_mixin.py:150} INFO - [2023-08-31T03:19:00.405+0000] {dag.py:2742} INFO - Sync 6 DAGs
[2023-08-31T03:19:00.443+0000] {logging_mixin.py:150} INFO - [2023-08-31T03:19:00.443+0000] {dag.py:3508} INFO - Setting next_dagrun for dataset_consumes_1 to None, run_after=None
[2023-08-31T03:19:00.448+0000] {logging_mixin.py:150} INFO - [2023-08-31T03:19:00.448+0000] {dag.py:3508} INFO - Setting next_dagrun for dataset_consumes_1_and_2 to None, run_after=None
[2023-08-31T03:19:00.451+0000] {logging_mixin.py:150} INFO - [2023-08-31T03:19:00.450+0000] {dag.py:3508} INFO - Setting next_dagrun for dataset_consumes_1_never_scheduled to None, run_after=None
[2023-08-31T03:19:00.453+0000] {logging_mixin.py:150} INFO - [2023-08-31T03:19:00.453+0000] {dag.py:3508} INFO - Setting next_dagrun for dataset_consumes_unknown_never_scheduled to None, run_after=None
[2023-08-31T03:19:00.457+0000] {logging_mixin.py:150} INFO - [2023-08-31T03:19:00.457+0000] {dag.py:3508} INFO - Setting next_dagrun for dataset_produces_1 to 2023-08-30T00:00:00+00:00, run_after=2023-08-31T00:00:00+00:00
[2023-08-31T03:19:00.459+0000] {logging_mixin.py:150} INFO - [2023-08-31T03:19:00.459+0000] {dag.py:3508} INFO - Setting next_dagrun for dataset_produces_2 to None, run_after=None
[2023-08-31T03:19:00.538+0000] {processor.py:179} INFO - Processing /home/airflow/.local/lib/python3.7/site-packages/airflow/example_dags/example_datasets.py took 0.214 seconds
