[2023-08-31T03:16:32.356+0000] {processor.py:157} INFO - Started process (PID=87) to work on /home/airflow/.local/lib/python3.7/site-packages/airflow/example_dags/example_latest_only_with_trigger.py
[2023-08-31T03:16:32.356+0000] {processor.py:826} INFO - Processing file /home/airflow/.local/lib/python3.7/site-packages/airflow/example_dags/example_latest_only_with_trigger.py for tasks to queue
[2023-08-31T03:16:32.357+0000] {logging_mixin.py:150} INFO - [2023-08-31T03:16:32.357+0000] {dagbag.py:541} INFO - Filling up the DagBag from /home/airflow/.local/lib/python3.7/site-packages/airflow/example_dags/example_latest_only_with_trigger.py
[2023-08-31T03:16:32.365+0000] {processor.py:836} INFO - DAG(s) dict_keys(['latest_only_with_trigger']) retrieved from /home/airflow/.local/lib/python3.7/site-packages/airflow/example_dags/example_latest_only_with_trigger.py
[2023-08-31T03:16:32.422+0000] {logging_mixin.py:150} INFO - [2023-08-31T03:16:32.422+0000] {dag.py:2742} INFO - Sync 1 DAGs
[2023-08-31T03:16:32.479+0000] {logging_mixin.py:150} INFO - [2023-08-31T03:16:32.478+0000] {dag.py:3508} INFO - Setting next_dagrun for latest_only_with_trigger to 2023-08-30T23:16:32.478136+00:00, run_after=2023-08-31T03:16:32.478136+00:00
[2023-08-31T03:16:32.523+0000] {processor.py:179} INFO - Processing /home/airflow/.local/lib/python3.7/site-packages/airflow/example_dags/example_latest_only_with_trigger.py took 0.170 seconds
[2023-08-31T03:17:03.009+0000] {processor.py:157} INFO - Started process (PID=158) to work on /home/airflow/.local/lib/python3.7/site-packages/airflow/example_dags/example_latest_only_with_trigger.py
[2023-08-31T03:17:03.011+0000] {processor.py:826} INFO - Processing file /home/airflow/.local/lib/python3.7/site-packages/airflow/example_dags/example_latest_only_with_trigger.py for tasks to queue
[2023-08-31T03:17:03.012+0000] {logging_mixin.py:150} INFO - [2023-08-31T03:17:03.012+0000] {dagbag.py:541} INFO - Filling up the DagBag from /home/airflow/.local/lib/python3.7/site-packages/airflow/example_dags/example_latest_only_with_trigger.py
[2023-08-31T03:17:03.023+0000] {processor.py:836} INFO - DAG(s) dict_keys(['latest_only_with_trigger']) retrieved from /home/airflow/.local/lib/python3.7/site-packages/airflow/example_dags/example_latest_only_with_trigger.py
[2023-08-31T03:17:03.061+0000] {logging_mixin.py:150} INFO - [2023-08-31T03:17:03.061+0000] {dag.py:2742} INFO - Sync 1 DAGs
[2023-08-31T03:17:03.094+0000] {logging_mixin.py:150} INFO - [2023-08-31T03:17:03.094+0000] {dag.py:3508} INFO - Setting next_dagrun for latest_only_with_trigger to 2023-08-30T23:17:03.094048+00:00, run_after=2023-08-31T03:17:03.094048+00:00
[2023-08-31T03:17:03.131+0000] {processor.py:179} INFO - Processing /home/airflow/.local/lib/python3.7/site-packages/airflow/example_dags/example_latest_only_with_trigger.py took 0.126 seconds
[2023-08-31T03:17:34.089+0000] {processor.py:157} INFO - Started process (PID=229) to work on /home/airflow/.local/lib/python3.7/site-packages/airflow/example_dags/example_latest_only_with_trigger.py
[2023-08-31T03:17:34.090+0000] {processor.py:826} INFO - Processing file /home/airflow/.local/lib/python3.7/site-packages/airflow/example_dags/example_latest_only_with_trigger.py for tasks to queue
[2023-08-31T03:17:34.091+0000] {logging_mixin.py:150} INFO - [2023-08-31T03:17:34.091+0000] {dagbag.py:541} INFO - Filling up the DagBag from /home/airflow/.local/lib/python3.7/site-packages/airflow/example_dags/example_latest_only_with_trigger.py
[2023-08-31T03:17:34.100+0000] {processor.py:836} INFO - DAG(s) dict_keys(['latest_only_with_trigger']) retrieved from /home/airflow/.local/lib/python3.7/site-packages/airflow/example_dags/example_latest_only_with_trigger.py
[2023-08-31T03:17:34.135+0000] {logging_mixin.py:150} INFO - [2023-08-31T03:17:34.134+0000] {dag.py:2742} INFO - Sync 1 DAGs
[2023-08-31T03:17:34.180+0000] {logging_mixin.py:150} INFO - [2023-08-31T03:17:34.179+0000] {dag.py:3508} INFO - Setting next_dagrun for latest_only_with_trigger to 2023-08-30T23:17:34.179457+00:00, run_after=2023-08-31T03:17:34.179457+00:00
[2023-08-31T03:17:34.212+0000] {processor.py:179} INFO - Processing /home/airflow/.local/lib/python3.7/site-packages/airflow/example_dags/example_latest_only_with_trigger.py took 0.127 seconds
[2023-08-31T03:18:05.587+0000] {processor.py:157} INFO - Started process (PID=300) to work on /home/airflow/.local/lib/python3.7/site-packages/airflow/example_dags/example_latest_only_with_trigger.py
[2023-08-31T03:18:05.589+0000] {processor.py:826} INFO - Processing file /home/airflow/.local/lib/python3.7/site-packages/airflow/example_dags/example_latest_only_with_trigger.py for tasks to queue
[2023-08-31T03:18:05.591+0000] {logging_mixin.py:150} INFO - [2023-08-31T03:18:05.590+0000] {dagbag.py:541} INFO - Filling up the DagBag from /home/airflow/.local/lib/python3.7/site-packages/airflow/example_dags/example_latest_only_with_trigger.py
[2023-08-31T03:18:05.604+0000] {processor.py:836} INFO - DAG(s) dict_keys(['latest_only_with_trigger']) retrieved from /home/airflow/.local/lib/python3.7/site-packages/airflow/example_dags/example_latest_only_with_trigger.py
[2023-08-31T03:18:05.639+0000] {logging_mixin.py:150} INFO - [2023-08-31T03:18:05.638+0000] {dag.py:2742} INFO - Sync 1 DAGs
[2023-08-31T03:18:05.680+0000] {logging_mixin.py:150} INFO - [2023-08-31T03:18:05.679+0000] {dag.py:3508} INFO - Setting next_dagrun for latest_only_with_trigger to 2023-08-30T23:18:05.679627+00:00, run_after=2023-08-31T03:18:05.679627+00:00
[2023-08-31T03:18:05.713+0000] {processor.py:179} INFO - Processing /home/airflow/.local/lib/python3.7/site-packages/airflow/example_dags/example_latest_only_with_trigger.py took 0.130 seconds
[2023-08-31T03:18:35.831+0000] {processor.py:157} INFO - Started process (PID=371) to work on /home/airflow/.local/lib/python3.7/site-packages/airflow/example_dags/example_latest_only_with_trigger.py
[2023-08-31T03:18:35.832+0000] {processor.py:826} INFO - Processing file /home/airflow/.local/lib/python3.7/site-packages/airflow/example_dags/example_latest_only_with_trigger.py for tasks to queue
[2023-08-31T03:18:35.833+0000] {logging_mixin.py:150} INFO - [2023-08-31T03:18:35.833+0000] {dagbag.py:541} INFO - Filling up the DagBag from /home/airflow/.local/lib/python3.7/site-packages/airflow/example_dags/example_latest_only_with_trigger.py
[2023-08-31T03:18:35.841+0000] {processor.py:836} INFO - DAG(s) dict_keys(['latest_only_with_trigger']) retrieved from /home/airflow/.local/lib/python3.7/site-packages/airflow/example_dags/example_latest_only_with_trigger.py
[2023-08-31T03:18:35.871+0000] {logging_mixin.py:150} INFO - [2023-08-31T03:18:35.871+0000] {dag.py:2742} INFO - Sync 1 DAGs
[2023-08-31T03:18:35.905+0000] {logging_mixin.py:150} INFO - [2023-08-31T03:18:35.905+0000] {dag.py:3508} INFO - Setting next_dagrun for latest_only_with_trigger to 2023-08-30T23:18:35.905042+00:00, run_after=2023-08-31T03:18:35.905042+00:00
[2023-08-31T03:18:35.935+0000] {processor.py:179} INFO - Processing /home/airflow/.local/lib/python3.7/site-packages/airflow/example_dags/example_latest_only_with_trigger.py took 0.108 seconds
[2023-08-31T03:19:06.252+0000] {processor.py:157} INFO - Started process (PID=441) to work on /home/airflow/.local/lib/python3.7/site-packages/airflow/example_dags/example_latest_only_with_trigger.py
[2023-08-31T03:19:06.254+0000] {processor.py:826} INFO - Processing file /home/airflow/.local/lib/python3.7/site-packages/airflow/example_dags/example_latest_only_with_trigger.py for tasks to queue
[2023-08-31T03:19:06.254+0000] {logging_mixin.py:150} INFO - [2023-08-31T03:19:06.254+0000] {dagbag.py:541} INFO - Filling up the DagBag from /home/airflow/.local/lib/python3.7/site-packages/airflow/example_dags/example_latest_only_with_trigger.py
[2023-08-31T03:19:06.265+0000] {processor.py:836} INFO - DAG(s) dict_keys(['latest_only_with_trigger']) retrieved from /home/airflow/.local/lib/python3.7/site-packages/airflow/example_dags/example_latest_only_with_trigger.py
[2023-08-31T03:19:06.304+0000] {logging_mixin.py:150} INFO - [2023-08-31T03:19:06.303+0000] {dag.py:2742} INFO - Sync 1 DAGs
[2023-08-31T03:19:06.358+0000] {logging_mixin.py:150} INFO - [2023-08-31T03:19:06.358+0000] {dag.py:3508} INFO - Setting next_dagrun for latest_only_with_trigger to 2023-08-30T23:19:06.357298+00:00, run_after=2023-08-31T03:19:06.357298+00:00
[2023-08-31T03:19:06.407+0000] {processor.py:179} INFO - Processing /home/airflow/.local/lib/python3.7/site-packages/airflow/example_dags/example_latest_only_with_trigger.py took 0.159 seconds
