[2023-08-31T03:16:27.311+0000] {processor.py:157} INFO - Started process (PID=67) to work on /home/airflow/.local/lib/python3.7/site-packages/airflow/example_dags/example_task_group_decorator.py
[2023-08-31T03:16:27.312+0000] {processor.py:826} INFO - Processing file /home/airflow/.local/lib/python3.7/site-packages/airflow/example_dags/example_task_group_decorator.py for tasks to queue
[2023-08-31T03:16:27.313+0000] {logging_mixin.py:150} INFO - [2023-08-31T03:16:27.313+0000] {dagbag.py:541} INFO - Filling up the DagBag from /home/airflow/.local/lib/python3.7/site-packages/airflow/example_dags/example_task_group_decorator.py
[2023-08-31T03:16:27.345+0000] {processor.py:836} INFO - DAG(s) dict_keys(['example_task_group_decorator']) retrieved from /home/airflow/.local/lib/python3.7/site-packages/airflow/example_dags/example_task_group_decorator.py
[2023-08-31T03:16:27.461+0000] {logging_mixin.py:150} INFO - [2023-08-31T03:16:27.460+0000] {dag.py:2742} INFO - Sync 1 DAGs
[2023-08-31T03:16:27.556+0000] {logging_mixin.py:150} INFO - [2023-08-31T03:16:27.556+0000] {dag.py:3508} INFO - Setting next_dagrun for example_task_group_decorator to 2023-08-30T03:16:27.555705+00:00, run_after=2023-08-31T03:16:27.555705+00:00
[2023-08-31T03:16:27.617+0000] {processor.py:179} INFO - Processing /home/airflow/.local/lib/python3.7/site-packages/airflow/example_dags/example_task_group_decorator.py took 0.339 seconds
[2023-08-31T03:16:58.007+0000] {processor.py:157} INFO - Started process (PID=138) to work on /home/airflow/.local/lib/python3.7/site-packages/airflow/example_dags/example_task_group_decorator.py
[2023-08-31T03:16:58.009+0000] {processor.py:826} INFO - Processing file /home/airflow/.local/lib/python3.7/site-packages/airflow/example_dags/example_task_group_decorator.py for tasks to queue
[2023-08-31T03:16:58.010+0000] {logging_mixin.py:150} INFO - [2023-08-31T03:16:58.010+0000] {dagbag.py:541} INFO - Filling up the DagBag from /home/airflow/.local/lib/python3.7/site-packages/airflow/example_dags/example_task_group_decorator.py
[2023-08-31T03:16:58.028+0000] {processor.py:836} INFO - DAG(s) dict_keys(['example_task_group_decorator']) retrieved from /home/airflow/.local/lib/python3.7/site-packages/airflow/example_dags/example_task_group_decorator.py
[2023-08-31T03:16:58.065+0000] {logging_mixin.py:150} INFO - [2023-08-31T03:16:58.065+0000] {dag.py:2742} INFO - Sync 1 DAGs
[2023-08-31T03:16:58.097+0000] {logging_mixin.py:150} INFO - [2023-08-31T03:16:58.097+0000] {dag.py:3508} INFO - Setting next_dagrun for example_task_group_decorator to 2023-08-30T03:16:58.096778+00:00, run_after=2023-08-31T03:16:58.096778+00:00
[2023-08-31T03:16:58.127+0000] {processor.py:179} INFO - Processing /home/airflow/.local/lib/python3.7/site-packages/airflow/example_dags/example_task_group_decorator.py took 0.124 seconds
[2023-08-31T03:17:28.192+0000] {processor.py:157} INFO - Started process (PID=209) to work on /home/airflow/.local/lib/python3.7/site-packages/airflow/example_dags/example_task_group_decorator.py
[2023-08-31T03:17:28.193+0000] {processor.py:826} INFO - Processing file /home/airflow/.local/lib/python3.7/site-packages/airflow/example_dags/example_task_group_decorator.py for tasks to queue
[2023-08-31T03:17:28.194+0000] {logging_mixin.py:150} INFO - [2023-08-31T03:17:28.193+0000] {dagbag.py:541} INFO - Filling up the DagBag from /home/airflow/.local/lib/python3.7/site-packages/airflow/example_dags/example_task_group_decorator.py
[2023-08-31T03:17:28.210+0000] {processor.py:836} INFO - DAG(s) dict_keys(['example_task_group_decorator']) retrieved from /home/airflow/.local/lib/python3.7/site-packages/airflow/example_dags/example_task_group_decorator.py
[2023-08-31T03:17:28.245+0000] {logging_mixin.py:150} INFO - [2023-08-31T03:17:28.245+0000] {dag.py:2742} INFO - Sync 1 DAGs
[2023-08-31T03:17:28.273+0000] {logging_mixin.py:150} INFO - [2023-08-31T03:17:28.273+0000] {dag.py:3508} INFO - Setting next_dagrun for example_task_group_decorator to 2023-08-30T03:17:28.273305+00:00, run_after=2023-08-31T03:17:28.273305+00:00
[2023-08-31T03:17:28.300+0000] {processor.py:179} INFO - Processing /home/airflow/.local/lib/python3.7/site-packages/airflow/example_dags/example_task_group_decorator.py took 0.110 seconds
[2023-08-31T03:17:59.174+0000] {processor.py:157} INFO - Started process (PID=280) to work on /home/airflow/.local/lib/python3.7/site-packages/airflow/example_dags/example_task_group_decorator.py
[2023-08-31T03:17:59.176+0000] {processor.py:826} INFO - Processing file /home/airflow/.local/lib/python3.7/site-packages/airflow/example_dags/example_task_group_decorator.py for tasks to queue
[2023-08-31T03:17:59.177+0000] {logging_mixin.py:150} INFO - [2023-08-31T03:17:59.176+0000] {dagbag.py:541} INFO - Filling up the DagBag from /home/airflow/.local/lib/python3.7/site-packages/airflow/example_dags/example_task_group_decorator.py
[2023-08-31T03:17:59.190+0000] {processor.py:836} INFO - DAG(s) dict_keys(['example_task_group_decorator']) retrieved from /home/airflow/.local/lib/python3.7/site-packages/airflow/example_dags/example_task_group_decorator.py
[2023-08-31T03:17:59.220+0000] {logging_mixin.py:150} INFO - [2023-08-31T03:17:59.220+0000] {dag.py:2742} INFO - Sync 1 DAGs
[2023-08-31T03:17:59.250+0000] {logging_mixin.py:150} INFO - [2023-08-31T03:17:59.250+0000] {dag.py:3508} INFO - Setting next_dagrun for example_task_group_decorator to 2023-08-30T03:17:59.250021+00:00, run_after=2023-08-31T03:17:59.250021+00:00
[2023-08-31T03:17:59.278+0000] {processor.py:179} INFO - Processing /home/airflow/.local/lib/python3.7/site-packages/airflow/example_dags/example_task_group_decorator.py took 0.107 seconds
[2023-08-31T03:18:29.905+0000] {processor.py:157} INFO - Started process (PID=351) to work on /home/airflow/.local/lib/python3.7/site-packages/airflow/example_dags/example_task_group_decorator.py
[2023-08-31T03:18:29.907+0000] {processor.py:826} INFO - Processing file /home/airflow/.local/lib/python3.7/site-packages/airflow/example_dags/example_task_group_decorator.py for tasks to queue
[2023-08-31T03:18:29.908+0000] {logging_mixin.py:150} INFO - [2023-08-31T03:18:29.908+0000] {dagbag.py:541} INFO - Filling up the DagBag from /home/airflow/.local/lib/python3.7/site-packages/airflow/example_dags/example_task_group_decorator.py
[2023-08-31T03:18:29.929+0000] {processor.py:836} INFO - DAG(s) dict_keys(['example_task_group_decorator']) retrieved from /home/airflow/.local/lib/python3.7/site-packages/airflow/example_dags/example_task_group_decorator.py
[2023-08-31T03:18:29.960+0000] {logging_mixin.py:150} INFO - [2023-08-31T03:18:29.960+0000] {dag.py:2742} INFO - Sync 1 DAGs
[2023-08-31T03:18:29.994+0000] {logging_mixin.py:150} INFO - [2023-08-31T03:18:29.993+0000] {dag.py:3508} INFO - Setting next_dagrun for example_task_group_decorator to 2023-08-30T03:18:29.993548+00:00, run_after=2023-08-31T03:18:29.993548+00:00
[2023-08-31T03:18:30.026+0000] {processor.py:179} INFO - Processing /home/airflow/.local/lib/python3.7/site-packages/airflow/example_dags/example_task_group_decorator.py took 0.126 seconds
[2023-08-31T03:19:00.577+0000] {processor.py:157} INFO - Started process (PID=422) to work on /home/airflow/.local/lib/python3.7/site-packages/airflow/example_dags/example_task_group_decorator.py
[2023-08-31T03:19:00.581+0000] {processor.py:826} INFO - Processing file /home/airflow/.local/lib/python3.7/site-packages/airflow/example_dags/example_task_group_decorator.py for tasks to queue
[2023-08-31T03:19:00.583+0000] {logging_mixin.py:150} INFO - [2023-08-31T03:19:00.582+0000] {dagbag.py:541} INFO - Filling up the DagBag from /home/airflow/.local/lib/python3.7/site-packages/airflow/example_dags/example_task_group_decorator.py
[2023-08-31T03:19:00.602+0000] {processor.py:836} INFO - DAG(s) dict_keys(['example_task_group_decorator']) retrieved from /home/airflow/.local/lib/python3.7/site-packages/airflow/example_dags/example_task_group_decorator.py
[2023-08-31T03:19:00.637+0000] {logging_mixin.py:150} INFO - [2023-08-31T03:19:00.637+0000] {dag.py:2742} INFO - Sync 1 DAGs
[2023-08-31T03:19:00.675+0000] {logging_mixin.py:150} INFO - [2023-08-31T03:19:00.675+0000] {dag.py:3508} INFO - Setting next_dagrun for example_task_group_decorator to 2023-08-30T03:19:00.674742+00:00, run_after=2023-08-31T03:19:00.674742+00:00
[2023-08-31T03:19:00.740+0000] {processor.py:179} INFO - Processing /home/airflow/.local/lib/python3.7/site-packages/airflow/example_dags/example_task_group_decorator.py took 0.170 seconds
