[2023-08-31T03:16:33.669+0000] {processor.py:157} INFO - Started process (PID=99) to work on /home/airflow/.local/lib/python3.7/site-packages/airflow/example_dags/example_params_ui_tutorial.py
[2023-08-31T03:16:33.672+0000] {processor.py:826} INFO - Processing file /home/airflow/.local/lib/python3.7/site-packages/airflow/example_dags/example_params_ui_tutorial.py for tasks to queue
[2023-08-31T03:16:33.676+0000] {logging_mixin.py:150} INFO - [2023-08-31T03:16:33.674+0000] {dagbag.py:541} INFO - Filling up the DagBag from /home/airflow/.local/lib/python3.7/site-packages/airflow/example_dags/example_params_ui_tutorial.py
[2023-08-31T03:16:33.788+0000] {processor.py:836} INFO - DAG(s) dict_keys(['example_params_ui_tutorial']) retrieved from /home/airflow/.local/lib/python3.7/site-packages/airflow/example_dags/example_params_ui_tutorial.py
[2023-08-31T03:16:34.065+0000] {logging_mixin.py:150} INFO - [2023-08-31T03:16:34.065+0000] {dag.py:2742} INFO - Sync 1 DAGs
[2023-08-31T03:16:34.104+0000] {logging_mixin.py:150} INFO - [2023-08-31T03:16:34.104+0000] {dag.py:3508} INFO - Setting next_dagrun for example_params_ui_tutorial to None, run_after=None
[2023-08-31T03:16:34.147+0000] {processor.py:179} INFO - Processing /home/airflow/.local/lib/python3.7/site-packages/airflow/example_dags/example_params_ui_tutorial.py took 0.492 seconds
[2023-08-31T03:17:04.546+0000] {processor.py:157} INFO - Started process (PID=171) to work on /home/airflow/.local/lib/python3.7/site-packages/airflow/example_dags/example_params_ui_tutorial.py
[2023-08-31T03:17:04.548+0000] {processor.py:826} INFO - Processing file /home/airflow/.local/lib/python3.7/site-packages/airflow/example_dags/example_params_ui_tutorial.py for tasks to queue
[2023-08-31T03:17:04.549+0000] {logging_mixin.py:150} INFO - [2023-08-31T03:17:04.549+0000] {dagbag.py:541} INFO - Filling up the DagBag from /home/airflow/.local/lib/python3.7/site-packages/airflow/example_dags/example_params_ui_tutorial.py
[2023-08-31T03:17:04.599+0000] {processor.py:836} INFO - DAG(s) dict_keys(['example_params_ui_tutorial']) retrieved from /home/airflow/.local/lib/python3.7/site-packages/airflow/example_dags/example_params_ui_tutorial.py
[2023-08-31T03:17:04.683+0000] {logging_mixin.py:150} INFO - [2023-08-31T03:17:04.683+0000] {dag.py:2742} INFO - Sync 1 DAGs
[2023-08-31T03:17:04.719+0000] {logging_mixin.py:150} INFO - [2023-08-31T03:17:04.719+0000] {dag.py:3508} INFO - Setting next_dagrun for example_params_ui_tutorial to None, run_after=None
[2023-08-31T03:17:04.747+0000] {processor.py:179} INFO - Processing /home/airflow/.local/lib/python3.7/site-packages/airflow/example_dags/example_params_ui_tutorial.py took 0.204 seconds
[2023-08-31T03:17:35.306+0000] {processor.py:157} INFO - Started process (PID=241) to work on /home/airflow/.local/lib/python3.7/site-packages/airflow/example_dags/example_params_ui_tutorial.py
[2023-08-31T03:17:35.306+0000] {processor.py:826} INFO - Processing file /home/airflow/.local/lib/python3.7/site-packages/airflow/example_dags/example_params_ui_tutorial.py for tasks to queue
[2023-08-31T03:17:35.307+0000] {logging_mixin.py:150} INFO - [2023-08-31T03:17:35.307+0000] {dagbag.py:541} INFO - Filling up the DagBag from /home/airflow/.local/lib/python3.7/site-packages/airflow/example_dags/example_params_ui_tutorial.py
[2023-08-31T03:17:35.356+0000] {processor.py:836} INFO - DAG(s) dict_keys(['example_params_ui_tutorial']) retrieved from /home/airflow/.local/lib/python3.7/site-packages/airflow/example_dags/example_params_ui_tutorial.py
[2023-08-31T03:17:35.468+0000] {logging_mixin.py:150} INFO - [2023-08-31T03:17:35.468+0000] {dag.py:2742} INFO - Sync 1 DAGs
[2023-08-31T03:17:35.514+0000] {logging_mixin.py:150} INFO - [2023-08-31T03:17:35.514+0000] {dag.py:3508} INFO - Setting next_dagrun for example_params_ui_tutorial to None, run_after=None
[2023-08-31T03:17:35.539+0000] {processor.py:179} INFO - Processing /home/airflow/.local/lib/python3.7/site-packages/airflow/example_dags/example_params_ui_tutorial.py took 0.236 seconds
[2023-08-31T03:18:06.763+0000] {processor.py:157} INFO - Started process (PID=312) to work on /home/airflow/.local/lib/python3.7/site-packages/airflow/example_dags/example_params_ui_tutorial.py
[2023-08-31T03:18:06.764+0000] {processor.py:826} INFO - Processing file /home/airflow/.local/lib/python3.7/site-packages/airflow/example_dags/example_params_ui_tutorial.py for tasks to queue
[2023-08-31T03:18:06.765+0000] {logging_mixin.py:150} INFO - [2023-08-31T03:18:06.765+0000] {dagbag.py:541} INFO - Filling up the DagBag from /home/airflow/.local/lib/python3.7/site-packages/airflow/example_dags/example_params_ui_tutorial.py
[2023-08-31T03:18:06.809+0000] {processor.py:836} INFO - DAG(s) dict_keys(['example_params_ui_tutorial']) retrieved from /home/airflow/.local/lib/python3.7/site-packages/airflow/example_dags/example_params_ui_tutorial.py
[2023-08-31T03:18:06.879+0000] {logging_mixin.py:150} INFO - [2023-08-31T03:18:06.879+0000] {dag.py:2742} INFO - Sync 1 DAGs
[2023-08-31T03:18:06.908+0000] {logging_mixin.py:150} INFO - [2023-08-31T03:18:06.908+0000] {dag.py:3508} INFO - Setting next_dagrun for example_params_ui_tutorial to None, run_after=None
[2023-08-31T03:18:06.935+0000] {processor.py:179} INFO - Processing /home/airflow/.local/lib/python3.7/site-packages/airflow/example_dags/example_params_ui_tutorial.py took 0.176 seconds
[2023-08-31T03:18:37.107+0000] {processor.py:157} INFO - Started process (PID=383) to work on /home/airflow/.local/lib/python3.7/site-packages/airflow/example_dags/example_params_ui_tutorial.py
[2023-08-31T03:18:37.109+0000] {processor.py:826} INFO - Processing file /home/airflow/.local/lib/python3.7/site-packages/airflow/example_dags/example_params_ui_tutorial.py for tasks to queue
[2023-08-31T03:18:37.110+0000] {logging_mixin.py:150} INFO - [2023-08-31T03:18:37.109+0000] {dagbag.py:541} INFO - Filling up the DagBag from /home/airflow/.local/lib/python3.7/site-packages/airflow/example_dags/example_params_ui_tutorial.py
[2023-08-31T03:18:37.171+0000] {processor.py:836} INFO - DAG(s) dict_keys(['example_params_ui_tutorial']) retrieved from /home/airflow/.local/lib/python3.7/site-packages/airflow/example_dags/example_params_ui_tutorial.py
[2023-08-31T03:18:37.284+0000] {logging_mixin.py:150} INFO - [2023-08-31T03:18:37.283+0000] {dag.py:2742} INFO - Sync 1 DAGs
[2023-08-31T03:18:37.327+0000] {logging_mixin.py:150} INFO - [2023-08-31T03:18:37.327+0000] {dag.py:3508} INFO - Setting next_dagrun for example_params_ui_tutorial to None, run_after=None
[2023-08-31T03:18:37.387+0000] {processor.py:179} INFO - Processing /home/airflow/.local/lib/python3.7/site-packages/airflow/example_dags/example_params_ui_tutorial.py took 0.284 seconds
