[2023-08-31T03:16:30.810+0000] {processor.py:157} INFO - Started process (PID=78) to work on /home/airflow/.local/lib/python3.7/site-packages/airflow/example_dags/example_sensors.py
[2023-08-31T03:16:30.810+0000] {processor.py:826} INFO - Processing file /home/airflow/.local/lib/python3.7/site-packages/airflow/example_dags/example_sensors.py for tasks to queue
[2023-08-31T03:16:30.811+0000] {logging_mixin.py:150} INFO - [2023-08-31T03:16:30.811+0000] {dagbag.py:541} INFO - Filling up the DagBag from /home/airflow/.local/lib/python3.7/site-packages/airflow/example_dags/example_sensors.py
[2023-08-31T03:16:30.822+0000] {processor.py:836} INFO - DAG(s) dict_keys(['example_sensors']) retrieved from /home/airflow/.local/lib/python3.7/site-packages/airflow/example_dags/example_sensors.py
[2023-08-31T03:16:30.870+0000] {logging_mixin.py:150} INFO - [2023-08-31T03:16:30.870+0000] {dag.py:2742} INFO - Sync 1 DAGs
[2023-08-31T03:16:30.923+0000] {logging_mixin.py:150} INFO - [2023-08-31T03:16:30.922+0000] {dag.py:3508} INFO - Setting next_dagrun for example_sensors to None, run_after=None
[2023-08-31T03:16:31.002+0000] {processor.py:179} INFO - Processing /home/airflow/.local/lib/python3.7/site-packages/airflow/example_dags/example_sensors.py took 0.196 seconds
[2023-08-31T03:17:01.996+0000] {processor.py:157} INFO - Started process (PID=149) to work on /home/airflow/.local/lib/python3.7/site-packages/airflow/example_dags/example_sensors.py
[2023-08-31T03:17:01.997+0000] {processor.py:826} INFO - Processing file /home/airflow/.local/lib/python3.7/site-packages/airflow/example_dags/example_sensors.py for tasks to queue
[2023-08-31T03:17:01.998+0000] {logging_mixin.py:150} INFO - [2023-08-31T03:17:01.998+0000] {dagbag.py:541} INFO - Filling up the DagBag from /home/airflow/.local/lib/python3.7/site-packages/airflow/example_dags/example_sensors.py
[2023-08-31T03:17:02.013+0000] {processor.py:836} INFO - DAG(s) dict_keys(['example_sensors']) retrieved from /home/airflow/.local/lib/python3.7/site-packages/airflow/example_dags/example_sensors.py
[2023-08-31T03:17:02.063+0000] {logging_mixin.py:150} INFO - [2023-08-31T03:17:02.062+0000] {dag.py:2742} INFO - Sync 1 DAGs
[2023-08-31T03:17:02.116+0000] {logging_mixin.py:150} INFO - [2023-08-31T03:17:02.116+0000] {dag.py:3508} INFO - Setting next_dagrun for example_sensors to None, run_after=None
[2023-08-31T03:17:02.177+0000] {processor.py:179} INFO - Processing /home/airflow/.local/lib/python3.7/site-packages/airflow/example_dags/example_sensors.py took 0.185 seconds
[2023-08-31T03:17:33.019+0000] {processor.py:157} INFO - Started process (PID=220) to work on /home/airflow/.local/lib/python3.7/site-packages/airflow/example_dags/example_sensors.py
[2023-08-31T03:17:33.021+0000] {processor.py:826} INFO - Processing file /home/airflow/.local/lib/python3.7/site-packages/airflow/example_dags/example_sensors.py for tasks to queue
[2023-08-31T03:17:33.022+0000] {logging_mixin.py:150} INFO - [2023-08-31T03:17:33.022+0000] {dagbag.py:541} INFO - Filling up the DagBag from /home/airflow/.local/lib/python3.7/site-packages/airflow/example_dags/example_sensors.py
[2023-08-31T03:17:33.036+0000] {processor.py:836} INFO - DAG(s) dict_keys(['example_sensors']) retrieved from /home/airflow/.local/lib/python3.7/site-packages/airflow/example_dags/example_sensors.py
[2023-08-31T03:17:33.079+0000] {logging_mixin.py:150} INFO - [2023-08-31T03:17:33.079+0000] {dag.py:2742} INFO - Sync 1 DAGs
[2023-08-31T03:17:33.123+0000] {logging_mixin.py:150} INFO - [2023-08-31T03:17:33.123+0000] {dag.py:3508} INFO - Setting next_dagrun for example_sensors to None, run_after=None
[2023-08-31T03:17:33.161+0000] {processor.py:179} INFO - Processing /home/airflow/.local/lib/python3.7/site-packages/airflow/example_dags/example_sensors.py took 0.145 seconds
[2023-08-31T03:18:03.770+0000] {processor.py:157} INFO - Started process (PID=290) to work on /home/airflow/.local/lib/python3.7/site-packages/airflow/example_dags/example_sensors.py
[2023-08-31T03:18:03.771+0000] {processor.py:826} INFO - Processing file /home/airflow/.local/lib/python3.7/site-packages/airflow/example_dags/example_sensors.py for tasks to queue
[2023-08-31T03:18:03.773+0000] {logging_mixin.py:150} INFO - [2023-08-31T03:18:03.772+0000] {dagbag.py:541} INFO - Filling up the DagBag from /home/airflow/.local/lib/python3.7/site-packages/airflow/example_dags/example_sensors.py
[2023-08-31T03:18:03.784+0000] {processor.py:836} INFO - DAG(s) dict_keys(['example_sensors']) retrieved from /home/airflow/.local/lib/python3.7/site-packages/airflow/example_dags/example_sensors.py
[2023-08-31T03:18:03.869+0000] {logging_mixin.py:150} INFO - [2023-08-31T03:18:03.869+0000] {dag.py:2742} INFO - Sync 1 DAGs
[2023-08-31T03:18:03.927+0000] {logging_mixin.py:150} INFO - [2023-08-31T03:18:03.926+0000] {dag.py:3508} INFO - Setting next_dagrun for example_sensors to None, run_after=None
[2023-08-31T03:18:03.957+0000] {processor.py:179} INFO - Processing /home/airflow/.local/lib/python3.7/site-packages/airflow/example_dags/example_sensors.py took 0.190 seconds
[2023-08-31T03:18:34.546+0000] {processor.py:157} INFO - Started process (PID=361) to work on /home/airflow/.local/lib/python3.7/site-packages/airflow/example_dags/example_sensors.py
[2023-08-31T03:18:34.547+0000] {processor.py:826} INFO - Processing file /home/airflow/.local/lib/python3.7/site-packages/airflow/example_dags/example_sensors.py for tasks to queue
[2023-08-31T03:18:34.549+0000] {logging_mixin.py:150} INFO - [2023-08-31T03:18:34.548+0000] {dagbag.py:541} INFO - Filling up the DagBag from /home/airflow/.local/lib/python3.7/site-packages/airflow/example_dags/example_sensors.py
[2023-08-31T03:18:34.566+0000] {processor.py:836} INFO - DAG(s) dict_keys(['example_sensors']) retrieved from /home/airflow/.local/lib/python3.7/site-packages/airflow/example_dags/example_sensors.py
[2023-08-31T03:18:34.607+0000] {logging_mixin.py:150} INFO - [2023-08-31T03:18:34.606+0000] {dag.py:2742} INFO - Sync 1 DAGs
[2023-08-31T03:18:34.644+0000] {logging_mixin.py:150} INFO - [2023-08-31T03:18:34.643+0000] {dag.py:3508} INFO - Setting next_dagrun for example_sensors to None, run_after=None
[2023-08-31T03:18:34.672+0000] {processor.py:179} INFO - Processing /home/airflow/.local/lib/python3.7/site-packages/airflow/example_dags/example_sensors.py took 0.131 seconds
[2023-08-31T03:19:05.524+0000] {processor.py:157} INFO - Started process (PID=432) to work on /home/airflow/.local/lib/python3.7/site-packages/airflow/example_dags/example_sensors.py
[2023-08-31T03:19:05.527+0000] {processor.py:826} INFO - Processing file /home/airflow/.local/lib/python3.7/site-packages/airflow/example_dags/example_sensors.py for tasks to queue
[2023-08-31T03:19:05.528+0000] {logging_mixin.py:150} INFO - [2023-08-31T03:19:05.527+0000] {dagbag.py:541} INFO - Filling up the DagBag from /home/airflow/.local/lib/python3.7/site-packages/airflow/example_dags/example_sensors.py
[2023-08-31T03:19:05.543+0000] {processor.py:836} INFO - DAG(s) dict_keys(['example_sensors']) retrieved from /home/airflow/.local/lib/python3.7/site-packages/airflow/example_dags/example_sensors.py
[2023-08-31T03:19:05.592+0000] {logging_mixin.py:150} INFO - [2023-08-31T03:19:05.592+0000] {dag.py:2742} INFO - Sync 1 DAGs
[2023-08-31T03:19:05.634+0000] {logging_mixin.py:150} INFO - [2023-08-31T03:19:05.634+0000] {dag.py:3508} INFO - Setting next_dagrun for example_sensors to None, run_after=None
[2023-08-31T03:19:05.677+0000] {processor.py:179} INFO - Processing /home/airflow/.local/lib/python3.7/site-packages/airflow/example_dags/example_sensors.py took 0.159 seconds
