[2023-08-31T03:16:33.043+0000] {processor.py:157} INFO - Started process (PID=94) to work on /home/airflow/.local/lib/python3.7/site-packages/airflow/example_dags/example_branch_python_dop_operator_3.py
[2023-08-31T03:16:33.044+0000] {processor.py:826} INFO - Processing file /home/airflow/.local/lib/python3.7/site-packages/airflow/example_dags/example_branch_python_dop_operator_3.py for tasks to queue
[2023-08-31T03:16:33.045+0000] {logging_mixin.py:150} INFO - [2023-08-31T03:16:33.044+0000] {dagbag.py:541} INFO - Filling up the DagBag from /home/airflow/.local/lib/python3.7/site-packages/airflow/example_dags/example_branch_python_dop_operator_3.py
[2023-08-31T03:16:33.056+0000] {processor.py:836} INFO - DAG(s) dict_keys(['example_branch_dop_operator_v3']) retrieved from /home/airflow/.local/lib/python3.7/site-packages/airflow/example_dags/example_branch_python_dop_operator_3.py
[2023-08-31T03:16:33.092+0000] {logging_mixin.py:150} INFO - [2023-08-31T03:16:33.092+0000] {dag.py:2742} INFO - Sync 1 DAGs
[2023-08-31T03:16:33.137+0000] {logging_mixin.py:150} INFO - [2023-08-31T03:16:33.137+0000] {dag.py:3508} INFO - Setting next_dagrun for example_branch_dop_operator_v3 to 2023-08-31T03:15:00+00:00, run_after=2023-08-31T03:16:00+00:00
[2023-08-31T03:16:33.166+0000] {processor.py:179} INFO - Processing /home/airflow/.local/lib/python3.7/site-packages/airflow/example_dags/example_branch_python_dop_operator_3.py took 0.126 seconds
[2023-08-31T03:17:03.915+0000] {processor.py:157} INFO - Started process (PID=164) to work on /home/airflow/.local/lib/python3.7/site-packages/airflow/example_dags/example_branch_python_dop_operator_3.py
[2023-08-31T03:17:03.916+0000] {processor.py:826} INFO - Processing file /home/airflow/.local/lib/python3.7/site-packages/airflow/example_dags/example_branch_python_dop_operator_3.py for tasks to queue
[2023-08-31T03:17:03.917+0000] {logging_mixin.py:150} INFO - [2023-08-31T03:17:03.917+0000] {dagbag.py:541} INFO - Filling up the DagBag from /home/airflow/.local/lib/python3.7/site-packages/airflow/example_dags/example_branch_python_dop_operator_3.py
[2023-08-31T03:17:03.927+0000] {processor.py:836} INFO - DAG(s) dict_keys(['example_branch_dop_operator_v3']) retrieved from /home/airflow/.local/lib/python3.7/site-packages/airflow/example_dags/example_branch_python_dop_operator_3.py
[2023-08-31T03:17:03.959+0000] {logging_mixin.py:150} INFO - [2023-08-31T03:17:03.959+0000] {dag.py:2742} INFO - Sync 1 DAGs
[2023-08-31T03:17:04.005+0000] {logging_mixin.py:150} INFO - [2023-08-31T03:17:04.004+0000] {dag.py:3508} INFO - Setting next_dagrun for example_branch_dop_operator_v3 to 2023-08-31T03:16:00+00:00, run_after=2023-08-31T03:17:00+00:00
[2023-08-31T03:17:04.049+0000] {processor.py:179} INFO - Processing /home/airflow/.local/lib/python3.7/site-packages/airflow/example_dags/example_branch_python_dop_operator_3.py took 0.136 seconds
[2023-08-31T03:17:34.856+0000] {processor.py:157} INFO - Started process (PID=236) to work on /home/airflow/.local/lib/python3.7/site-packages/airflow/example_dags/example_branch_python_dop_operator_3.py
[2023-08-31T03:17:34.856+0000] {processor.py:826} INFO - Processing file /home/airflow/.local/lib/python3.7/site-packages/airflow/example_dags/example_branch_python_dop_operator_3.py for tasks to queue
[2023-08-31T03:17:34.857+0000] {logging_mixin.py:150} INFO - [2023-08-31T03:17:34.857+0000] {dagbag.py:541} INFO - Filling up the DagBag from /home/airflow/.local/lib/python3.7/site-packages/airflow/example_dags/example_branch_python_dop_operator_3.py
[2023-08-31T03:17:34.866+0000] {processor.py:836} INFO - DAG(s) dict_keys(['example_branch_dop_operator_v3']) retrieved from /home/airflow/.local/lib/python3.7/site-packages/airflow/example_dags/example_branch_python_dop_operator_3.py
[2023-08-31T03:17:34.894+0000] {logging_mixin.py:150} INFO - [2023-08-31T03:17:34.894+0000] {dag.py:2742} INFO - Sync 1 DAGs
[2023-08-31T03:17:34.933+0000] {logging_mixin.py:150} INFO - [2023-08-31T03:17:34.932+0000] {dag.py:3508} INFO - Setting next_dagrun for example_branch_dop_operator_v3 to 2023-08-31T03:16:00+00:00, run_after=2023-08-31T03:17:00+00:00
[2023-08-31T03:17:34.965+0000] {processor.py:179} INFO - Processing /home/airflow/.local/lib/python3.7/site-packages/airflow/example_dags/example_branch_python_dop_operator_3.py took 0.112 seconds
[2023-08-31T03:18:06.030+0000] {processor.py:157} INFO - Started process (PID=306) to work on /home/airflow/.local/lib/python3.7/site-packages/airflow/example_dags/example_branch_python_dop_operator_3.py
[2023-08-31T03:18:06.032+0000] {processor.py:826} INFO - Processing file /home/airflow/.local/lib/python3.7/site-packages/airflow/example_dags/example_branch_python_dop_operator_3.py for tasks to queue
[2023-08-31T03:18:06.033+0000] {logging_mixin.py:150} INFO - [2023-08-31T03:18:06.032+0000] {dagbag.py:541} INFO - Filling up the DagBag from /home/airflow/.local/lib/python3.7/site-packages/airflow/example_dags/example_branch_python_dop_operator_3.py
[2023-08-31T03:18:06.043+0000] {processor.py:836} INFO - DAG(s) dict_keys(['example_branch_dop_operator_v3']) retrieved from /home/airflow/.local/lib/python3.7/site-packages/airflow/example_dags/example_branch_python_dop_operator_3.py
[2023-08-31T03:18:06.074+0000] {logging_mixin.py:150} INFO - [2023-08-31T03:18:06.073+0000] {dag.py:2742} INFO - Sync 1 DAGs
[2023-08-31T03:18:06.125+0000] {logging_mixin.py:150} INFO - [2023-08-31T03:18:06.125+0000] {dag.py:3508} INFO - Setting next_dagrun for example_branch_dop_operator_v3 to 2023-08-31T03:17:00+00:00, run_after=2023-08-31T03:18:00+00:00
[2023-08-31T03:18:06.151+0000] {processor.py:179} INFO - Processing /home/airflow/.local/lib/python3.7/site-packages/airflow/example_dags/example_branch_python_dop_operator_3.py took 0.124 seconds
[2023-08-31T03:18:36.641+0000] {processor.py:157} INFO - Started process (PID=378) to work on /home/airflow/.local/lib/python3.7/site-packages/airflow/example_dags/example_branch_python_dop_operator_3.py
[2023-08-31T03:18:36.642+0000] {processor.py:826} INFO - Processing file /home/airflow/.local/lib/python3.7/site-packages/airflow/example_dags/example_branch_python_dop_operator_3.py for tasks to queue
[2023-08-31T03:18:36.643+0000] {logging_mixin.py:150} INFO - [2023-08-31T03:18:36.643+0000] {dagbag.py:541} INFO - Filling up the DagBag from /home/airflow/.local/lib/python3.7/site-packages/airflow/example_dags/example_branch_python_dop_operator_3.py
[2023-08-31T03:18:36.654+0000] {processor.py:836} INFO - DAG(s) dict_keys(['example_branch_dop_operator_v3']) retrieved from /home/airflow/.local/lib/python3.7/site-packages/airflow/example_dags/example_branch_python_dop_operator_3.py
[2023-08-31T03:18:36.692+0000] {logging_mixin.py:150} INFO - [2023-08-31T03:18:36.692+0000] {dag.py:2742} INFO - Sync 1 DAGs
[2023-08-31T03:18:36.741+0000] {logging_mixin.py:150} INFO - [2023-08-31T03:18:36.740+0000] {dag.py:3508} INFO - Setting next_dagrun for example_branch_dop_operator_v3 to 2023-08-31T03:17:00+00:00, run_after=2023-08-31T03:18:00+00:00
[2023-08-31T03:18:36.774+0000] {processor.py:179} INFO - Processing /home/airflow/.local/lib/python3.7/site-packages/airflow/example_dags/example_branch_python_dop_operator_3.py took 0.137 seconds
