[2023-08-31T03:16:28.027+0000] {processor.py:157} INFO - Started process (PID=71) to work on /home/airflow/.local/lib/python3.7/site-packages/airflow/example_dags/example_dynamic_task_mapping_with_no_taskflow_operators.py
[2023-08-31T03:16:28.028+0000] {processor.py:826} INFO - Processing file /home/airflow/.local/lib/python3.7/site-packages/airflow/example_dags/example_dynamic_task_mapping_with_no_taskflow_operators.py for tasks to queue
[2023-08-31T03:16:28.029+0000] {logging_mixin.py:150} INFO - [2023-08-31T03:16:28.029+0000] {dagbag.py:541} INFO - Filling up the DagBag from /home/airflow/.local/lib/python3.7/site-packages/airflow/example_dags/example_dynamic_task_mapping_with_no_taskflow_operators.py
[2023-08-31T03:16:28.099+0000] {processor.py:836} INFO - DAG(s) dict_keys(['example_dynamic_task_mapping_with_no_taskflow_operators']) retrieved from /home/airflow/.local/lib/python3.7/site-packages/airflow/example_dags/example_dynamic_task_mapping_with_no_taskflow_operators.py
[2023-08-31T03:16:28.205+0000] {logging_mixin.py:150} INFO - [2023-08-31T03:16:28.204+0000] {dag.py:2742} INFO - Sync 1 DAGs
[2023-08-31T03:16:28.280+0000] {logging_mixin.py:150} INFO - [2023-08-31T03:16:28.279+0000] {dag.py:3508} INFO - Setting next_dagrun for example_dynamic_task_mapping_with_no_taskflow_operators to 2023-08-30T03:16:28.279403+00:00, run_after=2023-08-31T03:16:28.279403+00:00
[2023-08-31T03:16:28.339+0000] {processor.py:179} INFO - Processing /home/airflow/.local/lib/python3.7/site-packages/airflow/example_dags/example_dynamic_task_mapping_with_no_taskflow_operators.py took 0.350 seconds
[2023-08-31T03:16:59.229+0000] {processor.py:157} INFO - Started process (PID=141) to work on /home/airflow/.local/lib/python3.7/site-packages/airflow/example_dags/example_dynamic_task_mapping_with_no_taskflow_operators.py
[2023-08-31T03:16:59.234+0000] {processor.py:826} INFO - Processing file /home/airflow/.local/lib/python3.7/site-packages/airflow/example_dags/example_dynamic_task_mapping_with_no_taskflow_operators.py for tasks to queue
[2023-08-31T03:16:59.235+0000] {logging_mixin.py:150} INFO - [2023-08-31T03:16:59.235+0000] {dagbag.py:541} INFO - Filling up the DagBag from /home/airflow/.local/lib/python3.7/site-packages/airflow/example_dags/example_dynamic_task_mapping_with_no_taskflow_operators.py
[2023-08-31T03:16:59.243+0000] {processor.py:836} INFO - DAG(s) dict_keys(['example_dynamic_task_mapping_with_no_taskflow_operators']) retrieved from /home/airflow/.local/lib/python3.7/site-packages/airflow/example_dags/example_dynamic_task_mapping_with_no_taskflow_operators.py
[2023-08-31T03:16:59.278+0000] {logging_mixin.py:150} INFO - [2023-08-31T03:16:59.278+0000] {dag.py:2742} INFO - Sync 1 DAGs
[2023-08-31T03:16:59.309+0000] {logging_mixin.py:150} INFO - [2023-08-31T03:16:59.309+0000] {dag.py:3508} INFO - Setting next_dagrun for example_dynamic_task_mapping_with_no_taskflow_operators to 2023-08-30T03:16:59.309285+00:00, run_after=2023-08-31T03:16:59.309285+00:00
[2023-08-31T03:16:59.338+0000] {processor.py:179} INFO - Processing /home/airflow/.local/lib/python3.7/site-packages/airflow/example_dags/example_dynamic_task_mapping_with_no_taskflow_operators.py took 0.113 seconds
[2023-08-31T03:17:29.473+0000] {processor.py:157} INFO - Started process (PID=212) to work on /home/airflow/.local/lib/python3.7/site-packages/airflow/example_dags/example_dynamic_task_mapping_with_no_taskflow_operators.py
[2023-08-31T03:17:29.474+0000] {processor.py:826} INFO - Processing file /home/airflow/.local/lib/python3.7/site-packages/airflow/example_dags/example_dynamic_task_mapping_with_no_taskflow_operators.py for tasks to queue
[2023-08-31T03:17:29.475+0000] {logging_mixin.py:150} INFO - [2023-08-31T03:17:29.475+0000] {dagbag.py:541} INFO - Filling up the DagBag from /home/airflow/.local/lib/python3.7/site-packages/airflow/example_dags/example_dynamic_task_mapping_with_no_taskflow_operators.py
[2023-08-31T03:17:29.483+0000] {processor.py:836} INFO - DAG(s) dict_keys(['example_dynamic_task_mapping_with_no_taskflow_operators']) retrieved from /home/airflow/.local/lib/python3.7/site-packages/airflow/example_dags/example_dynamic_task_mapping_with_no_taskflow_operators.py
[2023-08-31T03:17:29.515+0000] {logging_mixin.py:150} INFO - [2023-08-31T03:17:29.515+0000] {dag.py:2742} INFO - Sync 1 DAGs
[2023-08-31T03:17:29.556+0000] {logging_mixin.py:150} INFO - [2023-08-31T03:17:29.556+0000] {dag.py:3508} INFO - Setting next_dagrun for example_dynamic_task_mapping_with_no_taskflow_operators to 2023-08-30T03:17:29.555690+00:00, run_after=2023-08-31T03:17:29.555690+00:00
[2023-08-31T03:17:29.583+0000] {processor.py:179} INFO - Processing /home/airflow/.local/lib/python3.7/site-packages/airflow/example_dags/example_dynamic_task_mapping_with_no_taskflow_operators.py took 0.112 seconds
[2023-08-31T03:18:00.360+0000] {processor.py:157} INFO - Started process (PID=283) to work on /home/airflow/.local/lib/python3.7/site-packages/airflow/example_dags/example_dynamic_task_mapping_with_no_taskflow_operators.py
[2023-08-31T03:18:00.363+0000] {processor.py:826} INFO - Processing file /home/airflow/.local/lib/python3.7/site-packages/airflow/example_dags/example_dynamic_task_mapping_with_no_taskflow_operators.py for tasks to queue
[2023-08-31T03:18:00.364+0000] {logging_mixin.py:150} INFO - [2023-08-31T03:18:00.364+0000] {dagbag.py:541} INFO - Filling up the DagBag from /home/airflow/.local/lib/python3.7/site-packages/airflow/example_dags/example_dynamic_task_mapping_with_no_taskflow_operators.py
[2023-08-31T03:18:00.372+0000] {processor.py:836} INFO - DAG(s) dict_keys(['example_dynamic_task_mapping_with_no_taskflow_operators']) retrieved from /home/airflow/.local/lib/python3.7/site-packages/airflow/example_dags/example_dynamic_task_mapping_with_no_taskflow_operators.py
[2023-08-31T03:18:00.399+0000] {logging_mixin.py:150} INFO - [2023-08-31T03:18:00.398+0000] {dag.py:2742} INFO - Sync 1 DAGs
[2023-08-31T03:18:00.439+0000] {logging_mixin.py:150} INFO - [2023-08-31T03:18:00.439+0000] {dag.py:3508} INFO - Setting next_dagrun for example_dynamic_task_mapping_with_no_taskflow_operators to 2023-08-30T03:18:00.438907+00:00, run_after=2023-08-31T03:18:00.438907+00:00
[2023-08-31T03:18:00.472+0000] {processor.py:179} INFO - Processing /home/airflow/.local/lib/python3.7/site-packages/airflow/example_dags/example_dynamic_task_mapping_with_no_taskflow_operators.py took 0.115 seconds
[2023-08-31T03:18:31.142+0000] {processor.py:157} INFO - Started process (PID=354) to work on /home/airflow/.local/lib/python3.7/site-packages/airflow/example_dags/example_dynamic_task_mapping_with_no_taskflow_operators.py
[2023-08-31T03:18:31.144+0000] {processor.py:826} INFO - Processing file /home/airflow/.local/lib/python3.7/site-packages/airflow/example_dags/example_dynamic_task_mapping_with_no_taskflow_operators.py for tasks to queue
[2023-08-31T03:18:31.145+0000] {logging_mixin.py:150} INFO - [2023-08-31T03:18:31.144+0000] {dagbag.py:541} INFO - Filling up the DagBag from /home/airflow/.local/lib/python3.7/site-packages/airflow/example_dags/example_dynamic_task_mapping_with_no_taskflow_operators.py
[2023-08-31T03:18:31.155+0000] {processor.py:836} INFO - DAG(s) dict_keys(['example_dynamic_task_mapping_with_no_taskflow_operators']) retrieved from /home/airflow/.local/lib/python3.7/site-packages/airflow/example_dags/example_dynamic_task_mapping_with_no_taskflow_operators.py
[2023-08-31T03:18:31.196+0000] {logging_mixin.py:150} INFO - [2023-08-31T03:18:31.195+0000] {dag.py:2742} INFO - Sync 1 DAGs
[2023-08-31T03:18:31.233+0000] {logging_mixin.py:150} INFO - [2023-08-31T03:18:31.233+0000] {dag.py:3508} INFO - Setting next_dagrun for example_dynamic_task_mapping_with_no_taskflow_operators to 2023-08-30T03:18:31.233173+00:00, run_after=2023-08-31T03:18:31.233173+00:00
[2023-08-31T03:18:31.266+0000] {processor.py:179} INFO - Processing /home/airflow/.local/lib/python3.7/site-packages/airflow/example_dags/example_dynamic_task_mapping_with_no_taskflow_operators.py took 0.128 seconds
[2023-08-31T03:19:01.794+0000] {processor.py:157} INFO - Started process (PID=425) to work on /home/airflow/.local/lib/python3.7/site-packages/airflow/example_dags/example_dynamic_task_mapping_with_no_taskflow_operators.py
[2023-08-31T03:19:01.796+0000] {processor.py:826} INFO - Processing file /home/airflow/.local/lib/python3.7/site-packages/airflow/example_dags/example_dynamic_task_mapping_with_no_taskflow_operators.py for tasks to queue
[2023-08-31T03:19:01.797+0000] {logging_mixin.py:150} INFO - [2023-08-31T03:19:01.797+0000] {dagbag.py:541} INFO - Filling up the DagBag from /home/airflow/.local/lib/python3.7/site-packages/airflow/example_dags/example_dynamic_task_mapping_with_no_taskflow_operators.py
[2023-08-31T03:19:01.814+0000] {processor.py:836} INFO - DAG(s) dict_keys(['example_dynamic_task_mapping_with_no_taskflow_operators']) retrieved from /home/airflow/.local/lib/python3.7/site-packages/airflow/example_dags/example_dynamic_task_mapping_with_no_taskflow_operators.py
[2023-08-31T03:19:01.867+0000] {logging_mixin.py:150} INFO - [2023-08-31T03:19:01.867+0000] {dag.py:2742} INFO - Sync 1 DAGs
[2023-08-31T03:19:01.909+0000] {logging_mixin.py:150} INFO - [2023-08-31T03:19:01.909+0000] {dag.py:3508} INFO - Setting next_dagrun for example_dynamic_task_mapping_with_no_taskflow_operators to 2023-08-30T03:19:01.909010+00:00, run_after=2023-08-31T03:19:01.909010+00:00
[2023-08-31T03:19:01.991+0000] {processor.py:179} INFO - Processing /home/airflow/.local/lib/python3.7/site-packages/airflow/example_dags/example_dynamic_task_mapping_with_no_taskflow_operators.py took 0.201 seconds
