[2023-08-31T03:16:28.758+0000] {processor.py:157} INFO - Started process (PID=73) to work on /home/airflow/.local/lib/python3.7/site-packages/airflow/example_dags/example_branch_operator.py
[2023-08-31T03:16:28.759+0000] {processor.py:826} INFO - Processing file /home/airflow/.local/lib/python3.7/site-packages/airflow/example_dags/example_branch_operator.py for tasks to queue
[2023-08-31T03:16:28.760+0000] {logging_mixin.py:150} INFO - [2023-08-31T03:16:28.760+0000] {dagbag.py:541} INFO - Filling up the DagBag from /home/airflow/.local/lib/python3.7/site-packages/airflow/example_dags/example_branch_operator.py
[2023-08-31T03:16:28.773+0000] {processor.py:836} INFO - DAG(s) dict_keys(['example_branch_operator']) retrieved from /home/airflow/.local/lib/python3.7/site-packages/airflow/example_dags/example_branch_operator.py
[2023-08-31T03:16:28.814+0000] {logging_mixin.py:150} INFO - [2023-08-31T03:16:28.813+0000] {dag.py:2742} INFO - Sync 1 DAGs
[2023-08-31T03:16:28.890+0000] {logging_mixin.py:150} INFO - [2023-08-31T03:16:28.890+0000] {dag.py:3508} INFO - Setting next_dagrun for example_branch_operator to 2023-08-30T00:00:00+00:00, run_after=2023-08-31T00:00:00+00:00
[2023-08-31T03:16:28.934+0000] {processor.py:179} INFO - Processing /home/airflow/.local/lib/python3.7/site-packages/airflow/example_dags/example_branch_operator.py took 0.181 seconds
[2023-08-31T03:16:59.363+0000] {processor.py:157} INFO - Started process (PID=143) to work on /home/airflow/.local/lib/python3.7/site-packages/airflow/example_dags/example_branch_operator.py
[2023-08-31T03:16:59.364+0000] {processor.py:826} INFO - Processing file /home/airflow/.local/lib/python3.7/site-packages/airflow/example_dags/example_branch_operator.py for tasks to queue
[2023-08-31T03:16:59.365+0000] {logging_mixin.py:150} INFO - [2023-08-31T03:16:59.365+0000] {dagbag.py:541} INFO - Filling up the DagBag from /home/airflow/.local/lib/python3.7/site-packages/airflow/example_dags/example_branch_operator.py
[2023-08-31T03:16:59.379+0000] {processor.py:836} INFO - DAG(s) dict_keys(['example_branch_operator']) retrieved from /home/airflow/.local/lib/python3.7/site-packages/airflow/example_dags/example_branch_operator.py
[2023-08-31T03:16:59.421+0000] {logging_mixin.py:150} INFO - [2023-08-31T03:16:59.420+0000] {dag.py:2742} INFO - Sync 1 DAGs
[2023-08-31T03:16:59.467+0000] {logging_mixin.py:150} INFO - [2023-08-31T03:16:59.467+0000] {dag.py:3508} INFO - Setting next_dagrun for example_branch_operator to 2023-08-30T00:00:00+00:00, run_after=2023-08-31T00:00:00+00:00
[2023-08-31T03:16:59.500+0000] {processor.py:179} INFO - Processing /home/airflow/.local/lib/python3.7/site-packages/airflow/example_dags/example_branch_operator.py took 0.141 seconds
[2023-08-31T03:17:29.606+0000] {processor.py:157} INFO - Started process (PID=214) to work on /home/airflow/.local/lib/python3.7/site-packages/airflow/example_dags/example_branch_operator.py
[2023-08-31T03:17:29.606+0000] {processor.py:826} INFO - Processing file /home/airflow/.local/lib/python3.7/site-packages/airflow/example_dags/example_branch_operator.py for tasks to queue
[2023-08-31T03:17:29.607+0000] {logging_mixin.py:150} INFO - [2023-08-31T03:17:29.607+0000] {dagbag.py:541} INFO - Filling up the DagBag from /home/airflow/.local/lib/python3.7/site-packages/airflow/example_dags/example_branch_operator.py
[2023-08-31T03:17:29.616+0000] {processor.py:836} INFO - DAG(s) dict_keys(['example_branch_operator']) retrieved from /home/airflow/.local/lib/python3.7/site-packages/airflow/example_dags/example_branch_operator.py
[2023-08-31T03:17:29.646+0000] {logging_mixin.py:150} INFO - [2023-08-31T03:17:29.645+0000] {dag.py:2742} INFO - Sync 1 DAGs
[2023-08-31T03:17:29.679+0000] {logging_mixin.py:150} INFO - [2023-08-31T03:17:29.678+0000] {dag.py:3508} INFO - Setting next_dagrun for example_branch_operator to 2023-08-30T00:00:00+00:00, run_after=2023-08-31T00:00:00+00:00
[2023-08-31T03:17:29.713+0000] {processor.py:179} INFO - Processing /home/airflow/.local/lib/python3.7/site-packages/airflow/example_dags/example_branch_operator.py took 0.110 seconds
[2023-08-31T03:18:00.495+0000] {processor.py:157} INFO - Started process (PID=285) to work on /home/airflow/.local/lib/python3.7/site-packages/airflow/example_dags/example_branch_operator.py
[2023-08-31T03:18:00.496+0000] {processor.py:826} INFO - Processing file /home/airflow/.local/lib/python3.7/site-packages/airflow/example_dags/example_branch_operator.py for tasks to queue
[2023-08-31T03:18:00.497+0000] {logging_mixin.py:150} INFO - [2023-08-31T03:18:00.497+0000] {dagbag.py:541} INFO - Filling up the DagBag from /home/airflow/.local/lib/python3.7/site-packages/airflow/example_dags/example_branch_operator.py
[2023-08-31T03:18:00.506+0000] {processor.py:836} INFO - DAG(s) dict_keys(['example_branch_operator']) retrieved from /home/airflow/.local/lib/python3.7/site-packages/airflow/example_dags/example_branch_operator.py
[2023-08-31T03:18:00.533+0000] {logging_mixin.py:150} INFO - [2023-08-31T03:18:00.533+0000] {dag.py:2742} INFO - Sync 1 DAGs
[2023-08-31T03:18:00.568+0000] {logging_mixin.py:150} INFO - [2023-08-31T03:18:00.567+0000] {dag.py:3508} INFO - Setting next_dagrun for example_branch_operator to 2023-08-30T00:00:00+00:00, run_after=2023-08-31T00:00:00+00:00
[2023-08-31T03:18:00.596+0000] {processor.py:179} INFO - Processing /home/airflow/.local/lib/python3.7/site-packages/airflow/example_dags/example_branch_operator.py took 0.104 seconds
[2023-08-31T03:18:31.295+0000] {processor.py:157} INFO - Started process (PID=356) to work on /home/airflow/.local/lib/python3.7/site-packages/airflow/example_dags/example_branch_operator.py
[2023-08-31T03:18:31.297+0000] {processor.py:826} INFO - Processing file /home/airflow/.local/lib/python3.7/site-packages/airflow/example_dags/example_branch_operator.py for tasks to queue
[2023-08-31T03:18:31.299+0000] {logging_mixin.py:150} INFO - [2023-08-31T03:18:31.298+0000] {dagbag.py:541} INFO - Filling up the DagBag from /home/airflow/.local/lib/python3.7/site-packages/airflow/example_dags/example_branch_operator.py
[2023-08-31T03:18:31.313+0000] {processor.py:836} INFO - DAG(s) dict_keys(['example_branch_operator']) retrieved from /home/airflow/.local/lib/python3.7/site-packages/airflow/example_dags/example_branch_operator.py
[2023-08-31T03:18:31.357+0000] {logging_mixin.py:150} INFO - [2023-08-31T03:18:31.356+0000] {dag.py:2742} INFO - Sync 1 DAGs
[2023-08-31T03:18:31.400+0000] {logging_mixin.py:150} INFO - [2023-08-31T03:18:31.400+0000] {dag.py:3508} INFO - Setting next_dagrun for example_branch_operator to 2023-08-30T00:00:00+00:00, run_after=2023-08-31T00:00:00+00:00
[2023-08-31T03:18:31.442+0000] {processor.py:179} INFO - Processing /home/airflow/.local/lib/python3.7/site-packages/airflow/example_dags/example_branch_operator.py took 0.151 seconds
[2023-08-31T03:19:02.012+0000] {processor.py:157} INFO - Started process (PID=427) to work on /home/airflow/.local/lib/python3.7/site-packages/airflow/example_dags/example_branch_operator.py
[2023-08-31T03:19:02.025+0000] {processor.py:826} INFO - Processing file /home/airflow/.local/lib/python3.7/site-packages/airflow/example_dags/example_branch_operator.py for tasks to queue
[2023-08-31T03:19:02.026+0000] {logging_mixin.py:150} INFO - [2023-08-31T03:19:02.026+0000] {dagbag.py:541} INFO - Filling up the DagBag from /home/airflow/.local/lib/python3.7/site-packages/airflow/example_dags/example_branch_operator.py
[2023-08-31T03:19:02.036+0000] {processor.py:836} INFO - DAG(s) dict_keys(['example_branch_operator']) retrieved from /home/airflow/.local/lib/python3.7/site-packages/airflow/example_dags/example_branch_operator.py
[2023-08-31T03:19:02.069+0000] {logging_mixin.py:150} INFO - [2023-08-31T03:19:02.068+0000] {dag.py:2742} INFO - Sync 1 DAGs
[2023-08-31T03:19:02.101+0000] {logging_mixin.py:150} INFO - [2023-08-31T03:19:02.101+0000] {dag.py:3508} INFO - Setting next_dagrun for example_branch_operator to 2023-08-30T00:00:00+00:00, run_after=2023-08-31T00:00:00+00:00
[2023-08-31T03:19:02.235+0000] {processor.py:179} INFO - Processing /home/airflow/.local/lib/python3.7/site-packages/airflow/example_dags/example_branch_operator.py took 0.226 seconds
