[2023-08-31T03:16:30.602+0000] {processor.py:157} INFO - Started process (PID=76) to work on /home/airflow/.local/lib/python3.7/site-packages/airflow/example_dags/example_short_circuit_operator.py
[2023-08-31T03:16:30.603+0000] {processor.py:826} INFO - Processing file /home/airflow/.local/lib/python3.7/site-packages/airflow/example_dags/example_short_circuit_operator.py for tasks to queue
[2023-08-31T03:16:30.604+0000] {logging_mixin.py:150} INFO - [2023-08-31T03:16:30.604+0000] {dagbag.py:541} INFO - Filling up the DagBag from /home/airflow/.local/lib/python3.7/site-packages/airflow/example_dags/example_short_circuit_operator.py
[2023-08-31T03:16:30.687+0000] {processor.py:836} INFO - DAG(s) dict_keys(['example_short_circuit_operator']) retrieved from /home/airflow/.local/lib/python3.7/site-packages/airflow/example_dags/example_short_circuit_operator.py
[2023-08-31T03:16:30.744+0000] {logging_mixin.py:150} INFO - [2023-08-31T03:16:30.744+0000] {dag.py:2742} INFO - Sync 1 DAGs
[2023-08-31T03:16:30.787+0000] {logging_mixin.py:150} INFO - [2023-08-31T03:16:30.786+0000] {dag.py:3508} INFO - Setting next_dagrun for example_short_circuit_operator to 2023-08-30T03:16:30.786284+00:00, run_after=2023-08-31T03:16:30.786284+00:00
[2023-08-31T03:16:30.823+0000] {processor.py:179} INFO - Processing /home/airflow/.local/lib/python3.7/site-packages/airflow/example_dags/example_short_circuit_operator.py took 0.226 seconds
[2023-08-31T03:17:01.553+0000] {processor.py:157} INFO - Started process (PID=147) to work on /home/airflow/.local/lib/python3.7/site-packages/airflow/example_dags/example_short_circuit_operator.py
[2023-08-31T03:17:01.554+0000] {processor.py:826} INFO - Processing file /home/airflow/.local/lib/python3.7/site-packages/airflow/example_dags/example_short_circuit_operator.py for tasks to queue
[2023-08-31T03:17:01.554+0000] {logging_mixin.py:150} INFO - [2023-08-31T03:17:01.554+0000] {dagbag.py:541} INFO - Filling up the DagBag from /home/airflow/.local/lib/python3.7/site-packages/airflow/example_dags/example_short_circuit_operator.py
[2023-08-31T03:17:01.564+0000] {processor.py:836} INFO - DAG(s) dict_keys(['example_short_circuit_operator']) retrieved from /home/airflow/.local/lib/python3.7/site-packages/airflow/example_dags/example_short_circuit_operator.py
[2023-08-31T03:17:01.616+0000] {logging_mixin.py:150} INFO - [2023-08-31T03:17:01.616+0000] {dag.py:2742} INFO - Sync 1 DAGs
[2023-08-31T03:17:01.689+0000] {logging_mixin.py:150} INFO - [2023-08-31T03:17:01.688+0000] {dag.py:3508} INFO - Setting next_dagrun for example_short_circuit_operator to 2023-08-30T03:17:01.687645+00:00, run_after=2023-08-31T03:17:01.687645+00:00
[2023-08-31T03:17:01.766+0000] {processor.py:179} INFO - Processing /home/airflow/.local/lib/python3.7/site-packages/airflow/example_dags/example_short_circuit_operator.py took 0.216 seconds
[2023-08-31T03:17:31.871+0000] {processor.py:157} INFO - Started process (PID=217) to work on /home/airflow/.local/lib/python3.7/site-packages/airflow/example_dags/example_short_circuit_operator.py
[2023-08-31T03:17:31.871+0000] {processor.py:826} INFO - Processing file /home/airflow/.local/lib/python3.7/site-packages/airflow/example_dags/example_short_circuit_operator.py for tasks to queue
[2023-08-31T03:17:31.872+0000] {logging_mixin.py:150} INFO - [2023-08-31T03:17:31.872+0000] {dagbag.py:541} INFO - Filling up the DagBag from /home/airflow/.local/lib/python3.7/site-packages/airflow/example_dags/example_short_circuit_operator.py
[2023-08-31T03:17:31.881+0000] {processor.py:836} INFO - DAG(s) dict_keys(['example_short_circuit_operator']) retrieved from /home/airflow/.local/lib/python3.7/site-packages/airflow/example_dags/example_short_circuit_operator.py
[2023-08-31T03:17:31.912+0000] {logging_mixin.py:150} INFO - [2023-08-31T03:17:31.912+0000] {dag.py:2742} INFO - Sync 1 DAGs
[2023-08-31T03:17:31.946+0000] {logging_mixin.py:150} INFO - [2023-08-31T03:17:31.945+0000] {dag.py:3508} INFO - Setting next_dagrun for example_short_circuit_operator to 2023-08-30T03:17:31.945586+00:00, run_after=2023-08-31T03:17:31.945586+00:00
[2023-08-31T03:17:31.974+0000] {processor.py:179} INFO - Processing /home/airflow/.local/lib/python3.7/site-packages/airflow/example_dags/example_short_circuit_operator.py took 0.107 seconds
[2023-08-31T03:18:02.639+0000] {processor.py:157} INFO - Started process (PID=288) to work on /home/airflow/.local/lib/python3.7/site-packages/airflow/example_dags/example_short_circuit_operator.py
[2023-08-31T03:18:02.640+0000] {processor.py:826} INFO - Processing file /home/airflow/.local/lib/python3.7/site-packages/airflow/example_dags/example_short_circuit_operator.py for tasks to queue
[2023-08-31T03:18:02.641+0000] {logging_mixin.py:150} INFO - [2023-08-31T03:18:02.641+0000] {dagbag.py:541} INFO - Filling up the DagBag from /home/airflow/.local/lib/python3.7/site-packages/airflow/example_dags/example_short_circuit_operator.py
[2023-08-31T03:18:02.649+0000] {processor.py:836} INFO - DAG(s) dict_keys(['example_short_circuit_operator']) retrieved from /home/airflow/.local/lib/python3.7/site-packages/airflow/example_dags/example_short_circuit_operator.py
[2023-08-31T03:18:02.678+0000] {logging_mixin.py:150} INFO - [2023-08-31T03:18:02.677+0000] {dag.py:2742} INFO - Sync 1 DAGs
[2023-08-31T03:18:02.708+0000] {logging_mixin.py:150} INFO - [2023-08-31T03:18:02.708+0000] {dag.py:3508} INFO - Setting next_dagrun for example_short_circuit_operator to 2023-08-30T03:18:02.708231+00:00, run_after=2023-08-31T03:18:02.708231+00:00
[2023-08-31T03:18:02.740+0000] {processor.py:179} INFO - Processing /home/airflow/.local/lib/python3.7/site-packages/airflow/example_dags/example_short_circuit_operator.py took 0.103 seconds
[2023-08-31T03:18:33.348+0000] {processor.py:157} INFO - Started process (PID=359) to work on /home/airflow/.local/lib/python3.7/site-packages/airflow/example_dags/example_short_circuit_operator.py
[2023-08-31T03:18:33.349+0000] {processor.py:826} INFO - Processing file /home/airflow/.local/lib/python3.7/site-packages/airflow/example_dags/example_short_circuit_operator.py for tasks to queue
[2023-08-31T03:18:33.350+0000] {logging_mixin.py:150} INFO - [2023-08-31T03:18:33.350+0000] {dagbag.py:541} INFO - Filling up the DagBag from /home/airflow/.local/lib/python3.7/site-packages/airflow/example_dags/example_short_circuit_operator.py
[2023-08-31T03:18:33.365+0000] {processor.py:836} INFO - DAG(s) dict_keys(['example_short_circuit_operator']) retrieved from /home/airflow/.local/lib/python3.7/site-packages/airflow/example_dags/example_short_circuit_operator.py
[2023-08-31T03:18:33.410+0000] {logging_mixin.py:150} INFO - [2023-08-31T03:18:33.409+0000] {dag.py:2742} INFO - Sync 1 DAGs
[2023-08-31T03:18:33.468+0000] {logging_mixin.py:150} INFO - [2023-08-31T03:18:33.467+0000] {dag.py:3508} INFO - Setting next_dagrun for example_short_circuit_operator to 2023-08-30T03:18:33.466723+00:00, run_after=2023-08-31T03:18:33.466723+00:00
[2023-08-31T03:18:33.508+0000] {processor.py:179} INFO - Processing /home/airflow/.local/lib/python3.7/site-packages/airflow/example_dags/example_short_circuit_operator.py took 0.163 seconds
[2023-08-31T03:19:04.290+0000] {processor.py:157} INFO - Started process (PID=430) to work on /home/airflow/.local/lib/python3.7/site-packages/airflow/example_dags/example_short_circuit_operator.py
[2023-08-31T03:19:04.292+0000] {processor.py:826} INFO - Processing file /home/airflow/.local/lib/python3.7/site-packages/airflow/example_dags/example_short_circuit_operator.py for tasks to queue
[2023-08-31T03:19:04.293+0000] {logging_mixin.py:150} INFO - [2023-08-31T03:19:04.293+0000] {dagbag.py:541} INFO - Filling up the DagBag from /home/airflow/.local/lib/python3.7/site-packages/airflow/example_dags/example_short_circuit_operator.py
[2023-08-31T03:19:04.309+0000] {processor.py:836} INFO - DAG(s) dict_keys(['example_short_circuit_operator']) retrieved from /home/airflow/.local/lib/python3.7/site-packages/airflow/example_dags/example_short_circuit_operator.py
[2023-08-31T03:19:04.373+0000] {logging_mixin.py:150} INFO - [2023-08-31T03:19:04.373+0000] {dag.py:2742} INFO - Sync 1 DAGs
[2023-08-31T03:19:04.433+0000] {logging_mixin.py:150} INFO - [2023-08-31T03:19:04.433+0000] {dag.py:3508} INFO - Setting next_dagrun for example_short_circuit_operator to 2023-08-30T03:19:04.433249+00:00, run_after=2023-08-31T03:19:04.433249+00:00
[2023-08-31T03:19:04.481+0000] {processor.py:179} INFO - Processing /home/airflow/.local/lib/python3.7/site-packages/airflow/example_dags/example_short_circuit_operator.py took 0.198 seconds
