[2023-08-31T03:16:29.773+0000] {processor.py:157} INFO - Started process (PID=75) to work on /home/airflow/.local/lib/python3.7/site-packages/airflow/example_dags/example_trigger_target_dag.py
[2023-08-31T03:16:29.774+0000] {processor.py:826} INFO - Processing file /home/airflow/.local/lib/python3.7/site-packages/airflow/example_dags/example_trigger_target_dag.py for tasks to queue
[2023-08-31T03:16:29.776+0000] {logging_mixin.py:150} INFO - [2023-08-31T03:16:29.776+0000] {dagbag.py:541} INFO - Filling up the DagBag from /home/airflow/.local/lib/python3.7/site-packages/airflow/example_dags/example_trigger_target_dag.py
[2023-08-31T03:16:30.215+0000] {processor.py:836} INFO - DAG(s) dict_keys(['example_trigger_target_dag']) retrieved from /home/airflow/.local/lib/python3.7/site-packages/airflow/example_dags/example_trigger_target_dag.py
[2023-08-31T03:16:30.335+0000] {logging_mixin.py:150} INFO - [2023-08-31T03:16:30.334+0000] {dag.py:2742} INFO - Sync 1 DAGs
[2023-08-31T03:16:30.463+0000] {logging_mixin.py:150} INFO - [2023-08-31T03:16:30.462+0000] {dag.py:3508} INFO - Setting next_dagrun for example_trigger_target_dag to None, run_after=None
[2023-08-31T03:16:30.544+0000] {processor.py:179} INFO - Processing /home/airflow/.local/lib/python3.7/site-packages/airflow/example_dags/example_trigger_target_dag.py took 0.776 seconds
[2023-08-31T03:17:01.412+0000] {processor.py:157} INFO - Started process (PID=146) to work on /home/airflow/.local/lib/python3.7/site-packages/airflow/example_dags/example_trigger_target_dag.py
[2023-08-31T03:17:01.413+0000] {processor.py:826} INFO - Processing file /home/airflow/.local/lib/python3.7/site-packages/airflow/example_dags/example_trigger_target_dag.py for tasks to queue
[2023-08-31T03:17:01.415+0000] {logging_mixin.py:150} INFO - [2023-08-31T03:17:01.414+0000] {dagbag.py:541} INFO - Filling up the DagBag from /home/airflow/.local/lib/python3.7/site-packages/airflow/example_dags/example_trigger_target_dag.py
[2023-08-31T03:17:01.424+0000] {processor.py:836} INFO - DAG(s) dict_keys(['example_trigger_target_dag']) retrieved from /home/airflow/.local/lib/python3.7/site-packages/airflow/example_dags/example_trigger_target_dag.py
[2023-08-31T03:17:01.461+0000] {logging_mixin.py:150} INFO - [2023-08-31T03:17:01.461+0000] {dag.py:2742} INFO - Sync 1 DAGs
[2023-08-31T03:17:01.498+0000] {logging_mixin.py:150} INFO - [2023-08-31T03:17:01.498+0000] {dag.py:3508} INFO - Setting next_dagrun for example_trigger_target_dag to None, run_after=None
[2023-08-31T03:17:01.533+0000] {processor.py:179} INFO - Processing /home/airflow/.local/lib/python3.7/site-packages/airflow/example_dags/example_trigger_target_dag.py took 0.126 seconds
[2023-08-31T03:17:31.754+0000] {processor.py:157} INFO - Started process (PID=216) to work on /home/airflow/.local/lib/python3.7/site-packages/airflow/example_dags/example_trigger_target_dag.py
[2023-08-31T03:17:31.755+0000] {processor.py:826} INFO - Processing file /home/airflow/.local/lib/python3.7/site-packages/airflow/example_dags/example_trigger_target_dag.py for tasks to queue
[2023-08-31T03:17:31.755+0000] {logging_mixin.py:150} INFO - [2023-08-31T03:17:31.755+0000] {dagbag.py:541} INFO - Filling up the DagBag from /home/airflow/.local/lib/python3.7/site-packages/airflow/example_dags/example_trigger_target_dag.py
[2023-08-31T03:17:31.761+0000] {processor.py:836} INFO - DAG(s) dict_keys(['example_trigger_target_dag']) retrieved from /home/airflow/.local/lib/python3.7/site-packages/airflow/example_dags/example_trigger_target_dag.py
[2023-08-31T03:17:31.787+0000] {logging_mixin.py:150} INFO - [2023-08-31T03:17:31.786+0000] {dag.py:2742} INFO - Sync 1 DAGs
[2023-08-31T03:17:31.820+0000] {logging_mixin.py:150} INFO - [2023-08-31T03:17:31.820+0000] {dag.py:3508} INFO - Setting next_dagrun for example_trigger_target_dag to None, run_after=None
[2023-08-31T03:17:31.848+0000] {processor.py:179} INFO - Processing /home/airflow/.local/lib/python3.7/site-packages/airflow/example_dags/example_trigger_target_dag.py took 0.096 seconds
[2023-08-31T03:18:02.633+0000] {processor.py:157} INFO - Started process (PID=287) to work on /home/airflow/.local/lib/python3.7/site-packages/airflow/example_dags/example_trigger_target_dag.py
[2023-08-31T03:18:02.634+0000] {processor.py:826} INFO - Processing file /home/airflow/.local/lib/python3.7/site-packages/airflow/example_dags/example_trigger_target_dag.py for tasks to queue
[2023-08-31T03:18:02.634+0000] {logging_mixin.py:150} INFO - [2023-08-31T03:18:02.634+0000] {dagbag.py:541} INFO - Filling up the DagBag from /home/airflow/.local/lib/python3.7/site-packages/airflow/example_dags/example_trigger_target_dag.py
[2023-08-31T03:18:02.639+0000] {processor.py:836} INFO - DAG(s) dict_keys(['example_trigger_target_dag']) retrieved from /home/airflow/.local/lib/python3.7/site-packages/airflow/example_dags/example_trigger_target_dag.py
[2023-08-31T03:18:02.665+0000] {logging_mixin.py:150} INFO - [2023-08-31T03:18:02.665+0000] {dag.py:2742} INFO - Sync 1 DAGs
[2023-08-31T03:18:02.696+0000] {logging_mixin.py:150} INFO - [2023-08-31T03:18:02.696+0000] {dag.py:3508} INFO - Setting next_dagrun for example_trigger_target_dag to None, run_after=None
[2023-08-31T03:18:02.725+0000] {processor.py:179} INFO - Processing /home/airflow/.local/lib/python3.7/site-packages/airflow/example_dags/example_trigger_target_dag.py took 0.096 seconds
[2023-08-31T03:18:33.338+0000] {processor.py:157} INFO - Started process (PID=358) to work on /home/airflow/.local/lib/python3.7/site-packages/airflow/example_dags/example_trigger_target_dag.py
[2023-08-31T03:18:33.340+0000] {processor.py:826} INFO - Processing file /home/airflow/.local/lib/python3.7/site-packages/airflow/example_dags/example_trigger_target_dag.py for tasks to queue
[2023-08-31T03:18:33.342+0000] {logging_mixin.py:150} INFO - [2023-08-31T03:18:33.341+0000] {dagbag.py:541} INFO - Filling up the DagBag from /home/airflow/.local/lib/python3.7/site-packages/airflow/example_dags/example_trigger_target_dag.py
[2023-08-31T03:18:33.349+0000] {processor.py:836} INFO - DAG(s) dict_keys(['example_trigger_target_dag']) retrieved from /home/airflow/.local/lib/python3.7/site-packages/airflow/example_dags/example_trigger_target_dag.py
[2023-08-31T03:18:33.389+0000] {logging_mixin.py:150} INFO - [2023-08-31T03:18:33.389+0000] {dag.py:2742} INFO - Sync 1 DAGs
[2023-08-31T03:18:33.436+0000] {logging_mixin.py:150} INFO - [2023-08-31T03:18:33.436+0000] {dag.py:3508} INFO - Setting next_dagrun for example_trigger_target_dag to None, run_after=None
[2023-08-31T03:18:33.484+0000] {processor.py:179} INFO - Processing /home/airflow/.local/lib/python3.7/site-packages/airflow/example_dags/example_trigger_target_dag.py took 0.153 seconds
[2023-08-31T03:19:04.276+0000] {processor.py:157} INFO - Started process (PID=429) to work on /home/airflow/.local/lib/python3.7/site-packages/airflow/example_dags/example_trigger_target_dag.py
[2023-08-31T03:19:04.277+0000] {processor.py:826} INFO - Processing file /home/airflow/.local/lib/python3.7/site-packages/airflow/example_dags/example_trigger_target_dag.py for tasks to queue
[2023-08-31T03:19:04.279+0000] {logging_mixin.py:150} INFO - [2023-08-31T03:19:04.278+0000] {dagbag.py:541} INFO - Filling up the DagBag from /home/airflow/.local/lib/python3.7/site-packages/airflow/example_dags/example_trigger_target_dag.py
[2023-08-31T03:19:04.290+0000] {processor.py:836} INFO - DAG(s) dict_keys(['example_trigger_target_dag']) retrieved from /home/airflow/.local/lib/python3.7/site-packages/airflow/example_dags/example_trigger_target_dag.py
[2023-08-31T03:19:04.350+0000] {logging_mixin.py:150} INFO - [2023-08-31T03:19:04.350+0000] {dag.py:2742} INFO - Sync 1 DAGs
[2023-08-31T03:19:04.401+0000] {logging_mixin.py:150} INFO - [2023-08-31T03:19:04.401+0000] {dag.py:3508} INFO - Setting next_dagrun for example_trigger_target_dag to None, run_after=None
[2023-08-31T03:19:04.450+0000] {processor.py:179} INFO - Processing /home/airflow/.local/lib/python3.7/site-packages/airflow/example_dags/example_trigger_target_dag.py took 0.178 seconds
