[2023-08-31T03:16:33.366+0000] {processor.py:157} INFO - Started process (PID=97) to work on /home/airflow/.local/lib/python3.7/site-packages/airflow/example_dags/example_subdag_operator.py
[2023-08-31T03:16:33.367+0000] {processor.py:826} INFO - Processing file /home/airflow/.local/lib/python3.7/site-packages/airflow/example_dags/example_subdag_operator.py for tasks to queue
[2023-08-31T03:16:33.369+0000] {logging_mixin.py:150} INFO - [2023-08-31T03:16:33.368+0000] {dagbag.py:541} INFO - Filling up the DagBag from /home/airflow/.local/lib/python3.7/site-packages/airflow/example_dags/example_subdag_operator.py
[2023-08-31T03:16:33.411+0000] {processor.py:836} INFO - DAG(s) dict_keys(['example_subdag_operator.section-1', 'example_subdag_operator.section-2', 'example_subdag_operator']) retrieved from /home/airflow/.local/lib/python3.7/site-packages/airflow/example_dags/example_subdag_operator.py
[2023-08-31T03:16:33.441+0000] {logging_mixin.py:150} INFO - [2023-08-31T03:16:33.441+0000] {dag.py:2742} INFO - Sync 3 DAGs
[2023-08-31T03:16:33.496+0000] {logging_mixin.py:150} INFO - [2023-08-31T03:16:33.496+0000] {dag.py:3508} INFO - Setting next_dagrun for example_subdag_operator to 2022-01-01T00:00:00+00:00, run_after=2022-01-01T00:00:00+00:00
[2023-08-31T03:16:33.504+0000] {logging_mixin.py:150} INFO - [2023-08-31T03:16:33.503+0000] {dag.py:3508} INFO - Setting next_dagrun for example_subdag_operator.section-1 to None, run_after=None
[2023-08-31T03:16:33.510+0000] {logging_mixin.py:150} INFO - [2023-08-31T03:16:33.509+0000] {dag.py:3508} INFO - Setting next_dagrun for example_subdag_operator.section-2 to None, run_after=None
[2023-08-31T03:16:33.528+0000] {logging_mixin.py:150} INFO - [2023-08-31T03:16:33.527+0000] {dag.py:2742} INFO - Sync 2 DAGs
[2023-08-31T03:16:33.544+0000] {logging_mixin.py:150} INFO - [2023-08-31T03:16:33.544+0000] {dag.py:3508} INFO - Setting next_dagrun for example_subdag_operator.section-1 to None, run_after=None
[2023-08-31T03:16:33.545+0000] {logging_mixin.py:150} INFO - [2023-08-31T03:16:33.545+0000] {dag.py:3508} INFO - Setting next_dagrun for example_subdag_operator.section-2 to None, run_after=None
[2023-08-31T03:16:33.601+0000] {processor.py:179} INFO - Processing /home/airflow/.local/lib/python3.7/site-packages/airflow/example_dags/example_subdag_operator.py took 0.238 seconds
[2023-08-31T03:17:04.363+0000] {processor.py:157} INFO - Started process (PID=168) to work on /home/airflow/.local/lib/python3.7/site-packages/airflow/example_dags/example_subdag_operator.py
[2023-08-31T03:17:04.364+0000] {processor.py:826} INFO - Processing file /home/airflow/.local/lib/python3.7/site-packages/airflow/example_dags/example_subdag_operator.py for tasks to queue
[2023-08-31T03:17:04.365+0000] {logging_mixin.py:150} INFO - [2023-08-31T03:17:04.365+0000] {dagbag.py:541} INFO - Filling up the DagBag from /home/airflow/.local/lib/python3.7/site-packages/airflow/example_dags/example_subdag_operator.py
[2023-08-31T03:17:04.401+0000] {processor.py:836} INFO - DAG(s) dict_keys(['example_subdag_operator.section-1', 'example_subdag_operator.section-2', 'example_subdag_operator']) retrieved from /home/airflow/.local/lib/python3.7/site-packages/airflow/example_dags/example_subdag_operator.py
[2023-08-31T03:17:04.428+0000] {logging_mixin.py:150} INFO - [2023-08-31T03:17:04.427+0000] {dag.py:2742} INFO - Sync 3 DAGs
[2023-08-31T03:17:04.471+0000] {logging_mixin.py:150} INFO - [2023-08-31T03:17:04.470+0000] {dag.py:3508} INFO - Setting next_dagrun for example_subdag_operator to 2022-01-01T00:00:00+00:00, run_after=2022-01-01T00:00:00+00:00
[2023-08-31T03:17:04.476+0000] {logging_mixin.py:150} INFO - [2023-08-31T03:17:04.475+0000] {dag.py:3508} INFO - Setting next_dagrun for example_subdag_operator.section-1 to None, run_after=None
[2023-08-31T03:17:04.478+0000] {logging_mixin.py:150} INFO - [2023-08-31T03:17:04.478+0000] {dag.py:3508} INFO - Setting next_dagrun for example_subdag_operator.section-2 to None, run_after=None
[2023-08-31T03:17:04.488+0000] {logging_mixin.py:150} INFO - [2023-08-31T03:17:04.488+0000] {dag.py:2742} INFO - Sync 2 DAGs
[2023-08-31T03:17:04.498+0000] {logging_mixin.py:150} INFO - [2023-08-31T03:17:04.497+0000] {dag.py:3508} INFO - Setting next_dagrun for example_subdag_operator.section-1 to None, run_after=None
[2023-08-31T03:17:04.498+0000] {logging_mixin.py:150} INFO - [2023-08-31T03:17:04.498+0000] {dag.py:3508} INFO - Setting next_dagrun for example_subdag_operator.section-2 to None, run_after=None
[2023-08-31T03:17:04.517+0000] {processor.py:179} INFO - Processing /home/airflow/.local/lib/python3.7/site-packages/airflow/example_dags/example_subdag_operator.py took 0.157 seconds
[2023-08-31T03:17:35.126+0000] {processor.py:157} INFO - Started process (PID=239) to work on /home/airflow/.local/lib/python3.7/site-packages/airflow/example_dags/example_subdag_operator.py
[2023-08-31T03:17:35.127+0000] {processor.py:826} INFO - Processing file /home/airflow/.local/lib/python3.7/site-packages/airflow/example_dags/example_subdag_operator.py for tasks to queue
[2023-08-31T03:17:35.128+0000] {logging_mixin.py:150} INFO - [2023-08-31T03:17:35.128+0000] {dagbag.py:541} INFO - Filling up the DagBag from /home/airflow/.local/lib/python3.7/site-packages/airflow/example_dags/example_subdag_operator.py
[2023-08-31T03:17:35.169+0000] {processor.py:836} INFO - DAG(s) dict_keys(['example_subdag_operator.section-1', 'example_subdag_operator.section-2', 'example_subdag_operator']) retrieved from /home/airflow/.local/lib/python3.7/site-packages/airflow/example_dags/example_subdag_operator.py
[2023-08-31T03:17:35.196+0000] {logging_mixin.py:150} INFO - [2023-08-31T03:17:35.195+0000] {dag.py:2742} INFO - Sync 3 DAGs
[2023-08-31T03:17:35.230+0000] {logging_mixin.py:150} INFO - [2023-08-31T03:17:35.230+0000] {dag.py:3508} INFO - Setting next_dagrun for example_subdag_operator to 2022-01-01T00:00:00+00:00, run_after=2022-01-01T00:00:00+00:00
[2023-08-31T03:17:35.235+0000] {logging_mixin.py:150} INFO - [2023-08-31T03:17:35.235+0000] {dag.py:3508} INFO - Setting next_dagrun for example_subdag_operator.section-1 to None, run_after=None
[2023-08-31T03:17:35.237+0000] {logging_mixin.py:150} INFO - [2023-08-31T03:17:35.237+0000] {dag.py:3508} INFO - Setting next_dagrun for example_subdag_operator.section-2 to None, run_after=None
[2023-08-31T03:17:35.250+0000] {logging_mixin.py:150} INFO - [2023-08-31T03:17:35.250+0000] {dag.py:2742} INFO - Sync 2 DAGs
[2023-08-31T03:17:35.261+0000] {logging_mixin.py:150} INFO - [2023-08-31T03:17:35.260+0000] {dag.py:3508} INFO - Setting next_dagrun for example_subdag_operator.section-1 to None, run_after=None
[2023-08-31T03:17:35.262+0000] {logging_mixin.py:150} INFO - [2023-08-31T03:17:35.261+0000] {dag.py:3508} INFO - Setting next_dagrun for example_subdag_operator.section-2 to None, run_after=None
[2023-08-31T03:17:35.283+0000] {processor.py:179} INFO - Processing /home/airflow/.local/lib/python3.7/site-packages/airflow/example_dags/example_subdag_operator.py took 0.161 seconds
[2023-08-31T03:18:06.576+0000] {processor.py:157} INFO - Started process (PID=310) to work on /home/airflow/.local/lib/python3.7/site-packages/airflow/example_dags/example_subdag_operator.py
[2023-08-31T03:18:06.577+0000] {processor.py:826} INFO - Processing file /home/airflow/.local/lib/python3.7/site-packages/airflow/example_dags/example_subdag_operator.py for tasks to queue
[2023-08-31T03:18:06.578+0000] {logging_mixin.py:150} INFO - [2023-08-31T03:18:06.578+0000] {dagbag.py:541} INFO - Filling up the DagBag from /home/airflow/.local/lib/python3.7/site-packages/airflow/example_dags/example_subdag_operator.py
[2023-08-31T03:18:06.612+0000] {processor.py:836} INFO - DAG(s) dict_keys(['example_subdag_operator.section-1', 'example_subdag_operator.section-2', 'example_subdag_operator']) retrieved from /home/airflow/.local/lib/python3.7/site-packages/airflow/example_dags/example_subdag_operator.py
[2023-08-31T03:18:06.640+0000] {logging_mixin.py:150} INFO - [2023-08-31T03:18:06.639+0000] {dag.py:2742} INFO - Sync 3 DAGs
[2023-08-31T03:18:06.684+0000] {logging_mixin.py:150} INFO - [2023-08-31T03:18:06.684+0000] {dag.py:3508} INFO - Setting next_dagrun for example_subdag_operator to 2022-01-01T00:00:00+00:00, run_after=2022-01-01T00:00:00+00:00
[2023-08-31T03:18:06.690+0000] {logging_mixin.py:150} INFO - [2023-08-31T03:18:06.690+0000] {dag.py:3508} INFO - Setting next_dagrun for example_subdag_operator.section-1 to None, run_after=None
[2023-08-31T03:18:06.693+0000] {logging_mixin.py:150} INFO - [2023-08-31T03:18:06.693+0000] {dag.py:3508} INFO - Setting next_dagrun for example_subdag_operator.section-2 to None, run_after=None
[2023-08-31T03:18:06.704+0000] {logging_mixin.py:150} INFO - [2023-08-31T03:18:06.703+0000] {dag.py:2742} INFO - Sync 2 DAGs
[2023-08-31T03:18:06.712+0000] {logging_mixin.py:150} INFO - [2023-08-31T03:18:06.711+0000] {dag.py:3508} INFO - Setting next_dagrun for example_subdag_operator.section-1 to None, run_after=None
[2023-08-31T03:18:06.712+0000] {logging_mixin.py:150} INFO - [2023-08-31T03:18:06.712+0000] {dag.py:3508} INFO - Setting next_dagrun for example_subdag_operator.section-2 to None, run_after=None
[2023-08-31T03:18:06.736+0000] {processor.py:179} INFO - Processing /home/airflow/.local/lib/python3.7/site-packages/airflow/example_dags/example_subdag_operator.py took 0.163 seconds
[2023-08-31T03:18:36.930+0000] {processor.py:157} INFO - Started process (PID=381) to work on /home/airflow/.local/lib/python3.7/site-packages/airflow/example_dags/example_subdag_operator.py
[2023-08-31T03:18:36.931+0000] {processor.py:826} INFO - Processing file /home/airflow/.local/lib/python3.7/site-packages/airflow/example_dags/example_subdag_operator.py for tasks to queue
[2023-08-31T03:18:36.932+0000] {logging_mixin.py:150} INFO - [2023-08-31T03:18:36.932+0000] {dagbag.py:541} INFO - Filling up the DagBag from /home/airflow/.local/lib/python3.7/site-packages/airflow/example_dags/example_subdag_operator.py
[2023-08-31T03:18:36.965+0000] {processor.py:836} INFO - DAG(s) dict_keys(['example_subdag_operator.section-1', 'example_subdag_operator.section-2', 'example_subdag_operator']) retrieved from /home/airflow/.local/lib/python3.7/site-packages/airflow/example_dags/example_subdag_operator.py
[2023-08-31T03:18:36.989+0000] {logging_mixin.py:150} INFO - [2023-08-31T03:18:36.988+0000] {dag.py:2742} INFO - Sync 3 DAGs
[2023-08-31T03:18:37.030+0000] {logging_mixin.py:150} INFO - [2023-08-31T03:18:37.029+0000] {dag.py:3508} INFO - Setting next_dagrun for example_subdag_operator to 2022-01-01T00:00:00+00:00, run_after=2022-01-01T00:00:00+00:00
[2023-08-31T03:18:37.035+0000] {logging_mixin.py:150} INFO - [2023-08-31T03:18:37.035+0000] {dag.py:3508} INFO - Setting next_dagrun for example_subdag_operator.section-1 to None, run_after=None
[2023-08-31T03:18:37.037+0000] {logging_mixin.py:150} INFO - [2023-08-31T03:18:37.037+0000] {dag.py:3508} INFO - Setting next_dagrun for example_subdag_operator.section-2 to None, run_after=None
[2023-08-31T03:18:37.049+0000] {logging_mixin.py:150} INFO - [2023-08-31T03:18:37.049+0000] {dag.py:2742} INFO - Sync 2 DAGs
[2023-08-31T03:18:37.058+0000] {logging_mixin.py:150} INFO - [2023-08-31T03:18:37.058+0000] {dag.py:3508} INFO - Setting next_dagrun for example_subdag_operator.section-1 to None, run_after=None
[2023-08-31T03:18:37.059+0000] {logging_mixin.py:150} INFO - [2023-08-31T03:18:37.059+0000] {dag.py:3508} INFO - Setting next_dagrun for example_subdag_operator.section-2 to None, run_after=None
[2023-08-31T03:18:37.081+0000] {processor.py:179} INFO - Processing /home/airflow/.local/lib/python3.7/site-packages/airflow/example_dags/example_subdag_operator.py took 0.154 seconds
