[2023-08-31T03:16:32.876+0000] {processor.py:157} INFO - Started process (PID=92) to work on /home/airflow/.local/lib/python3.7/site-packages/airflow/example_dags/example_complex.py
[2023-08-31T03:16:32.877+0000] {processor.py:826} INFO - Processing file /home/airflow/.local/lib/python3.7/site-packages/airflow/example_dags/example_complex.py for tasks to queue
[2023-08-31T03:16:32.879+0000] {logging_mixin.py:150} INFO - [2023-08-31T03:16:32.878+0000] {dagbag.py:541} INFO - Filling up the DagBag from /home/airflow/.local/lib/python3.7/site-packages/airflow/example_dags/example_complex.py
[2023-08-31T03:16:32.895+0000] {processor.py:836} INFO - DAG(s) dict_keys(['example_complex']) retrieved from /home/airflow/.local/lib/python3.7/site-packages/airflow/example_dags/example_complex.py
[2023-08-31T03:16:32.936+0000] {logging_mixin.py:150} INFO - [2023-08-31T03:16:32.936+0000] {dag.py:2742} INFO - Sync 1 DAGs
[2023-08-31T03:16:32.974+0000] {logging_mixin.py:150} INFO - [2023-08-31T03:16:32.973+0000] {dag.py:3508} INFO - Setting next_dagrun for example_complex to None, run_after=None
[2023-08-31T03:16:33.006+0000] {processor.py:179} INFO - Processing /home/airflow/.local/lib/python3.7/site-packages/airflow/example_dags/example_complex.py took 0.132 seconds
[2023-08-31T03:17:03.723+0000] {processor.py:157} INFO - Started process (PID=163) to work on /home/airflow/.local/lib/python3.7/site-packages/airflow/example_dags/example_complex.py
[2023-08-31T03:17:03.725+0000] {processor.py:826} INFO - Processing file /home/airflow/.local/lib/python3.7/site-packages/airflow/example_dags/example_complex.py for tasks to queue
[2023-08-31T03:17:03.726+0000] {logging_mixin.py:150} INFO - [2023-08-31T03:17:03.725+0000] {dagbag.py:541} INFO - Filling up the DagBag from /home/airflow/.local/lib/python3.7/site-packages/airflow/example_dags/example_complex.py
[2023-08-31T03:17:03.748+0000] {processor.py:836} INFO - DAG(s) dict_keys(['example_complex']) retrieved from /home/airflow/.local/lib/python3.7/site-packages/airflow/example_dags/example_complex.py
[2023-08-31T03:17:03.829+0000] {logging_mixin.py:150} INFO - [2023-08-31T03:17:03.829+0000] {dag.py:2742} INFO - Sync 1 DAGs
[2023-08-31T03:17:03.873+0000] {logging_mixin.py:150} INFO - [2023-08-31T03:17:03.872+0000] {dag.py:3508} INFO - Setting next_dagrun for example_complex to None, run_after=None
[2023-08-31T03:17:03.902+0000] {processor.py:179} INFO - Processing /home/airflow/.local/lib/python3.7/site-packages/airflow/example_dags/example_complex.py took 0.182 seconds
[2023-08-31T03:17:34.689+0000] {processor.py:157} INFO - Started process (PID=234) to work on /home/airflow/.local/lib/python3.7/site-packages/airflow/example_dags/example_complex.py
[2023-08-31T03:17:34.690+0000] {processor.py:826} INFO - Processing file /home/airflow/.local/lib/python3.7/site-packages/airflow/example_dags/example_complex.py for tasks to queue
[2023-08-31T03:17:34.691+0000] {logging_mixin.py:150} INFO - [2023-08-31T03:17:34.691+0000] {dagbag.py:541} INFO - Filling up the DagBag from /home/airflow/.local/lib/python3.7/site-packages/airflow/example_dags/example_complex.py
[2023-08-31T03:17:34.711+0000] {processor.py:836} INFO - DAG(s) dict_keys(['example_complex']) retrieved from /home/airflow/.local/lib/python3.7/site-packages/airflow/example_dags/example_complex.py
[2023-08-31T03:17:34.754+0000] {logging_mixin.py:150} INFO - [2023-08-31T03:17:34.754+0000] {dag.py:2742} INFO - Sync 1 DAGs
[2023-08-31T03:17:34.799+0000] {logging_mixin.py:150} INFO - [2023-08-31T03:17:34.799+0000] {dag.py:3508} INFO - Setting next_dagrun for example_complex to None, run_after=None
[2023-08-31T03:17:34.830+0000] {processor.py:179} INFO - Processing /home/airflow/.local/lib/python3.7/site-packages/airflow/example_dags/example_complex.py took 0.145 seconds
[2023-08-31T03:18:05.990+0000] {processor.py:157} INFO - Started process (PID=305) to work on /home/airflow/.local/lib/python3.7/site-packages/airflow/example_dags/example_complex.py
[2023-08-31T03:18:05.992+0000] {processor.py:826} INFO - Processing file /home/airflow/.local/lib/python3.7/site-packages/airflow/example_dags/example_complex.py for tasks to queue
[2023-08-31T03:18:05.993+0000] {logging_mixin.py:150} INFO - [2023-08-31T03:18:05.993+0000] {dagbag.py:541} INFO - Filling up the DagBag from /home/airflow/.local/lib/python3.7/site-packages/airflow/example_dags/example_complex.py
[2023-08-31T03:18:06.008+0000] {processor.py:836} INFO - DAG(s) dict_keys(['example_complex']) retrieved from /home/airflow/.local/lib/python3.7/site-packages/airflow/example_dags/example_complex.py
[2023-08-31T03:18:06.062+0000] {logging_mixin.py:150} INFO - [2023-08-31T03:18:06.062+0000] {dag.py:2742} INFO - Sync 1 DAGs
[2023-08-31T03:18:06.105+0000] {logging_mixin.py:150} INFO - [2023-08-31T03:18:06.105+0000] {dag.py:3508} INFO - Setting next_dagrun for example_complex to None, run_after=None
[2023-08-31T03:18:06.143+0000] {processor.py:179} INFO - Processing /home/airflow/.local/lib/python3.7/site-packages/airflow/example_dags/example_complex.py took 0.158 seconds
[2023-08-31T03:18:36.478+0000] {processor.py:157} INFO - Started process (PID=376) to work on /home/airflow/.local/lib/python3.7/site-packages/airflow/example_dags/example_complex.py
[2023-08-31T03:18:36.479+0000] {processor.py:826} INFO - Processing file /home/airflow/.local/lib/python3.7/site-packages/airflow/example_dags/example_complex.py for tasks to queue
[2023-08-31T03:18:36.480+0000] {logging_mixin.py:150} INFO - [2023-08-31T03:18:36.480+0000] {dagbag.py:541} INFO - Filling up the DagBag from /home/airflow/.local/lib/python3.7/site-packages/airflow/example_dags/example_complex.py
[2023-08-31T03:18:36.495+0000] {processor.py:836} INFO - DAG(s) dict_keys(['example_complex']) retrieved from /home/airflow/.local/lib/python3.7/site-packages/airflow/example_dags/example_complex.py
[2023-08-31T03:18:36.542+0000] {logging_mixin.py:150} INFO - [2023-08-31T03:18:36.541+0000] {dag.py:2742} INFO - Sync 1 DAGs
[2023-08-31T03:18:36.580+0000] {logging_mixin.py:150} INFO - [2023-08-31T03:18:36.580+0000] {dag.py:3508} INFO - Setting next_dagrun for example_complex to None, run_after=None
[2023-08-31T03:18:36.613+0000] {processor.py:179} INFO - Processing /home/airflow/.local/lib/python3.7/site-packages/airflow/example_dags/example_complex.py took 0.140 seconds
