[2023-08-31T03:16:26.271+0000] {processor.py:157} INFO - Started process (PID=62) to work on /home/airflow/.local/lib/python3.7/site-packages/airflow/example_dags/example_external_task_marker_dag.py
[2023-08-31T03:16:26.295+0000] {processor.py:826} INFO - Processing file /home/airflow/.local/lib/python3.7/site-packages/airflow/example_dags/example_external_task_marker_dag.py for tasks to queue
[2023-08-31T03:16:26.296+0000] {logging_mixin.py:150} INFO - [2023-08-31T03:16:26.296+0000] {dagbag.py:541} INFO - Filling up the DagBag from /home/airflow/.local/lib/python3.7/site-packages/airflow/example_dags/example_external_task_marker_dag.py
[2023-08-31T03:16:26.343+0000] {processor.py:836} INFO - DAG(s) dict_keys(['example_external_task_marker_child', 'example_external_task_marker_parent']) retrieved from /home/airflow/.local/lib/python3.7/site-packages/airflow/example_dags/example_external_task_marker_dag.py
[2023-08-31T03:16:26.501+0000] {logging_mixin.py:150} INFO - [2023-08-31T03:16:26.500+0000] {dag.py:2742} INFO - Sync 2 DAGs
[2023-08-31T03:16:26.643+0000] {logging_mixin.py:150} INFO - [2023-08-31T03:16:26.642+0000] {dag.py:3508} INFO - Setting next_dagrun for example_external_task_marker_child to None, run_after=None
[2023-08-31T03:16:26.655+0000] {logging_mixin.py:150} INFO - [2023-08-31T03:16:26.655+0000] {dag.py:3508} INFO - Setting next_dagrun for example_external_task_marker_parent to None, run_after=None
[2023-08-31T03:16:26.734+0000] {processor.py:179} INFO - Processing /home/airflow/.local/lib/python3.7/site-packages/airflow/example_dags/example_external_task_marker_dag.py took 0.504 seconds
[2023-08-31T03:16:57.587+0000] {processor.py:157} INFO - Started process (PID=133) to work on /home/airflow/.local/lib/python3.7/site-packages/airflow/example_dags/example_external_task_marker_dag.py
[2023-08-31T03:16:57.589+0000] {processor.py:826} INFO - Processing file /home/airflow/.local/lib/python3.7/site-packages/airflow/example_dags/example_external_task_marker_dag.py for tasks to queue
[2023-08-31T03:16:57.591+0000] {logging_mixin.py:150} INFO - [2023-08-31T03:16:57.590+0000] {dagbag.py:541} INFO - Filling up the DagBag from /home/airflow/.local/lib/python3.7/site-packages/airflow/example_dags/example_external_task_marker_dag.py
[2023-08-31T03:16:57.599+0000] {processor.py:836} INFO - DAG(s) dict_keys(['example_external_task_marker_parent', 'example_external_task_marker_child']) retrieved from /home/airflow/.local/lib/python3.7/site-packages/airflow/example_dags/example_external_task_marker_dag.py
[2023-08-31T03:16:57.639+0000] {logging_mixin.py:150} INFO - [2023-08-31T03:16:57.639+0000] {dag.py:2742} INFO - Sync 2 DAGs
[2023-08-31T03:16:57.675+0000] {logging_mixin.py:150} INFO - [2023-08-31T03:16:57.675+0000] {dag.py:3508} INFO - Setting next_dagrun for example_external_task_marker_child to None, run_after=None
[2023-08-31T03:16:57.680+0000] {logging_mixin.py:150} INFO - [2023-08-31T03:16:57.680+0000] {dag.py:3508} INFO - Setting next_dagrun for example_external_task_marker_parent to None, run_after=None
[2023-08-31T03:16:57.709+0000] {processor.py:179} INFO - Processing /home/airflow/.local/lib/python3.7/site-packages/airflow/example_dags/example_external_task_marker_dag.py took 0.126 seconds
[2023-08-31T03:17:27.785+0000] {processor.py:157} INFO - Started process (PID=204) to work on /home/airflow/.local/lib/python3.7/site-packages/airflow/example_dags/example_external_task_marker_dag.py
[2023-08-31T03:17:27.786+0000] {processor.py:826} INFO - Processing file /home/airflow/.local/lib/python3.7/site-packages/airflow/example_dags/example_external_task_marker_dag.py for tasks to queue
[2023-08-31T03:17:27.787+0000] {logging_mixin.py:150} INFO - [2023-08-31T03:17:27.787+0000] {dagbag.py:541} INFO - Filling up the DagBag from /home/airflow/.local/lib/python3.7/site-packages/airflow/example_dags/example_external_task_marker_dag.py
[2023-08-31T03:17:27.795+0000] {processor.py:836} INFO - DAG(s) dict_keys(['example_external_task_marker_parent', 'example_external_task_marker_child']) retrieved from /home/airflow/.local/lib/python3.7/site-packages/airflow/example_dags/example_external_task_marker_dag.py
[2023-08-31T03:17:27.835+0000] {logging_mixin.py:150} INFO - [2023-08-31T03:17:27.835+0000] {dag.py:2742} INFO - Sync 2 DAGs
[2023-08-31T03:17:27.873+0000] {logging_mixin.py:150} INFO - [2023-08-31T03:17:27.873+0000] {dag.py:3508} INFO - Setting next_dagrun for example_external_task_marker_child to None, run_after=None
[2023-08-31T03:17:27.879+0000] {logging_mixin.py:150} INFO - [2023-08-31T03:17:27.879+0000] {dag.py:3508} INFO - Setting next_dagrun for example_external_task_marker_parent to None, run_after=None
[2023-08-31T03:17:27.914+0000] {processor.py:179} INFO - Processing /home/airflow/.local/lib/python3.7/site-packages/airflow/example_dags/example_external_task_marker_dag.py took 0.132 seconds
[2023-08-31T03:17:58.736+0000] {processor.py:157} INFO - Started process (PID=275) to work on /home/airflow/.local/lib/python3.7/site-packages/airflow/example_dags/example_external_task_marker_dag.py
[2023-08-31T03:17:58.739+0000] {processor.py:826} INFO - Processing file /home/airflow/.local/lib/python3.7/site-packages/airflow/example_dags/example_external_task_marker_dag.py for tasks to queue
[2023-08-31T03:17:58.740+0000] {logging_mixin.py:150} INFO - [2023-08-31T03:17:58.740+0000] {dagbag.py:541} INFO - Filling up the DagBag from /home/airflow/.local/lib/python3.7/site-packages/airflow/example_dags/example_external_task_marker_dag.py
[2023-08-31T03:17:58.747+0000] {processor.py:836} INFO - DAG(s) dict_keys(['example_external_task_marker_child', 'example_external_task_marker_parent']) retrieved from /home/airflow/.local/lib/python3.7/site-packages/airflow/example_dags/example_external_task_marker_dag.py
[2023-08-31T03:17:58.784+0000] {logging_mixin.py:150} INFO - [2023-08-31T03:17:58.783+0000] {dag.py:2742} INFO - Sync 2 DAGs
[2023-08-31T03:17:58.817+0000] {logging_mixin.py:150} INFO - [2023-08-31T03:17:58.817+0000] {dag.py:3508} INFO - Setting next_dagrun for example_external_task_marker_child to None, run_after=None
[2023-08-31T03:17:58.822+0000] {logging_mixin.py:150} INFO - [2023-08-31T03:17:58.822+0000] {dag.py:3508} INFO - Setting next_dagrun for example_external_task_marker_parent to None, run_after=None
[2023-08-31T03:17:58.853+0000] {processor.py:179} INFO - Processing /home/airflow/.local/lib/python3.7/site-packages/airflow/example_dags/example_external_task_marker_dag.py took 0.119 seconds
[2023-08-31T03:18:29.436+0000] {processor.py:157} INFO - Started process (PID=346) to work on /home/airflow/.local/lib/python3.7/site-packages/airflow/example_dags/example_external_task_marker_dag.py
[2023-08-31T03:18:29.438+0000] {processor.py:826} INFO - Processing file /home/airflow/.local/lib/python3.7/site-packages/airflow/example_dags/example_external_task_marker_dag.py for tasks to queue
[2023-08-31T03:18:29.439+0000] {logging_mixin.py:150} INFO - [2023-08-31T03:18:29.439+0000] {dagbag.py:541} INFO - Filling up the DagBag from /home/airflow/.local/lib/python3.7/site-packages/airflow/example_dags/example_external_task_marker_dag.py
[2023-08-31T03:18:29.450+0000] {processor.py:836} INFO - DAG(s) dict_keys(['example_external_task_marker_parent', 'example_external_task_marker_child']) retrieved from /home/airflow/.local/lib/python3.7/site-packages/airflow/example_dags/example_external_task_marker_dag.py
[2023-08-31T03:18:29.499+0000] {logging_mixin.py:150} INFO - [2023-08-31T03:18:29.499+0000] {dag.py:2742} INFO - Sync 2 DAGs
[2023-08-31T03:18:29.539+0000] {logging_mixin.py:150} INFO - [2023-08-31T03:18:29.539+0000] {dag.py:3508} INFO - Setting next_dagrun for example_external_task_marker_child to None, run_after=None
[2023-08-31T03:18:29.546+0000] {logging_mixin.py:150} INFO - [2023-08-31T03:18:29.546+0000] {dag.py:3508} INFO - Setting next_dagrun for example_external_task_marker_parent to None, run_after=None
[2023-08-31T03:18:29.575+0000] {processor.py:179} INFO - Processing /home/airflow/.local/lib/python3.7/site-packages/airflow/example_dags/example_external_task_marker_dag.py took 0.142 seconds
[2023-08-31T03:18:59.816+0000] {processor.py:157} INFO - Started process (PID=417) to work on /home/airflow/.local/lib/python3.7/site-packages/airflow/example_dags/example_external_task_marker_dag.py
[2023-08-31T03:18:59.818+0000] {processor.py:826} INFO - Processing file /home/airflow/.local/lib/python3.7/site-packages/airflow/example_dags/example_external_task_marker_dag.py for tasks to queue
[2023-08-31T03:18:59.819+0000] {logging_mixin.py:150} INFO - [2023-08-31T03:18:59.818+0000] {dagbag.py:541} INFO - Filling up the DagBag from /home/airflow/.local/lib/python3.7/site-packages/airflow/example_dags/example_external_task_marker_dag.py
[2023-08-31T03:18:59.830+0000] {processor.py:836} INFO - DAG(s) dict_keys(['example_external_task_marker_parent', 'example_external_task_marker_child']) retrieved from /home/airflow/.local/lib/python3.7/site-packages/airflow/example_dags/example_external_task_marker_dag.py
[2023-08-31T03:18:59.904+0000] {logging_mixin.py:150} INFO - [2023-08-31T03:18:59.904+0000] {dag.py:2742} INFO - Sync 2 DAGs
[2023-08-31T03:18:59.955+0000] {logging_mixin.py:150} INFO - [2023-08-31T03:18:59.954+0000] {dag.py:3508} INFO - Setting next_dagrun for example_external_task_marker_child to None, run_after=None
[2023-08-31T03:18:59.962+0000] {logging_mixin.py:150} INFO - [2023-08-31T03:18:59.961+0000] {dag.py:3508} INFO - Setting next_dagrun for example_external_task_marker_parent to None, run_after=None
[2023-08-31T03:19:00.002+0000] {processor.py:179} INFO - Processing /home/airflow/.local/lib/python3.7/site-packages/airflow/example_dags/example_external_task_marker_dag.py took 0.190 seconds
