[2023-08-31T03:16:31.428+0000] {processor.py:157} INFO - Started process (PID=84) to work on /home/airflow/.local/lib/python3.7/site-packages/airflow/example_dags/example_short_circuit_decorator.py
[2023-08-31T03:16:31.429+0000] {processor.py:826} INFO - Processing file /home/airflow/.local/lib/python3.7/site-packages/airflow/example_dags/example_short_circuit_decorator.py for tasks to queue
[2023-08-31T03:16:31.430+0000] {logging_mixin.py:150} INFO - [2023-08-31T03:16:31.430+0000] {dagbag.py:541} INFO - Filling up the DagBag from /home/airflow/.local/lib/python3.7/site-packages/airflow/example_dags/example_short_circuit_decorator.py
[2023-08-31T03:16:31.445+0000] {processor.py:836} INFO - DAG(s) dict_keys(['example_short_circuit_decorator']) retrieved from /home/airflow/.local/lib/python3.7/site-packages/airflow/example_dags/example_short_circuit_decorator.py
[2023-08-31T03:16:31.529+0000] {logging_mixin.py:150} INFO - [2023-08-31T03:16:31.528+0000] {dag.py:2742} INFO - Sync 1 DAGs
[2023-08-31T03:16:31.656+0000] {logging_mixin.py:150} INFO - [2023-08-31T03:16:31.656+0000] {dag.py:3508} INFO - Setting next_dagrun for example_short_circuit_decorator to 2023-08-30T03:16:31.655955+00:00, run_after=2023-08-31T03:16:31.655955+00:00
[2023-08-31T03:16:31.709+0000] {processor.py:179} INFO - Processing /home/airflow/.local/lib/python3.7/site-packages/airflow/example_dags/example_short_circuit_decorator.py took 0.285 seconds
[2023-08-31T03:17:02.457+0000] {processor.py:157} INFO - Started process (PID=154) to work on /home/airflow/.local/lib/python3.7/site-packages/airflow/example_dags/example_short_circuit_decorator.py
[2023-08-31T03:17:02.459+0000] {processor.py:826} INFO - Processing file /home/airflow/.local/lib/python3.7/site-packages/airflow/example_dags/example_short_circuit_decorator.py for tasks to queue
[2023-08-31T03:17:02.460+0000] {logging_mixin.py:150} INFO - [2023-08-31T03:17:02.460+0000] {dagbag.py:541} INFO - Filling up the DagBag from /home/airflow/.local/lib/python3.7/site-packages/airflow/example_dags/example_short_circuit_decorator.py
[2023-08-31T03:17:02.478+0000] {processor.py:836} INFO - DAG(s) dict_keys(['example_short_circuit_decorator']) retrieved from /home/airflow/.local/lib/python3.7/site-packages/airflow/example_dags/example_short_circuit_decorator.py
[2023-08-31T03:17:02.532+0000] {logging_mixin.py:150} INFO - [2023-08-31T03:17:02.532+0000] {dag.py:2742} INFO - Sync 1 DAGs
[2023-08-31T03:17:02.616+0000] {logging_mixin.py:150} INFO - [2023-08-31T03:17:02.616+0000] {dag.py:3508} INFO - Setting next_dagrun for example_short_circuit_decorator to 2023-08-30T03:17:02.616033+00:00, run_after=2023-08-31T03:17:02.616033+00:00
[2023-08-31T03:17:02.702+0000] {processor.py:179} INFO - Processing /home/airflow/.local/lib/python3.7/site-packages/airflow/example_dags/example_short_circuit_decorator.py took 0.248 seconds
[2023-08-31T03:17:33.790+0000] {processor.py:157} INFO - Started process (PID=225) to work on /home/airflow/.local/lib/python3.7/site-packages/airflow/example_dags/example_short_circuit_decorator.py
[2023-08-31T03:17:33.792+0000] {processor.py:826} INFO - Processing file /home/airflow/.local/lib/python3.7/site-packages/airflow/example_dags/example_short_circuit_decorator.py for tasks to queue
[2023-08-31T03:17:33.793+0000] {logging_mixin.py:150} INFO - [2023-08-31T03:17:33.792+0000] {dagbag.py:541} INFO - Filling up the DagBag from /home/airflow/.local/lib/python3.7/site-packages/airflow/example_dags/example_short_circuit_decorator.py
[2023-08-31T03:17:33.809+0000] {processor.py:836} INFO - DAG(s) dict_keys(['example_short_circuit_decorator']) retrieved from /home/airflow/.local/lib/python3.7/site-packages/airflow/example_dags/example_short_circuit_decorator.py
[2023-08-31T03:17:33.844+0000] {logging_mixin.py:150} INFO - [2023-08-31T03:17:33.843+0000] {dag.py:2742} INFO - Sync 1 DAGs
[2023-08-31T03:17:33.885+0000] {logging_mixin.py:150} INFO - [2023-08-31T03:17:33.884+0000] {dag.py:3508} INFO - Setting next_dagrun for example_short_circuit_decorator to 2023-08-30T03:17:33.884056+00:00, run_after=2023-08-31T03:17:33.884056+00:00
[2023-08-31T03:17:33.916+0000] {processor.py:179} INFO - Processing /home/airflow/.local/lib/python3.7/site-packages/airflow/example_dags/example_short_circuit_decorator.py took 0.129 seconds
[2023-08-31T03:18:04.304+0000] {processor.py:157} INFO - Started process (PID=296) to work on /home/airflow/.local/lib/python3.7/site-packages/airflow/example_dags/example_short_circuit_decorator.py
[2023-08-31T03:18:04.306+0000] {processor.py:826} INFO - Processing file /home/airflow/.local/lib/python3.7/site-packages/airflow/example_dags/example_short_circuit_decorator.py for tasks to queue
[2023-08-31T03:18:04.307+0000] {logging_mixin.py:150} INFO - [2023-08-31T03:18:04.307+0000] {dagbag.py:541} INFO - Filling up the DagBag from /home/airflow/.local/lib/python3.7/site-packages/airflow/example_dags/example_short_circuit_decorator.py
[2023-08-31T03:18:04.320+0000] {processor.py:836} INFO - DAG(s) dict_keys(['example_short_circuit_decorator']) retrieved from /home/airflow/.local/lib/python3.7/site-packages/airflow/example_dags/example_short_circuit_decorator.py
[2023-08-31T03:18:04.421+0000] {logging_mixin.py:150} INFO - [2023-08-31T03:18:04.421+0000] {dag.py:2742} INFO - Sync 1 DAGs
[2023-08-31T03:18:04.510+0000] {logging_mixin.py:150} INFO - [2023-08-31T03:18:04.509+0000] {dag.py:3508} INFO - Setting next_dagrun for example_short_circuit_decorator to 2023-08-30T03:18:04.507781+00:00, run_after=2023-08-31T03:18:04.507781+00:00
[2023-08-31T03:18:04.567+0000] {processor.py:179} INFO - Processing /home/airflow/.local/lib/python3.7/site-packages/airflow/example_dags/example_short_circuit_decorator.py took 0.269 seconds
[2023-08-31T03:18:34.876+0000] {processor.py:157} INFO - Started process (PID=366) to work on /home/airflow/.local/lib/python3.7/site-packages/airflow/example_dags/example_short_circuit_decorator.py
[2023-08-31T03:18:34.877+0000] {processor.py:826} INFO - Processing file /home/airflow/.local/lib/python3.7/site-packages/airflow/example_dags/example_short_circuit_decorator.py for tasks to queue
[2023-08-31T03:18:34.878+0000] {logging_mixin.py:150} INFO - [2023-08-31T03:18:34.877+0000] {dagbag.py:541} INFO - Filling up the DagBag from /home/airflow/.local/lib/python3.7/site-packages/airflow/example_dags/example_short_circuit_decorator.py
[2023-08-31T03:18:34.887+0000] {processor.py:836} INFO - DAG(s) dict_keys(['example_short_circuit_decorator']) retrieved from /home/airflow/.local/lib/python3.7/site-packages/airflow/example_dags/example_short_circuit_decorator.py
[2023-08-31T03:18:34.917+0000] {logging_mixin.py:150} INFO - [2023-08-31T03:18:34.916+0000] {dag.py:2742} INFO - Sync 1 DAGs
[2023-08-31T03:18:34.949+0000] {logging_mixin.py:150} INFO - [2023-08-31T03:18:34.949+0000] {dag.py:3508} INFO - Setting next_dagrun for example_short_circuit_decorator to 2023-08-30T03:18:34.949065+00:00, run_after=2023-08-31T03:18:34.949065+00:00
[2023-08-31T03:18:34.983+0000] {processor.py:179} INFO - Processing /home/airflow/.local/lib/python3.7/site-packages/airflow/example_dags/example_short_circuit_decorator.py took 0.110 seconds
[2023-08-31T03:19:05.893+0000] {processor.py:157} INFO - Started process (PID=437) to work on /home/airflow/.local/lib/python3.7/site-packages/airflow/example_dags/example_short_circuit_decorator.py
[2023-08-31T03:19:05.895+0000] {processor.py:826} INFO - Processing file /home/airflow/.local/lib/python3.7/site-packages/airflow/example_dags/example_short_circuit_decorator.py for tasks to queue
[2023-08-31T03:19:05.896+0000] {logging_mixin.py:150} INFO - [2023-08-31T03:19:05.896+0000] {dagbag.py:541} INFO - Filling up the DagBag from /home/airflow/.local/lib/python3.7/site-packages/airflow/example_dags/example_short_circuit_decorator.py
[2023-08-31T03:19:05.909+0000] {processor.py:836} INFO - DAG(s) dict_keys(['example_short_circuit_decorator']) retrieved from /home/airflow/.local/lib/python3.7/site-packages/airflow/example_dags/example_short_circuit_decorator.py
[2023-08-31T03:19:05.949+0000] {logging_mixin.py:150} INFO - [2023-08-31T03:19:05.949+0000] {dag.py:2742} INFO - Sync 1 DAGs
[2023-08-31T03:19:05.996+0000] {logging_mixin.py:150} INFO - [2023-08-31T03:19:05.996+0000] {dag.py:3508} INFO - Setting next_dagrun for example_short_circuit_decorator to 2023-08-30T03:19:05.995983+00:00, run_after=2023-08-31T03:19:05.995983+00:00
[2023-08-31T03:19:06.038+0000] {processor.py:179} INFO - Processing /home/airflow/.local/lib/python3.7/site-packages/airflow/example_dags/example_short_circuit_decorator.py took 0.149 seconds
