[2023-08-31T03:16:26.390+0000] {processor.py:157} INFO - Started process (PID=63) to work on /home/airflow/.local/lib/python3.7/site-packages/airflow/example_dags/tutorial_dag.py
[2023-08-31T03:16:26.391+0000] {processor.py:826} INFO - Processing file /home/airflow/.local/lib/python3.7/site-packages/airflow/example_dags/tutorial_dag.py for tasks to queue
[2023-08-31T03:16:26.399+0000] {logging_mixin.py:150} INFO - [2023-08-31T03:16:26.396+0000] {dagbag.py:541} INFO - Filling up the DagBag from /home/airflow/.local/lib/python3.7/site-packages/airflow/example_dags/tutorial_dag.py
[2023-08-31T03:16:26.534+0000] {processor.py:836} INFO - DAG(s) dict_keys(['tutorial_dag']) retrieved from /home/airflow/.local/lib/python3.7/site-packages/airflow/example_dags/tutorial_dag.py
[2023-08-31T03:16:26.763+0000] {logging_mixin.py:150} INFO - [2023-08-31T03:16:26.762+0000] {dag.py:2742} INFO - Sync 1 DAGs
[2023-08-31T03:16:26.805+0000] {logging_mixin.py:150} INFO - [2023-08-31T03:16:26.804+0000] {dag.py:3508} INFO - Setting next_dagrun for tutorial_dag to None, run_after=None
[2023-08-31T03:16:26.839+0000] {processor.py:179} INFO - Processing /home/airflow/.local/lib/python3.7/site-packages/airflow/example_dags/tutorial_dag.py took 0.453 seconds
[2023-08-31T03:16:57.594+0000] {processor.py:157} INFO - Started process (PID=134) to work on /home/airflow/.local/lib/python3.7/site-packages/airflow/example_dags/tutorial_dag.py
[2023-08-31T03:16:57.595+0000] {processor.py:826} INFO - Processing file /home/airflow/.local/lib/python3.7/site-packages/airflow/example_dags/tutorial_dag.py for tasks to queue
[2023-08-31T03:16:57.596+0000] {logging_mixin.py:150} INFO - [2023-08-31T03:16:57.596+0000] {dagbag.py:541} INFO - Filling up the DagBag from /home/airflow/.local/lib/python3.7/site-packages/airflow/example_dags/tutorial_dag.py
[2023-08-31T03:16:57.601+0000] {processor.py:836} INFO - DAG(s) dict_keys(['tutorial_dag']) retrieved from /home/airflow/.local/lib/python3.7/site-packages/airflow/example_dags/tutorial_dag.py
[2023-08-31T03:16:57.633+0000] {logging_mixin.py:150} INFO - [2023-08-31T03:16:57.632+0000] {dag.py:2742} INFO - Sync 1 DAGs
[2023-08-31T03:16:57.669+0000] {logging_mixin.py:150} INFO - [2023-08-31T03:16:57.669+0000] {dag.py:3508} INFO - Setting next_dagrun for tutorial_dag to None, run_after=None
[2023-08-31T03:16:57.703+0000] {processor.py:179} INFO - Processing /home/airflow/.local/lib/python3.7/site-packages/airflow/example_dags/tutorial_dag.py took 0.112 seconds
[2023-08-31T03:17:27.795+0000] {processor.py:157} INFO - Started process (PID=205) to work on /home/airflow/.local/lib/python3.7/site-packages/airflow/example_dags/tutorial_dag.py
[2023-08-31T03:17:27.796+0000] {processor.py:826} INFO - Processing file /home/airflow/.local/lib/python3.7/site-packages/airflow/example_dags/tutorial_dag.py for tasks to queue
[2023-08-31T03:17:27.797+0000] {logging_mixin.py:150} INFO - [2023-08-31T03:17:27.797+0000] {dagbag.py:541} INFO - Filling up the DagBag from /home/airflow/.local/lib/python3.7/site-packages/airflow/example_dags/tutorial_dag.py
[2023-08-31T03:17:27.803+0000] {processor.py:836} INFO - DAG(s) dict_keys(['tutorial_dag']) retrieved from /home/airflow/.local/lib/python3.7/site-packages/airflow/example_dags/tutorial_dag.py
[2023-08-31T03:17:27.836+0000] {logging_mixin.py:150} INFO - [2023-08-31T03:17:27.836+0000] {dag.py:2742} INFO - Sync 1 DAGs
[2023-08-31T03:17:27.879+0000] {logging_mixin.py:150} INFO - [2023-08-31T03:17:27.879+0000] {dag.py:3508} INFO - Setting next_dagrun for tutorial_dag to None, run_after=None
[2023-08-31T03:17:27.910+0000] {processor.py:179} INFO - Processing /home/airflow/.local/lib/python3.7/site-packages/airflow/example_dags/tutorial_dag.py took 0.119 seconds
[2023-08-31T03:17:58.744+0000] {processor.py:157} INFO - Started process (PID=276) to work on /home/airflow/.local/lib/python3.7/site-packages/airflow/example_dags/tutorial_dag.py
[2023-08-31T03:17:58.745+0000] {processor.py:826} INFO - Processing file /home/airflow/.local/lib/python3.7/site-packages/airflow/example_dags/tutorial_dag.py for tasks to queue
[2023-08-31T03:17:58.746+0000] {logging_mixin.py:150} INFO - [2023-08-31T03:17:58.746+0000] {dagbag.py:541} INFO - Filling up the DagBag from /home/airflow/.local/lib/python3.7/site-packages/airflow/example_dags/tutorial_dag.py
[2023-08-31T03:17:58.752+0000] {processor.py:836} INFO - DAG(s) dict_keys(['tutorial_dag']) retrieved from /home/airflow/.local/lib/python3.7/site-packages/airflow/example_dags/tutorial_dag.py
[2023-08-31T03:17:58.779+0000] {logging_mixin.py:150} INFO - [2023-08-31T03:17:58.779+0000] {dag.py:2742} INFO - Sync 1 DAGs
[2023-08-31T03:17:58.813+0000] {logging_mixin.py:150} INFO - [2023-08-31T03:17:58.813+0000] {dag.py:3508} INFO - Setting next_dagrun for tutorial_dag to None, run_after=None
[2023-08-31T03:17:58.844+0000] {processor.py:179} INFO - Processing /home/airflow/.local/lib/python3.7/site-packages/airflow/example_dags/tutorial_dag.py took 0.103 seconds
[2023-08-31T03:18:29.448+0000] {processor.py:157} INFO - Started process (PID=347) to work on /home/airflow/.local/lib/python3.7/site-packages/airflow/example_dags/tutorial_dag.py
[2023-08-31T03:18:29.450+0000] {processor.py:826} INFO - Processing file /home/airflow/.local/lib/python3.7/site-packages/airflow/example_dags/tutorial_dag.py for tasks to queue
[2023-08-31T03:18:29.451+0000] {logging_mixin.py:150} INFO - [2023-08-31T03:18:29.451+0000] {dagbag.py:541} INFO - Filling up the DagBag from /home/airflow/.local/lib/python3.7/site-packages/airflow/example_dags/tutorial_dag.py
[2023-08-31T03:18:29.461+0000] {processor.py:836} INFO - DAG(s) dict_keys(['tutorial_dag']) retrieved from /home/airflow/.local/lib/python3.7/site-packages/airflow/example_dags/tutorial_dag.py
[2023-08-31T03:18:29.503+0000] {logging_mixin.py:150} INFO - [2023-08-31T03:18:29.502+0000] {dag.py:2742} INFO - Sync 1 DAGs
[2023-08-31T03:18:29.539+0000] {logging_mixin.py:150} INFO - [2023-08-31T03:18:29.539+0000] {dag.py:3508} INFO - Setting next_dagrun for tutorial_dag to None, run_after=None
[2023-08-31T03:18:29.570+0000] {processor.py:179} INFO - Processing /home/airflow/.local/lib/python3.7/site-packages/airflow/example_dags/tutorial_dag.py took 0.126 seconds
[2023-08-31T03:18:59.835+0000] {processor.py:157} INFO - Started process (PID=418) to work on /home/airflow/.local/lib/python3.7/site-packages/airflow/example_dags/tutorial_dag.py
[2023-08-31T03:18:59.838+0000] {processor.py:826} INFO - Processing file /home/airflow/.local/lib/python3.7/site-packages/airflow/example_dags/tutorial_dag.py for tasks to queue
[2023-08-31T03:18:59.840+0000] {logging_mixin.py:150} INFO - [2023-08-31T03:18:59.839+0000] {dagbag.py:541} INFO - Filling up the DagBag from /home/airflow/.local/lib/python3.7/site-packages/airflow/example_dags/tutorial_dag.py
[2023-08-31T03:18:59.874+0000] {processor.py:836} INFO - DAG(s) dict_keys(['tutorial_dag']) retrieved from /home/airflow/.local/lib/python3.7/site-packages/airflow/example_dags/tutorial_dag.py
[2023-08-31T03:18:59.914+0000] {logging_mixin.py:150} INFO - [2023-08-31T03:18:59.914+0000] {dag.py:2742} INFO - Sync 1 DAGs
[2023-08-31T03:18:59.969+0000] {logging_mixin.py:150} INFO - [2023-08-31T03:18:59.969+0000] {dag.py:3508} INFO - Setting next_dagrun for tutorial_dag to None, run_after=None
[2023-08-31T03:19:00.036+0000] {processor.py:179} INFO - Processing /home/airflow/.local/lib/python3.7/site-packages/airflow/example_dags/tutorial_dag.py took 0.211 seconds
