[2023-08-31T03:16:33.851+0000] {processor.py:157} INFO - Started process (PID=100) to work on /home/airflow/.local/lib/python3.7/site-packages/airflow/example_dags/tutorial.py
[2023-08-31T03:16:33.852+0000] {processor.py:826} INFO - Processing file /home/airflow/.local/lib/python3.7/site-packages/airflow/example_dags/tutorial.py for tasks to queue
[2023-08-31T03:16:33.854+0000] {logging_mixin.py:150} INFO - [2023-08-31T03:16:33.853+0000] {dagbag.py:541} INFO - Filling up the DagBag from /home/airflow/.local/lib/python3.7/site-packages/airflow/example_dags/tutorial.py
[2023-08-31T03:16:33.862+0000] {processor.py:836} INFO - DAG(s) dict_keys(['tutorial']) retrieved from /home/airflow/.local/lib/python3.7/site-packages/airflow/example_dags/tutorial.py
[2023-08-31T03:16:33.897+0000] {logging_mixin.py:150} INFO - [2023-08-31T03:16:33.897+0000] {dag.py:2742} INFO - Sync 1 DAGs
[2023-08-31T03:16:33.953+0000] {logging_mixin.py:150} INFO - [2023-08-31T03:16:33.952+0000] {dag.py:3508} INFO - Setting next_dagrun for tutorial to 2023-08-30T03:16:33.952238+00:00, run_after=2023-08-31T03:16:33.952238+00:00
[2023-08-31T03:16:33.995+0000] {processor.py:179} INFO - Processing /home/airflow/.local/lib/python3.7/site-packages/airflow/example_dags/tutorial.py took 0.148 seconds
[2023-08-31T03:17:04.524+0000] {processor.py:157} INFO - Started process (PID=170) to work on /home/airflow/.local/lib/python3.7/site-packages/airflow/example_dags/tutorial.py
[2023-08-31T03:17:04.526+0000] {processor.py:826} INFO - Processing file /home/airflow/.local/lib/python3.7/site-packages/airflow/example_dags/tutorial.py for tasks to queue
[2023-08-31T03:17:04.526+0000] {logging_mixin.py:150} INFO - [2023-08-31T03:17:04.526+0000] {dagbag.py:541} INFO - Filling up the DagBag from /home/airflow/.local/lib/python3.7/site-packages/airflow/example_dags/tutorial.py
[2023-08-31T03:17:04.533+0000] {processor.py:836} INFO - DAG(s) dict_keys(['tutorial']) retrieved from /home/airflow/.local/lib/python3.7/site-packages/airflow/example_dags/tutorial.py
[2023-08-31T03:17:04.564+0000] {logging_mixin.py:150} INFO - [2023-08-31T03:17:04.564+0000] {dag.py:2742} INFO - Sync 1 DAGs
[2023-08-31T03:17:04.603+0000] {logging_mixin.py:150} INFO - [2023-08-31T03:17:04.603+0000] {dag.py:3508} INFO - Setting next_dagrun for tutorial to 2023-08-30T03:17:04.603303+00:00, run_after=2023-08-31T03:17:04.603303+00:00
[2023-08-31T03:17:04.636+0000] {processor.py:179} INFO - Processing /home/airflow/.local/lib/python3.7/site-packages/airflow/example_dags/tutorial.py took 0.116 seconds
[2023-08-31T03:17:35.396+0000] {processor.py:157} INFO - Started process (PID=242) to work on /home/airflow/.local/lib/python3.7/site-packages/airflow/example_dags/tutorial.py
[2023-08-31T03:17:35.397+0000] {processor.py:826} INFO - Processing file /home/airflow/.local/lib/python3.7/site-packages/airflow/example_dags/tutorial.py for tasks to queue
[2023-08-31T03:17:35.399+0000] {logging_mixin.py:150} INFO - [2023-08-31T03:17:35.398+0000] {dagbag.py:541} INFO - Filling up the DagBag from /home/airflow/.local/lib/python3.7/site-packages/airflow/example_dags/tutorial.py
[2023-08-31T03:17:35.411+0000] {processor.py:836} INFO - DAG(s) dict_keys(['tutorial']) retrieved from /home/airflow/.local/lib/python3.7/site-packages/airflow/example_dags/tutorial.py
[2023-08-31T03:17:35.451+0000] {logging_mixin.py:150} INFO - [2023-08-31T03:17:35.450+0000] {dag.py:2742} INFO - Sync 1 DAGs
[2023-08-31T03:17:35.503+0000] {logging_mixin.py:150} INFO - [2023-08-31T03:17:35.503+0000] {dag.py:3508} INFO - Setting next_dagrun for tutorial to 2023-08-30T03:17:35.503087+00:00, run_after=2023-08-31T03:17:35.503087+00:00
[2023-08-31T03:17:35.530+0000] {processor.py:179} INFO - Processing /home/airflow/.local/lib/python3.7/site-packages/airflow/example_dags/tutorial.py took 0.140 seconds
[2023-08-31T03:18:06.956+0000] {processor.py:157} INFO - Started process (PID=313) to work on /home/airflow/.local/lib/python3.7/site-packages/airflow/example_dags/tutorial.py
[2023-08-31T03:18:06.958+0000] {processor.py:826} INFO - Processing file /home/airflow/.local/lib/python3.7/site-packages/airflow/example_dags/tutorial.py for tasks to queue
[2023-08-31T03:18:06.959+0000] {logging_mixin.py:150} INFO - [2023-08-31T03:18:06.959+0000] {dagbag.py:541} INFO - Filling up the DagBag from /home/airflow/.local/lib/python3.7/site-packages/airflow/example_dags/tutorial.py
[2023-08-31T03:18:06.965+0000] {processor.py:836} INFO - DAG(s) dict_keys(['tutorial']) retrieved from /home/airflow/.local/lib/python3.7/site-packages/airflow/example_dags/tutorial.py
[2023-08-31T03:18:06.991+0000] {logging_mixin.py:150} INFO - [2023-08-31T03:18:06.991+0000] {dag.py:2742} INFO - Sync 1 DAGs
[2023-08-31T03:18:07.022+0000] {logging_mixin.py:150} INFO - [2023-08-31T03:18:07.022+0000] {dag.py:3508} INFO - Setting next_dagrun for tutorial to 2023-08-30T03:18:07.022257+00:00, run_after=2023-08-31T03:18:07.022257+00:00
[2023-08-31T03:18:07.051+0000] {processor.py:179} INFO - Processing /home/airflow/.local/lib/python3.7/site-packages/airflow/example_dags/tutorial.py took 0.097 seconds
[2023-08-31T03:18:37.193+0000] {processor.py:157} INFO - Started process (PID=384) to work on /home/airflow/.local/lib/python3.7/site-packages/airflow/example_dags/tutorial.py
[2023-08-31T03:18:37.195+0000] {processor.py:826} INFO - Processing file /home/airflow/.local/lib/python3.7/site-packages/airflow/example_dags/tutorial.py for tasks to queue
[2023-08-31T03:18:37.197+0000] {logging_mixin.py:150} INFO - [2023-08-31T03:18:37.196+0000] {dagbag.py:541} INFO - Filling up the DagBag from /home/airflow/.local/lib/python3.7/site-packages/airflow/example_dags/tutorial.py
[2023-08-31T03:18:37.208+0000] {processor.py:836} INFO - DAG(s) dict_keys(['tutorial']) retrieved from /home/airflow/.local/lib/python3.7/site-packages/airflow/example_dags/tutorial.py
[2023-08-31T03:18:37.252+0000] {logging_mixin.py:150} INFO - [2023-08-31T03:18:37.251+0000] {dag.py:2742} INFO - Sync 1 DAGs
[2023-08-31T03:18:37.304+0000] {logging_mixin.py:150} INFO - [2023-08-31T03:18:37.304+0000] {dag.py:3508} INFO - Setting next_dagrun for tutorial to 2023-08-30T03:18:37.303812+00:00, run_after=2023-08-31T03:18:37.303812+00:00
[2023-08-31T03:18:37.381+0000] {processor.py:179} INFO - Processing /home/airflow/.local/lib/python3.7/site-packages/airflow/example_dags/tutorial.py took 0.192 seconds
