[2023-08-18T05:16:02.397+0000] {taskinstance.py:1103} INFO - Dependencies all met for dep_context=non-requeueable deps ti=<TaskInstance: dags_external_task_sensor.external_task_sensor_b manual__2023-08-18T05:16:00.596865+00:00 [queued]>
[2023-08-18T05:16:02.415+0000] {taskinstance.py:1103} INFO - Dependencies all met for dep_context=requeueable deps ti=<TaskInstance: dags_external_task_sensor.external_task_sensor_b manual__2023-08-18T05:16:00.596865+00:00 [queued]>
[2023-08-18T05:16:02.415+0000] {taskinstance.py:1308} INFO - Starting attempt 1 of 1
[2023-08-18T05:16:02.442+0000] {taskinstance.py:1327} INFO - Executing <Task(ExternalTaskSensor): external_task_sensor_b> on 2023-08-18 05:16:00.596865+00:00
[2023-08-18T05:16:02.453+0000] {standard_task_runner.py:57} INFO - Started process 3025 to run task
[2023-08-18T05:16:02.460+0000] {standard_task_runner.py:84} INFO - Running: ['***', 'tasks', 'run', 'dags_external_task_sensor', 'external_task_sensor_b', 'manual__2023-08-18T05:16:00.596865+00:00', '--job-id', '66', '--raw', '--subdir', 'DAGS_FOLDER/dags_external_task_sensor.py', '--cfg-path', '/tmp/tmpei009brv']
[2023-08-18T05:16:02.462+0000] {standard_task_runner.py:85} INFO - Job 66: Subtask external_task_sensor_b
[2023-08-18T05:16:02.529+0000] {task_command.py:410} INFO - Running <TaskInstance: dags_external_task_sensor.external_task_sensor_b manual__2023-08-18T05:16:00.596865+00:00 [running]> on host 05c492c53b17
[2023-08-18T05:16:02.666+0000] {taskinstance.py:1547} INFO - Exporting env vars: AIRFLOW_CTX_DAG_OWNER='***' AIRFLOW_CTX_DAG_ID='dags_external_task_sensor' AIRFLOW_CTX_TASK_ID='external_task_sensor_b' AIRFLOW_CTX_EXECUTION_DATE='2023-08-18T05:16:00.596865+00:00' AIRFLOW_CTX_TRY_NUMBER='1' AIRFLOW_CTX_DAG_RUN_ID='manual__2023-08-18T05:16:00.596865+00:00'
[2023-08-18T05:16:02.667+0000] {external_task.py:236} INFO - Poking for tasks ['task_b'] in dag dags_branch_python_operator on 2023-08-17T23:16:00.596865+00:00 ... 
[2023-08-18T05:16:12.694+0000] {external_task.py:236} INFO - Poking for tasks ['task_b'] in dag dags_branch_python_operator on 2023-08-17T23:16:00.596865+00:00 ... 
[2023-08-18T05:16:22.715+0000] {external_task.py:236} INFO - Poking for tasks ['task_b'] in dag dags_branch_python_operator on 2023-08-17T23:16:00.596865+00:00 ... 
[2023-08-18T05:16:32.735+0000] {external_task.py:236} INFO - Poking for tasks ['task_b'] in dag dags_branch_python_operator on 2023-08-17T23:16:00.596865+00:00 ... 
[2023-08-18T05:16:42.753+0000] {external_task.py:236} INFO - Poking for tasks ['task_b'] in dag dags_branch_python_operator on 2023-08-17T23:16:00.596865+00:00 ... 
[2023-08-18T05:16:52.778+0000] {external_task.py:236} INFO - Poking for tasks ['task_b'] in dag dags_branch_python_operator on 2023-08-17T23:16:00.596865+00:00 ... 
[2023-08-18T05:17:02.804+0000] {external_task.py:236} INFO - Poking for tasks ['task_b'] in dag dags_branch_python_operator on 2023-08-17T23:16:00.596865+00:00 ... 
[2023-08-18T05:17:12.843+0000] {external_task.py:236} INFO - Poking for tasks ['task_b'] in dag dags_branch_python_operator on 2023-08-17T23:16:00.596865+00:00 ... 
[2023-08-18T05:17:22.873+0000] {external_task.py:236} INFO - Poking for tasks ['task_b'] in dag dags_branch_python_operator on 2023-08-17T23:16:00.596865+00:00 ... 
[2023-08-18T05:17:32.899+0000] {external_task.py:236} INFO - Poking for tasks ['task_b'] in dag dags_branch_python_operator on 2023-08-17T23:16:00.596865+00:00 ... 
[2023-08-18T05:17:42.923+0000] {external_task.py:236} INFO - Poking for tasks ['task_b'] in dag dags_branch_python_operator on 2023-08-17T23:16:00.596865+00:00 ... 
[2023-08-18T05:17:52.945+0000] {external_task.py:236} INFO - Poking for tasks ['task_b'] in dag dags_branch_python_operator on 2023-08-17T23:16:00.596865+00:00 ... 
[2023-08-18T05:18:02.973+0000] {external_task.py:236} INFO - Poking for tasks ['task_b'] in dag dags_branch_python_operator on 2023-08-17T23:16:00.596865+00:00 ... 
[2023-08-18T05:18:12.997+0000] {external_task.py:236} INFO - Poking for tasks ['task_b'] in dag dags_branch_python_operator on 2023-08-17T23:16:00.596865+00:00 ... 
[2023-08-18T05:18:23.033+0000] {external_task.py:236} INFO - Poking for tasks ['task_b'] in dag dags_branch_python_operator on 2023-08-17T23:16:00.596865+00:00 ... 
[2023-08-18T05:18:33.053+0000] {external_task.py:236} INFO - Poking for tasks ['task_b'] in dag dags_branch_python_operator on 2023-08-17T23:16:00.596865+00:00 ... 
[2023-08-18T05:18:43.083+0000] {external_task.py:236} INFO - Poking for tasks ['task_b'] in dag dags_branch_python_operator on 2023-08-17T23:16:00.596865+00:00 ... 
[2023-08-18T05:18:53.102+0000] {external_task.py:236} INFO - Poking for tasks ['task_b'] in dag dags_branch_python_operator on 2023-08-17T23:16:00.596865+00:00 ... 
[2023-08-18T05:19:03.122+0000] {external_task.py:236} INFO - Poking for tasks ['task_b'] in dag dags_branch_python_operator on 2023-08-17T23:16:00.596865+00:00 ... 
[2023-08-18T05:19:13.142+0000] {external_task.py:236} INFO - Poking for tasks ['task_b'] in dag dags_branch_python_operator on 2023-08-17T23:16:00.596865+00:00 ... 
[2023-08-18T05:19:23.176+0000] {external_task.py:236} INFO - Poking for tasks ['task_b'] in dag dags_branch_python_operator on 2023-08-17T23:16:00.596865+00:00 ... 
[2023-08-18T05:19:33.202+0000] {external_task.py:236} INFO - Poking for tasks ['task_b'] in dag dags_branch_python_operator on 2023-08-17T23:16:00.596865+00:00 ... 
[2023-08-18T05:19:43.230+0000] {external_task.py:236} INFO - Poking for tasks ['task_b'] in dag dags_branch_python_operator on 2023-08-17T23:16:00.596865+00:00 ... 
[2023-08-18T05:19:53.252+0000] {external_task.py:236} INFO - Poking for tasks ['task_b'] in dag dags_branch_python_operator on 2023-08-17T23:16:00.596865+00:00 ... 
[2023-08-18T05:20:03.278+0000] {external_task.py:236} INFO - Poking for tasks ['task_b'] in dag dags_branch_python_operator on 2023-08-17T23:16:00.596865+00:00 ... 
[2023-08-18T05:20:13.307+0000] {external_task.py:236} INFO - Poking for tasks ['task_b'] in dag dags_branch_python_operator on 2023-08-17T23:16:00.596865+00:00 ... 
[2023-08-18T05:20:14.651+0000] {local_task_job_runner.py:292} WARNING - State of this instance has been externally set to failed. Terminating instance.
[2023-08-18T05:20:14.654+0000] {process_utils.py:135} INFO - Sending Signals.SIGTERM to group 3025. PIDs of all processes in the group: [3025]
[2023-08-18T05:20:14.654+0000] {process_utils.py:86} INFO - Sending the signal Signals.SIGTERM to group 3025
[2023-08-18T05:20:14.654+0000] {taskinstance.py:1517} ERROR - Received SIGTERM. Terminating subprocesses.
[2023-08-18T05:20:14.707+0000] {process_utils.py:79} INFO - Process psutil.Process(pid=3025, status='terminated', exitcode=0, started='05:16:02') (3025) terminated with exit code 0
