[2023-08-18T04:59:36.767+0000] {taskinstance.py:1103} INFO - Dependencies all met for dep_context=non-requeueable deps ti=<TaskInstance: dags_external_task_sensor.external_task_sensor_c manual__2023-08-18T04:59:34.067502+00:00 [queued]>
[2023-08-18T04:59:36.781+0000] {taskinstance.py:1103} INFO - Dependencies all met for dep_context=requeueable deps ti=<TaskInstance: dags_external_task_sensor.external_task_sensor_c manual__2023-08-18T04:59:34.067502+00:00 [queued]>
[2023-08-18T04:59:36.782+0000] {taskinstance.py:1308} INFO - Starting attempt 1 of 1
[2023-08-18T04:59:36.805+0000] {taskinstance.py:1327} INFO - Executing <Task(ExternalTaskSensor): external_task_sensor_c> on 2023-08-18 04:59:34.067502+00:00
[2023-08-18T04:59:36.814+0000] {standard_task_runner.py:57} INFO - Started process 2684 to run task
[2023-08-18T04:59:36.822+0000] {standard_task_runner.py:84} INFO - Running: ['***', 'tasks', 'run', 'dags_external_task_sensor', 'external_task_sensor_c', 'manual__2023-08-18T04:59:34.067502+00:00', '--job-id', '48', '--raw', '--subdir', 'DAGS_FOLDER/dags_external_task_sensor.py', '--cfg-path', '/tmp/tmp8p3ozq64']
[2023-08-18T04:59:36.823+0000] {standard_task_runner.py:85} INFO - Job 48: Subtask external_task_sensor_c
[2023-08-18T04:59:36.888+0000] {task_command.py:410} INFO - Running <TaskInstance: dags_external_task_sensor.external_task_sensor_c manual__2023-08-18T04:59:34.067502+00:00 [running]> on host 05c492c53b17
[2023-08-18T04:59:37.014+0000] {taskinstance.py:1547} INFO - Exporting env vars: AIRFLOW_CTX_DAG_OWNER='***' AIRFLOW_CTX_DAG_ID='dags_external_task_sensor' AIRFLOW_CTX_TASK_ID='external_task_sensor_c' AIRFLOW_CTX_EXECUTION_DATE='2023-08-18T04:59:34.067502+00:00' AIRFLOW_CTX_TRY_NUMBER='1' AIRFLOW_CTX_DAG_RUN_ID='manual__2023-08-18T04:59:34.067502+00:00'
[2023-08-18T04:59:37.017+0000] {external_task.py:236} INFO - Poking for tasks ['task_c'] in dag dags_branch_python_operator on 2023-08-17T22:59:34.067502+00:00 ... 
[2023-08-18T04:59:47.045+0000] {external_task.py:236} INFO - Poking for tasks ['task_c'] in dag dags_branch_python_operator on 2023-08-17T22:59:34.067502+00:00 ... 
[2023-08-18T04:59:57.068+0000] {external_task.py:236} INFO - Poking for tasks ['task_c'] in dag dags_branch_python_operator on 2023-08-17T22:59:34.067502+00:00 ... 
[2023-08-18T05:00:07.082+0000] {external_task.py:236} INFO - Poking for tasks ['task_c'] in dag dags_branch_python_operator on 2023-08-17T22:59:34.067502+00:00 ... 
[2023-08-18T05:00:17.097+0000] {external_task.py:236} INFO - Poking for tasks ['task_c'] in dag dags_branch_python_operator on 2023-08-17T22:59:34.067502+00:00 ... 
[2023-08-18T05:00:27.116+0000] {external_task.py:236} INFO - Poking for tasks ['task_c'] in dag dags_branch_python_operator on 2023-08-17T22:59:34.067502+00:00 ... 
[2023-08-18T05:00:37.143+0000] {external_task.py:236} INFO - Poking for tasks ['task_c'] in dag dags_branch_python_operator on 2023-08-17T22:59:34.067502+00:00 ... 
[2023-08-18T05:00:47.168+0000] {external_task.py:236} INFO - Poking for tasks ['task_c'] in dag dags_branch_python_operator on 2023-08-17T22:59:34.067502+00:00 ... 
[2023-08-18T05:00:57.187+0000] {external_task.py:236} INFO - Poking for tasks ['task_c'] in dag dags_branch_python_operator on 2023-08-17T22:59:34.067502+00:00 ... 
[2023-08-18T05:01:07.206+0000] {external_task.py:236} INFO - Poking for tasks ['task_c'] in dag dags_branch_python_operator on 2023-08-17T22:59:34.067502+00:00 ... 
[2023-08-18T05:01:17.226+0000] {external_task.py:236} INFO - Poking for tasks ['task_c'] in dag dags_branch_python_operator on 2023-08-17T22:59:34.067502+00:00 ... 
[2023-08-18T05:01:27.263+0000] {external_task.py:236} INFO - Poking for tasks ['task_c'] in dag dags_branch_python_operator on 2023-08-17T22:59:34.067502+00:00 ... 
[2023-08-18T05:01:37.286+0000] {external_task.py:236} INFO - Poking for tasks ['task_c'] in dag dags_branch_python_operator on 2023-08-17T22:59:34.067502+00:00 ... 
[2023-08-18T05:01:47.306+0000] {external_task.py:236} INFO - Poking for tasks ['task_c'] in dag dags_branch_python_operator on 2023-08-17T22:59:34.067502+00:00 ... 
[2023-08-18T05:01:57.330+0000] {external_task.py:236} INFO - Poking for tasks ['task_c'] in dag dags_branch_python_operator on 2023-08-17T22:59:34.067502+00:00 ... 
[2023-08-18T05:02:07.354+0000] {external_task.py:236} INFO - Poking for tasks ['task_c'] in dag dags_branch_python_operator on 2023-08-17T22:59:34.067502+00:00 ... 
[2023-08-18T05:02:17.376+0000] {external_task.py:236} INFO - Poking for tasks ['task_c'] in dag dags_branch_python_operator on 2023-08-17T22:59:34.067502+00:00 ... 
[2023-08-18T05:02:27.399+0000] {external_task.py:236} INFO - Poking for tasks ['task_c'] in dag dags_branch_python_operator on 2023-08-17T22:59:34.067502+00:00 ... 
[2023-08-18T05:02:37.422+0000] {external_task.py:236} INFO - Poking for tasks ['task_c'] in dag dags_branch_python_operator on 2023-08-17T22:59:34.067502+00:00 ... 
[2023-08-18T05:02:47.445+0000] {external_task.py:236} INFO - Poking for tasks ['task_c'] in dag dags_branch_python_operator on 2023-08-17T22:59:34.067502+00:00 ... 
[2023-08-18T05:02:48.138+0000] {local_task_job_runner.py:292} WARNING - State of this instance has been externally set to failed. Terminating instance.
[2023-08-18T05:02:48.140+0000] {process_utils.py:135} INFO - Sending Signals.SIGTERM to group 2684. PIDs of all processes in the group: [2684]
[2023-08-18T05:02:48.140+0000] {process_utils.py:86} INFO - Sending the signal Signals.SIGTERM to group 2684
[2023-08-18T05:02:48.141+0000] {taskinstance.py:1517} ERROR - Received SIGTERM. Terminating subprocesses.
[2023-08-18T05:02:48.194+0000] {process_utils.py:79} INFO - Process psutil.Process(pid=2684, status='terminated', exitcode=0, started='04:59:36') (2684) terminated with exit code 0
