[2023-08-18T05:03:06.420+0000] {taskinstance.py:1103} INFO - Dependencies all met for dep_context=non-requeueable deps ti=<TaskInstance: dags_external_task_sensor.external_task_sensor_c manual__2023-08-18T04:59:34.067502+00:00 [queued]>
[2023-08-18T05:03:06.435+0000] {taskinstance.py:1103} INFO - Dependencies all met for dep_context=requeueable deps ti=<TaskInstance: dags_external_task_sensor.external_task_sensor_c manual__2023-08-18T04:59:34.067502+00:00 [queued]>
[2023-08-18T05:03:06.435+0000] {taskinstance.py:1308} INFO - Starting attempt 2 of 2
[2023-08-18T05:03:06.464+0000] {taskinstance.py:1327} INFO - Executing <Task(ExternalTaskSensor): external_task_sensor_c> on 2023-08-18 04:59:34.067502+00:00
[2023-08-18T05:03:06.477+0000] {standard_task_runner.py:57} INFO - Started process 2772 to run task
[2023-08-18T05:03:06.482+0000] {standard_task_runner.py:84} INFO - Running: ['***', 'tasks', 'run', 'dags_external_task_sensor', 'external_task_sensor_c', 'manual__2023-08-18T04:59:34.067502+00:00', '--job-id', '56', '--raw', '--subdir', 'DAGS_FOLDER/dags_external_task_sensor.py', '--cfg-path', '/tmp/tmp_n0xr9dy']
[2023-08-18T05:03:06.483+0000] {standard_task_runner.py:85} INFO - Job 56: Subtask external_task_sensor_c
[2023-08-18T05:03:06.548+0000] {task_command.py:410} INFO - Running <TaskInstance: dags_external_task_sensor.external_task_sensor_c manual__2023-08-18T04:59:34.067502+00:00 [running]> on host 05c492c53b17
[2023-08-18T05:03:06.672+0000] {taskinstance.py:1547} INFO - Exporting env vars: AIRFLOW_CTX_DAG_OWNER='***' AIRFLOW_CTX_DAG_ID='dags_external_task_sensor' AIRFLOW_CTX_TASK_ID='external_task_sensor_c' AIRFLOW_CTX_EXECUTION_DATE='2023-08-18T04:59:34.067502+00:00' AIRFLOW_CTX_TRY_NUMBER='2' AIRFLOW_CTX_DAG_RUN_ID='manual__2023-08-18T04:59:34.067502+00:00'
[2023-08-18T05:03:06.673+0000] {external_task.py:236} INFO - Poking for tasks ['task_c'] in dag dags_branch_python_operator on 2023-08-17T22:59:34.067502+00:00 ... 
[2023-08-18T05:03:16.686+0000] {external_task.py:236} INFO - Poking for tasks ['task_c'] in dag dags_branch_python_operator on 2023-08-17T22:59:34.067502+00:00 ... 
[2023-08-18T05:03:26.706+0000] {external_task.py:236} INFO - Poking for tasks ['task_c'] in dag dags_branch_python_operator on 2023-08-17T22:59:34.067502+00:00 ... 
[2023-08-18T05:03:36.726+0000] {external_task.py:236} INFO - Poking for tasks ['task_c'] in dag dags_branch_python_operator on 2023-08-17T22:59:34.067502+00:00 ... 
[2023-08-18T05:03:46.756+0000] {external_task.py:236} INFO - Poking for tasks ['task_c'] in dag dags_branch_python_operator on 2023-08-17T22:59:34.067502+00:00 ... 
[2023-08-18T05:03:56.776+0000] {external_task.py:236} INFO - Poking for tasks ['task_c'] in dag dags_branch_python_operator on 2023-08-17T22:59:34.067502+00:00 ... 
[2023-08-18T05:04:06.796+0000] {external_task.py:236} INFO - Poking for tasks ['task_c'] in dag dags_branch_python_operator on 2023-08-17T22:59:34.067502+00:00 ... 
[2023-08-18T05:04:16.816+0000] {external_task.py:236} INFO - Poking for tasks ['task_c'] in dag dags_branch_python_operator on 2023-08-17T22:59:34.067502+00:00 ... 
[2023-08-18T05:04:26.838+0000] {external_task.py:236} INFO - Poking for tasks ['task_c'] in dag dags_branch_python_operator on 2023-08-17T22:59:34.067502+00:00 ... 
[2023-08-18T05:04:36.859+0000] {external_task.py:236} INFO - Poking for tasks ['task_c'] in dag dags_branch_python_operator on 2023-08-17T22:59:34.067502+00:00 ... 
[2023-08-18T05:04:46.885+0000] {external_task.py:236} INFO - Poking for tasks ['task_c'] in dag dags_branch_python_operator on 2023-08-17T22:59:34.067502+00:00 ... 
[2023-08-18T05:04:56.901+0000] {external_task.py:236} INFO - Poking for tasks ['task_c'] in dag dags_branch_python_operator on 2023-08-17T22:59:34.067502+00:00 ... 
[2023-08-18T05:05:06.924+0000] {external_task.py:236} INFO - Poking for tasks ['task_c'] in dag dags_branch_python_operator on 2023-08-17T22:59:34.067502+00:00 ... 
[2023-08-18T05:05:16.946+0000] {external_task.py:236} INFO - Poking for tasks ['task_c'] in dag dags_branch_python_operator on 2023-08-17T22:59:34.067502+00:00 ... 
[2023-08-18T05:05:26.966+0000] {external_task.py:236} INFO - Poking for tasks ['task_c'] in dag dags_branch_python_operator on 2023-08-17T22:59:34.067502+00:00 ... 
[2023-08-18T05:05:36.987+0000] {external_task.py:236} INFO - Poking for tasks ['task_c'] in dag dags_branch_python_operator on 2023-08-17T22:59:34.067502+00:00 ... 
[2023-08-18T05:05:47.006+0000] {external_task.py:236} INFO - Poking for tasks ['task_c'] in dag dags_branch_python_operator on 2023-08-17T22:59:34.067502+00:00 ... 
[2023-08-18T05:05:57.038+0000] {external_task.py:236} INFO - Poking for tasks ['task_c'] in dag dags_branch_python_operator on 2023-08-17T22:59:34.067502+00:00 ... 
[2023-08-18T05:06:07.059+0000] {external_task.py:236} INFO - Poking for tasks ['task_c'] in dag dags_branch_python_operator on 2023-08-17T22:59:34.067502+00:00 ... 
[2023-08-18T05:06:17.081+0000] {external_task.py:236} INFO - Poking for tasks ['task_c'] in dag dags_branch_python_operator on 2023-08-17T22:59:34.067502+00:00 ... 
[2023-08-18T05:06:27.106+0000] {external_task.py:236} INFO - Poking for tasks ['task_c'] in dag dags_branch_python_operator on 2023-08-17T22:59:34.067502+00:00 ... 
[2023-08-18T05:06:37.131+0000] {external_task.py:236} INFO - Poking for tasks ['task_c'] in dag dags_branch_python_operator on 2023-08-17T22:59:34.067502+00:00 ... 
[2023-08-18T05:06:47.155+0000] {external_task.py:236} INFO - Poking for tasks ['task_c'] in dag dags_branch_python_operator on 2023-08-17T22:59:34.067502+00:00 ... 
[2023-08-18T05:06:57.178+0000] {external_task.py:236} INFO - Poking for tasks ['task_c'] in dag dags_branch_python_operator on 2023-08-17T22:59:34.067502+00:00 ... 
[2023-08-18T05:07:07.203+0000] {external_task.py:236} INFO - Poking for tasks ['task_c'] in dag dags_branch_python_operator on 2023-08-17T22:59:34.067502+00:00 ... 
[2023-08-18T05:07:17.230+0000] {external_task.py:236} INFO - Poking for tasks ['task_c'] in dag dags_branch_python_operator on 2023-08-17T22:59:34.067502+00:00 ... 
[2023-08-18T05:07:27.252+0000] {external_task.py:236} INFO - Poking for tasks ['task_c'] in dag dags_branch_python_operator on 2023-08-17T22:59:34.067502+00:00 ... 
[2023-08-18T05:07:37.275+0000] {external_task.py:236} INFO - Poking for tasks ['task_c'] in dag dags_branch_python_operator on 2023-08-17T22:59:34.067502+00:00 ... 
[2023-08-18T05:07:47.291+0000] {external_task.py:236} INFO - Poking for tasks ['task_c'] in dag dags_branch_python_operator on 2023-08-17T22:59:34.067502+00:00 ... 
[2023-08-18T05:07:57.312+0000] {external_task.py:236} INFO - Poking for tasks ['task_c'] in dag dags_branch_python_operator on 2023-08-17T22:59:34.067502+00:00 ... 
[2023-08-18T05:08:07.334+0000] {external_task.py:236} INFO - Poking for tasks ['task_c'] in dag dags_branch_python_operator on 2023-08-17T22:59:34.067502+00:00 ... 
[2023-08-18T05:08:17.367+0000] {external_task.py:236} INFO - Poking for tasks ['task_c'] in dag dags_branch_python_operator on 2023-08-17T22:59:34.067502+00:00 ... 
[2023-08-18T05:08:27.386+0000] {external_task.py:236} INFO - Poking for tasks ['task_c'] in dag dags_branch_python_operator on 2023-08-17T22:59:34.067502+00:00 ... 
[2023-08-18T05:08:37.409+0000] {external_task.py:236} INFO - Poking for tasks ['task_c'] in dag dags_branch_python_operator on 2023-08-17T22:59:34.067502+00:00 ... 
[2023-08-18T05:08:47.426+0000] {external_task.py:236} INFO - Poking for tasks ['task_c'] in dag dags_branch_python_operator on 2023-08-17T22:59:34.067502+00:00 ... 
[2023-08-18T05:08:57.450+0000] {external_task.py:236} INFO - Poking for tasks ['task_c'] in dag dags_branch_python_operator on 2023-08-17T22:59:34.067502+00:00 ... 
[2023-08-18T05:09:07.466+0000] {external_task.py:236} INFO - Poking for tasks ['task_c'] in dag dags_branch_python_operator on 2023-08-17T22:59:34.067502+00:00 ... 
[2023-08-18T05:09:17.486+0000] {external_task.py:236} INFO - Poking for tasks ['task_c'] in dag dags_branch_python_operator on 2023-08-17T22:59:34.067502+00:00 ... 
[2023-08-18T05:09:27.507+0000] {external_task.py:236} INFO - Poking for tasks ['task_c'] in dag dags_branch_python_operator on 2023-08-17T22:59:34.067502+00:00 ... 
[2023-08-18T05:09:37.552+0000] {external_task.py:236} INFO - Poking for tasks ['task_c'] in dag dags_branch_python_operator on 2023-08-17T22:59:34.067502+00:00 ... 
[2023-08-18T05:09:47.575+0000] {external_task.py:236} INFO - Poking for tasks ['task_c'] in dag dags_branch_python_operator on 2023-08-17T22:59:34.067502+00:00 ... 
[2023-08-18T05:09:57.596+0000] {external_task.py:236} INFO - Poking for tasks ['task_c'] in dag dags_branch_python_operator on 2023-08-17T22:59:34.067502+00:00 ... 
[2023-08-18T05:10:07.616+0000] {external_task.py:236} INFO - Poking for tasks ['task_c'] in dag dags_branch_python_operator on 2023-08-17T22:59:34.067502+00:00 ... 
[2023-08-18T05:10:17.633+0000] {external_task.py:236} INFO - Poking for tasks ['task_c'] in dag dags_branch_python_operator on 2023-08-17T22:59:34.067502+00:00 ... 
[2023-08-18T05:10:27.654+0000] {external_task.py:236} INFO - Poking for tasks ['task_c'] in dag dags_branch_python_operator on 2023-08-17T22:59:34.067502+00:00 ... 
[2023-08-18T05:10:37.666+0000] {external_task.py:236} INFO - Poking for tasks ['task_c'] in dag dags_branch_python_operator on 2023-08-17T22:59:34.067502+00:00 ... 
[2023-08-18T05:10:47.687+0000] {external_task.py:236} INFO - Poking for tasks ['task_c'] in dag dags_branch_python_operator on 2023-08-17T22:59:34.067502+00:00 ... 
[2023-08-18T05:10:57.711+0000] {external_task.py:236} INFO - Poking for tasks ['task_c'] in dag dags_branch_python_operator on 2023-08-17T22:59:34.067502+00:00 ... 
[2023-08-18T05:11:07.727+0000] {external_task.py:236} INFO - Poking for tasks ['task_c'] in dag dags_branch_python_operator on 2023-08-17T22:59:34.067502+00:00 ... 
[2023-08-18T05:11:17.746+0000] {external_task.py:236} INFO - Poking for tasks ['task_c'] in dag dags_branch_python_operator on 2023-08-17T22:59:34.067502+00:00 ... 
[2023-08-18T05:11:27.769+0000] {external_task.py:236} INFO - Poking for tasks ['task_c'] in dag dags_branch_python_operator on 2023-08-17T22:59:34.067502+00:00 ... 
[2023-08-18T05:11:37.786+0000] {external_task.py:236} INFO - Poking for tasks ['task_c'] in dag dags_branch_python_operator on 2023-08-17T22:59:34.067502+00:00 ... 
[2023-08-18T05:11:47.806+0000] {external_task.py:236} INFO - Poking for tasks ['task_c'] in dag dags_branch_python_operator on 2023-08-17T22:59:34.067502+00:00 ... 
[2023-08-18T05:11:57.833+0000] {external_task.py:236} INFO - Poking for tasks ['task_c'] in dag dags_branch_python_operator on 2023-08-17T22:59:34.067502+00:00 ... 
[2023-08-18T05:12:07.847+0000] {external_task.py:236} INFO - Poking for tasks ['task_c'] in dag dags_branch_python_operator on 2023-08-17T22:59:34.067502+00:00 ... 
[2023-08-18T05:12:17.872+0000] {external_task.py:236} INFO - Poking for tasks ['task_c'] in dag dags_branch_python_operator on 2023-08-17T22:59:34.067502+00:00 ... 
[2023-08-18T05:12:27.140+0000] {local_task_job_runner.py:292} WARNING - State of this instance has been externally set to failed. Terminating instance.
[2023-08-18T05:12:27.145+0000] {process_utils.py:135} INFO - Sending Signals.SIGTERM to group 2772. PIDs of all processes in the group: [2772]
[2023-08-18T05:12:27.145+0000] {process_utils.py:86} INFO - Sending the signal Signals.SIGTERM to group 2772
[2023-08-18T05:12:27.146+0000] {taskinstance.py:1517} ERROR - Received SIGTERM. Terminating subprocesses.
[2023-08-18T05:12:27.199+0000] {process_utils.py:79} INFO - Process psutil.Process(pid=2772, status='terminated', exitcode=0, started='05:03:06') (2772) terminated with exit code 0
