[2023-08-18T02:10:44.931+0000] {taskinstance.py:1103} INFO - Dependencies all met for dep_context=non-requeueable deps ti=<TaskInstance: dags_bash_sensor.sensor_task_by_reschedule scheduled__2023-08-16T21:00:00+00:00 [queued]>
[2023-08-18T02:10:44.946+0000] {taskinstance.py:1103} INFO - Dependencies all met for dep_context=requeueable deps ti=<TaskInstance: dags_bash_sensor.sensor_task_by_reschedule scheduled__2023-08-16T21:00:00+00:00 [queued]>
[2023-08-18T02:10:44.947+0000] {taskinstance.py:1308} INFO - Starting attempt 1 of 1
[2023-08-18T02:10:44.971+0000] {taskinstance.py:1327} INFO - Executing <Task(BashSensor): sensor_task_by_reschedule> on 2023-08-16 21:00:00+00:00
[2023-08-18T02:10:44.980+0000] {standard_task_runner.py:57} INFO - Started process 155 to run task
[2023-08-18T02:10:44.994+0000] {standard_task_runner.py:84} INFO - Running: ['***', 'tasks', 'run', 'dags_bash_sensor', 'sensor_task_by_reschedule', 'scheduled__2023-08-16T21:00:00+00:00', '--job-id', '8', '--raw', '--subdir', 'DAGS_FOLDER/dags_bash_sensor.py', '--cfg-path', '/tmp/tmpnmvuw6u6']
[2023-08-18T02:10:44.997+0000] {standard_task_runner.py:85} INFO - Job 8: Subtask sensor_task_by_reschedule
[2023-08-18T02:10:45.155+0000] {task_command.py:410} INFO - Running <TaskInstance: dags_bash_sensor.sensor_task_by_reschedule scheduled__2023-08-16T21:00:00+00:00 [running]> on host 05c492c53b17
[2023-08-18T02:10:45.343+0000] {taskinstance.py:1547} INFO - Exporting env vars: AIRFLOW_CTX_DAG_OWNER='***' AIRFLOW_CTX_DAG_ID='dags_bash_sensor' AIRFLOW_CTX_TASK_ID='sensor_task_by_reschedule' AIRFLOW_CTX_EXECUTION_DATE='2023-08-16T21:00:00+00:00' AIRFLOW_CTX_TRY_NUMBER='1' AIRFLOW_CTX_DAG_RUN_ID='scheduled__2023-08-16T21:00:00+00:00'
[2023-08-18T02:10:45.361+0000] {bash.py:70} INFO - Tmp dir root location: /tmp
[2023-08-18T02:10:45.364+0000] {bash.py:77} INFO - Temporary script location: /tmp/***tmpm1tjndcl//tmp/***tmpm1tjndcl/sensor_task_by_reschedulekxmkifhx
[2023-08-18T02:10:45.365+0000] {bash.py:78} INFO - Running command: 
            echo $FILE && 
            if [ -f $FILE ]; then 
                exit 0 
            else 
                exit 1 
            fi
[2023-08-18T02:10:45.391+0000] {bash.py:90} INFO - Output:
[2023-08-18T02:10:45.392+0000] {bash.py:92} INFO - /opt/***/files/tvCorona19VaccinestatNew/20230818/tvCorona19Vaccinestatnew.csv
[2023-08-18T02:10:45.392+0000] {bash.py:94} INFO - Command exited with return code 1
[2023-08-18T02:10:45.393+0000] {bash.py:110} INFO - Non-zero return code and no retry code set, will retry later
[2023-08-18T02:10:45.428+0000] {taskinstance.py:1784} INFO - Rescheduling task, marking task as UP_FOR_RESCHEDULE
[2023-08-18T02:10:45.445+0000] {local_task_job_runner.py:225} INFO - Task exited with return code 0
[2023-08-18T02:10:45.490+0000] {taskinstance.py:2653} INFO - 0 downstream tasks scheduled from follow-on schedule check
[2023-08-18T02:13:47.592+0000] {taskinstance.py:1103} INFO - Dependencies all met for dep_context=non-requeueable deps ti=<TaskInstance: dags_bash_sensor.sensor_task_by_reschedule scheduled__2023-08-16T21:00:00+00:00 [queued]>
[2023-08-18T02:13:47.607+0000] {taskinstance.py:1103} INFO - Dependencies all met for dep_context=requeueable deps ti=<TaskInstance: dags_bash_sensor.sensor_task_by_reschedule scheduled__2023-08-16T21:00:00+00:00 [queued]>
[2023-08-18T02:13:47.607+0000] {taskinstance.py:1308} INFO - Starting attempt 1 of 1
[2023-08-18T02:13:47.627+0000] {taskinstance.py:1327} INFO - Executing <Task(BashSensor): sensor_task_by_reschedule> on 2023-08-16 21:00:00+00:00
[2023-08-18T02:13:47.635+0000] {standard_task_runner.py:57} INFO - Started process 218 to run task
[2023-08-18T02:13:47.637+0000] {standard_task_runner.py:84} INFO - Running: ['***', 'tasks', 'run', 'dags_bash_sensor', 'sensor_task_by_reschedule', 'scheduled__2023-08-16T21:00:00+00:00', '--job-id', '9', '--raw', '--subdir', 'DAGS_FOLDER/dags_bash_sensor.py', '--cfg-path', '/tmp/tmpvu9lgl04']
[2023-08-18T02:13:47.638+0000] {standard_task_runner.py:85} INFO - Job 9: Subtask sensor_task_by_reschedule
[2023-08-18T02:13:47.711+0000] {task_command.py:410} INFO - Running <TaskInstance: dags_bash_sensor.sensor_task_by_reschedule scheduled__2023-08-16T21:00:00+00:00 [running]> on host 05c492c53b17
[2023-08-18T02:13:47.822+0000] {taskinstance.py:1547} INFO - Exporting env vars: AIRFLOW_CTX_DAG_OWNER='***' AIRFLOW_CTX_DAG_ID='dags_bash_sensor' AIRFLOW_CTX_TASK_ID='sensor_task_by_reschedule' AIRFLOW_CTX_EXECUTION_DATE='2023-08-16T21:00:00+00:00' AIRFLOW_CTX_TRY_NUMBER='1' AIRFLOW_CTX_DAG_RUN_ID='scheduled__2023-08-16T21:00:00+00:00'
[2023-08-18T02:13:47.837+0000] {bash.py:70} INFO - Tmp dir root location: /tmp
[2023-08-18T02:13:47.839+0000] {bash.py:77} INFO - Temporary script location: /tmp/***tmp5pxkxpij//tmp/***tmp5pxkxpij/sensor_task_by_rescheduleaqtcd2vl
[2023-08-18T02:13:47.839+0000] {bash.py:78} INFO - Running command: 
            echo $FILE && 
            if [ -f $FILE ]; then 
                exit 0 
            else 
                exit 1 
            fi
[2023-08-18T02:13:47.856+0000] {bash.py:90} INFO - Output:
[2023-08-18T02:13:47.857+0000] {bash.py:92} INFO - /opt/***/files/tvCorona19VaccinestatNew/20230818/tvCorona19Vaccinestatnew.csv
[2023-08-18T02:13:47.858+0000] {bash.py:94} INFO - Command exited with return code 1
[2023-08-18T02:13:47.858+0000] {bash.py:110} INFO - Non-zero return code and no retry code set, will retry later
[2023-08-18T02:13:47.888+0000] {taskinstance.py:1784} INFO - Rescheduling task, marking task as UP_FOR_RESCHEDULE
[2023-08-18T02:13:47.931+0000] {local_task_job_runner.py:225} INFO - Task exited with return code 0
[2023-08-18T02:13:47.975+0000] {taskinstance.py:2653} INFO - 0 downstream tasks scheduled from follow-on schedule check
[2023-08-18T02:16:50.045+0000] {taskinstance.py:1103} INFO - Dependencies all met for dep_context=non-requeueable deps ti=<TaskInstance: dags_bash_sensor.sensor_task_by_reschedule scheduled__2023-08-16T21:00:00+00:00 [queued]>
[2023-08-18T02:16:50.062+0000] {taskinstance.py:1103} INFO - Dependencies all met for dep_context=requeueable deps ti=<TaskInstance: dags_bash_sensor.sensor_task_by_reschedule scheduled__2023-08-16T21:00:00+00:00 [queued]>
[2023-08-18T02:16:50.062+0000] {taskinstance.py:1308} INFO - Starting attempt 1 of 1
[2023-08-18T02:16:50.083+0000] {taskinstance.py:1327} INFO - Executing <Task(BashSensor): sensor_task_by_reschedule> on 2023-08-16 21:00:00+00:00
[2023-08-18T02:16:50.091+0000] {standard_task_runner.py:57} INFO - Started process 278 to run task
[2023-08-18T02:16:50.095+0000] {standard_task_runner.py:84} INFO - Running: ['***', 'tasks', 'run', 'dags_bash_sensor', 'sensor_task_by_reschedule', 'scheduled__2023-08-16T21:00:00+00:00', '--job-id', '10', '--raw', '--subdir', 'DAGS_FOLDER/dags_bash_sensor.py', '--cfg-path', '/tmp/tmpeo73xv72']
[2023-08-18T02:16:50.096+0000] {standard_task_runner.py:85} INFO - Job 10: Subtask sensor_task_by_reschedule
[2023-08-18T02:16:50.161+0000] {task_command.py:410} INFO - Running <TaskInstance: dags_bash_sensor.sensor_task_by_reschedule scheduled__2023-08-16T21:00:00+00:00 [running]> on host 05c492c53b17
[2023-08-18T02:16:50.281+0000] {taskinstance.py:1547} INFO - Exporting env vars: AIRFLOW_CTX_DAG_OWNER='***' AIRFLOW_CTX_DAG_ID='dags_bash_sensor' AIRFLOW_CTX_TASK_ID='sensor_task_by_reschedule' AIRFLOW_CTX_EXECUTION_DATE='2023-08-16T21:00:00+00:00' AIRFLOW_CTX_TRY_NUMBER='1' AIRFLOW_CTX_DAG_RUN_ID='scheduled__2023-08-16T21:00:00+00:00'
[2023-08-18T02:16:50.294+0000] {bash.py:70} INFO - Tmp dir root location: /tmp
[2023-08-18T02:16:50.295+0000] {bash.py:77} INFO - Temporary script location: /tmp/***tmpkwuy5o6v//tmp/***tmpkwuy5o6v/sensor_task_by_reschedule_qzw3nlu
[2023-08-18T02:16:50.296+0000] {bash.py:78} INFO - Running command: 
            echo $FILE && 
            if [ -f $FILE ]; then 
                exit 0 
            else 
                exit 1 
            fi
[2023-08-18T02:16:50.310+0000] {bash.py:90} INFO - Output:
[2023-08-18T02:16:50.311+0000] {bash.py:92} INFO - /opt/***/files/tvCorona19VaccinestatNew/20230818/tvCorona19Vaccinestatnew.csv
[2023-08-18T02:16:50.312+0000] {bash.py:94} INFO - Command exited with return code 1
[2023-08-18T02:16:50.312+0000] {bash.py:110} INFO - Non-zero return code and no retry code set, will retry later
[2023-08-18T02:16:50.341+0000] {taskinstance.py:1784} INFO - Rescheduling task, marking task as UP_FOR_RESCHEDULE
[2023-08-18T02:16:50.387+0000] {local_task_job_runner.py:225} INFO - Task exited with return code 0
[2023-08-18T02:16:50.427+0000] {taskinstance.py:2653} INFO - 0 downstream tasks scheduled from follow-on schedule check
[2023-08-18T02:19:52.135+0000] {taskinstance.py:1103} INFO - Dependencies all met for dep_context=non-requeueable deps ti=<TaskInstance: dags_bash_sensor.sensor_task_by_reschedule scheduled__2023-08-16T21:00:00+00:00 [queued]>
[2023-08-18T02:19:52.153+0000] {taskinstance.py:1103} INFO - Dependencies all met for dep_context=requeueable deps ti=<TaskInstance: dags_bash_sensor.sensor_task_by_reschedule scheduled__2023-08-16T21:00:00+00:00 [queued]>
[2023-08-18T02:19:52.153+0000] {taskinstance.py:1308} INFO - Starting attempt 1 of 1
[2023-08-18T02:19:52.179+0000] {taskinstance.py:1327} INFO - Executing <Task(BashSensor): sensor_task_by_reschedule> on 2023-08-16 21:00:00+00:00
[2023-08-18T02:19:52.189+0000] {standard_task_runner.py:57} INFO - Started process 327 to run task
[2023-08-18T02:19:52.192+0000] {standard_task_runner.py:84} INFO - Running: ['***', 'tasks', 'run', 'dags_bash_sensor', 'sensor_task_by_reschedule', 'scheduled__2023-08-16T21:00:00+00:00', '--job-id', '11', '--raw', '--subdir', 'DAGS_FOLDER/dags_bash_sensor.py', '--cfg-path', '/tmp/tmp8jsg1se4']
[2023-08-18T02:19:52.194+0000] {standard_task_runner.py:85} INFO - Job 11: Subtask sensor_task_by_reschedule
[2023-08-18T02:19:52.280+0000] {task_command.py:410} INFO - Running <TaskInstance: dags_bash_sensor.sensor_task_by_reschedule scheduled__2023-08-16T21:00:00+00:00 [running]> on host 05c492c53b17
[2023-08-18T02:19:52.410+0000] {taskinstance.py:1547} INFO - Exporting env vars: AIRFLOW_CTX_DAG_OWNER='***' AIRFLOW_CTX_DAG_ID='dags_bash_sensor' AIRFLOW_CTX_TASK_ID='sensor_task_by_reschedule' AIRFLOW_CTX_EXECUTION_DATE='2023-08-16T21:00:00+00:00' AIRFLOW_CTX_TRY_NUMBER='1' AIRFLOW_CTX_DAG_RUN_ID='scheduled__2023-08-16T21:00:00+00:00'
[2023-08-18T02:19:52.423+0000] {bash.py:70} INFO - Tmp dir root location: /tmp
[2023-08-18T02:19:52.424+0000] {bash.py:77} INFO - Temporary script location: /tmp/***tmpzk8tv3xi//tmp/***tmpzk8tv3xi/sensor_task_by_reschedulem92hvd9m
[2023-08-18T02:19:52.424+0000] {bash.py:78} INFO - Running command: 
            echo $FILE && 
            if [ -f $FILE ]; then 
                exit 0 
            else 
                exit 1 
            fi
[2023-08-18T02:19:52.438+0000] {bash.py:90} INFO - Output:
[2023-08-18T02:19:52.439+0000] {bash.py:92} INFO - /opt/***/files/tvCorona19VaccinestatNew/20230818/tvCorona19Vaccinestatnew.csv
[2023-08-18T02:19:52.440+0000] {bash.py:94} INFO - Command exited with return code 1
[2023-08-18T02:19:52.440+0000] {bash.py:110} INFO - Non-zero return code and no retry code set, will retry later
[2023-08-18T02:19:52.440+0000] {taskinstance.py:1431} INFO - Sensor has timed out; run duration of 547.205142 seconds exceeds the specified timeout of 540.
[2023-08-18T02:19:52.453+0000] {taskinstance.py:1350} INFO - Marking task as SKIPPED. dag_id=dags_bash_sensor, task_id=sensor_task_by_reschedule, execution_date=20230816T210000, start_date=20230818T021952, end_date=20230818T021952
[2023-08-18T02:19:52.484+0000] {local_task_job_runner.py:225} INFO - Task exited with return code 0
[2023-08-18T02:19:52.510+0000] {taskinstance.py:2653} INFO - 0 downstream tasks scheduled from follow-on schedule check
