[2023-08-23T23:18:55.808+0000] {processor.py:157} INFO - Started process (PID=5420) to work on /opt/airflow/dags/10_branch_operator.py
[2023-08-23T23:18:55.808+0000] {processor.py:826} INFO - Processing file /opt/airflow/dags/10_branch_operator.py for tasks to queue
[2023-08-23T23:18:55.809+0000] {logging_mixin.py:150} INFO - [2023-08-23T23:18:55.809+0000] {dagbag.py:541} INFO - Filling up the DagBag from /opt/airflow/dags/10_branch_operator.py
[2023-08-23T23:18:55.815+0000] {processor.py:836} INFO - DAG(s) dict_keys(['10_branch_operator']) retrieved from /opt/airflow/dags/10_branch_operator.py
[2023-08-23T23:18:55.960+0000] {logging_mixin.py:150} INFO - [2023-08-23T23:18:55.960+0000] {manager.py:504} INFO - Created Permission View: can read on DAG:10_branch_operator
[2023-08-23T23:18:55.980+0000] {logging_mixin.py:150} INFO - [2023-08-23T23:18:55.980+0000] {manager.py:504} INFO - Created Permission View: can delete on DAG:10_branch_operator
[2023-08-23T23:18:55.993+0000] {logging_mixin.py:150} INFO - [2023-08-23T23:18:55.992+0000] {manager.py:504} INFO - Created Permission View: can edit on DAG:10_branch_operator
[2023-08-23T23:18:56.021+0000] {logging_mixin.py:150} INFO - [2023-08-23T23:18:56.021+0000] {dag.py:2742} INFO - Sync 1 DAGs
[2023-08-23T23:18:56.037+0000] {logging_mixin.py:150} INFO - [2023-08-23T23:18:56.037+0000] {dag.py:2763} INFO - Creating ORM DAG for 10_branch_operator
[2023-08-23T23:18:56.056+0000] {logging_mixin.py:150} INFO - [2023-08-23T23:18:56.055+0000] {dag.py:3508} INFO - Setting next_dagrun for 10_branch_operator to None, run_after=None
[2023-08-23T23:18:56.098+0000] {processor.py:179} INFO - Processing /opt/airflow/dags/10_branch_operator.py took 0.292 seconds
[2023-08-23T23:19:26.590+0000] {processor.py:157} INFO - Started process (PID=5483) to work on /opt/airflow/dags/10_branch_operator.py
[2023-08-23T23:19:26.591+0000] {processor.py:826} INFO - Processing file /opt/airflow/dags/10_branch_operator.py for tasks to queue
[2023-08-23T23:19:26.593+0000] {logging_mixin.py:150} INFO - [2023-08-23T23:19:26.592+0000] {dagbag.py:541} INFO - Filling up the DagBag from /opt/airflow/dags/10_branch_operator.py
[2023-08-23T23:19:26.600+0000] {processor.py:836} INFO - DAG(s) dict_keys(['10_branch_operator']) retrieved from /opt/airflow/dags/10_branch_operator.py
[2023-08-23T23:19:26.629+0000] {logging_mixin.py:150} INFO - [2023-08-23T23:19:26.629+0000] {dag.py:2742} INFO - Sync 1 DAGs
[2023-08-23T23:19:26.665+0000] {logging_mixin.py:150} INFO - [2023-08-23T23:19:26.665+0000] {dag.py:3508} INFO - Setting next_dagrun for 10_branch_operator to None, run_after=None
[2023-08-23T23:19:26.697+0000] {processor.py:179} INFO - Processing /opt/airflow/dags/10_branch_operator.py took 0.111 seconds
[2023-08-23T23:19:57.209+0000] {processor.py:157} INFO - Started process (PID=5547) to work on /opt/airflow/dags/10_branch_operator.py
[2023-08-23T23:19:57.210+0000] {processor.py:826} INFO - Processing file /opt/airflow/dags/10_branch_operator.py for tasks to queue
[2023-08-23T23:19:57.211+0000] {logging_mixin.py:150} INFO - [2023-08-23T23:19:57.211+0000] {dagbag.py:541} INFO - Filling up the DagBag from /opt/airflow/dags/10_branch_operator.py
[2023-08-23T23:19:57.217+0000] {processor.py:836} INFO - DAG(s) dict_keys(['10_branch_operator']) retrieved from /opt/airflow/dags/10_branch_operator.py
[2023-08-23T23:19:57.246+0000] {logging_mixin.py:150} INFO - [2023-08-23T23:19:57.246+0000] {dag.py:2742} INFO - Sync 1 DAGs
[2023-08-23T23:19:57.280+0000] {logging_mixin.py:150} INFO - [2023-08-23T23:19:57.279+0000] {dag.py:3508} INFO - Setting next_dagrun for 10_branch_operator to None, run_after=None
[2023-08-23T23:19:57.319+0000] {processor.py:179} INFO - Processing /opt/airflow/dags/10_branch_operator.py took 0.115 seconds
[2023-08-23T23:20:27.418+0000] {processor.py:157} INFO - Started process (PID=5610) to work on /opt/airflow/dags/10_branch_operator.py
[2023-08-23T23:20:27.419+0000] {processor.py:826} INFO - Processing file /opt/airflow/dags/10_branch_operator.py for tasks to queue
[2023-08-23T23:20:27.419+0000] {logging_mixin.py:150} INFO - [2023-08-23T23:20:27.419+0000] {dagbag.py:541} INFO - Filling up the DagBag from /opt/airflow/dags/10_branch_operator.py
[2023-08-23T23:20:27.426+0000] {processor.py:836} INFO - DAG(s) dict_keys(['10_branch_operator']) retrieved from /opt/airflow/dags/10_branch_operator.py
[2023-08-23T23:20:27.455+0000] {logging_mixin.py:150} INFO - [2023-08-23T23:20:27.455+0000] {dag.py:2742} INFO - Sync 1 DAGs
[2023-08-23T23:20:27.490+0000] {logging_mixin.py:150} INFO - [2023-08-23T23:20:27.490+0000] {dag.py:3508} INFO - Setting next_dagrun for 10_branch_operator to None, run_after=None
[2023-08-23T23:20:27.517+0000] {processor.py:179} INFO - Processing /opt/airflow/dags/10_branch_operator.py took 0.102 seconds
[2023-08-23T23:20:57.804+0000] {processor.py:157} INFO - Started process (PID=5674) to work on /opt/airflow/dags/10_branch_operator.py
[2023-08-23T23:20:57.806+0000] {processor.py:826} INFO - Processing file /opt/airflow/dags/10_branch_operator.py for tasks to queue
[2023-08-23T23:20:57.807+0000] {logging_mixin.py:150} INFO - [2023-08-23T23:20:57.806+0000] {dagbag.py:541} INFO - Filling up the DagBag from /opt/airflow/dags/10_branch_operator.py
[2023-08-23T23:20:57.813+0000] {processor.py:836} INFO - DAG(s) dict_keys(['10_branch_operator']) retrieved from /opt/airflow/dags/10_branch_operator.py
[2023-08-23T23:20:57.842+0000] {logging_mixin.py:150} INFO - [2023-08-23T23:20:57.842+0000] {dag.py:2742} INFO - Sync 1 DAGs
[2023-08-23T23:20:57.878+0000] {logging_mixin.py:150} INFO - [2023-08-23T23:20:57.878+0000] {dag.py:3508} INFO - Setting next_dagrun for 10_branch_operator to None, run_after=None
[2023-08-23T23:20:57.903+0000] {processor.py:179} INFO - Processing /opt/airflow/dags/10_branch_operator.py took 0.102 seconds
[2023-08-23T23:21:28.670+0000] {processor.py:157} INFO - Started process (PID=5737) to work on /opt/airflow/dags/10_branch_operator.py
[2023-08-23T23:21:28.671+0000] {processor.py:826} INFO - Processing file /opt/airflow/dags/10_branch_operator.py for tasks to queue
[2023-08-23T23:21:28.672+0000] {logging_mixin.py:150} INFO - [2023-08-23T23:21:28.672+0000] {dagbag.py:541} INFO - Filling up the DagBag from /opt/airflow/dags/10_branch_operator.py
[2023-08-23T23:21:28.683+0000] {processor.py:836} INFO - DAG(s) dict_keys(['10_branch_operator']) retrieved from /opt/airflow/dags/10_branch_operator.py
[2023-08-23T23:21:28.719+0000] {logging_mixin.py:150} INFO - [2023-08-23T23:21:28.718+0000] {dag.py:2742} INFO - Sync 1 DAGs
[2023-08-23T23:21:28.757+0000] {logging_mixin.py:150} INFO - [2023-08-23T23:21:28.756+0000] {dag.py:3508} INFO - Setting next_dagrun for 10_branch_operator to None, run_after=None
[2023-08-23T23:21:28.789+0000] {processor.py:179} INFO - Processing /opt/airflow/dags/10_branch_operator.py took 0.122 seconds
[2023-08-23T23:21:52.920+0000] {processor.py:157} INFO - Started process (PID=5782) to work on /opt/airflow/dags/10_branch_operator.py
[2023-08-23T23:21:52.921+0000] {processor.py:826} INFO - Processing file /opt/airflow/dags/10_branch_operator.py for tasks to queue
[2023-08-23T23:21:52.922+0000] {logging_mixin.py:150} INFO - [2023-08-23T23:21:52.921+0000] {dagbag.py:541} INFO - Filling up the DagBag from /opt/airflow/dags/10_branch_operator.py
[2023-08-23T23:21:52.931+0000] {processor.py:836} INFO - DAG(s) dict_keys(['10_branch_operator']) retrieved from /opt/airflow/dags/10_branch_operator.py
[2023-08-23T23:21:53.106+0000] {logging_mixin.py:150} INFO - [2023-08-23T23:21:53.106+0000] {dag.py:2742} INFO - Sync 1 DAGs
[2023-08-23T23:21:53.137+0000] {logging_mixin.py:150} INFO - [2023-08-23T23:21:53.137+0000] {dag.py:3508} INFO - Setting next_dagrun for 10_branch_operator to None, run_after=None
[2023-08-23T23:21:53.169+0000] {processor.py:179} INFO - Processing /opt/airflow/dags/10_branch_operator.py took 0.251 seconds
[2023-08-23T23:22:23.733+0000] {processor.py:157} INFO - Started process (PID=5844) to work on /opt/airflow/dags/10_branch_operator.py
[2023-08-23T23:22:23.734+0000] {processor.py:826} INFO - Processing file /opt/airflow/dags/10_branch_operator.py for tasks to queue
[2023-08-23T23:22:23.735+0000] {logging_mixin.py:150} INFO - [2023-08-23T23:22:23.735+0000] {dagbag.py:541} INFO - Filling up the DagBag from /opt/airflow/dags/10_branch_operator.py
[2023-08-23T23:22:23.741+0000] {processor.py:836} INFO - DAG(s) dict_keys(['10_branch_operator']) retrieved from /opt/airflow/dags/10_branch_operator.py
[2023-08-23T23:22:23.770+0000] {logging_mixin.py:150} INFO - [2023-08-23T23:22:23.770+0000] {dag.py:2742} INFO - Sync 1 DAGs
[2023-08-23T23:22:23.801+0000] {logging_mixin.py:150} INFO - [2023-08-23T23:22:23.801+0000] {dag.py:3508} INFO - Setting next_dagrun for 10_branch_operator to None, run_after=None
[2023-08-23T23:22:23.831+0000] {processor.py:179} INFO - Processing /opt/airflow/dags/10_branch_operator.py took 0.102 seconds
[2023-08-23T23:22:53.979+0000] {processor.py:157} INFO - Started process (PID=5907) to work on /opt/airflow/dags/10_branch_operator.py
[2023-08-23T23:22:53.979+0000] {processor.py:826} INFO - Processing file /opt/airflow/dags/10_branch_operator.py for tasks to queue
[2023-08-23T23:22:53.980+0000] {logging_mixin.py:150} INFO - [2023-08-23T23:22:53.980+0000] {dagbag.py:541} INFO - Filling up the DagBag from /opt/airflow/dags/10_branch_operator.py
[2023-08-23T23:22:53.986+0000] {processor.py:836} INFO - DAG(s) dict_keys(['10_branch_operator']) retrieved from /opt/airflow/dags/10_branch_operator.py
[2023-08-23T23:22:54.017+0000] {logging_mixin.py:150} INFO - [2023-08-23T23:22:54.017+0000] {dag.py:2742} INFO - Sync 1 DAGs
[2023-08-23T23:22:54.048+0000] {logging_mixin.py:150} INFO - [2023-08-23T23:22:54.048+0000] {dag.py:3508} INFO - Setting next_dagrun for 10_branch_operator to None, run_after=None
[2023-08-23T23:22:54.077+0000] {processor.py:179} INFO - Processing /opt/airflow/dags/10_branch_operator.py took 0.101 seconds
[2023-08-23T23:23:24.222+0000] {processor.py:157} INFO - Started process (PID=5969) to work on /opt/airflow/dags/10_branch_operator.py
[2023-08-23T23:23:24.223+0000] {processor.py:826} INFO - Processing file /opt/airflow/dags/10_branch_operator.py for tasks to queue
[2023-08-23T23:23:24.224+0000] {logging_mixin.py:150} INFO - [2023-08-23T23:23:24.224+0000] {dagbag.py:541} INFO - Filling up the DagBag from /opt/airflow/dags/10_branch_operator.py
[2023-08-23T23:23:24.230+0000] {processor.py:836} INFO - DAG(s) dict_keys(['10_branch_operator']) retrieved from /opt/airflow/dags/10_branch_operator.py
[2023-08-23T23:23:24.260+0000] {logging_mixin.py:150} INFO - [2023-08-23T23:23:24.259+0000] {dag.py:2742} INFO - Sync 1 DAGs
[2023-08-23T23:23:24.292+0000] {logging_mixin.py:150} INFO - [2023-08-23T23:23:24.291+0000] {dag.py:3508} INFO - Setting next_dagrun for 10_branch_operator to None, run_after=None
[2023-08-23T23:23:24.320+0000] {processor.py:179} INFO - Processing /opt/airflow/dags/10_branch_operator.py took 0.101 seconds
[2023-08-23T23:23:54.813+0000] {processor.py:157} INFO - Started process (PID=6032) to work on /opt/airflow/dags/10_branch_operator.py
[2023-08-23T23:23:54.814+0000] {processor.py:826} INFO - Processing file /opt/airflow/dags/10_branch_operator.py for tasks to queue
[2023-08-23T23:23:54.815+0000] {logging_mixin.py:150} INFO - [2023-08-23T23:23:54.815+0000] {dagbag.py:541} INFO - Filling up the DagBag from /opt/airflow/dags/10_branch_operator.py
[2023-08-23T23:23:54.824+0000] {processor.py:836} INFO - DAG(s) dict_keys(['10_branch_operator']) retrieved from /opt/airflow/dags/10_branch_operator.py
[2023-08-23T23:23:54.854+0000] {logging_mixin.py:150} INFO - [2023-08-23T23:23:54.854+0000] {dag.py:2742} INFO - Sync 1 DAGs
[2023-08-23T23:23:54.892+0000] {logging_mixin.py:150} INFO - [2023-08-23T23:23:54.892+0000] {dag.py:3508} INFO - Setting next_dagrun for 10_branch_operator to None, run_after=None
[2023-08-23T23:23:54.933+0000] {processor.py:179} INFO - Processing /opt/airflow/dags/10_branch_operator.py took 0.124 seconds
[2023-08-23T23:24:25.008+0000] {processor.py:157} INFO - Started process (PID=6087) to work on /opt/airflow/dags/10_branch_operator.py
[2023-08-23T23:24:25.010+0000] {processor.py:826} INFO - Processing file /opt/airflow/dags/10_branch_operator.py for tasks to queue
[2023-08-23T23:24:25.011+0000] {logging_mixin.py:150} INFO - [2023-08-23T23:24:25.010+0000] {dagbag.py:541} INFO - Filling up the DagBag from /opt/airflow/dags/10_branch_operator.py
[2023-08-23T23:24:25.018+0000] {processor.py:836} INFO - DAG(s) dict_keys(['10_branch_operator']) retrieved from /opt/airflow/dags/10_branch_operator.py
[2023-08-23T23:24:25.064+0000] {logging_mixin.py:150} INFO - [2023-08-23T23:24:25.064+0000] {dag.py:2742} INFO - Sync 1 DAGs
[2023-08-23T23:24:25.099+0000] {logging_mixin.py:150} INFO - [2023-08-23T23:24:25.099+0000] {dag.py:3508} INFO - Setting next_dagrun for 10_branch_operator to None, run_after=None
[2023-08-23T23:24:25.127+0000] {processor.py:179} INFO - Processing /opt/airflow/dags/10_branch_operator.py took 0.123 seconds
[2023-08-23T23:24:55.198+0000] {processor.py:157} INFO - Started process (PID=6147) to work on /opt/airflow/dags/10_branch_operator.py
[2023-08-23T23:24:55.199+0000] {processor.py:826} INFO - Processing file /opt/airflow/dags/10_branch_operator.py for tasks to queue
[2023-08-23T23:24:55.201+0000] {logging_mixin.py:150} INFO - [2023-08-23T23:24:55.200+0000] {dagbag.py:541} INFO - Filling up the DagBag from /opt/airflow/dags/10_branch_operator.py
[2023-08-23T23:24:55.209+0000] {processor.py:836} INFO - DAG(s) dict_keys(['10_branch_operator']) retrieved from /opt/airflow/dags/10_branch_operator.py
[2023-08-23T23:24:55.241+0000] {logging_mixin.py:150} INFO - [2023-08-23T23:24:55.240+0000] {dag.py:2742} INFO - Sync 1 DAGs
[2023-08-23T23:24:55.271+0000] {logging_mixin.py:150} INFO - [2023-08-23T23:24:55.271+0000] {dag.py:3508} INFO - Setting next_dagrun for 10_branch_operator to None, run_after=None
[2023-08-23T23:24:55.298+0000] {processor.py:179} INFO - Processing /opt/airflow/dags/10_branch_operator.py took 0.104 seconds
[2023-08-23T23:25:25.990+0000] {processor.py:157} INFO - Started process (PID=6209) to work on /opt/airflow/dags/10_branch_operator.py
[2023-08-23T23:25:25.996+0000] {processor.py:826} INFO - Processing file /opt/airflow/dags/10_branch_operator.py for tasks to queue
[2023-08-23T23:25:25.997+0000] {logging_mixin.py:150} INFO - [2023-08-23T23:25:25.997+0000] {dagbag.py:541} INFO - Filling up the DagBag from /opt/airflow/dags/10_branch_operator.py
[2023-08-23T23:25:26.004+0000] {processor.py:836} INFO - DAG(s) dict_keys(['10_branch_operator']) retrieved from /opt/airflow/dags/10_branch_operator.py
[2023-08-23T23:25:26.041+0000] {logging_mixin.py:150} INFO - [2023-08-23T23:25:26.040+0000] {dag.py:2742} INFO - Sync 1 DAGs
[2023-08-23T23:25:26.074+0000] {logging_mixin.py:150} INFO - [2023-08-23T23:25:26.074+0000] {dag.py:3508} INFO - Setting next_dagrun for 10_branch_operator to None, run_after=None
[2023-08-23T23:25:26.109+0000] {processor.py:179} INFO - Processing /opt/airflow/dags/10_branch_operator.py took 0.124 seconds
[2023-08-23T23:25:56.145+0000] {processor.py:157} INFO - Started process (PID=6272) to work on /opt/airflow/dags/10_branch_operator.py
[2023-08-23T23:25:56.146+0000] {processor.py:826} INFO - Processing file /opt/airflow/dags/10_branch_operator.py for tasks to queue
[2023-08-23T23:25:56.147+0000] {logging_mixin.py:150} INFO - [2023-08-23T23:25:56.147+0000] {dagbag.py:541} INFO - Filling up the DagBag from /opt/airflow/dags/10_branch_operator.py
[2023-08-23T23:25:56.152+0000] {processor.py:836} INFO - DAG(s) dict_keys(['10_branch_operator']) retrieved from /opt/airflow/dags/10_branch_operator.py
[2023-08-23T23:25:56.181+0000] {logging_mixin.py:150} INFO - [2023-08-23T23:25:56.180+0000] {dag.py:2742} INFO - Sync 1 DAGs
[2023-08-23T23:25:56.212+0000] {logging_mixin.py:150} INFO - [2023-08-23T23:25:56.212+0000] {dag.py:3508} INFO - Setting next_dagrun for 10_branch_operator to None, run_after=None
[2023-08-23T23:25:56.239+0000] {processor.py:179} INFO - Processing /opt/airflow/dags/10_branch_operator.py took 0.097 seconds
[2023-08-23T23:26:26.623+0000] {processor.py:157} INFO - Started process (PID=6335) to work on /opt/airflow/dags/10_branch_operator.py
[2023-08-23T23:26:26.629+0000] {processor.py:826} INFO - Processing file /opt/airflow/dags/10_branch_operator.py for tasks to queue
[2023-08-23T23:26:26.630+0000] {logging_mixin.py:150} INFO - [2023-08-23T23:26:26.630+0000] {dagbag.py:541} INFO - Filling up the DagBag from /opt/airflow/dags/10_branch_operator.py
[2023-08-23T23:26:26.638+0000] {processor.py:836} INFO - DAG(s) dict_keys(['10_branch_operator']) retrieved from /opt/airflow/dags/10_branch_operator.py
[2023-08-23T23:26:26.672+0000] {logging_mixin.py:150} INFO - [2023-08-23T23:26:26.671+0000] {dag.py:2742} INFO - Sync 1 DAGs
[2023-08-23T23:26:26.705+0000] {logging_mixin.py:150} INFO - [2023-08-23T23:26:26.705+0000] {dag.py:3508} INFO - Setting next_dagrun for 10_branch_operator to None, run_after=None
[2023-08-23T23:26:26.736+0000] {processor.py:179} INFO - Processing /opt/airflow/dags/10_branch_operator.py took 0.116 seconds
[2023-08-23T23:26:57.263+0000] {processor.py:157} INFO - Started process (PID=6398) to work on /opt/airflow/dags/10_branch_operator.py
[2023-08-23T23:26:57.264+0000] {processor.py:826} INFO - Processing file /opt/airflow/dags/10_branch_operator.py for tasks to queue
[2023-08-23T23:26:57.265+0000] {logging_mixin.py:150} INFO - [2023-08-23T23:26:57.264+0000] {dagbag.py:541} INFO - Filling up the DagBag from /opt/airflow/dags/10_branch_operator.py
[2023-08-23T23:26:57.270+0000] {processor.py:836} INFO - DAG(s) dict_keys(['10_branch_operator']) retrieved from /opt/airflow/dags/10_branch_operator.py
[2023-08-23T23:26:57.299+0000] {logging_mixin.py:150} INFO - [2023-08-23T23:26:57.299+0000] {dag.py:2742} INFO - Sync 1 DAGs
[2023-08-23T23:26:57.332+0000] {logging_mixin.py:150} INFO - [2023-08-23T23:26:57.332+0000] {dag.py:3508} INFO - Setting next_dagrun for 10_branch_operator to None, run_after=None
[2023-08-23T23:26:57.360+0000] {processor.py:179} INFO - Processing /opt/airflow/dags/10_branch_operator.py took 0.100 seconds
[2023-08-23T23:27:27.658+0000] {processor.py:157} INFO - Started process (PID=6461) to work on /opt/airflow/dags/10_branch_operator.py
[2023-08-23T23:27:27.660+0000] {processor.py:826} INFO - Processing file /opt/airflow/dags/10_branch_operator.py for tasks to queue
[2023-08-23T23:27:27.662+0000] {logging_mixin.py:150} INFO - [2023-08-23T23:27:27.661+0000] {dagbag.py:541} INFO - Filling up the DagBag from /opt/airflow/dags/10_branch_operator.py
[2023-08-23T23:27:27.666+0000] {processor.py:836} INFO - DAG(s) dict_keys(['10_branch_operator']) retrieved from /opt/airflow/dags/10_branch_operator.py
[2023-08-23T23:27:27.695+0000] {logging_mixin.py:150} INFO - [2023-08-23T23:27:27.695+0000] {dag.py:2742} INFO - Sync 1 DAGs
[2023-08-23T23:27:27.725+0000] {logging_mixin.py:150} INFO - [2023-08-23T23:27:27.725+0000] {dag.py:3508} INFO - Setting next_dagrun for 10_branch_operator to None, run_after=None
[2023-08-23T23:27:27.750+0000] {processor.py:179} INFO - Processing /opt/airflow/dags/10_branch_operator.py took 0.095 seconds
[2023-08-23T23:27:57.973+0000] {processor.py:157} INFO - Started process (PID=6525) to work on /opt/airflow/dags/10_branch_operator.py
[2023-08-23T23:27:57.974+0000] {processor.py:826} INFO - Processing file /opt/airflow/dags/10_branch_operator.py for tasks to queue
[2023-08-23T23:27:57.975+0000] {logging_mixin.py:150} INFO - [2023-08-23T23:27:57.974+0000] {dagbag.py:541} INFO - Filling up the DagBag from /opt/airflow/dags/10_branch_operator.py
[2023-08-23T23:27:57.981+0000] {processor.py:836} INFO - DAG(s) dict_keys(['10_branch_operator']) retrieved from /opt/airflow/dags/10_branch_operator.py
[2023-08-23T23:27:58.014+0000] {logging_mixin.py:150} INFO - [2023-08-23T23:27:58.014+0000] {dag.py:2742} INFO - Sync 1 DAGs
[2023-08-23T23:27:58.047+0000] {logging_mixin.py:150} INFO - [2023-08-23T23:27:58.047+0000] {dag.py:3508} INFO - Setting next_dagrun for 10_branch_operator to None, run_after=None
[2023-08-23T23:27:58.076+0000] {processor.py:179} INFO - Processing /opt/airflow/dags/10_branch_operator.py took 0.106 seconds
[2023-08-23T23:28:28.192+0000] {processor.py:157} INFO - Started process (PID=6588) to work on /opt/airflow/dags/10_branch_operator.py
[2023-08-23T23:28:28.198+0000] {processor.py:826} INFO - Processing file /opt/airflow/dags/10_branch_operator.py for tasks to queue
[2023-08-23T23:28:28.199+0000] {logging_mixin.py:150} INFO - [2023-08-23T23:28:28.198+0000] {dagbag.py:541} INFO - Filling up the DagBag from /opt/airflow/dags/10_branch_operator.py
[2023-08-23T23:28:28.204+0000] {processor.py:836} INFO - DAG(s) dict_keys(['10_branch_operator']) retrieved from /opt/airflow/dags/10_branch_operator.py
[2023-08-23T23:28:28.239+0000] {logging_mixin.py:150} INFO - [2023-08-23T23:28:28.239+0000] {dag.py:2742} INFO - Sync 1 DAGs
[2023-08-23T23:28:28.276+0000] {logging_mixin.py:150} INFO - [2023-08-23T23:28:28.276+0000] {dag.py:3508} INFO - Setting next_dagrun for 10_branch_operator to None, run_after=None
[2023-08-23T23:28:28.306+0000] {processor.py:179} INFO - Processing /opt/airflow/dags/10_branch_operator.py took 0.117 seconds
[2023-08-23T23:28:58.924+0000] {processor.py:157} INFO - Started process (PID=6651) to work on /opt/airflow/dags/10_branch_operator.py
[2023-08-23T23:28:58.926+0000] {processor.py:826} INFO - Processing file /opt/airflow/dags/10_branch_operator.py for tasks to queue
[2023-08-23T23:28:58.926+0000] {logging_mixin.py:150} INFO - [2023-08-23T23:28:58.926+0000] {dagbag.py:541} INFO - Filling up the DagBag from /opt/airflow/dags/10_branch_operator.py
[2023-08-23T23:28:58.931+0000] {processor.py:836} INFO - DAG(s) dict_keys(['10_branch_operator']) retrieved from /opt/airflow/dags/10_branch_operator.py
[2023-08-23T23:28:58.963+0000] {logging_mixin.py:150} INFO - [2023-08-23T23:28:58.962+0000] {dag.py:2742} INFO - Sync 1 DAGs
[2023-08-23T23:28:58.998+0000] {logging_mixin.py:150} INFO - [2023-08-23T23:28:58.998+0000] {dag.py:3508} INFO - Setting next_dagrun for 10_branch_operator to None, run_after=None
[2023-08-23T23:28:59.027+0000] {processor.py:179} INFO - Processing /opt/airflow/dags/10_branch_operator.py took 0.105 seconds
[2023-08-23T23:29:29.271+0000] {processor.py:157} INFO - Started process (PID=6715) to work on /opt/airflow/dags/10_branch_operator.py
[2023-08-23T23:29:29.272+0000] {processor.py:826} INFO - Processing file /opt/airflow/dags/10_branch_operator.py for tasks to queue
[2023-08-23T23:29:29.272+0000] {logging_mixin.py:150} INFO - [2023-08-23T23:29:29.272+0000] {dagbag.py:541} INFO - Filling up the DagBag from /opt/airflow/dags/10_branch_operator.py
[2023-08-23T23:29:29.280+0000] {processor.py:836} INFO - DAG(s) dict_keys(['10_branch_operator']) retrieved from /opt/airflow/dags/10_branch_operator.py
[2023-08-23T23:29:29.308+0000] {logging_mixin.py:150} INFO - [2023-08-23T23:29:29.307+0000] {dag.py:2742} INFO - Sync 1 DAGs
[2023-08-23T23:29:29.339+0000] {logging_mixin.py:150} INFO - [2023-08-23T23:29:29.339+0000] {dag.py:3508} INFO - Setting next_dagrun for 10_branch_operator to None, run_after=None
[2023-08-23T23:29:29.368+0000] {processor.py:179} INFO - Processing /opt/airflow/dags/10_branch_operator.py took 0.101 seconds
[2023-08-23T23:30:00.134+0000] {processor.py:157} INFO - Started process (PID=6779) to work on /opt/airflow/dags/10_branch_operator.py
[2023-08-23T23:30:00.137+0000] {processor.py:826} INFO - Processing file /opt/airflow/dags/10_branch_operator.py for tasks to queue
[2023-08-23T23:30:00.138+0000] {logging_mixin.py:150} INFO - [2023-08-23T23:30:00.138+0000] {dagbag.py:541} INFO - Filling up the DagBag from /opt/airflow/dags/10_branch_operator.py
[2023-08-23T23:30:00.145+0000] {processor.py:836} INFO - DAG(s) dict_keys(['10_branch_operator']) retrieved from /opt/airflow/dags/10_branch_operator.py
[2023-08-23T23:30:00.176+0000] {logging_mixin.py:150} INFO - [2023-08-23T23:30:00.176+0000] {dag.py:2742} INFO - Sync 1 DAGs
[2023-08-23T23:30:00.210+0000] {logging_mixin.py:150} INFO - [2023-08-23T23:30:00.210+0000] {dag.py:3508} INFO - Setting next_dagrun for 10_branch_operator to None, run_after=None
[2023-08-23T23:30:00.241+0000] {processor.py:179} INFO - Processing /opt/airflow/dags/10_branch_operator.py took 0.111 seconds
[2023-08-23T23:30:30.441+0000] {processor.py:157} INFO - Started process (PID=6842) to work on /opt/airflow/dags/10_branch_operator.py
[2023-08-23T23:30:30.441+0000] {processor.py:826} INFO - Processing file /opt/airflow/dags/10_branch_operator.py for tasks to queue
[2023-08-23T23:30:30.442+0000] {logging_mixin.py:150} INFO - [2023-08-23T23:30:30.442+0000] {dagbag.py:541} INFO - Filling up the DagBag from /opt/airflow/dags/10_branch_operator.py
[2023-08-23T23:30:30.448+0000] {processor.py:836} INFO - DAG(s) dict_keys(['10_branch_operator']) retrieved from /opt/airflow/dags/10_branch_operator.py
[2023-08-23T23:30:30.478+0000] {logging_mixin.py:150} INFO - [2023-08-23T23:30:30.478+0000] {dag.py:2742} INFO - Sync 1 DAGs
[2023-08-23T23:30:30.511+0000] {logging_mixin.py:150} INFO - [2023-08-23T23:30:30.511+0000] {dag.py:3508} INFO - Setting next_dagrun for 10_branch_operator to None, run_after=None
[2023-08-23T23:30:30.540+0000] {processor.py:179} INFO - Processing /opt/airflow/dags/10_branch_operator.py took 0.102 seconds
[2023-08-23T23:31:00.748+0000] {processor.py:157} INFO - Started process (PID=6905) to work on /opt/airflow/dags/10_branch_operator.py
[2023-08-23T23:31:00.750+0000] {processor.py:826} INFO - Processing file /opt/airflow/dags/10_branch_operator.py for tasks to queue
[2023-08-23T23:31:00.751+0000] {logging_mixin.py:150} INFO - [2023-08-23T23:31:00.751+0000] {dagbag.py:541} INFO - Filling up the DagBag from /opt/airflow/dags/10_branch_operator.py
[2023-08-23T23:31:00.759+0000] {processor.py:836} INFO - DAG(s) dict_keys(['10_branch_operator']) retrieved from /opt/airflow/dags/10_branch_operator.py
[2023-08-23T23:31:00.798+0000] {logging_mixin.py:150} INFO - [2023-08-23T23:31:00.798+0000] {dag.py:2742} INFO - Sync 1 DAGs
[2023-08-23T23:31:00.829+0000] {logging_mixin.py:150} INFO - [2023-08-23T23:31:00.828+0000] {dag.py:3508} INFO - Setting next_dagrun for 10_branch_operator to None, run_after=None
[2023-08-23T23:31:00.859+0000] {processor.py:179} INFO - Processing /opt/airflow/dags/10_branch_operator.py took 0.115 seconds
[2023-08-23T23:31:31.133+0000] {processor.py:157} INFO - Started process (PID=6968) to work on /opt/airflow/dags/10_branch_operator.py
[2023-08-23T23:31:31.135+0000] {processor.py:826} INFO - Processing file /opt/airflow/dags/10_branch_operator.py for tasks to queue
[2023-08-23T23:31:31.136+0000] {logging_mixin.py:150} INFO - [2023-08-23T23:31:31.135+0000] {dagbag.py:541} INFO - Filling up the DagBag from /opt/airflow/dags/10_branch_operator.py
[2023-08-23T23:31:31.142+0000] {processor.py:836} INFO - DAG(s) dict_keys(['10_branch_operator']) retrieved from /opt/airflow/dags/10_branch_operator.py
[2023-08-23T23:31:31.173+0000] {logging_mixin.py:150} INFO - [2023-08-23T23:31:31.172+0000] {dag.py:2742} INFO - Sync 1 DAGs
[2023-08-23T23:31:31.214+0000] {logging_mixin.py:150} INFO - [2023-08-23T23:31:31.214+0000] {dag.py:3508} INFO - Setting next_dagrun for 10_branch_operator to None, run_after=None
[2023-08-23T23:31:31.241+0000] {processor.py:179} INFO - Processing /opt/airflow/dags/10_branch_operator.py took 0.114 seconds
[2023-08-23T23:32:01.821+0000] {processor.py:157} INFO - Started process (PID=7031) to work on /opt/airflow/dags/10_branch_operator.py
[2023-08-23T23:32:01.822+0000] {processor.py:826} INFO - Processing file /opt/airflow/dags/10_branch_operator.py for tasks to queue
[2023-08-23T23:32:01.823+0000] {logging_mixin.py:150} INFO - [2023-08-23T23:32:01.823+0000] {dagbag.py:541} INFO - Filling up the DagBag from /opt/airflow/dags/10_branch_operator.py
[2023-08-23T23:32:01.831+0000] {processor.py:836} INFO - DAG(s) dict_keys(['10_branch_operator']) retrieved from /opt/airflow/dags/10_branch_operator.py
[2023-08-23T23:32:01.869+0000] {logging_mixin.py:150} INFO - [2023-08-23T23:32:01.869+0000] {dag.py:2742} INFO - Sync 1 DAGs
[2023-08-23T23:32:01.900+0000] {logging_mixin.py:150} INFO - [2023-08-23T23:32:01.900+0000] {dag.py:3508} INFO - Setting next_dagrun for 10_branch_operator to None, run_after=None
[2023-08-23T23:32:01.932+0000] {processor.py:179} INFO - Processing /opt/airflow/dags/10_branch_operator.py took 0.115 seconds
[2023-08-23T23:32:32.296+0000] {processor.py:157} INFO - Started process (PID=7094) to work on /opt/airflow/dags/10_branch_operator.py
[2023-08-23T23:32:32.298+0000] {processor.py:826} INFO - Processing file /opt/airflow/dags/10_branch_operator.py for tasks to queue
[2023-08-23T23:32:32.300+0000] {logging_mixin.py:150} INFO - [2023-08-23T23:32:32.300+0000] {dagbag.py:541} INFO - Filling up the DagBag from /opt/airflow/dags/10_branch_operator.py
[2023-08-23T23:32:32.309+0000] {processor.py:836} INFO - DAG(s) dict_keys(['10_branch_operator']) retrieved from /opt/airflow/dags/10_branch_operator.py
[2023-08-23T23:32:32.349+0000] {logging_mixin.py:150} INFO - [2023-08-23T23:32:32.349+0000] {dag.py:2742} INFO - Sync 1 DAGs
[2023-08-23T23:32:32.384+0000] {logging_mixin.py:150} INFO - [2023-08-23T23:32:32.384+0000] {dag.py:3508} INFO - Setting next_dagrun for 10_branch_operator to None, run_after=None
[2023-08-23T23:32:32.413+0000] {processor.py:179} INFO - Processing /opt/airflow/dags/10_branch_operator.py took 0.122 seconds
[2023-08-23T23:33:02.760+0000] {processor.py:157} INFO - Started process (PID=7157) to work on /opt/airflow/dags/10_branch_operator.py
[2023-08-23T23:33:02.760+0000] {processor.py:826} INFO - Processing file /opt/airflow/dags/10_branch_operator.py for tasks to queue
[2023-08-23T23:33:02.761+0000] {logging_mixin.py:150} INFO - [2023-08-23T23:33:02.761+0000] {dagbag.py:541} INFO - Filling up the DagBag from /opt/airflow/dags/10_branch_operator.py
[2023-08-23T23:33:02.768+0000] {processor.py:836} INFO - DAG(s) dict_keys(['10_branch_operator']) retrieved from /opt/airflow/dags/10_branch_operator.py
[2023-08-23T23:33:02.794+0000] {logging_mixin.py:150} INFO - [2023-08-23T23:33:02.794+0000] {dag.py:2742} INFO - Sync 1 DAGs
[2023-08-23T23:33:02.824+0000] {logging_mixin.py:150} INFO - [2023-08-23T23:33:02.824+0000] {dag.py:3508} INFO - Setting next_dagrun for 10_branch_operator to None, run_after=None
[2023-08-23T23:33:02.853+0000] {processor.py:179} INFO - Processing /opt/airflow/dags/10_branch_operator.py took 0.096 seconds
[2023-08-23T23:33:33.407+0000] {processor.py:157} INFO - Started process (PID=7220) to work on /opt/airflow/dags/10_branch_operator.py
[2023-08-23T23:33:33.408+0000] {processor.py:826} INFO - Processing file /opt/airflow/dags/10_branch_operator.py for tasks to queue
[2023-08-23T23:33:33.410+0000] {logging_mixin.py:150} INFO - [2023-08-23T23:33:33.409+0000] {dagbag.py:541} INFO - Filling up the DagBag from /opt/airflow/dags/10_branch_operator.py
[2023-08-23T23:33:33.416+0000] {processor.py:836} INFO - DAG(s) dict_keys(['10_branch_operator']) retrieved from /opt/airflow/dags/10_branch_operator.py
[2023-08-23T23:33:33.442+0000] {logging_mixin.py:150} INFO - [2023-08-23T23:33:33.442+0000] {dag.py:2742} INFO - Sync 1 DAGs
[2023-08-23T23:33:33.472+0000] {logging_mixin.py:150} INFO - [2023-08-23T23:33:33.472+0000] {dag.py:3508} INFO - Setting next_dagrun for 10_branch_operator to None, run_after=None
[2023-08-23T23:33:33.501+0000] {processor.py:179} INFO - Processing /opt/airflow/dags/10_branch_operator.py took 0.096 seconds
[2023-08-23T23:34:03.875+0000] {processor.py:157} INFO - Started process (PID=7284) to work on /opt/airflow/dags/10_branch_operator.py
[2023-08-23T23:34:03.876+0000] {processor.py:826} INFO - Processing file /opt/airflow/dags/10_branch_operator.py for tasks to queue
[2023-08-23T23:34:03.877+0000] {logging_mixin.py:150} INFO - [2023-08-23T23:34:03.877+0000] {dagbag.py:541} INFO - Filling up the DagBag from /opt/airflow/dags/10_branch_operator.py
[2023-08-23T23:34:03.883+0000] {processor.py:836} INFO - DAG(s) dict_keys(['10_branch_operator']) retrieved from /opt/airflow/dags/10_branch_operator.py
[2023-08-23T23:34:03.916+0000] {logging_mixin.py:150} INFO - [2023-08-23T23:34:03.915+0000] {dag.py:2742} INFO - Sync 1 DAGs
[2023-08-23T23:34:03.946+0000] {logging_mixin.py:150} INFO - [2023-08-23T23:34:03.946+0000] {dag.py:3508} INFO - Setting next_dagrun for 10_branch_operator to None, run_after=None
[2023-08-23T23:34:03.984+0000] {processor.py:179} INFO - Processing /opt/airflow/dags/10_branch_operator.py took 0.112 seconds
[2023-08-23T23:34:34.552+0000] {processor.py:157} INFO - Started process (PID=7348) to work on /opt/airflow/dags/10_branch_operator.py
[2023-08-23T23:34:34.554+0000] {processor.py:826} INFO - Processing file /opt/airflow/dags/10_branch_operator.py for tasks to queue
[2023-08-23T23:34:34.556+0000] {logging_mixin.py:150} INFO - [2023-08-23T23:34:34.555+0000] {dagbag.py:541} INFO - Filling up the DagBag from /opt/airflow/dags/10_branch_operator.py
[2023-08-23T23:34:34.565+0000] {processor.py:836} INFO - DAG(s) dict_keys(['10_branch_operator']) retrieved from /opt/airflow/dags/10_branch_operator.py
[2023-08-23T23:34:34.608+0000] {logging_mixin.py:150} INFO - [2023-08-23T23:34:34.608+0000] {dag.py:2742} INFO - Sync 1 DAGs
[2023-08-23T23:34:34.645+0000] {logging_mixin.py:150} INFO - [2023-08-23T23:34:34.645+0000] {dag.py:3508} INFO - Setting next_dagrun for 10_branch_operator to None, run_after=None
[2023-08-23T23:34:34.671+0000] {processor.py:179} INFO - Processing /opt/airflow/dags/10_branch_operator.py took 0.124 seconds
[2023-08-23T23:35:05.396+0000] {processor.py:157} INFO - Started process (PID=7413) to work on /opt/airflow/dags/10_branch_operator.py
[2023-08-23T23:35:05.398+0000] {processor.py:826} INFO - Processing file /opt/airflow/dags/10_branch_operator.py for tasks to queue
[2023-08-23T23:35:05.399+0000] {logging_mixin.py:150} INFO - [2023-08-23T23:35:05.399+0000] {dagbag.py:541} INFO - Filling up the DagBag from /opt/airflow/dags/10_branch_operator.py
[2023-08-23T23:35:05.409+0000] {processor.py:836} INFO - DAG(s) dict_keys(['10_branch_operator']) retrieved from /opt/airflow/dags/10_branch_operator.py
[2023-08-23T23:35:05.451+0000] {logging_mixin.py:150} INFO - [2023-08-23T23:35:05.450+0000] {dag.py:2742} INFO - Sync 1 DAGs
[2023-08-23T23:35:05.494+0000] {logging_mixin.py:150} INFO - [2023-08-23T23:35:05.494+0000] {dag.py:3508} INFO - Setting next_dagrun for 10_branch_operator to None, run_after=None
[2023-08-23T23:35:05.535+0000] {processor.py:179} INFO - Processing /opt/airflow/dags/10_branch_operator.py took 0.143 seconds
[2023-08-23T23:35:35.885+0000] {processor.py:157} INFO - Started process (PID=7477) to work on /opt/airflow/dags/10_branch_operator.py
[2023-08-23T23:35:35.886+0000] {processor.py:826} INFO - Processing file /opt/airflow/dags/10_branch_operator.py for tasks to queue
[2023-08-23T23:35:35.887+0000] {logging_mixin.py:150} INFO - [2023-08-23T23:35:35.887+0000] {dagbag.py:541} INFO - Filling up the DagBag from /opt/airflow/dags/10_branch_operator.py
[2023-08-23T23:35:35.893+0000] {processor.py:836} INFO - DAG(s) dict_keys(['10_branch_operator']) retrieved from /opt/airflow/dags/10_branch_operator.py
[2023-08-23T23:35:35.921+0000] {logging_mixin.py:150} INFO - [2023-08-23T23:35:35.921+0000] {dag.py:2742} INFO - Sync 1 DAGs
[2023-08-23T23:35:35.954+0000] {logging_mixin.py:150} INFO - [2023-08-23T23:35:35.954+0000] {dag.py:3508} INFO - Setting next_dagrun for 10_branch_operator to None, run_after=None
[2023-08-23T23:35:35.985+0000] {processor.py:179} INFO - Processing /opt/airflow/dags/10_branch_operator.py took 0.103 seconds
[2023-08-23T23:36:06.597+0000] {processor.py:157} INFO - Started process (PID=7541) to work on /opt/airflow/dags/10_branch_operator.py
[2023-08-23T23:36:06.599+0000] {processor.py:826} INFO - Processing file /opt/airflow/dags/10_branch_operator.py for tasks to queue
[2023-08-23T23:36:06.600+0000] {logging_mixin.py:150} INFO - [2023-08-23T23:36:06.600+0000] {dagbag.py:541} INFO - Filling up the DagBag from /opt/airflow/dags/10_branch_operator.py
[2023-08-23T23:36:06.607+0000] {processor.py:836} INFO - DAG(s) dict_keys(['10_branch_operator']) retrieved from /opt/airflow/dags/10_branch_operator.py
[2023-08-23T23:36:06.645+0000] {logging_mixin.py:150} INFO - [2023-08-23T23:36:06.644+0000] {dag.py:2742} INFO - Sync 1 DAGs
[2023-08-23T23:36:06.693+0000] {logging_mixin.py:150} INFO - [2023-08-23T23:36:06.692+0000] {dag.py:3508} INFO - Setting next_dagrun for 10_branch_operator to None, run_after=None
[2023-08-23T23:36:06.745+0000] {processor.py:179} INFO - Processing /opt/airflow/dags/10_branch_operator.py took 0.152 seconds
[2023-08-23T23:36:37.160+0000] {processor.py:157} INFO - Started process (PID=7605) to work on /opt/airflow/dags/10_branch_operator.py
[2023-08-23T23:36:37.162+0000] {processor.py:826} INFO - Processing file /opt/airflow/dags/10_branch_operator.py for tasks to queue
[2023-08-23T23:36:37.162+0000] {logging_mixin.py:150} INFO - [2023-08-23T23:36:37.162+0000] {dagbag.py:541} INFO - Filling up the DagBag from /opt/airflow/dags/10_branch_operator.py
[2023-08-23T23:36:37.169+0000] {processor.py:836} INFO - DAG(s) dict_keys(['10_branch_operator']) retrieved from /opt/airflow/dags/10_branch_operator.py
[2023-08-23T23:36:37.200+0000] {logging_mixin.py:150} INFO - [2023-08-23T23:36:37.200+0000] {dag.py:2742} INFO - Sync 1 DAGs
[2023-08-23T23:36:37.237+0000] {logging_mixin.py:150} INFO - [2023-08-23T23:36:37.236+0000] {dag.py:3508} INFO - Setting next_dagrun for 10_branch_operator to None, run_after=None
[2023-08-23T23:36:37.271+0000] {processor.py:179} INFO - Processing /opt/airflow/dags/10_branch_operator.py took 0.115 seconds
[2023-08-23T23:37:07.430+0000] {processor.py:157} INFO - Started process (PID=7669) to work on /opt/airflow/dags/10_branch_operator.py
[2023-08-23T23:37:07.431+0000] {processor.py:826} INFO - Processing file /opt/airflow/dags/10_branch_operator.py for tasks to queue
[2023-08-23T23:37:07.433+0000] {logging_mixin.py:150} INFO - [2023-08-23T23:37:07.432+0000] {dagbag.py:541} INFO - Filling up the DagBag from /opt/airflow/dags/10_branch_operator.py
[2023-08-23T23:37:07.442+0000] {processor.py:836} INFO - DAG(s) dict_keys(['10_branch_operator']) retrieved from /opt/airflow/dags/10_branch_operator.py
[2023-08-23T23:37:07.480+0000] {logging_mixin.py:150} INFO - [2023-08-23T23:37:07.480+0000] {dag.py:2742} INFO - Sync 1 DAGs
[2023-08-23T23:37:07.512+0000] {logging_mixin.py:150} INFO - [2023-08-23T23:37:07.511+0000] {dag.py:3508} INFO - Setting next_dagrun for 10_branch_operator to None, run_after=None
[2023-08-23T23:37:07.542+0000] {processor.py:179} INFO - Processing /opt/airflow/dags/10_branch_operator.py took 0.118 seconds
[2023-08-23T23:37:38.077+0000] {processor.py:157} INFO - Started process (PID=7733) to work on /opt/airflow/dags/10_branch_operator.py
[2023-08-23T23:37:38.079+0000] {processor.py:826} INFO - Processing file /opt/airflow/dags/10_branch_operator.py for tasks to queue
[2023-08-23T23:37:38.080+0000] {logging_mixin.py:150} INFO - [2023-08-23T23:37:38.079+0000] {dagbag.py:541} INFO - Filling up the DagBag from /opt/airflow/dags/10_branch_operator.py
[2023-08-23T23:37:38.087+0000] {processor.py:836} INFO - DAG(s) dict_keys(['10_branch_operator']) retrieved from /opt/airflow/dags/10_branch_operator.py
[2023-08-23T23:37:38.120+0000] {logging_mixin.py:150} INFO - [2023-08-23T23:37:38.120+0000] {dag.py:2742} INFO - Sync 1 DAGs
[2023-08-23T23:37:38.152+0000] {logging_mixin.py:150} INFO - [2023-08-23T23:37:38.152+0000] {dag.py:3508} INFO - Setting next_dagrun for 10_branch_operator to None, run_after=None
[2023-08-23T23:37:38.184+0000] {processor.py:179} INFO - Processing /opt/airflow/dags/10_branch_operator.py took 0.110 seconds
[2023-08-23T23:38:08.446+0000] {processor.py:157} INFO - Started process (PID=7798) to work on /opt/airflow/dags/10_branch_operator.py
[2023-08-23T23:38:08.447+0000] {processor.py:826} INFO - Processing file /opt/airflow/dags/10_branch_operator.py for tasks to queue
[2023-08-23T23:38:08.448+0000] {logging_mixin.py:150} INFO - [2023-08-23T23:38:08.448+0000] {dagbag.py:541} INFO - Filling up the DagBag from /opt/airflow/dags/10_branch_operator.py
[2023-08-23T23:38:08.456+0000] {processor.py:836} INFO - DAG(s) dict_keys(['10_branch_operator']) retrieved from /opt/airflow/dags/10_branch_operator.py
[2023-08-23T23:38:08.482+0000] {logging_mixin.py:150} INFO - [2023-08-23T23:38:08.482+0000] {dag.py:2742} INFO - Sync 1 DAGs
[2023-08-23T23:38:08.511+0000] {logging_mixin.py:150} INFO - [2023-08-23T23:38:08.511+0000] {dag.py:3508} INFO - Setting next_dagrun for 10_branch_operator to None, run_after=None
[2023-08-23T23:38:08.538+0000] {processor.py:179} INFO - Processing /opt/airflow/dags/10_branch_operator.py took 0.096 seconds
[2023-08-23T23:38:38.621+0000] {processor.py:157} INFO - Started process (PID=7862) to work on /opt/airflow/dags/10_branch_operator.py
[2023-08-23T23:38:38.623+0000] {processor.py:826} INFO - Processing file /opt/airflow/dags/10_branch_operator.py for tasks to queue
[2023-08-23T23:38:38.625+0000] {logging_mixin.py:150} INFO - [2023-08-23T23:38:38.625+0000] {dagbag.py:541} INFO - Filling up the DagBag from /opt/airflow/dags/10_branch_operator.py
[2023-08-23T23:38:38.637+0000] {processor.py:836} INFO - DAG(s) dict_keys(['10_branch_operator']) retrieved from /opt/airflow/dags/10_branch_operator.py
[2023-08-23T23:38:38.677+0000] {logging_mixin.py:150} INFO - [2023-08-23T23:38:38.676+0000] {dag.py:2742} INFO - Sync 1 DAGs
[2023-08-23T23:38:38.718+0000] {logging_mixin.py:150} INFO - [2023-08-23T23:38:38.717+0000] {dag.py:3508} INFO - Setting next_dagrun for 10_branch_operator to None, run_after=None
[2023-08-23T23:38:38.752+0000] {processor.py:179} INFO - Processing /opt/airflow/dags/10_branch_operator.py took 0.138 seconds
[2023-08-23T23:39:09.292+0000] {processor.py:157} INFO - Started process (PID=7926) to work on /opt/airflow/dags/10_branch_operator.py
[2023-08-23T23:39:09.294+0000] {processor.py:826} INFO - Processing file /opt/airflow/dags/10_branch_operator.py for tasks to queue
[2023-08-23T23:39:09.295+0000] {logging_mixin.py:150} INFO - [2023-08-23T23:39:09.295+0000] {dagbag.py:541} INFO - Filling up the DagBag from /opt/airflow/dags/10_branch_operator.py
[2023-08-23T23:39:09.304+0000] {processor.py:836} INFO - DAG(s) dict_keys(['10_branch_operator']) retrieved from /opt/airflow/dags/10_branch_operator.py
[2023-08-23T23:39:09.341+0000] {logging_mixin.py:150} INFO - [2023-08-23T23:39:09.340+0000] {dag.py:2742} INFO - Sync 1 DAGs
[2023-08-23T23:39:09.383+0000] {logging_mixin.py:150} INFO - [2023-08-23T23:39:09.382+0000] {dag.py:3508} INFO - Setting next_dagrun for 10_branch_operator to None, run_after=None
[2023-08-23T23:39:09.417+0000] {processor.py:179} INFO - Processing /opt/airflow/dags/10_branch_operator.py took 0.128 seconds
[2023-08-23T23:39:40.019+0000] {processor.py:157} INFO - Started process (PID=7990) to work on /opt/airflow/dags/10_branch_operator.py
[2023-08-23T23:39:40.020+0000] {processor.py:826} INFO - Processing file /opt/airflow/dags/10_branch_operator.py for tasks to queue
[2023-08-23T23:39:40.022+0000] {logging_mixin.py:150} INFO - [2023-08-23T23:39:40.021+0000] {dagbag.py:541} INFO - Filling up the DagBag from /opt/airflow/dags/10_branch_operator.py
[2023-08-23T23:39:40.029+0000] {processor.py:836} INFO - DAG(s) dict_keys(['10_branch_operator']) retrieved from /opt/airflow/dags/10_branch_operator.py
[2023-08-23T23:39:40.072+0000] {logging_mixin.py:150} INFO - [2023-08-23T23:39:40.072+0000] {dag.py:2742} INFO - Sync 1 DAGs
[2023-08-23T23:39:40.105+0000] {logging_mixin.py:150} INFO - [2023-08-23T23:39:40.105+0000] {dag.py:3508} INFO - Setting next_dagrun for 10_branch_operator to None, run_after=None
[2023-08-23T23:39:40.135+0000] {processor.py:179} INFO - Processing /opt/airflow/dags/10_branch_operator.py took 0.121 seconds
[2023-08-23T23:40:10.559+0000] {processor.py:157} INFO - Started process (PID=8054) to work on /opt/airflow/dags/10_branch_operator.py
[2023-08-23T23:40:10.560+0000] {processor.py:826} INFO - Processing file /opt/airflow/dags/10_branch_operator.py for tasks to queue
[2023-08-23T23:40:10.561+0000] {logging_mixin.py:150} INFO - [2023-08-23T23:40:10.560+0000] {dagbag.py:541} INFO - Filling up the DagBag from /opt/airflow/dags/10_branch_operator.py
[2023-08-23T23:40:10.567+0000] {processor.py:836} INFO - DAG(s) dict_keys(['10_branch_operator']) retrieved from /opt/airflow/dags/10_branch_operator.py
[2023-08-23T23:40:10.598+0000] {logging_mixin.py:150} INFO - [2023-08-23T23:40:10.597+0000] {dag.py:2742} INFO - Sync 1 DAGs
[2023-08-23T23:40:10.632+0000] {logging_mixin.py:150} INFO - [2023-08-23T23:40:10.632+0000] {dag.py:3508} INFO - Setting next_dagrun for 10_branch_operator to None, run_after=None
[2023-08-23T23:40:10.661+0000] {processor.py:179} INFO - Processing /opt/airflow/dags/10_branch_operator.py took 0.106 seconds
[2023-08-23T23:40:40.899+0000] {processor.py:157} INFO - Started process (PID=8119) to work on /opt/airflow/dags/10_branch_operator.py
[2023-08-23T23:40:40.900+0000] {processor.py:826} INFO - Processing file /opt/airflow/dags/10_branch_operator.py for tasks to queue
[2023-08-23T23:40:40.901+0000] {logging_mixin.py:150} INFO - [2023-08-23T23:40:40.901+0000] {dagbag.py:541} INFO - Filling up the DagBag from /opt/airflow/dags/10_branch_operator.py
[2023-08-23T23:40:40.907+0000] {processor.py:836} INFO - DAG(s) dict_keys(['10_branch_operator']) retrieved from /opt/airflow/dags/10_branch_operator.py
[2023-08-23T23:40:40.936+0000] {logging_mixin.py:150} INFO - [2023-08-23T23:40:40.935+0000] {dag.py:2742} INFO - Sync 1 DAGs
[2023-08-23T23:40:40.976+0000] {logging_mixin.py:150} INFO - [2023-08-23T23:40:40.976+0000] {dag.py:3508} INFO - Setting next_dagrun for 10_branch_operator to None, run_after=None
[2023-08-23T23:40:41.005+0000] {processor.py:179} INFO - Processing /opt/airflow/dags/10_branch_operator.py took 0.109 seconds
[2023-08-23T23:41:11.207+0000] {processor.py:157} INFO - Started process (PID=8183) to work on /opt/airflow/dags/10_branch_operator.py
[2023-08-23T23:41:11.208+0000] {processor.py:826} INFO - Processing file /opt/airflow/dags/10_branch_operator.py for tasks to queue
[2023-08-23T23:41:11.209+0000] {logging_mixin.py:150} INFO - [2023-08-23T23:41:11.209+0000] {dagbag.py:541} INFO - Filling up the DagBag from /opt/airflow/dags/10_branch_operator.py
[2023-08-23T23:41:11.216+0000] {processor.py:836} INFO - DAG(s) dict_keys(['10_branch_operator']) retrieved from /opt/airflow/dags/10_branch_operator.py
[2023-08-23T23:41:11.254+0000] {logging_mixin.py:150} INFO - [2023-08-23T23:41:11.254+0000] {dag.py:2742} INFO - Sync 1 DAGs
[2023-08-23T23:41:11.295+0000] {logging_mixin.py:150} INFO - [2023-08-23T23:41:11.295+0000] {dag.py:3508} INFO - Setting next_dagrun for 10_branch_operator to None, run_after=None
[2023-08-23T23:41:11.327+0000] {processor.py:179} INFO - Processing /opt/airflow/dags/10_branch_operator.py took 0.125 seconds
[2023-08-23T23:41:41.615+0000] {processor.py:157} INFO - Started process (PID=8254) to work on /opt/airflow/dags/10_branch_operator.py
[2023-08-23T23:41:41.616+0000] {processor.py:826} INFO - Processing file /opt/airflow/dags/10_branch_operator.py for tasks to queue
[2023-08-23T23:41:41.617+0000] {logging_mixin.py:150} INFO - [2023-08-23T23:41:41.616+0000] {dagbag.py:541} INFO - Filling up the DagBag from /opt/airflow/dags/10_branch_operator.py
[2023-08-23T23:41:41.624+0000] {processor.py:836} INFO - DAG(s) dict_keys(['10_branch_operator']) retrieved from /opt/airflow/dags/10_branch_operator.py
[2023-08-23T23:41:41.656+0000] {logging_mixin.py:150} INFO - [2023-08-23T23:41:41.655+0000] {dag.py:2742} INFO - Sync 1 DAGs
[2023-08-23T23:41:41.686+0000] {logging_mixin.py:150} INFO - [2023-08-23T23:41:41.686+0000] {dag.py:3508} INFO - Setting next_dagrun for 10_branch_operator to None, run_after=None
[2023-08-23T23:41:41.717+0000] {processor.py:179} INFO - Processing /opt/airflow/dags/10_branch_operator.py took 0.105 seconds
[2023-08-23T23:42:12.075+0000] {processor.py:157} INFO - Started process (PID=8318) to work on /opt/airflow/dags/10_branch_operator.py
[2023-08-23T23:42:12.076+0000] {processor.py:826} INFO - Processing file /opt/airflow/dags/10_branch_operator.py for tasks to queue
[2023-08-23T23:42:12.077+0000] {logging_mixin.py:150} INFO - [2023-08-23T23:42:12.077+0000] {dagbag.py:541} INFO - Filling up the DagBag from /opt/airflow/dags/10_branch_operator.py
[2023-08-23T23:42:12.083+0000] {processor.py:836} INFO - DAG(s) dict_keys(['10_branch_operator']) retrieved from /opt/airflow/dags/10_branch_operator.py
[2023-08-23T23:42:12.121+0000] {logging_mixin.py:150} INFO - [2023-08-23T23:42:12.120+0000] {dag.py:2742} INFO - Sync 1 DAGs
[2023-08-23T23:42:12.151+0000] {logging_mixin.py:150} INFO - [2023-08-23T23:42:12.150+0000] {dag.py:3508} INFO - Setting next_dagrun for 10_branch_operator to None, run_after=None
[2023-08-23T23:42:12.173+0000] {processor.py:179} INFO - Processing /opt/airflow/dags/10_branch_operator.py took 0.103 seconds
[2023-08-23T23:42:43.111+0000] {processor.py:157} INFO - Started process (PID=8382) to work on /opt/airflow/dags/10_branch_operator.py
[2023-08-23T23:42:43.112+0000] {processor.py:826} INFO - Processing file /opt/airflow/dags/10_branch_operator.py for tasks to queue
[2023-08-23T23:42:43.113+0000] {logging_mixin.py:150} INFO - [2023-08-23T23:42:43.113+0000] {dagbag.py:541} INFO - Filling up the DagBag from /opt/airflow/dags/10_branch_operator.py
[2023-08-23T23:42:43.119+0000] {processor.py:836} INFO - DAG(s) dict_keys(['10_branch_operator']) retrieved from /opt/airflow/dags/10_branch_operator.py
[2023-08-23T23:42:43.151+0000] {logging_mixin.py:150} INFO - [2023-08-23T23:42:43.151+0000] {dag.py:2742} INFO - Sync 1 DAGs
[2023-08-23T23:42:43.202+0000] {logging_mixin.py:150} INFO - [2023-08-23T23:42:43.201+0000] {dag.py:3508} INFO - Setting next_dagrun for 10_branch_operator to None, run_after=None
[2023-08-23T23:42:43.232+0000] {processor.py:179} INFO - Processing /opt/airflow/dags/10_branch_operator.py took 0.124 seconds
[2023-08-23T23:43:13.861+0000] {processor.py:157} INFO - Started process (PID=8446) to work on /opt/airflow/dags/10_branch_operator.py
[2023-08-23T23:43:13.865+0000] {processor.py:826} INFO - Processing file /opt/airflow/dags/10_branch_operator.py for tasks to queue
[2023-08-23T23:43:13.867+0000] {logging_mixin.py:150} INFO - [2023-08-23T23:43:13.866+0000] {dagbag.py:541} INFO - Filling up the DagBag from /opt/airflow/dags/10_branch_operator.py
[2023-08-23T23:43:13.873+0000] {processor.py:836} INFO - DAG(s) dict_keys(['10_branch_operator']) retrieved from /opt/airflow/dags/10_branch_operator.py
[2023-08-23T23:43:13.903+0000] {logging_mixin.py:150} INFO - [2023-08-23T23:43:13.903+0000] {dag.py:2742} INFO - Sync 1 DAGs
[2023-08-23T23:43:13.936+0000] {logging_mixin.py:150} INFO - [2023-08-23T23:43:13.935+0000] {dag.py:3508} INFO - Setting next_dagrun for 10_branch_operator to None, run_after=None
[2023-08-23T23:43:13.969+0000] {processor.py:179} INFO - Processing /opt/airflow/dags/10_branch_operator.py took 0.115 seconds
[2023-08-23T23:43:44.375+0000] {processor.py:157} INFO - Started process (PID=8510) to work on /opt/airflow/dags/10_branch_operator.py
[2023-08-23T23:43:44.376+0000] {processor.py:826} INFO - Processing file /opt/airflow/dags/10_branch_operator.py for tasks to queue
[2023-08-23T23:43:44.377+0000] {logging_mixin.py:150} INFO - [2023-08-23T23:43:44.376+0000] {dagbag.py:541} INFO - Filling up the DagBag from /opt/airflow/dags/10_branch_operator.py
[2023-08-23T23:43:44.383+0000] {processor.py:836} INFO - DAG(s) dict_keys(['10_branch_operator']) retrieved from /opt/airflow/dags/10_branch_operator.py
[2023-08-23T23:43:44.496+0000] {logging_mixin.py:150} INFO - [2023-08-23T23:43:44.496+0000] {dag.py:2742} INFO - Sync 1 DAGs
[2023-08-23T23:43:44.530+0000] {logging_mixin.py:150} INFO - [2023-08-23T23:43:44.529+0000] {dag.py:3508} INFO - Setting next_dagrun for 10_branch_operator to None, run_after=None
[2023-08-23T23:43:44.563+0000] {processor.py:179} INFO - Processing /opt/airflow/dags/10_branch_operator.py took 0.192 seconds
[2023-08-23T23:44:15.276+0000] {processor.py:157} INFO - Started process (PID=8574) to work on /opt/airflow/dags/10_branch_operator.py
[2023-08-23T23:44:15.278+0000] {processor.py:826} INFO - Processing file /opt/airflow/dags/10_branch_operator.py for tasks to queue
[2023-08-23T23:44:15.279+0000] {logging_mixin.py:150} INFO - [2023-08-23T23:44:15.279+0000] {dagbag.py:541} INFO - Filling up the DagBag from /opt/airflow/dags/10_branch_operator.py
[2023-08-23T23:44:15.287+0000] {processor.py:836} INFO - DAG(s) dict_keys(['10_branch_operator']) retrieved from /opt/airflow/dags/10_branch_operator.py
[2023-08-23T23:44:15.322+0000] {logging_mixin.py:150} INFO - [2023-08-23T23:44:15.322+0000] {dag.py:2742} INFO - Sync 1 DAGs
[2023-08-23T23:44:15.360+0000] {logging_mixin.py:150} INFO - [2023-08-23T23:44:15.360+0000] {dag.py:3508} INFO - Setting next_dagrun for 10_branch_operator to None, run_after=None
[2023-08-23T23:44:15.388+0000] {processor.py:179} INFO - Processing /opt/airflow/dags/10_branch_operator.py took 0.116 seconds
[2023-08-23T23:44:45.432+0000] {processor.py:157} INFO - Started process (PID=8638) to work on /opt/airflow/dags/10_branch_operator.py
[2023-08-23T23:44:45.434+0000] {processor.py:826} INFO - Processing file /opt/airflow/dags/10_branch_operator.py for tasks to queue
[2023-08-23T23:44:45.434+0000] {logging_mixin.py:150} INFO - [2023-08-23T23:44:45.434+0000] {dagbag.py:541} INFO - Filling up the DagBag from /opt/airflow/dags/10_branch_operator.py
[2023-08-23T23:44:45.439+0000] {processor.py:836} INFO - DAG(s) dict_keys(['10_branch_operator']) retrieved from /opt/airflow/dags/10_branch_operator.py
[2023-08-23T23:44:45.470+0000] {logging_mixin.py:150} INFO - [2023-08-23T23:44:45.469+0000] {dag.py:2742} INFO - Sync 1 DAGs
[2023-08-23T23:44:45.504+0000] {logging_mixin.py:150} INFO - [2023-08-23T23:44:45.504+0000] {dag.py:3508} INFO - Setting next_dagrun for 10_branch_operator to None, run_after=None
[2023-08-23T23:44:45.532+0000] {processor.py:179} INFO - Processing /opt/airflow/dags/10_branch_operator.py took 0.103 seconds
[2023-08-23T23:45:15.702+0000] {processor.py:157} INFO - Started process (PID=8702) to work on /opt/airflow/dags/10_branch_operator.py
[2023-08-23T23:45:15.703+0000] {processor.py:826} INFO - Processing file /opt/airflow/dags/10_branch_operator.py for tasks to queue
[2023-08-23T23:45:15.704+0000] {logging_mixin.py:150} INFO - [2023-08-23T23:45:15.704+0000] {dagbag.py:541} INFO - Filling up the DagBag from /opt/airflow/dags/10_branch_operator.py
[2023-08-23T23:45:15.709+0000] {processor.py:836} INFO - DAG(s) dict_keys(['10_branch_operator']) retrieved from /opt/airflow/dags/10_branch_operator.py
[2023-08-23T23:45:15.737+0000] {logging_mixin.py:150} INFO - [2023-08-23T23:45:15.736+0000] {dag.py:2742} INFO - Sync 1 DAGs
[2023-08-23T23:45:15.768+0000] {logging_mixin.py:150} INFO - [2023-08-23T23:45:15.767+0000] {dag.py:3508} INFO - Setting next_dagrun for 10_branch_operator to None, run_after=None
[2023-08-23T23:45:15.801+0000] {processor.py:179} INFO - Processing /opt/airflow/dags/10_branch_operator.py took 0.103 seconds
[2023-08-23T23:45:46.321+0000] {processor.py:157} INFO - Started process (PID=8763) to work on /opt/airflow/dags/10_branch_operator.py
[2023-08-23T23:45:46.323+0000] {processor.py:826} INFO - Processing file /opt/airflow/dags/10_branch_operator.py for tasks to queue
[2023-08-23T23:45:46.324+0000] {logging_mixin.py:150} INFO - [2023-08-23T23:45:46.324+0000] {dagbag.py:541} INFO - Filling up the DagBag from /opt/airflow/dags/10_branch_operator.py
[2023-08-23T23:45:46.330+0000] {processor.py:836} INFO - DAG(s) dict_keys(['10_branch_operator']) retrieved from /opt/airflow/dags/10_branch_operator.py
[2023-08-23T23:45:46.367+0000] {logging_mixin.py:150} INFO - [2023-08-23T23:45:46.367+0000] {dag.py:2742} INFO - Sync 1 DAGs
[2023-08-23T23:45:46.420+0000] {logging_mixin.py:150} INFO - [2023-08-23T23:45:46.420+0000] {dag.py:3508} INFO - Setting next_dagrun for 10_branch_operator to None, run_after=None
[2023-08-23T23:45:46.455+0000] {processor.py:179} INFO - Processing /opt/airflow/dags/10_branch_operator.py took 0.137 seconds
[2023-08-23T23:46:16.964+0000] {processor.py:157} INFO - Started process (PID=8827) to work on /opt/airflow/dags/10_branch_operator.py
[2023-08-23T23:46:16.965+0000] {processor.py:826} INFO - Processing file /opt/airflow/dags/10_branch_operator.py for tasks to queue
[2023-08-23T23:46:16.966+0000] {logging_mixin.py:150} INFO - [2023-08-23T23:46:16.965+0000] {dagbag.py:541} INFO - Filling up the DagBag from /opt/airflow/dags/10_branch_operator.py
[2023-08-23T23:46:16.973+0000] {processor.py:836} INFO - DAG(s) dict_keys(['10_branch_operator']) retrieved from /opt/airflow/dags/10_branch_operator.py
[2023-08-23T23:46:17.002+0000] {logging_mixin.py:150} INFO - [2023-08-23T23:46:17.001+0000] {dag.py:2742} INFO - Sync 1 DAGs
[2023-08-23T23:46:17.031+0000] {logging_mixin.py:150} INFO - [2023-08-23T23:46:17.031+0000] {dag.py:3508} INFO - Setting next_dagrun for 10_branch_operator to None, run_after=None
[2023-08-23T23:46:17.062+0000] {processor.py:179} INFO - Processing /opt/airflow/dags/10_branch_operator.py took 0.101 seconds
[2023-08-23T23:46:25.356+0000] {processor.py:157} INFO - Started process (PID=8866) to work on /opt/airflow/dags/10_branch_operator.py
[2023-08-23T23:46:25.358+0000] {processor.py:826} INFO - Processing file /opt/airflow/dags/10_branch_operator.py for tasks to queue
[2023-08-23T23:46:25.359+0000] {logging_mixin.py:150} INFO - [2023-08-23T23:46:25.359+0000] {dagbag.py:541} INFO - Filling up the DagBag from /opt/airflow/dags/10_branch_operator.py
[2023-08-23T23:46:25.365+0000] {processor.py:836} INFO - DAG(s) dict_keys(['10_branch_operator']) retrieved from /opt/airflow/dags/10_branch_operator.py
[2023-08-23T23:46:25.398+0000] {logging_mixin.py:150} INFO - [2023-08-23T23:46:25.398+0000] {dag.py:2742} INFO - Sync 1 DAGs
[2023-08-23T23:46:25.435+0000] {logging_mixin.py:150} INFO - [2023-08-23T23:46:25.435+0000] {dag.py:3508} INFO - Setting next_dagrun for 10_branch_operator to None, run_after=None
[2023-08-23T23:46:25.469+0000] {processor.py:179} INFO - Processing /opt/airflow/dags/10_branch_operator.py took 0.117 seconds
[2023-08-23T23:46:55.781+0000] {processor.py:157} INFO - Started process (PID=8932) to work on /opt/airflow/dags/10_branch_operator.py
[2023-08-23T23:46:55.787+0000] {processor.py:826} INFO - Processing file /opt/airflow/dags/10_branch_operator.py for tasks to queue
[2023-08-23T23:46:55.788+0000] {logging_mixin.py:150} INFO - [2023-08-23T23:46:55.788+0000] {dagbag.py:541} INFO - Filling up the DagBag from /opt/airflow/dags/10_branch_operator.py
[2023-08-23T23:46:55.794+0000] {processor.py:836} INFO - DAG(s) dict_keys(['10_branch_operator']) retrieved from /opt/airflow/dags/10_branch_operator.py
[2023-08-23T23:46:55.824+0000] {logging_mixin.py:150} INFO - [2023-08-23T23:46:55.823+0000] {dag.py:2742} INFO - Sync 1 DAGs
[2023-08-23T23:46:55.856+0000] {logging_mixin.py:150} INFO - [2023-08-23T23:46:55.856+0000] {dag.py:3508} INFO - Setting next_dagrun for 10_branch_operator to None, run_after=None
[2023-08-23T23:46:55.908+0000] {processor.py:179} INFO - Processing /opt/airflow/dags/10_branch_operator.py took 0.131 seconds
[2023-08-23T23:47:26.494+0000] {processor.py:157} INFO - Started process (PID=8996) to work on /opt/airflow/dags/10_branch_operator.py
[2023-08-23T23:47:26.495+0000] {processor.py:826} INFO - Processing file /opt/airflow/dags/10_branch_operator.py for tasks to queue
[2023-08-23T23:47:26.496+0000] {logging_mixin.py:150} INFO - [2023-08-23T23:47:26.496+0000] {dagbag.py:541} INFO - Filling up the DagBag from /opt/airflow/dags/10_branch_operator.py
[2023-08-23T23:47:26.501+0000] {processor.py:836} INFO - DAG(s) dict_keys(['10_branch_operator']) retrieved from /opt/airflow/dags/10_branch_operator.py
[2023-08-23T23:47:26.534+0000] {logging_mixin.py:150} INFO - [2023-08-23T23:47:26.533+0000] {dag.py:2742} INFO - Sync 1 DAGs
[2023-08-23T23:47:26.576+0000] {logging_mixin.py:150} INFO - [2023-08-23T23:47:26.576+0000] {dag.py:3508} INFO - Setting next_dagrun for 10_branch_operator to None, run_after=None
[2023-08-23T23:47:26.606+0000] {processor.py:179} INFO - Processing /opt/airflow/dags/10_branch_operator.py took 0.116 seconds
[2023-08-23T23:47:56.753+0000] {processor.py:157} INFO - Started process (PID=9061) to work on /opt/airflow/dags/10_branch_operator.py
[2023-08-23T23:47:56.754+0000] {processor.py:826} INFO - Processing file /opt/airflow/dags/10_branch_operator.py for tasks to queue
[2023-08-23T23:47:56.755+0000] {logging_mixin.py:150} INFO - [2023-08-23T23:47:56.755+0000] {dagbag.py:541} INFO - Filling up the DagBag from /opt/airflow/dags/10_branch_operator.py
[2023-08-23T23:47:56.760+0000] {processor.py:836} INFO - DAG(s) dict_keys(['10_branch_operator']) retrieved from /opt/airflow/dags/10_branch_operator.py
[2023-08-23T23:47:56.790+0000] {logging_mixin.py:150} INFO - [2023-08-23T23:47:56.790+0000] {dag.py:2742} INFO - Sync 1 DAGs
[2023-08-23T23:47:56.821+0000] {logging_mixin.py:150} INFO - [2023-08-23T23:47:56.821+0000] {dag.py:3508} INFO - Setting next_dagrun for 10_branch_operator to None, run_after=None
[2023-08-23T23:47:56.848+0000] {processor.py:179} INFO - Processing /opt/airflow/dags/10_branch_operator.py took 0.098 seconds
[2023-08-23T23:48:27.447+0000] {processor.py:157} INFO - Started process (PID=9125) to work on /opt/airflow/dags/10_branch_operator.py
[2023-08-23T23:48:27.449+0000] {processor.py:826} INFO - Processing file /opt/airflow/dags/10_branch_operator.py for tasks to queue
[2023-08-23T23:48:27.449+0000] {logging_mixin.py:150} INFO - [2023-08-23T23:48:27.449+0000] {dagbag.py:541} INFO - Filling up the DagBag from /opt/airflow/dags/10_branch_operator.py
[2023-08-23T23:48:27.454+0000] {processor.py:836} INFO - DAG(s) dict_keys(['10_branch_operator']) retrieved from /opt/airflow/dags/10_branch_operator.py
[2023-08-23T23:48:27.483+0000] {logging_mixin.py:150} INFO - [2023-08-23T23:48:27.483+0000] {dag.py:2742} INFO - Sync 1 DAGs
[2023-08-23T23:48:27.515+0000] {logging_mixin.py:150} INFO - [2023-08-23T23:48:27.514+0000] {dag.py:3508} INFO - Setting next_dagrun for 10_branch_operator to None, run_after=None
[2023-08-23T23:48:27.542+0000] {processor.py:179} INFO - Processing /opt/airflow/dags/10_branch_operator.py took 0.097 seconds
[2023-08-23T23:48:58.544+0000] {processor.py:157} INFO - Started process (PID=9189) to work on /opt/airflow/dags/10_branch_operator.py
[2023-08-23T23:48:58.545+0000] {processor.py:826} INFO - Processing file /opt/airflow/dags/10_branch_operator.py for tasks to queue
[2023-08-23T23:48:58.546+0000] {logging_mixin.py:150} INFO - [2023-08-23T23:48:58.546+0000] {dagbag.py:541} INFO - Filling up the DagBag from /opt/airflow/dags/10_branch_operator.py
[2023-08-23T23:48:58.551+0000] {processor.py:836} INFO - DAG(s) dict_keys(['10_branch_operator']) retrieved from /opt/airflow/dags/10_branch_operator.py
[2023-08-23T23:48:58.580+0000] {logging_mixin.py:150} INFO - [2023-08-23T23:48:58.580+0000] {dag.py:2742} INFO - Sync 1 DAGs
[2023-08-23T23:48:58.616+0000] {logging_mixin.py:150} INFO - [2023-08-23T23:48:58.616+0000] {dag.py:3508} INFO - Setting next_dagrun for 10_branch_operator to None, run_after=None
[2023-08-23T23:48:58.646+0000] {processor.py:179} INFO - Processing /opt/airflow/dags/10_branch_operator.py took 0.105 seconds
[2023-08-23T23:49:29.027+0000] {processor.py:157} INFO - Started process (PID=9256) to work on /opt/airflow/dags/10_branch_operator.py
[2023-08-23T23:49:29.029+0000] {processor.py:826} INFO - Processing file /opt/airflow/dags/10_branch_operator.py for tasks to queue
[2023-08-23T23:49:29.030+0000] {logging_mixin.py:150} INFO - [2023-08-23T23:49:29.029+0000] {dagbag.py:541} INFO - Filling up the DagBag from /opt/airflow/dags/10_branch_operator.py
[2023-08-23T23:49:29.035+0000] {processor.py:836} INFO - DAG(s) dict_keys(['10_branch_operator']) retrieved from /opt/airflow/dags/10_branch_operator.py
[2023-08-23T23:49:29.067+0000] {logging_mixin.py:150} INFO - [2023-08-23T23:49:29.067+0000] {dag.py:2742} INFO - Sync 1 DAGs
[2023-08-23T23:49:29.097+0000] {logging_mixin.py:150} INFO - [2023-08-23T23:49:29.097+0000] {dag.py:3508} INFO - Setting next_dagrun for 10_branch_operator to None, run_after=None
[2023-08-23T23:49:29.122+0000] {processor.py:179} INFO - Processing /opt/airflow/dags/10_branch_operator.py took 0.098 seconds
[2023-08-23T23:49:59.696+0000] {processor.py:157} INFO - Started process (PID=9312) to work on /opt/airflow/dags/10_branch_operator.py
[2023-08-23T23:49:59.698+0000] {processor.py:826} INFO - Processing file /opt/airflow/dags/10_branch_operator.py for tasks to queue
[2023-08-23T23:49:59.699+0000] {logging_mixin.py:150} INFO - [2023-08-23T23:49:59.698+0000] {dagbag.py:541} INFO - Filling up the DagBag from /opt/airflow/dags/10_branch_operator.py
[2023-08-23T23:49:59.705+0000] {processor.py:836} INFO - DAG(s) dict_keys(['10_branch_operator']) retrieved from /opt/airflow/dags/10_branch_operator.py
[2023-08-23T23:49:59.744+0000] {logging_mixin.py:150} INFO - [2023-08-23T23:49:59.743+0000] {dag.py:2742} INFO - Sync 1 DAGs
[2023-08-23T23:49:59.776+0000] {logging_mixin.py:150} INFO - [2023-08-23T23:49:59.776+0000] {dag.py:3508} INFO - Setting next_dagrun for 10_branch_operator to None, run_after=None
[2023-08-23T23:49:59.807+0000] {processor.py:179} INFO - Processing /opt/airflow/dags/10_branch_operator.py took 0.115 seconds
[2023-08-23T23:50:29.904+0000] {processor.py:157} INFO - Started process (PID=9369) to work on /opt/airflow/dags/10_branch_operator.py
[2023-08-23T23:50:29.905+0000] {processor.py:826} INFO - Processing file /opt/airflow/dags/10_branch_operator.py for tasks to queue
[2023-08-23T23:50:29.905+0000] {logging_mixin.py:150} INFO - [2023-08-23T23:50:29.905+0000] {dagbag.py:541} INFO - Filling up the DagBag from /opt/airflow/dags/10_branch_operator.py
[2023-08-23T23:50:29.911+0000] {processor.py:836} INFO - DAG(s) dict_keys(['10_branch_operator']) retrieved from /opt/airflow/dags/10_branch_operator.py
[2023-08-23T23:50:29.939+0000] {logging_mixin.py:150} INFO - [2023-08-23T23:50:29.939+0000] {dag.py:2742} INFO - Sync 1 DAGs
[2023-08-23T23:50:29.972+0000] {logging_mixin.py:150} INFO - [2023-08-23T23:50:29.972+0000] {dag.py:3508} INFO - Setting next_dagrun for 10_branch_operator to None, run_after=None
[2023-08-23T23:50:29.999+0000] {processor.py:179} INFO - Processing /opt/airflow/dags/10_branch_operator.py took 0.098 seconds
[2023-08-23T23:51:00.383+0000] {processor.py:157} INFO - Started process (PID=9434) to work on /opt/airflow/dags/10_branch_operator.py
[2023-08-23T23:51:00.388+0000] {processor.py:826} INFO - Processing file /opt/airflow/dags/10_branch_operator.py for tasks to queue
[2023-08-23T23:51:00.389+0000] {logging_mixin.py:150} INFO - [2023-08-23T23:51:00.389+0000] {dagbag.py:541} INFO - Filling up the DagBag from /opt/airflow/dags/10_branch_operator.py
[2023-08-23T23:51:00.410+0000] {processor.py:836} INFO - DAG(s) dict_keys(['10_branch_operator']) retrieved from /opt/airflow/dags/10_branch_operator.py
[2023-08-23T23:51:00.480+0000] {logging_mixin.py:150} INFO - [2023-08-23T23:51:00.480+0000] {dag.py:2742} INFO - Sync 1 DAGs
[2023-08-23T23:51:00.584+0000] {logging_mixin.py:150} INFO - [2023-08-23T23:51:00.578+0000] {dag.py:3508} INFO - Setting next_dagrun for 10_branch_operator to None, run_after=None
[2023-08-23T23:51:00.673+0000] {processor.py:179} INFO - Processing /opt/airflow/dags/10_branch_operator.py took 0.299 seconds
[2023-08-23T23:51:31.177+0000] {processor.py:157} INFO - Started process (PID=9499) to work on /opt/airflow/dags/10_branch_operator.py
[2023-08-23T23:51:31.178+0000] {processor.py:826} INFO - Processing file /opt/airflow/dags/10_branch_operator.py for tasks to queue
[2023-08-23T23:51:31.180+0000] {logging_mixin.py:150} INFO - [2023-08-23T23:51:31.179+0000] {dagbag.py:541} INFO - Filling up the DagBag from /opt/airflow/dags/10_branch_operator.py
[2023-08-23T23:51:31.187+0000] {processor.py:836} INFO - DAG(s) dict_keys(['10_branch_operator']) retrieved from /opt/airflow/dags/10_branch_operator.py
[2023-08-23T23:51:31.221+0000] {logging_mixin.py:150} INFO - [2023-08-23T23:51:31.220+0000] {dag.py:2742} INFO - Sync 1 DAGs
[2023-08-23T23:51:31.256+0000] {logging_mixin.py:150} INFO - [2023-08-23T23:51:31.255+0000] {dag.py:3508} INFO - Setting next_dagrun for 10_branch_operator to None, run_after=None
[2023-08-23T23:51:31.281+0000] {processor.py:179} INFO - Processing /opt/airflow/dags/10_branch_operator.py took 0.107 seconds
[2023-08-23T23:52:01.474+0000] {processor.py:157} INFO - Started process (PID=9564) to work on /opt/airflow/dags/10_branch_operator.py
[2023-08-23T23:52:01.476+0000] {processor.py:826} INFO - Processing file /opt/airflow/dags/10_branch_operator.py for tasks to queue
[2023-08-23T23:52:01.477+0000] {logging_mixin.py:150} INFO - [2023-08-23T23:52:01.477+0000] {dagbag.py:541} INFO - Filling up the DagBag from /opt/airflow/dags/10_branch_operator.py
[2023-08-23T23:52:01.485+0000] {processor.py:836} INFO - DAG(s) dict_keys(['10_branch_operator']) retrieved from /opt/airflow/dags/10_branch_operator.py
[2023-08-23T23:52:01.515+0000] {logging_mixin.py:150} INFO - [2023-08-23T23:52:01.514+0000] {dag.py:2742} INFO - Sync 1 DAGs
[2023-08-23T23:52:01.546+0000] {logging_mixin.py:150} INFO - [2023-08-23T23:52:01.546+0000] {dag.py:3508} INFO - Setting next_dagrun for 10_branch_operator to None, run_after=None
[2023-08-23T23:52:01.576+0000] {processor.py:179} INFO - Processing /opt/airflow/dags/10_branch_operator.py took 0.105 seconds
[2023-08-23T23:52:31.933+0000] {processor.py:157} INFO - Started process (PID=9629) to work on /opt/airflow/dags/10_branch_operator.py
[2023-08-23T23:52:31.934+0000] {processor.py:826} INFO - Processing file /opt/airflow/dags/10_branch_operator.py for tasks to queue
[2023-08-23T23:52:31.934+0000] {logging_mixin.py:150} INFO - [2023-08-23T23:52:31.934+0000] {dagbag.py:541} INFO - Filling up the DagBag from /opt/airflow/dags/10_branch_operator.py
[2023-08-23T23:52:31.940+0000] {processor.py:836} INFO - DAG(s) dict_keys(['10_branch_operator']) retrieved from /opt/airflow/dags/10_branch_operator.py
[2023-08-23T23:52:31.966+0000] {logging_mixin.py:150} INFO - [2023-08-23T23:52:31.966+0000] {dag.py:2742} INFO - Sync 1 DAGs
[2023-08-23T23:52:31.998+0000] {logging_mixin.py:150} INFO - [2023-08-23T23:52:31.997+0000] {dag.py:3508} INFO - Setting next_dagrun for 10_branch_operator to None, run_after=None
[2023-08-23T23:52:32.027+0000] {processor.py:179} INFO - Processing /opt/airflow/dags/10_branch_operator.py took 0.097 seconds
[2023-08-23T23:53:02.550+0000] {processor.py:157} INFO - Started process (PID=9694) to work on /opt/airflow/dags/10_branch_operator.py
[2023-08-23T23:53:02.551+0000] {processor.py:826} INFO - Processing file /opt/airflow/dags/10_branch_operator.py for tasks to queue
[2023-08-23T23:53:02.553+0000] {logging_mixin.py:150} INFO - [2023-08-23T23:53:02.552+0000] {dagbag.py:541} INFO - Filling up the DagBag from /opt/airflow/dags/10_branch_operator.py
[2023-08-23T23:53:02.560+0000] {processor.py:836} INFO - DAG(s) dict_keys(['10_branch_operator']) retrieved from /opt/airflow/dags/10_branch_operator.py
[2023-08-23T23:53:02.592+0000] {logging_mixin.py:150} INFO - [2023-08-23T23:53:02.592+0000] {dag.py:2742} INFO - Sync 1 DAGs
[2023-08-23T23:53:02.632+0000] {logging_mixin.py:150} INFO - [2023-08-23T23:53:02.632+0000] {dag.py:3508} INFO - Setting next_dagrun for 10_branch_operator to None, run_after=None
[2023-08-23T23:53:02.660+0000] {processor.py:179} INFO - Processing /opt/airflow/dags/10_branch_operator.py took 0.113 seconds
[2023-08-23T23:53:32.998+0000] {processor.py:157} INFO - Started process (PID=9759) to work on /opt/airflow/dags/10_branch_operator.py
[2023-08-23T23:53:32.998+0000] {processor.py:826} INFO - Processing file /opt/airflow/dags/10_branch_operator.py for tasks to queue
[2023-08-23T23:53:32.999+0000] {logging_mixin.py:150} INFO - [2023-08-23T23:53:32.999+0000] {dagbag.py:541} INFO - Filling up the DagBag from /opt/airflow/dags/10_branch_operator.py
[2023-08-23T23:53:33.005+0000] {processor.py:836} INFO - DAG(s) dict_keys(['10_branch_operator']) retrieved from /opt/airflow/dags/10_branch_operator.py
[2023-08-23T23:53:33.032+0000] {logging_mixin.py:150} INFO - [2023-08-23T23:53:33.032+0000] {dag.py:2742} INFO - Sync 1 DAGs
[2023-08-23T23:53:33.065+0000] {logging_mixin.py:150} INFO - [2023-08-23T23:53:33.065+0000] {dag.py:3508} INFO - Setting next_dagrun for 10_branch_operator to None, run_after=None
[2023-08-23T23:53:33.091+0000] {processor.py:179} INFO - Processing /opt/airflow/dags/10_branch_operator.py took 0.097 seconds
[2023-08-23T23:54:03.565+0000] {processor.py:157} INFO - Started process (PID=9824) to work on /opt/airflow/dags/10_branch_operator.py
[2023-08-23T23:54:03.566+0000] {processor.py:826} INFO - Processing file /opt/airflow/dags/10_branch_operator.py for tasks to queue
[2023-08-23T23:54:03.567+0000] {logging_mixin.py:150} INFO - [2023-08-23T23:54:03.567+0000] {dagbag.py:541} INFO - Filling up the DagBag from /opt/airflow/dags/10_branch_operator.py
[2023-08-23T23:54:03.572+0000] {processor.py:836} INFO - DAG(s) dict_keys(['10_branch_operator']) retrieved from /opt/airflow/dags/10_branch_operator.py
[2023-08-23T23:54:03.601+0000] {logging_mixin.py:150} INFO - [2023-08-23T23:54:03.600+0000] {dag.py:2742} INFO - Sync 1 DAGs
[2023-08-23T23:54:03.635+0000] {logging_mixin.py:150} INFO - [2023-08-23T23:54:03.635+0000] {dag.py:3508} INFO - Setting next_dagrun for 10_branch_operator to None, run_after=None
[2023-08-23T23:54:03.663+0000] {processor.py:179} INFO - Processing /opt/airflow/dags/10_branch_operator.py took 0.102 seconds
[2023-08-23T23:54:33.935+0000] {processor.py:157} INFO - Started process (PID=9889) to work on /opt/airflow/dags/10_branch_operator.py
[2023-08-23T23:54:33.936+0000] {processor.py:826} INFO - Processing file /opt/airflow/dags/10_branch_operator.py for tasks to queue
[2023-08-23T23:54:33.937+0000] {logging_mixin.py:150} INFO - [2023-08-23T23:54:33.937+0000] {dagbag.py:541} INFO - Filling up the DagBag from /opt/airflow/dags/10_branch_operator.py
[2023-08-23T23:54:33.943+0000] {processor.py:836} INFO - DAG(s) dict_keys(['10_branch_operator']) retrieved from /opt/airflow/dags/10_branch_operator.py
[2023-08-23T23:54:33.971+0000] {logging_mixin.py:150} INFO - [2023-08-23T23:54:33.971+0000] {dag.py:2742} INFO - Sync 1 DAGs
[2023-08-23T23:54:34.002+0000] {logging_mixin.py:150} INFO - [2023-08-23T23:54:34.002+0000] {dag.py:3508} INFO - Setting next_dagrun for 10_branch_operator to None, run_after=None
[2023-08-23T23:54:34.031+0000] {processor.py:179} INFO - Processing /opt/airflow/dags/10_branch_operator.py took 0.100 seconds
[2023-08-23T23:55:04.351+0000] {processor.py:157} INFO - Started process (PID=9954) to work on /opt/airflow/dags/10_branch_operator.py
[2023-08-23T23:55:04.352+0000] {processor.py:826} INFO - Processing file /opt/airflow/dags/10_branch_operator.py for tasks to queue
[2023-08-23T23:55:04.354+0000] {logging_mixin.py:150} INFO - [2023-08-23T23:55:04.354+0000] {dagbag.py:541} INFO - Filling up the DagBag from /opt/airflow/dags/10_branch_operator.py
[2023-08-23T23:55:04.364+0000] {processor.py:836} INFO - DAG(s) dict_keys(['10_branch_operator']) retrieved from /opt/airflow/dags/10_branch_operator.py
[2023-08-23T23:55:04.407+0000] {logging_mixin.py:150} INFO - [2023-08-23T23:55:04.406+0000] {dag.py:2742} INFO - Sync 1 DAGs
[2023-08-23T23:55:04.447+0000] {logging_mixin.py:150} INFO - [2023-08-23T23:55:04.446+0000] {dag.py:3508} INFO - Setting next_dagrun for 10_branch_operator to None, run_after=None
[2023-08-23T23:55:04.477+0000] {processor.py:179} INFO - Processing /opt/airflow/dags/10_branch_operator.py took 0.131 seconds
[2023-08-23T23:55:34.788+0000] {processor.py:157} INFO - Started process (PID=10019) to work on /opt/airflow/dags/10_branch_operator.py
[2023-08-23T23:55:34.789+0000] {processor.py:826} INFO - Processing file /opt/airflow/dags/10_branch_operator.py for tasks to queue
[2023-08-23T23:55:34.790+0000] {logging_mixin.py:150} INFO - [2023-08-23T23:55:34.790+0000] {dagbag.py:541} INFO - Filling up the DagBag from /opt/airflow/dags/10_branch_operator.py
[2023-08-23T23:55:34.798+0000] {processor.py:836} INFO - DAG(s) dict_keys(['10_branch_operator']) retrieved from /opt/airflow/dags/10_branch_operator.py
[2023-08-23T23:55:34.828+0000] {logging_mixin.py:150} INFO - [2023-08-23T23:55:34.828+0000] {dag.py:2742} INFO - Sync 1 DAGs
[2023-08-23T23:55:34.862+0000] {logging_mixin.py:150} INFO - [2023-08-23T23:55:34.862+0000] {dag.py:3508} INFO - Setting next_dagrun for 10_branch_operator to None, run_after=None
[2023-08-23T23:55:34.897+0000] {processor.py:179} INFO - Processing /opt/airflow/dags/10_branch_operator.py took 0.112 seconds
[2023-08-23T23:56:05.541+0000] {processor.py:157} INFO - Started process (PID=10084) to work on /opt/airflow/dags/10_branch_operator.py
[2023-08-23T23:56:05.543+0000] {processor.py:826} INFO - Processing file /opt/airflow/dags/10_branch_operator.py for tasks to queue
[2023-08-23T23:56:05.544+0000] {logging_mixin.py:150} INFO - [2023-08-23T23:56:05.544+0000] {dagbag.py:541} INFO - Filling up the DagBag from /opt/airflow/dags/10_branch_operator.py
[2023-08-23T23:56:05.551+0000] {processor.py:836} INFO - DAG(s) dict_keys(['10_branch_operator']) retrieved from /opt/airflow/dags/10_branch_operator.py
[2023-08-23T23:56:05.578+0000] {logging_mixin.py:150} INFO - [2023-08-23T23:56:05.577+0000] {dag.py:2742} INFO - Sync 1 DAGs
[2023-08-23T23:56:05.614+0000] {logging_mixin.py:150} INFO - [2023-08-23T23:56:05.614+0000] {dag.py:3508} INFO - Setting next_dagrun for 10_branch_operator to None, run_after=None
[2023-08-23T23:56:05.667+0000] {processor.py:179} INFO - Processing /opt/airflow/dags/10_branch_operator.py took 0.130 seconds
[2023-08-23T23:56:36.147+0000] {processor.py:157} INFO - Started process (PID=10149) to work on /opt/airflow/dags/10_branch_operator.py
[2023-08-23T23:56:36.148+0000] {processor.py:826} INFO - Processing file /opt/airflow/dags/10_branch_operator.py for tasks to queue
[2023-08-23T23:56:36.149+0000] {logging_mixin.py:150} INFO - [2023-08-23T23:56:36.148+0000] {dagbag.py:541} INFO - Filling up the DagBag from /opt/airflow/dags/10_branch_operator.py
[2023-08-23T23:56:36.155+0000] {processor.py:836} INFO - DAG(s) dict_keys(['10_branch_operator']) retrieved from /opt/airflow/dags/10_branch_operator.py
[2023-08-23T23:56:36.183+0000] {logging_mixin.py:150} INFO - [2023-08-23T23:56:36.182+0000] {dag.py:2742} INFO - Sync 1 DAGs
[2023-08-23T23:56:36.215+0000] {logging_mixin.py:150} INFO - [2023-08-23T23:56:36.215+0000] {dag.py:3508} INFO - Setting next_dagrun for 10_branch_operator to None, run_after=None
[2023-08-23T23:56:36.243+0000] {processor.py:179} INFO - Processing /opt/airflow/dags/10_branch_operator.py took 0.099 seconds
[2023-08-23T23:57:06.423+0000] {processor.py:157} INFO - Started process (PID=10214) to work on /opt/airflow/dags/10_branch_operator.py
[2023-08-23T23:57:06.429+0000] {processor.py:826} INFO - Processing file /opt/airflow/dags/10_branch_operator.py for tasks to queue
[2023-08-23T23:57:06.431+0000] {logging_mixin.py:150} INFO - [2023-08-23T23:57:06.430+0000] {dagbag.py:541} INFO - Filling up the DagBag from /opt/airflow/dags/10_branch_operator.py
[2023-08-23T23:57:06.447+0000] {processor.py:836} INFO - DAG(s) dict_keys(['10_branch_operator']) retrieved from /opt/airflow/dags/10_branch_operator.py
[2023-08-23T23:57:06.519+0000] {logging_mixin.py:150} INFO - [2023-08-23T23:57:06.518+0000] {dag.py:2742} INFO - Sync 1 DAGs
[2023-08-23T23:57:06.569+0000] {logging_mixin.py:150} INFO - [2023-08-23T23:57:06.568+0000] {dag.py:3508} INFO - Setting next_dagrun for 10_branch_operator to None, run_after=None
[2023-08-23T23:57:06.617+0000] {processor.py:179} INFO - Processing /opt/airflow/dags/10_branch_operator.py took 0.203 seconds
[2023-08-23T23:57:36.704+0000] {processor.py:157} INFO - Started process (PID=10279) to work on /opt/airflow/dags/10_branch_operator.py
[2023-08-23T23:57:36.705+0000] {processor.py:826} INFO - Processing file /opt/airflow/dags/10_branch_operator.py for tasks to queue
[2023-08-23T23:57:36.706+0000] {logging_mixin.py:150} INFO - [2023-08-23T23:57:36.706+0000] {dagbag.py:541} INFO - Filling up the DagBag from /opt/airflow/dags/10_branch_operator.py
[2023-08-23T23:57:36.712+0000] {processor.py:836} INFO - DAG(s) dict_keys(['10_branch_operator']) retrieved from /opt/airflow/dags/10_branch_operator.py
[2023-08-23T23:57:36.741+0000] {logging_mixin.py:150} INFO - [2023-08-23T23:57:36.741+0000] {dag.py:2742} INFO - Sync 1 DAGs
[2023-08-23T23:57:36.772+0000] {logging_mixin.py:150} INFO - [2023-08-23T23:57:36.771+0000] {dag.py:3508} INFO - Setting next_dagrun for 10_branch_operator to None, run_after=None
[2023-08-23T23:57:36.799+0000] {processor.py:179} INFO - Processing /opt/airflow/dags/10_branch_operator.py took 0.099 seconds
[2023-08-23T23:58:07.047+0000] {processor.py:157} INFO - Started process (PID=10345) to work on /opt/airflow/dags/10_branch_operator.py
[2023-08-23T23:58:07.049+0000] {processor.py:826} INFO - Processing file /opt/airflow/dags/10_branch_operator.py for tasks to queue
[2023-08-23T23:58:07.049+0000] {logging_mixin.py:150} INFO - [2023-08-23T23:58:07.049+0000] {dagbag.py:541} INFO - Filling up the DagBag from /opt/airflow/dags/10_branch_operator.py
[2023-08-23T23:58:07.056+0000] {processor.py:836} INFO - DAG(s) dict_keys(['10_branch_operator']) retrieved from /opt/airflow/dags/10_branch_operator.py
[2023-08-23T23:58:07.090+0000] {logging_mixin.py:150} INFO - [2023-08-23T23:58:07.090+0000] {dag.py:2742} INFO - Sync 1 DAGs
[2023-08-23T23:58:07.126+0000] {logging_mixin.py:150} INFO - [2023-08-23T23:58:07.126+0000] {dag.py:3508} INFO - Setting next_dagrun for 10_branch_operator to None, run_after=None
[2023-08-23T23:58:07.158+0000] {processor.py:179} INFO - Processing /opt/airflow/dags/10_branch_operator.py took 0.113 seconds
[2023-08-23T23:58:37.282+0000] {processor.py:157} INFO - Started process (PID=10410) to work on /opt/airflow/dags/10_branch_operator.py
[2023-08-23T23:58:37.283+0000] {processor.py:826} INFO - Processing file /opt/airflow/dags/10_branch_operator.py for tasks to queue
[2023-08-23T23:58:37.284+0000] {logging_mixin.py:150} INFO - [2023-08-23T23:58:37.284+0000] {dagbag.py:541} INFO - Filling up the DagBag from /opt/airflow/dags/10_branch_operator.py
[2023-08-23T23:58:37.290+0000] {processor.py:836} INFO - DAG(s) dict_keys(['10_branch_operator']) retrieved from /opt/airflow/dags/10_branch_operator.py
[2023-08-23T23:58:37.318+0000] {logging_mixin.py:150} INFO - [2023-08-23T23:58:37.318+0000] {dag.py:2742} INFO - Sync 1 DAGs
[2023-08-23T23:58:37.352+0000] {logging_mixin.py:150} INFO - [2023-08-23T23:58:37.352+0000] {dag.py:3508} INFO - Setting next_dagrun for 10_branch_operator to None, run_after=None
[2023-08-23T23:58:37.383+0000] {processor.py:179} INFO - Processing /opt/airflow/dags/10_branch_operator.py took 0.104 seconds
[2023-08-23T23:59:07.569+0000] {processor.py:157} INFO - Started process (PID=10476) to work on /opt/airflow/dags/10_branch_operator.py
[2023-08-23T23:59:07.570+0000] {processor.py:826} INFO - Processing file /opt/airflow/dags/10_branch_operator.py for tasks to queue
[2023-08-23T23:59:07.571+0000] {logging_mixin.py:150} INFO - [2023-08-23T23:59:07.571+0000] {dagbag.py:541} INFO - Filling up the DagBag from /opt/airflow/dags/10_branch_operator.py
[2023-08-23T23:59:07.583+0000] {processor.py:836} INFO - DAG(s) dict_keys(['10_branch_operator']) retrieved from /opt/airflow/dags/10_branch_operator.py
[2023-08-23T23:59:07.624+0000] {logging_mixin.py:150} INFO - [2023-08-23T23:59:07.624+0000] {dag.py:2742} INFO - Sync 1 DAGs
[2023-08-23T23:59:07.660+0000] {logging_mixin.py:150} INFO - [2023-08-23T23:59:07.660+0000] {dag.py:3508} INFO - Setting next_dagrun for 10_branch_operator to None, run_after=None
[2023-08-23T23:59:07.687+0000] {processor.py:179} INFO - Processing /opt/airflow/dags/10_branch_operator.py took 0.122 seconds
[2023-08-23T23:59:37.949+0000] {processor.py:157} INFO - Started process (PID=10541) to work on /opt/airflow/dags/10_branch_operator.py
[2023-08-23T23:59:37.950+0000] {processor.py:826} INFO - Processing file /opt/airflow/dags/10_branch_operator.py for tasks to queue
[2023-08-23T23:59:37.951+0000] {logging_mixin.py:150} INFO - [2023-08-23T23:59:37.951+0000] {dagbag.py:541} INFO - Filling up the DagBag from /opt/airflow/dags/10_branch_operator.py
[2023-08-23T23:59:37.958+0000] {processor.py:836} INFO - DAG(s) dict_keys(['10_branch_operator']) retrieved from /opt/airflow/dags/10_branch_operator.py
[2023-08-23T23:59:38.011+0000] {logging_mixin.py:150} INFO - [2023-08-23T23:59:38.010+0000] {dag.py:2742} INFO - Sync 1 DAGs
[2023-08-23T23:59:38.054+0000] {logging_mixin.py:150} INFO - [2023-08-23T23:59:38.054+0000] {dag.py:3508} INFO - Setting next_dagrun for 10_branch_operator to None, run_after=None
[2023-08-23T23:59:38.082+0000] {processor.py:179} INFO - Processing /opt/airflow/dags/10_branch_operator.py took 0.136 seconds
