[2023-08-23T23:18:55.800+0000] {processor.py:157} INFO - Started process (PID=5419) to work on /opt/airflow/dags/11_branch_operator_with_decorator.py
[2023-08-23T23:18:55.801+0000] {processor.py:826} INFO - Processing file /opt/airflow/dags/11_branch_operator_with_decorator.py for tasks to queue
[2023-08-23T23:18:55.802+0000] {logging_mixin.py:150} INFO - [2023-08-23T23:18:55.801+0000] {dagbag.py:541} INFO - Filling up the DagBag from /opt/airflow/dags/11_branch_operator_with_decorator.py
[2023-08-23T23:18:55.808+0000] {processor.py:836} INFO - DAG(s) dict_keys(['11_branch_operator_with_decorator']) retrieved from /opt/airflow/dags/11_branch_operator_with_decorator.py
[2023-08-23T23:18:55.949+0000] {logging_mixin.py:150} INFO - [2023-08-23T23:18:55.949+0000] {manager.py:504} INFO - Created Permission View: can read on DAG:11_branch_operator_with_decorator
[2023-08-23T23:18:55.979+0000] {logging_mixin.py:150} INFO - [2023-08-23T23:18:55.978+0000] {manager.py:504} INFO - Created Permission View: can delete on DAG:11_branch_operator_with_decorator
[2023-08-23T23:18:55.991+0000] {logging_mixin.py:150} INFO - [2023-08-23T23:18:55.990+0000] {manager.py:504} INFO - Created Permission View: can edit on DAG:11_branch_operator_with_decorator
[2023-08-23T23:18:56.011+0000] {logging_mixin.py:150} INFO - [2023-08-23T23:18:56.011+0000] {dag.py:2742} INFO - Sync 1 DAGs
[2023-08-23T23:18:56.026+0000] {logging_mixin.py:150} INFO - [2023-08-23T23:18:56.026+0000] {dag.py:2763} INFO - Creating ORM DAG for 11_branch_operator_with_decorator
[2023-08-23T23:18:56.039+0000] {logging_mixin.py:150} INFO - [2023-08-23T23:18:56.039+0000] {dag.py:3508} INFO - Setting next_dagrun for 11_branch_operator_with_decorator to None, run_after=None
[2023-08-23T23:18:56.078+0000] {processor.py:179} INFO - Processing /opt/airflow/dags/11_branch_operator_with_decorator.py took 0.281 seconds
[2023-08-23T23:19:26.578+0000] {processor.py:157} INFO - Started process (PID=5482) to work on /opt/airflow/dags/11_branch_operator_with_decorator.py
[2023-08-23T23:19:26.578+0000] {processor.py:826} INFO - Processing file /opt/airflow/dags/11_branch_operator_with_decorator.py for tasks to queue
[2023-08-23T23:19:26.579+0000] {logging_mixin.py:150} INFO - [2023-08-23T23:19:26.579+0000] {dagbag.py:541} INFO - Filling up the DagBag from /opt/airflow/dags/11_branch_operator_with_decorator.py
[2023-08-23T23:19:26.590+0000] {processor.py:836} INFO - DAG(s) dict_keys(['11_branch_operator_with_decorator']) retrieved from /opt/airflow/dags/11_branch_operator_with_decorator.py
[2023-08-23T23:19:26.622+0000] {logging_mixin.py:150} INFO - [2023-08-23T23:19:26.622+0000] {dag.py:2742} INFO - Sync 1 DAGs
[2023-08-23T23:19:26.656+0000] {logging_mixin.py:150} INFO - [2023-08-23T23:19:26.656+0000] {dag.py:3508} INFO - Setting next_dagrun for 11_branch_operator_with_decorator to None, run_after=None
[2023-08-23T23:19:26.686+0000] {processor.py:179} INFO - Processing /opt/airflow/dags/11_branch_operator_with_decorator.py took 0.112 seconds
[2023-08-23T23:19:32.767+0000] {processor.py:157} INFO - Started process (PID=5485) to work on /opt/airflow/dags/11_branch_operator_with_decorator.py
[2023-08-23T23:19:32.774+0000] {processor.py:826} INFO - Processing file /opt/airflow/dags/11_branch_operator_with_decorator.py for tasks to queue
[2023-08-23T23:19:32.774+0000] {logging_mixin.py:150} INFO - [2023-08-23T23:19:32.774+0000] {dagbag.py:541} INFO - Filling up the DagBag from /opt/airflow/dags/11_branch_operator_with_decorator.py
[2023-08-23T23:19:32.781+0000] {processor.py:836} INFO - DAG(s) dict_keys(['11_branch_operator_with_decorator']) retrieved from /opt/airflow/dags/11_branch_operator_with_decorator.py
[2023-08-23T23:19:32.924+0000] {logging_mixin.py:150} INFO - [2023-08-23T23:19:32.923+0000] {dag.py:2742} INFO - Sync 1 DAGs
[2023-08-23T23:19:32.955+0000] {logging_mixin.py:150} INFO - [2023-08-23T23:19:32.955+0000] {dag.py:3508} INFO - Setting next_dagrun for 11_branch_operator_with_decorator to None, run_after=None
[2023-08-23T23:19:32.992+0000] {processor.py:179} INFO - Processing /opt/airflow/dags/11_branch_operator_with_decorator.py took 0.227 seconds
[2023-08-23T23:19:46.066+0000] {processor.py:157} INFO - Started process (PID=5508) to work on /opt/airflow/dags/11_branch_operator_with_decorator.py
[2023-08-23T23:19:46.067+0000] {processor.py:826} INFO - Processing file /opt/airflow/dags/11_branch_operator_with_decorator.py for tasks to queue
[2023-08-23T23:19:46.067+0000] {logging_mixin.py:150} INFO - [2023-08-23T23:19:46.067+0000] {dagbag.py:541} INFO - Filling up the DagBag from /opt/airflow/dags/11_branch_operator_with_decorator.py
[2023-08-23T23:19:46.077+0000] {processor.py:836} INFO - DAG(s) dict_keys(['11_branch_operator_with_decorator']) retrieved from /opt/airflow/dags/11_branch_operator_with_decorator.py
[2023-08-23T23:19:46.097+0000] {logging_mixin.py:150} INFO - [2023-08-23T23:19:46.096+0000] {dag.py:2742} INFO - Sync 1 DAGs
[2023-08-23T23:19:46.140+0000] {logging_mixin.py:150} INFO - [2023-08-23T23:19:46.140+0000] {dag.py:3508} INFO - Setting next_dagrun for 11_branch_operator_with_decorator to None, run_after=None
[2023-08-23T23:19:46.183+0000] {processor.py:179} INFO - Processing /opt/airflow/dags/11_branch_operator_with_decorator.py took 0.120 seconds
[2023-08-23T23:20:16.549+0000] {processor.py:157} INFO - Started process (PID=5571) to work on /opt/airflow/dags/11_branch_operator_with_decorator.py
[2023-08-23T23:20:16.555+0000] {processor.py:826} INFO - Processing file /opt/airflow/dags/11_branch_operator_with_decorator.py for tasks to queue
[2023-08-23T23:20:16.556+0000] {logging_mixin.py:150} INFO - [2023-08-23T23:20:16.556+0000] {dagbag.py:541} INFO - Filling up the DagBag from /opt/airflow/dags/11_branch_operator_with_decorator.py
[2023-08-23T23:20:16.563+0000] {processor.py:836} INFO - DAG(s) dict_keys(['11_branch_operator_with_decorator']) retrieved from /opt/airflow/dags/11_branch_operator_with_decorator.py
[2023-08-23T23:20:16.595+0000] {logging_mixin.py:150} INFO - [2023-08-23T23:20:16.594+0000] {dag.py:2742} INFO - Sync 1 DAGs
[2023-08-23T23:20:16.626+0000] {logging_mixin.py:150} INFO - [2023-08-23T23:20:16.626+0000] {dag.py:3508} INFO - Setting next_dagrun for 11_branch_operator_with_decorator to None, run_after=None
[2023-08-23T23:20:16.654+0000] {processor.py:179} INFO - Processing /opt/airflow/dags/11_branch_operator_with_decorator.py took 0.108 seconds
[2023-08-23T23:20:46.903+0000] {processor.py:157} INFO - Started process (PID=5635) to work on /opt/airflow/dags/11_branch_operator_with_decorator.py
[2023-08-23T23:20:46.904+0000] {processor.py:826} INFO - Processing file /opt/airflow/dags/11_branch_operator_with_decorator.py for tasks to queue
[2023-08-23T23:20:46.905+0000] {logging_mixin.py:150} INFO - [2023-08-23T23:20:46.905+0000] {dagbag.py:541} INFO - Filling up the DagBag from /opt/airflow/dags/11_branch_operator_with_decorator.py
[2023-08-23T23:20:46.913+0000] {processor.py:836} INFO - DAG(s) dict_keys(['11_branch_operator_with_decorator']) retrieved from /opt/airflow/dags/11_branch_operator_with_decorator.py
[2023-08-23T23:20:46.940+0000] {logging_mixin.py:150} INFO - [2023-08-23T23:20:46.940+0000] {dag.py:2742} INFO - Sync 1 DAGs
[2023-08-23T23:20:46.971+0000] {logging_mixin.py:150} INFO - [2023-08-23T23:20:46.970+0000] {dag.py:3508} INFO - Setting next_dagrun for 11_branch_operator_with_decorator to None, run_after=None
[2023-08-23T23:20:46.998+0000] {processor.py:179} INFO - Processing /opt/airflow/dags/11_branch_operator_with_decorator.py took 0.099 seconds
[2023-08-23T23:21:17.235+0000] {processor.py:157} INFO - Started process (PID=5698) to work on /opt/airflow/dags/11_branch_operator_with_decorator.py
[2023-08-23T23:21:17.237+0000] {processor.py:826} INFO - Processing file /opt/airflow/dags/11_branch_operator_with_decorator.py for tasks to queue
[2023-08-23T23:21:17.238+0000] {logging_mixin.py:150} INFO - [2023-08-23T23:21:17.238+0000] {dagbag.py:541} INFO - Filling up the DagBag from /opt/airflow/dags/11_branch_operator_with_decorator.py
[2023-08-23T23:21:17.250+0000] {processor.py:836} INFO - DAG(s) dict_keys(['11_branch_operator_with_decorator']) retrieved from /opt/airflow/dags/11_branch_operator_with_decorator.py
[2023-08-23T23:21:17.295+0000] {logging_mixin.py:150} INFO - [2023-08-23T23:21:17.295+0000] {dag.py:2742} INFO - Sync 1 DAGs
[2023-08-23T23:21:17.333+0000] {logging_mixin.py:150} INFO - [2023-08-23T23:21:17.333+0000] {dag.py:3508} INFO - Setting next_dagrun for 11_branch_operator_with_decorator to None, run_after=None
[2023-08-23T23:21:17.364+0000] {processor.py:179} INFO - Processing /opt/airflow/dags/11_branch_operator_with_decorator.py took 0.133 seconds
[2023-08-23T23:21:47.962+0000] {processor.py:157} INFO - Started process (PID=5761) to work on /opt/airflow/dags/11_branch_operator_with_decorator.py
[2023-08-23T23:21:47.968+0000] {processor.py:826} INFO - Processing file /opt/airflow/dags/11_branch_operator_with_decorator.py for tasks to queue
[2023-08-23T23:21:47.969+0000] {logging_mixin.py:150} INFO - [2023-08-23T23:21:47.969+0000] {dagbag.py:541} INFO - Filling up the DagBag from /opt/airflow/dags/11_branch_operator_with_decorator.py
[2023-08-23T23:21:47.979+0000] {processor.py:836} INFO - DAG(s) dict_keys(['11_branch_operator_with_decorator']) retrieved from /opt/airflow/dags/11_branch_operator_with_decorator.py
[2023-08-23T23:21:48.021+0000] {logging_mixin.py:150} INFO - [2023-08-23T23:21:48.020+0000] {dag.py:2742} INFO - Sync 1 DAGs
[2023-08-23T23:21:48.056+0000] {logging_mixin.py:150} INFO - [2023-08-23T23:21:48.056+0000] {dag.py:3508} INFO - Setting next_dagrun for 11_branch_operator_with_decorator to None, run_after=None
[2023-08-23T23:21:48.089+0000] {processor.py:179} INFO - Processing /opt/airflow/dags/11_branch_operator_with_decorator.py took 0.130 seconds
[2023-08-23T23:21:54.394+0000] {processor.py:157} INFO - Started process (PID=5801) to work on /opt/airflow/dags/11_branch_operator_with_decorator.py
[2023-08-23T23:21:54.395+0000] {processor.py:826} INFO - Processing file /opt/airflow/dags/11_branch_operator_with_decorator.py for tasks to queue
[2023-08-23T23:21:54.397+0000] {logging_mixin.py:150} INFO - [2023-08-23T23:21:54.396+0000] {dagbag.py:541} INFO - Filling up the DagBag from /opt/airflow/dags/11_branch_operator_with_decorator.py
[2023-08-23T23:21:54.404+0000] {processor.py:836} INFO - DAG(s) dict_keys(['11_branch_operator_with_decorator']) retrieved from /opt/airflow/dags/11_branch_operator_with_decorator.py
[2023-08-23T23:21:54.571+0000] {logging_mixin.py:150} INFO - [2023-08-23T23:21:54.570+0000] {dag.py:2742} INFO - Sync 1 DAGs
[2023-08-23T23:21:54.611+0000] {logging_mixin.py:150} INFO - [2023-08-23T23:21:54.611+0000] {dag.py:3508} INFO - Setting next_dagrun for 11_branch_operator_with_decorator to None, run_after=None
[2023-08-23T23:21:54.677+0000] {processor.py:179} INFO - Processing /opt/airflow/dags/11_branch_operator_with_decorator.py took 0.286 seconds
[2023-08-23T23:22:25.194+0000] {processor.py:157} INFO - Started process (PID=5864) to work on /opt/airflow/dags/11_branch_operator_with_decorator.py
[2023-08-23T23:22:25.196+0000] {processor.py:826} INFO - Processing file /opt/airflow/dags/11_branch_operator_with_decorator.py for tasks to queue
[2023-08-23T23:22:25.196+0000] {logging_mixin.py:150} INFO - [2023-08-23T23:22:25.196+0000] {dagbag.py:541} INFO - Filling up the DagBag from /opt/airflow/dags/11_branch_operator_with_decorator.py
[2023-08-23T23:22:25.202+0000] {processor.py:836} INFO - DAG(s) dict_keys(['11_branch_operator_with_decorator']) retrieved from /opt/airflow/dags/11_branch_operator_with_decorator.py
[2023-08-23T23:22:25.229+0000] {logging_mixin.py:150} INFO - [2023-08-23T23:22:25.229+0000] {dag.py:2742} INFO - Sync 1 DAGs
[2023-08-23T23:22:25.259+0000] {logging_mixin.py:150} INFO - [2023-08-23T23:22:25.259+0000] {dag.py:3508} INFO - Setting next_dagrun for 11_branch_operator_with_decorator to None, run_after=None
[2023-08-23T23:22:25.291+0000] {processor.py:179} INFO - Processing /opt/airflow/dags/11_branch_operator_with_decorator.py took 0.100 seconds
[2023-08-23T23:22:55.422+0000] {processor.py:157} INFO - Started process (PID=5928) to work on /opt/airflow/dags/11_branch_operator_with_decorator.py
[2023-08-23T23:22:55.423+0000] {processor.py:826} INFO - Processing file /opt/airflow/dags/11_branch_operator_with_decorator.py for tasks to queue
[2023-08-23T23:22:55.424+0000] {logging_mixin.py:150} INFO - [2023-08-23T23:22:55.423+0000] {dagbag.py:541} INFO - Filling up the DagBag from /opt/airflow/dags/11_branch_operator_with_decorator.py
[2023-08-23T23:22:55.429+0000] {processor.py:836} INFO - DAG(s) dict_keys(['11_branch_operator_with_decorator']) retrieved from /opt/airflow/dags/11_branch_operator_with_decorator.py
[2023-08-23T23:22:55.457+0000] {logging_mixin.py:150} INFO - [2023-08-23T23:22:55.456+0000] {dag.py:2742} INFO - Sync 1 DAGs
[2023-08-23T23:22:55.485+0000] {logging_mixin.py:150} INFO - [2023-08-23T23:22:55.485+0000] {dag.py:3508} INFO - Setting next_dagrun for 11_branch_operator_with_decorator to None, run_after=None
[2023-08-23T23:22:55.511+0000] {processor.py:179} INFO - Processing /opt/airflow/dags/11_branch_operator_with_decorator.py took 0.092 seconds
[2023-08-23T23:23:25.789+0000] {processor.py:157} INFO - Started process (PID=5985) to work on /opt/airflow/dags/11_branch_operator_with_decorator.py
[2023-08-23T23:23:25.790+0000] {processor.py:826} INFO - Processing file /opt/airflow/dags/11_branch_operator_with_decorator.py for tasks to queue
[2023-08-23T23:23:25.791+0000] {logging_mixin.py:150} INFO - [2023-08-23T23:23:25.791+0000] {dagbag.py:541} INFO - Filling up the DagBag from /opt/airflow/dags/11_branch_operator_with_decorator.py
[2023-08-23T23:23:25.797+0000] {processor.py:836} INFO - DAG(s) dict_keys(['11_branch_operator_with_decorator']) retrieved from /opt/airflow/dags/11_branch_operator_with_decorator.py
[2023-08-23T23:23:25.826+0000] {logging_mixin.py:150} INFO - [2023-08-23T23:23:25.826+0000] {dag.py:2742} INFO - Sync 1 DAGs
[2023-08-23T23:23:25.859+0000] {logging_mixin.py:150} INFO - [2023-08-23T23:23:25.858+0000] {dag.py:3508} INFO - Setting next_dagrun for 11_branch_operator_with_decorator to None, run_after=None
[2023-08-23T23:23:25.892+0000] {processor.py:179} INFO - Processing /opt/airflow/dags/11_branch_operator_with_decorator.py took 0.107 seconds
[2023-08-23T23:23:56.157+0000] {processor.py:157} INFO - Started process (PID=6044) to work on /opt/airflow/dags/11_branch_operator_with_decorator.py
[2023-08-23T23:23:56.158+0000] {processor.py:826} INFO - Processing file /opt/airflow/dags/11_branch_operator_with_decorator.py for tasks to queue
[2023-08-23T23:23:56.158+0000] {logging_mixin.py:150} INFO - [2023-08-23T23:23:56.158+0000] {dagbag.py:541} INFO - Filling up the DagBag from /opt/airflow/dags/11_branch_operator_with_decorator.py
[2023-08-23T23:23:56.165+0000] {processor.py:836} INFO - DAG(s) dict_keys(['11_branch_operator_with_decorator']) retrieved from /opt/airflow/dags/11_branch_operator_with_decorator.py
[2023-08-23T23:23:56.194+0000] {logging_mixin.py:150} INFO - [2023-08-23T23:23:56.194+0000] {dag.py:2742} INFO - Sync 1 DAGs
[2023-08-23T23:23:56.231+0000] {logging_mixin.py:150} INFO - [2023-08-23T23:23:56.231+0000] {dag.py:3508} INFO - Setting next_dagrun for 11_branch_operator_with_decorator to None, run_after=None
[2023-08-23T23:23:56.262+0000] {processor.py:179} INFO - Processing /opt/airflow/dags/11_branch_operator_with_decorator.py took 0.108 seconds
[2023-08-23T23:24:26.332+0000] {processor.py:157} INFO - Started process (PID=6103) to work on /opt/airflow/dags/11_branch_operator_with_decorator.py
[2023-08-23T23:24:26.333+0000] {processor.py:826} INFO - Processing file /opt/airflow/dags/11_branch_operator_with_decorator.py for tasks to queue
[2023-08-23T23:24:26.334+0000] {logging_mixin.py:150} INFO - [2023-08-23T23:24:26.334+0000] {dagbag.py:541} INFO - Filling up the DagBag from /opt/airflow/dags/11_branch_operator_with_decorator.py
[2023-08-23T23:24:26.342+0000] {processor.py:836} INFO - DAG(s) dict_keys(['11_branch_operator_with_decorator']) retrieved from /opt/airflow/dags/11_branch_operator_with_decorator.py
[2023-08-23T23:24:26.375+0000] {logging_mixin.py:150} INFO - [2023-08-23T23:24:26.375+0000] {dag.py:2742} INFO - Sync 1 DAGs
[2023-08-23T23:24:26.416+0000] {logging_mixin.py:150} INFO - [2023-08-23T23:24:26.415+0000] {dag.py:3508} INFO - Setting next_dagrun for 11_branch_operator_with_decorator to None, run_after=None
[2023-08-23T23:24:26.450+0000] {processor.py:179} INFO - Processing /opt/airflow/dags/11_branch_operator_with_decorator.py took 0.121 seconds
[2023-08-23T23:24:56.661+0000] {processor.py:157} INFO - Started process (PID=6166) to work on /opt/airflow/dags/11_branch_operator_with_decorator.py
[2023-08-23T23:24:56.662+0000] {processor.py:826} INFO - Processing file /opt/airflow/dags/11_branch_operator_with_decorator.py for tasks to queue
[2023-08-23T23:24:56.663+0000] {logging_mixin.py:150} INFO - [2023-08-23T23:24:56.662+0000] {dagbag.py:541} INFO - Filling up the DagBag from /opt/airflow/dags/11_branch_operator_with_decorator.py
[2023-08-23T23:24:56.669+0000] {processor.py:836} INFO - DAG(s) dict_keys(['11_branch_operator_with_decorator']) retrieved from /opt/airflow/dags/11_branch_operator_with_decorator.py
[2023-08-23T23:24:56.698+0000] {logging_mixin.py:150} INFO - [2023-08-23T23:24:56.698+0000] {dag.py:2742} INFO - Sync 1 DAGs
[2023-08-23T23:24:56.731+0000] {logging_mixin.py:150} INFO - [2023-08-23T23:24:56.731+0000] {dag.py:3508} INFO - Setting next_dagrun for 11_branch_operator_with_decorator to None, run_after=None
[2023-08-23T23:24:56.759+0000] {processor.py:179} INFO - Processing /opt/airflow/dags/11_branch_operator_with_decorator.py took 0.101 seconds
[2023-08-23T23:25:27.526+0000] {processor.py:157} INFO - Started process (PID=6229) to work on /opt/airflow/dags/11_branch_operator_with_decorator.py
[2023-08-23T23:25:27.527+0000] {processor.py:826} INFO - Processing file /opt/airflow/dags/11_branch_operator_with_decorator.py for tasks to queue
[2023-08-23T23:25:27.529+0000] {logging_mixin.py:150} INFO - [2023-08-23T23:25:27.528+0000] {dagbag.py:541} INFO - Filling up the DagBag from /opt/airflow/dags/11_branch_operator_with_decorator.py
[2023-08-23T23:25:27.535+0000] {processor.py:836} INFO - DAG(s) dict_keys(['11_branch_operator_with_decorator']) retrieved from /opt/airflow/dags/11_branch_operator_with_decorator.py
[2023-08-23T23:25:27.564+0000] {logging_mixin.py:150} INFO - [2023-08-23T23:25:27.564+0000] {dag.py:2742} INFO - Sync 1 DAGs
[2023-08-23T23:25:27.603+0000] {logging_mixin.py:150} INFO - [2023-08-23T23:25:27.602+0000] {dag.py:3508} INFO - Setting next_dagrun for 11_branch_operator_with_decorator to None, run_after=None
[2023-08-23T23:25:27.634+0000] {processor.py:179} INFO - Processing /opt/airflow/dags/11_branch_operator_with_decorator.py took 0.111 seconds
[2023-08-23T23:25:57.916+0000] {processor.py:157} INFO - Started process (PID=6292) to work on /opt/airflow/dags/11_branch_operator_with_decorator.py
[2023-08-23T23:25:57.917+0000] {processor.py:826} INFO - Processing file /opt/airflow/dags/11_branch_operator_with_decorator.py for tasks to queue
[2023-08-23T23:25:57.917+0000] {logging_mixin.py:150} INFO - [2023-08-23T23:25:57.917+0000] {dagbag.py:541} INFO - Filling up the DagBag from /opt/airflow/dags/11_branch_operator_with_decorator.py
[2023-08-23T23:25:57.925+0000] {processor.py:836} INFO - DAG(s) dict_keys(['11_branch_operator_with_decorator']) retrieved from /opt/airflow/dags/11_branch_operator_with_decorator.py
[2023-08-23T23:25:57.952+0000] {logging_mixin.py:150} INFO - [2023-08-23T23:25:57.952+0000] {dag.py:2742} INFO - Sync 1 DAGs
[2023-08-23T23:25:57.982+0000] {logging_mixin.py:150} INFO - [2023-08-23T23:25:57.982+0000] {dag.py:3508} INFO - Setting next_dagrun for 11_branch_operator_with_decorator to None, run_after=None
[2023-08-23T23:25:58.010+0000] {processor.py:179} INFO - Processing /opt/airflow/dags/11_branch_operator_with_decorator.py took 0.098 seconds
[2023-08-23T23:26:28.217+0000] {processor.py:157} INFO - Started process (PID=6353) to work on /opt/airflow/dags/11_branch_operator_with_decorator.py
[2023-08-23T23:26:28.218+0000] {processor.py:826} INFO - Processing file /opt/airflow/dags/11_branch_operator_with_decorator.py for tasks to queue
[2023-08-23T23:26:28.219+0000] {logging_mixin.py:150} INFO - [2023-08-23T23:26:28.219+0000] {dagbag.py:541} INFO - Filling up the DagBag from /opt/airflow/dags/11_branch_operator_with_decorator.py
[2023-08-23T23:26:28.225+0000] {processor.py:836} INFO - DAG(s) dict_keys(['11_branch_operator_with_decorator']) retrieved from /opt/airflow/dags/11_branch_operator_with_decorator.py
[2023-08-23T23:26:28.255+0000] {logging_mixin.py:150} INFO - [2023-08-23T23:26:28.254+0000] {dag.py:2742} INFO - Sync 1 DAGs
[2023-08-23T23:26:28.287+0000] {logging_mixin.py:150} INFO - [2023-08-23T23:26:28.287+0000] {dag.py:3508} INFO - Setting next_dagrun for 11_branch_operator_with_decorator to None, run_after=None
[2023-08-23T23:26:28.319+0000] {processor.py:179} INFO - Processing /opt/airflow/dags/11_branch_operator_with_decorator.py took 0.104 seconds
[2023-08-23T23:26:58.385+0000] {processor.py:157} INFO - Started process (PID=6411) to work on /opt/airflow/dags/11_branch_operator_with_decorator.py
[2023-08-23T23:26:58.386+0000] {processor.py:826} INFO - Processing file /opt/airflow/dags/11_branch_operator_with_decorator.py for tasks to queue
[2023-08-23T23:26:58.387+0000] {logging_mixin.py:150} INFO - [2023-08-23T23:26:58.387+0000] {dagbag.py:541} INFO - Filling up the DagBag from /opt/airflow/dags/11_branch_operator_with_decorator.py
[2023-08-23T23:26:58.394+0000] {processor.py:836} INFO - DAG(s) dict_keys(['11_branch_operator_with_decorator']) retrieved from /opt/airflow/dags/11_branch_operator_with_decorator.py
[2023-08-23T23:26:58.424+0000] {logging_mixin.py:150} INFO - [2023-08-23T23:26:58.423+0000] {dag.py:2742} INFO - Sync 1 DAGs
[2023-08-23T23:26:58.461+0000] {logging_mixin.py:150} INFO - [2023-08-23T23:26:58.461+0000] {dag.py:3508} INFO - Setting next_dagrun for 11_branch_operator_with_decorator to None, run_after=None
[2023-08-23T23:26:58.493+0000] {processor.py:179} INFO - Processing /opt/airflow/dags/11_branch_operator_with_decorator.py took 0.111 seconds
[2023-08-23T23:27:28.649+0000] {processor.py:157} INFO - Started process (PID=6474) to work on /opt/airflow/dags/11_branch_operator_with_decorator.py
[2023-08-23T23:27:28.650+0000] {processor.py:826} INFO - Processing file /opt/airflow/dags/11_branch_operator_with_decorator.py for tasks to queue
[2023-08-23T23:27:28.652+0000] {logging_mixin.py:150} INFO - [2023-08-23T23:27:28.651+0000] {dagbag.py:541} INFO - Filling up the DagBag from /opt/airflow/dags/11_branch_operator_with_decorator.py
[2023-08-23T23:27:28.663+0000] {processor.py:836} INFO - DAG(s) dict_keys(['11_branch_operator_with_decorator']) retrieved from /opt/airflow/dags/11_branch_operator_with_decorator.py
[2023-08-23T23:27:28.704+0000] {logging_mixin.py:150} INFO - [2023-08-23T23:27:28.704+0000] {dag.py:2742} INFO - Sync 1 DAGs
[2023-08-23T23:27:28.748+0000] {logging_mixin.py:150} INFO - [2023-08-23T23:27:28.747+0000] {dag.py:3508} INFO - Setting next_dagrun for 11_branch_operator_with_decorator to None, run_after=None
[2023-08-23T23:27:28.778+0000] {processor.py:179} INFO - Processing /opt/airflow/dags/11_branch_operator_with_decorator.py took 0.134 seconds
[2023-08-23T23:27:58.865+0000] {processor.py:157} INFO - Started process (PID=6538) to work on /opt/airflow/dags/11_branch_operator_with_decorator.py
[2023-08-23T23:27:58.865+0000] {processor.py:826} INFO - Processing file /opt/airflow/dags/11_branch_operator_with_decorator.py for tasks to queue
[2023-08-23T23:27:58.866+0000] {logging_mixin.py:150} INFO - [2023-08-23T23:27:58.866+0000] {dagbag.py:541} INFO - Filling up the DagBag from /opt/airflow/dags/11_branch_operator_with_decorator.py
[2023-08-23T23:27:58.873+0000] {processor.py:836} INFO - DAG(s) dict_keys(['11_branch_operator_with_decorator']) retrieved from /opt/airflow/dags/11_branch_operator_with_decorator.py
[2023-08-23T23:27:58.900+0000] {logging_mixin.py:150} INFO - [2023-08-23T23:27:58.899+0000] {dag.py:2742} INFO - Sync 1 DAGs
[2023-08-23T23:27:58.929+0000] {logging_mixin.py:150} INFO - [2023-08-23T23:27:58.928+0000] {dag.py:3508} INFO - Setting next_dagrun for 11_branch_operator_with_decorator to None, run_after=None
[2023-08-23T23:27:58.953+0000] {processor.py:179} INFO - Processing /opt/airflow/dags/11_branch_operator_with_decorator.py took 0.092 seconds
[2023-08-23T23:28:29.129+0000] {processor.py:157} INFO - Started process (PID=6599) to work on /opt/airflow/dags/11_branch_operator_with_decorator.py
[2023-08-23T23:28:29.131+0000] {processor.py:826} INFO - Processing file /opt/airflow/dags/11_branch_operator_with_decorator.py for tasks to queue
[2023-08-23T23:28:29.132+0000] {logging_mixin.py:150} INFO - [2023-08-23T23:28:29.132+0000] {dagbag.py:541} INFO - Filling up the DagBag from /opt/airflow/dags/11_branch_operator_with_decorator.py
[2023-08-23T23:28:29.138+0000] {processor.py:836} INFO - DAG(s) dict_keys(['11_branch_operator_with_decorator']) retrieved from /opt/airflow/dags/11_branch_operator_with_decorator.py
[2023-08-23T23:28:29.168+0000] {logging_mixin.py:150} INFO - [2023-08-23T23:28:29.168+0000] {dag.py:2742} INFO - Sync 1 DAGs
[2023-08-23T23:28:29.204+0000] {logging_mixin.py:150} INFO - [2023-08-23T23:28:29.204+0000] {dag.py:3508} INFO - Setting next_dagrun for 11_branch_operator_with_decorator to None, run_after=None
[2023-08-23T23:28:29.231+0000] {processor.py:179} INFO - Processing /opt/airflow/dags/11_branch_operator_with_decorator.py took 0.104 seconds
[2023-08-23T23:28:59.454+0000] {processor.py:157} INFO - Started process (PID=6658) to work on /opt/airflow/dags/11_branch_operator_with_decorator.py
[2023-08-23T23:28:59.456+0000] {processor.py:826} INFO - Processing file /opt/airflow/dags/11_branch_operator_with_decorator.py for tasks to queue
[2023-08-23T23:28:59.457+0000] {logging_mixin.py:150} INFO - [2023-08-23T23:28:59.456+0000] {dagbag.py:541} INFO - Filling up the DagBag from /opt/airflow/dags/11_branch_operator_with_decorator.py
[2023-08-23T23:28:59.463+0000] {processor.py:836} INFO - DAG(s) dict_keys(['11_branch_operator_with_decorator']) retrieved from /opt/airflow/dags/11_branch_operator_with_decorator.py
[2023-08-23T23:28:59.492+0000] {logging_mixin.py:150} INFO - [2023-08-23T23:28:59.491+0000] {dag.py:2742} INFO - Sync 1 DAGs
[2023-08-23T23:28:59.522+0000] {logging_mixin.py:150} INFO - [2023-08-23T23:28:59.522+0000] {dag.py:3508} INFO - Setting next_dagrun for 11_branch_operator_with_decorator to None, run_after=None
[2023-08-23T23:28:59.549+0000] {processor.py:179} INFO - Processing /opt/airflow/dags/11_branch_operator_with_decorator.py took 0.098 seconds
[2023-08-23T23:29:29.706+0000] {processor.py:157} INFO - Started process (PID=6718) to work on /opt/airflow/dags/11_branch_operator_with_decorator.py
[2023-08-23T23:29:29.707+0000] {processor.py:826} INFO - Processing file /opt/airflow/dags/11_branch_operator_with_decorator.py for tasks to queue
[2023-08-23T23:29:29.707+0000] {logging_mixin.py:150} INFO - [2023-08-23T23:29:29.707+0000] {dagbag.py:541} INFO - Filling up the DagBag from /opt/airflow/dags/11_branch_operator_with_decorator.py
[2023-08-23T23:29:29.713+0000] {processor.py:836} INFO - DAG(s) dict_keys(['11_branch_operator_with_decorator']) retrieved from /opt/airflow/dags/11_branch_operator_with_decorator.py
[2023-08-23T23:29:29.750+0000] {logging_mixin.py:150} INFO - [2023-08-23T23:29:29.750+0000] {dag.py:2742} INFO - Sync 1 DAGs
[2023-08-23T23:29:29.787+0000] {logging_mixin.py:150} INFO - [2023-08-23T23:29:29.787+0000] {dag.py:3508} INFO - Setting next_dagrun for 11_branch_operator_with_decorator to None, run_after=None
[2023-08-23T23:29:29.820+0000] {processor.py:179} INFO - Processing /opt/airflow/dags/11_branch_operator_with_decorator.py took 0.117 seconds
[2023-08-23T23:30:00.122+0000] {processor.py:157} INFO - Started process (PID=6778) to work on /opt/airflow/dags/11_branch_operator_with_decorator.py
[2023-08-23T23:30:00.129+0000] {processor.py:826} INFO - Processing file /opt/airflow/dags/11_branch_operator_with_decorator.py for tasks to queue
[2023-08-23T23:30:00.130+0000] {logging_mixin.py:150} INFO - [2023-08-23T23:30:00.130+0000] {dagbag.py:541} INFO - Filling up the DagBag from /opt/airflow/dags/11_branch_operator_with_decorator.py
[2023-08-23T23:30:00.140+0000] {processor.py:836} INFO - DAG(s) dict_keys(['11_branch_operator_with_decorator']) retrieved from /opt/airflow/dags/11_branch_operator_with_decorator.py
[2023-08-23T23:30:00.170+0000] {logging_mixin.py:150} INFO - [2023-08-23T23:30:00.170+0000] {dag.py:2742} INFO - Sync 1 DAGs
[2023-08-23T23:30:00.209+0000] {logging_mixin.py:150} INFO - [2023-08-23T23:30:00.208+0000] {dag.py:3508} INFO - Setting next_dagrun for 11_branch_operator_with_decorator to None, run_after=None
[2023-08-23T23:30:00.241+0000] {processor.py:179} INFO - Processing /opt/airflow/dags/11_branch_operator_with_decorator.py took 0.123 seconds
[2023-08-23T23:30:30.431+0000] {processor.py:157} INFO - Started process (PID=6841) to work on /opt/airflow/dags/11_branch_operator_with_decorator.py
[2023-08-23T23:30:30.432+0000] {processor.py:826} INFO - Processing file /opt/airflow/dags/11_branch_operator_with_decorator.py for tasks to queue
[2023-08-23T23:30:30.433+0000] {logging_mixin.py:150} INFO - [2023-08-23T23:30:30.432+0000] {dagbag.py:541} INFO - Filling up the DagBag from /opt/airflow/dags/11_branch_operator_with_decorator.py
[2023-08-23T23:30:30.440+0000] {processor.py:836} INFO - DAG(s) dict_keys(['11_branch_operator_with_decorator']) retrieved from /opt/airflow/dags/11_branch_operator_with_decorator.py
[2023-08-23T23:30:30.471+0000] {logging_mixin.py:150} INFO - [2023-08-23T23:30:30.471+0000] {dag.py:2742} INFO - Sync 1 DAGs
[2023-08-23T23:30:30.511+0000] {logging_mixin.py:150} INFO - [2023-08-23T23:30:30.510+0000] {dag.py:3508} INFO - Setting next_dagrun for 11_branch_operator_with_decorator to None, run_after=None
[2023-08-23T23:30:30.540+0000] {processor.py:179} INFO - Processing /opt/airflow/dags/11_branch_operator_with_decorator.py took 0.111 seconds
[2023-08-23T23:31:00.735+0000] {processor.py:157} INFO - Started process (PID=6904) to work on /opt/airflow/dags/11_branch_operator_with_decorator.py
[2023-08-23T23:31:00.742+0000] {processor.py:826} INFO - Processing file /opt/airflow/dags/11_branch_operator_with_decorator.py for tasks to queue
[2023-08-23T23:31:00.743+0000] {logging_mixin.py:150} INFO - [2023-08-23T23:31:00.743+0000] {dagbag.py:541} INFO - Filling up the DagBag from /opt/airflow/dags/11_branch_operator_with_decorator.py
[2023-08-23T23:31:00.754+0000] {processor.py:836} INFO - DAG(s) dict_keys(['11_branch_operator_with_decorator']) retrieved from /opt/airflow/dags/11_branch_operator_with_decorator.py
[2023-08-23T23:31:00.796+0000] {logging_mixin.py:150} INFO - [2023-08-23T23:31:00.796+0000] {dag.py:2742} INFO - Sync 1 DAGs
[2023-08-23T23:31:00.829+0000] {logging_mixin.py:150} INFO - [2023-08-23T23:31:00.828+0000] {dag.py:3508} INFO - Setting next_dagrun for 11_branch_operator_with_decorator to None, run_after=None
[2023-08-23T23:31:00.855+0000] {processor.py:179} INFO - Processing /opt/airflow/dags/11_branch_operator_with_decorator.py took 0.125 seconds
[2023-08-23T23:31:31.122+0000] {processor.py:157} INFO - Started process (PID=6967) to work on /opt/airflow/dags/11_branch_operator_with_decorator.py
[2023-08-23T23:31:31.123+0000] {processor.py:826} INFO - Processing file /opt/airflow/dags/11_branch_operator_with_decorator.py for tasks to queue
[2023-08-23T23:31:31.125+0000] {logging_mixin.py:150} INFO - [2023-08-23T23:31:31.124+0000] {dagbag.py:541} INFO - Filling up the DagBag from /opt/airflow/dags/11_branch_operator_with_decorator.py
[2023-08-23T23:31:31.136+0000] {processor.py:836} INFO - DAG(s) dict_keys(['11_branch_operator_with_decorator']) retrieved from /opt/airflow/dags/11_branch_operator_with_decorator.py
[2023-08-23T23:31:31.170+0000] {logging_mixin.py:150} INFO - [2023-08-23T23:31:31.170+0000] {dag.py:2742} INFO - Sync 1 DAGs
[2023-08-23T23:31:31.207+0000] {logging_mixin.py:150} INFO - [2023-08-23T23:31:31.207+0000] {dag.py:3508} INFO - Setting next_dagrun for 11_branch_operator_with_decorator to None, run_after=None
[2023-08-23T23:31:31.235+0000] {processor.py:179} INFO - Processing /opt/airflow/dags/11_branch_operator_with_decorator.py took 0.118 seconds
[2023-08-23T23:32:01.809+0000] {processor.py:157} INFO - Started process (PID=7030) to work on /opt/airflow/dags/11_branch_operator_with_decorator.py
[2023-08-23T23:32:01.810+0000] {processor.py:826} INFO - Processing file /opt/airflow/dags/11_branch_operator_with_decorator.py for tasks to queue
[2023-08-23T23:32:01.812+0000] {logging_mixin.py:150} INFO - [2023-08-23T23:32:01.811+0000] {dagbag.py:541} INFO - Filling up the DagBag from /opt/airflow/dags/11_branch_operator_with_decorator.py
[2023-08-23T23:32:01.822+0000] {processor.py:836} INFO - DAG(s) dict_keys(['11_branch_operator_with_decorator']) retrieved from /opt/airflow/dags/11_branch_operator_with_decorator.py
[2023-08-23T23:32:01.865+0000] {logging_mixin.py:150} INFO - [2023-08-23T23:32:01.865+0000] {dag.py:2742} INFO - Sync 1 DAGs
[2023-08-23T23:32:01.900+0000] {logging_mixin.py:150} INFO - [2023-08-23T23:32:01.900+0000] {dag.py:3508} INFO - Setting next_dagrun for 11_branch_operator_with_decorator to None, run_after=None
[2023-08-23T23:32:01.934+0000] {processor.py:179} INFO - Processing /opt/airflow/dags/11_branch_operator_with_decorator.py took 0.128 seconds
[2023-08-23T23:32:32.282+0000] {processor.py:157} INFO - Started process (PID=7093) to work on /opt/airflow/dags/11_branch_operator_with_decorator.py
[2023-08-23T23:32:32.284+0000] {processor.py:826} INFO - Processing file /opt/airflow/dags/11_branch_operator_with_decorator.py for tasks to queue
[2023-08-23T23:32:32.285+0000] {logging_mixin.py:150} INFO - [2023-08-23T23:32:32.284+0000] {dagbag.py:541} INFO - Filling up the DagBag from /opt/airflow/dags/11_branch_operator_with_decorator.py
[2023-08-23T23:32:32.296+0000] {processor.py:836} INFO - DAG(s) dict_keys(['11_branch_operator_with_decorator']) retrieved from /opt/airflow/dags/11_branch_operator_with_decorator.py
[2023-08-23T23:32:32.340+0000] {logging_mixin.py:150} INFO - [2023-08-23T23:32:32.340+0000] {dag.py:2742} INFO - Sync 1 DAGs
[2023-08-23T23:32:32.376+0000] {logging_mixin.py:150} INFO - [2023-08-23T23:32:32.376+0000] {dag.py:3508} INFO - Setting next_dagrun for 11_branch_operator_with_decorator to None, run_after=None
[2023-08-23T23:32:32.407+0000] {processor.py:179} INFO - Processing /opt/airflow/dags/11_branch_operator_with_decorator.py took 0.130 seconds
[2023-08-23T23:33:02.749+0000] {processor.py:157} INFO - Started process (PID=7156) to work on /opt/airflow/dags/11_branch_operator_with_decorator.py
[2023-08-23T23:33:02.750+0000] {processor.py:826} INFO - Processing file /opt/airflow/dags/11_branch_operator_with_decorator.py for tasks to queue
[2023-08-23T23:33:02.751+0000] {logging_mixin.py:150} INFO - [2023-08-23T23:33:02.751+0000] {dagbag.py:541} INFO - Filling up the DagBag from /opt/airflow/dags/11_branch_operator_with_decorator.py
[2023-08-23T23:33:02.758+0000] {processor.py:836} INFO - DAG(s) dict_keys(['11_branch_operator_with_decorator']) retrieved from /opt/airflow/dags/11_branch_operator_with_decorator.py
[2023-08-23T23:33:02.786+0000] {logging_mixin.py:150} INFO - [2023-08-23T23:33:02.786+0000] {dag.py:2742} INFO - Sync 1 DAGs
[2023-08-23T23:33:02.818+0000] {logging_mixin.py:150} INFO - [2023-08-23T23:33:02.818+0000] {dag.py:3508} INFO - Setting next_dagrun for 11_branch_operator_with_decorator to None, run_after=None
[2023-08-23T23:33:02.850+0000] {processor.py:179} INFO - Processing /opt/airflow/dags/11_branch_operator_with_decorator.py took 0.106 seconds
[2023-08-23T23:33:33.399+0000] {processor.py:157} INFO - Started process (PID=7219) to work on /opt/airflow/dags/11_branch_operator_with_decorator.py
[2023-08-23T23:33:33.400+0000] {processor.py:826} INFO - Processing file /opt/airflow/dags/11_branch_operator_with_decorator.py for tasks to queue
[2023-08-23T23:33:33.401+0000] {logging_mixin.py:150} INFO - [2023-08-23T23:33:33.401+0000] {dagbag.py:541} INFO - Filling up the DagBag from /opt/airflow/dags/11_branch_operator_with_decorator.py
[2023-08-23T23:33:33.409+0000] {processor.py:836} INFO - DAG(s) dict_keys(['11_branch_operator_with_decorator']) retrieved from /opt/airflow/dags/11_branch_operator_with_decorator.py
[2023-08-23T23:33:33.437+0000] {logging_mixin.py:150} INFO - [2023-08-23T23:33:33.437+0000] {dag.py:2742} INFO - Sync 1 DAGs
[2023-08-23T23:33:33.468+0000] {logging_mixin.py:150} INFO - [2023-08-23T23:33:33.467+0000] {dag.py:3508} INFO - Setting next_dagrun for 11_branch_operator_with_decorator to None, run_after=None
[2023-08-23T23:33:33.494+0000] {processor.py:179} INFO - Processing /opt/airflow/dags/11_branch_operator_with_decorator.py took 0.098 seconds
[2023-08-23T23:34:03.865+0000] {processor.py:157} INFO - Started process (PID=7283) to work on /opt/airflow/dags/11_branch_operator_with_decorator.py
[2023-08-23T23:34:03.866+0000] {processor.py:826} INFO - Processing file /opt/airflow/dags/11_branch_operator_with_decorator.py for tasks to queue
[2023-08-23T23:34:03.867+0000] {logging_mixin.py:150} INFO - [2023-08-23T23:34:03.867+0000] {dagbag.py:541} INFO - Filling up the DagBag from /opt/airflow/dags/11_branch_operator_with_decorator.py
[2023-08-23T23:34:03.877+0000] {processor.py:836} INFO - DAG(s) dict_keys(['11_branch_operator_with_decorator']) retrieved from /opt/airflow/dags/11_branch_operator_with_decorator.py
[2023-08-23T23:34:03.907+0000] {logging_mixin.py:150} INFO - [2023-08-23T23:34:03.907+0000] {dag.py:2742} INFO - Sync 1 DAGs
[2023-08-23T23:34:03.939+0000] {logging_mixin.py:150} INFO - [2023-08-23T23:34:03.939+0000] {dag.py:3508} INFO - Setting next_dagrun for 11_branch_operator_with_decorator to None, run_after=None
[2023-08-23T23:34:03.970+0000] {processor.py:179} INFO - Processing /opt/airflow/dags/11_branch_operator_with_decorator.py took 0.108 seconds
[2023-08-23T23:34:34.538+0000] {processor.py:157} INFO - Started process (PID=7347) to work on /opt/airflow/dags/11_branch_operator_with_decorator.py
[2023-08-23T23:34:34.544+0000] {processor.py:826} INFO - Processing file /opt/airflow/dags/11_branch_operator_with_decorator.py for tasks to queue
[2023-08-23T23:34:34.546+0000] {logging_mixin.py:150} INFO - [2023-08-23T23:34:34.545+0000] {dagbag.py:541} INFO - Filling up the DagBag from /opt/airflow/dags/11_branch_operator_with_decorator.py
[2023-08-23T23:34:34.553+0000] {processor.py:836} INFO - DAG(s) dict_keys(['11_branch_operator_with_decorator']) retrieved from /opt/airflow/dags/11_branch_operator_with_decorator.py
[2023-08-23T23:34:34.593+0000] {logging_mixin.py:150} INFO - [2023-08-23T23:34:34.593+0000] {dag.py:2742} INFO - Sync 1 DAGs
[2023-08-23T23:34:34.635+0000] {logging_mixin.py:150} INFO - [2023-08-23T23:34:34.635+0000] {dag.py:3508} INFO - Setting next_dagrun for 11_branch_operator_with_decorator to None, run_after=None
[2023-08-23T23:34:34.662+0000] {processor.py:179} INFO - Processing /opt/airflow/dags/11_branch_operator_with_decorator.py took 0.127 seconds
[2023-08-23T23:35:05.383+0000] {processor.py:157} INFO - Started process (PID=7412) to work on /opt/airflow/dags/11_branch_operator_with_decorator.py
[2023-08-23T23:35:05.389+0000] {processor.py:826} INFO - Processing file /opt/airflow/dags/11_branch_operator_with_decorator.py for tasks to queue
[2023-08-23T23:35:05.390+0000] {logging_mixin.py:150} INFO - [2023-08-23T23:35:05.390+0000] {dagbag.py:541} INFO - Filling up the DagBag from /opt/airflow/dags/11_branch_operator_with_decorator.py
[2023-08-23T23:35:05.401+0000] {processor.py:836} INFO - DAG(s) dict_keys(['11_branch_operator_with_decorator']) retrieved from /opt/airflow/dags/11_branch_operator_with_decorator.py
[2023-08-23T23:35:05.448+0000] {logging_mixin.py:150} INFO - [2023-08-23T23:35:05.448+0000] {dag.py:2742} INFO - Sync 1 DAGs
[2023-08-23T23:35:05.496+0000] {logging_mixin.py:150} INFO - [2023-08-23T23:35:05.495+0000] {dag.py:3508} INFO - Setting next_dagrun for 11_branch_operator_with_decorator to None, run_after=None
[2023-08-23T23:35:05.541+0000] {processor.py:179} INFO - Processing /opt/airflow/dags/11_branch_operator_with_decorator.py took 0.161 seconds
[2023-08-23T23:35:35.871+0000] {processor.py:157} INFO - Started process (PID=7476) to work on /opt/airflow/dags/11_branch_operator_with_decorator.py
[2023-08-23T23:35:35.871+0000] {processor.py:826} INFO - Processing file /opt/airflow/dags/11_branch_operator_with_decorator.py for tasks to queue
[2023-08-23T23:35:35.872+0000] {logging_mixin.py:150} INFO - [2023-08-23T23:35:35.872+0000] {dagbag.py:541} INFO - Filling up the DagBag from /opt/airflow/dags/11_branch_operator_with_decorator.py
[2023-08-23T23:35:35.880+0000] {processor.py:836} INFO - DAG(s) dict_keys(['11_branch_operator_with_decorator']) retrieved from /opt/airflow/dags/11_branch_operator_with_decorator.py
[2023-08-23T23:35:35.909+0000] {logging_mixin.py:150} INFO - [2023-08-23T23:35:35.909+0000] {dag.py:2742} INFO - Sync 1 DAGs
[2023-08-23T23:35:35.941+0000] {logging_mixin.py:150} INFO - [2023-08-23T23:35:35.941+0000] {dag.py:3508} INFO - Setting next_dagrun for 11_branch_operator_with_decorator to None, run_after=None
[2023-08-23T23:35:35.972+0000] {processor.py:179} INFO - Processing /opt/airflow/dags/11_branch_operator_with_decorator.py took 0.104 seconds
[2023-08-23T23:36:06.586+0000] {processor.py:157} INFO - Started process (PID=7540) to work on /opt/airflow/dags/11_branch_operator_with_decorator.py
[2023-08-23T23:36:06.592+0000] {processor.py:826} INFO - Processing file /opt/airflow/dags/11_branch_operator_with_decorator.py for tasks to queue
[2023-08-23T23:36:06.594+0000] {logging_mixin.py:150} INFO - [2023-08-23T23:36:06.593+0000] {dagbag.py:541} INFO - Filling up the DagBag from /opt/airflow/dags/11_branch_operator_with_decorator.py
[2023-08-23T23:36:06.603+0000] {processor.py:836} INFO - DAG(s) dict_keys(['11_branch_operator_with_decorator']) retrieved from /opt/airflow/dags/11_branch_operator_with_decorator.py
[2023-08-23T23:36:06.642+0000] {logging_mixin.py:150} INFO - [2023-08-23T23:36:06.641+0000] {dag.py:2742} INFO - Sync 1 DAGs
[2023-08-23T23:36:06.683+0000] {logging_mixin.py:150} INFO - [2023-08-23T23:36:06.682+0000] {dag.py:3508} INFO - Setting next_dagrun for 11_branch_operator_with_decorator to None, run_after=None
[2023-08-23T23:36:06.727+0000] {processor.py:179} INFO - Processing /opt/airflow/dags/11_branch_operator_with_decorator.py took 0.143 seconds
[2023-08-23T23:36:37.149+0000] {processor.py:157} INFO - Started process (PID=7604) to work on /opt/airflow/dags/11_branch_operator_with_decorator.py
[2023-08-23T23:36:37.155+0000] {processor.py:826} INFO - Processing file /opt/airflow/dags/11_branch_operator_with_decorator.py for tasks to queue
[2023-08-23T23:36:37.156+0000] {logging_mixin.py:150} INFO - [2023-08-23T23:36:37.156+0000] {dagbag.py:541} INFO - Filling up the DagBag from /opt/airflow/dags/11_branch_operator_with_decorator.py
[2023-08-23T23:36:37.164+0000] {processor.py:836} INFO - DAG(s) dict_keys(['11_branch_operator_with_decorator']) retrieved from /opt/airflow/dags/11_branch_operator_with_decorator.py
[2023-08-23T23:36:37.197+0000] {logging_mixin.py:150} INFO - [2023-08-23T23:36:37.196+0000] {dag.py:2742} INFO - Sync 1 DAGs
[2023-08-23T23:36:37.233+0000] {logging_mixin.py:150} INFO - [2023-08-23T23:36:37.232+0000] {dag.py:3508} INFO - Setting next_dagrun for 11_branch_operator_with_decorator to None, run_after=None
[2023-08-23T23:36:37.265+0000] {processor.py:179} INFO - Processing /opt/airflow/dags/11_branch_operator_with_decorator.py took 0.118 seconds
[2023-08-23T23:37:07.418+0000] {processor.py:157} INFO - Started process (PID=7668) to work on /opt/airflow/dags/11_branch_operator_with_decorator.py
[2023-08-23T23:37:07.424+0000] {processor.py:826} INFO - Processing file /opt/airflow/dags/11_branch_operator_with_decorator.py for tasks to queue
[2023-08-23T23:37:07.425+0000] {logging_mixin.py:150} INFO - [2023-08-23T23:37:07.425+0000] {dagbag.py:541} INFO - Filling up the DagBag from /opt/airflow/dags/11_branch_operator_with_decorator.py
[2023-08-23T23:37:07.436+0000] {processor.py:836} INFO - DAG(s) dict_keys(['11_branch_operator_with_decorator']) retrieved from /opt/airflow/dags/11_branch_operator_with_decorator.py
[2023-08-23T23:37:07.473+0000] {logging_mixin.py:150} INFO - [2023-08-23T23:37:07.473+0000] {dag.py:2742} INFO - Sync 1 DAGs
[2023-08-23T23:37:07.507+0000] {logging_mixin.py:150} INFO - [2023-08-23T23:37:07.507+0000] {dag.py:3508} INFO - Setting next_dagrun for 11_branch_operator_with_decorator to None, run_after=None
[2023-08-23T23:37:07.537+0000] {processor.py:179} INFO - Processing /opt/airflow/dags/11_branch_operator_with_decorator.py took 0.123 seconds
[2023-08-23T23:37:38.067+0000] {processor.py:157} INFO - Started process (PID=7732) to work on /opt/airflow/dags/11_branch_operator_with_decorator.py
[2023-08-23T23:37:38.073+0000] {processor.py:826} INFO - Processing file /opt/airflow/dags/11_branch_operator_with_decorator.py for tasks to queue
[2023-08-23T23:37:38.074+0000] {logging_mixin.py:150} INFO - [2023-08-23T23:37:38.074+0000] {dagbag.py:541} INFO - Filling up the DagBag from /opt/airflow/dags/11_branch_operator_with_decorator.py
[2023-08-23T23:37:38.082+0000] {processor.py:836} INFO - DAG(s) dict_keys(['11_branch_operator_with_decorator']) retrieved from /opt/airflow/dags/11_branch_operator_with_decorator.py
[2023-08-23T23:37:38.117+0000] {logging_mixin.py:150} INFO - [2023-08-23T23:37:38.116+0000] {dag.py:2742} INFO - Sync 1 DAGs
[2023-08-23T23:37:38.153+0000] {logging_mixin.py:150} INFO - [2023-08-23T23:37:38.153+0000] {dag.py:3508} INFO - Setting next_dagrun for 11_branch_operator_with_decorator to None, run_after=None
[2023-08-23T23:37:38.183+0000] {processor.py:179} INFO - Processing /opt/airflow/dags/11_branch_operator_with_decorator.py took 0.119 seconds
[2023-08-23T23:38:08.436+0000] {processor.py:157} INFO - Started process (PID=7797) to work on /opt/airflow/dags/11_branch_operator_with_decorator.py
[2023-08-23T23:38:08.442+0000] {processor.py:826} INFO - Processing file /opt/airflow/dags/11_branch_operator_with_decorator.py for tasks to queue
[2023-08-23T23:38:08.443+0000] {logging_mixin.py:150} INFO - [2023-08-23T23:38:08.443+0000] {dagbag.py:541} INFO - Filling up the DagBag from /opt/airflow/dags/11_branch_operator_with_decorator.py
[2023-08-23T23:38:08.451+0000] {processor.py:836} INFO - DAG(s) dict_keys(['11_branch_operator_with_decorator']) retrieved from /opt/airflow/dags/11_branch_operator_with_decorator.py
[2023-08-23T23:38:08.482+0000] {logging_mixin.py:150} INFO - [2023-08-23T23:38:08.481+0000] {dag.py:2742} INFO - Sync 1 DAGs
[2023-08-23T23:38:08.511+0000] {logging_mixin.py:150} INFO - [2023-08-23T23:38:08.511+0000] {dag.py:3508} INFO - Setting next_dagrun for 11_branch_operator_with_decorator to None, run_after=None
[2023-08-23T23:38:08.538+0000] {processor.py:179} INFO - Processing /opt/airflow/dags/11_branch_operator_with_decorator.py took 0.105 seconds
[2023-08-23T23:38:38.598+0000] {processor.py:157} INFO - Started process (PID=7861) to work on /opt/airflow/dags/11_branch_operator_with_decorator.py
[2023-08-23T23:38:38.604+0000] {processor.py:826} INFO - Processing file /opt/airflow/dags/11_branch_operator_with_decorator.py for tasks to queue
[2023-08-23T23:38:38.607+0000] {logging_mixin.py:150} INFO - [2023-08-23T23:38:38.606+0000] {dagbag.py:541} INFO - Filling up the DagBag from /opt/airflow/dags/11_branch_operator_with_decorator.py
[2023-08-23T23:38:38.619+0000] {processor.py:836} INFO - DAG(s) dict_keys(['11_branch_operator_with_decorator']) retrieved from /opt/airflow/dags/11_branch_operator_with_decorator.py
[2023-08-23T23:38:38.663+0000] {logging_mixin.py:150} INFO - [2023-08-23T23:38:38.662+0000] {dag.py:2742} INFO - Sync 1 DAGs
[2023-08-23T23:38:38.702+0000] {logging_mixin.py:150} INFO - [2023-08-23T23:38:38.702+0000] {dag.py:3508} INFO - Setting next_dagrun for 11_branch_operator_with_decorator to None, run_after=None
[2023-08-23T23:38:38.736+0000] {processor.py:179} INFO - Processing /opt/airflow/dags/11_branch_operator_with_decorator.py took 0.143 seconds
[2023-08-23T23:39:09.284+0000] {processor.py:157} INFO - Started process (PID=7925) to work on /opt/airflow/dags/11_branch_operator_with_decorator.py
[2023-08-23T23:39:09.290+0000] {processor.py:826} INFO - Processing file /opt/airflow/dags/11_branch_operator_with_decorator.py for tasks to queue
[2023-08-23T23:39:09.292+0000] {logging_mixin.py:150} INFO - [2023-08-23T23:39:09.291+0000] {dagbag.py:541} INFO - Filling up the DagBag from /opt/airflow/dags/11_branch_operator_with_decorator.py
[2023-08-23T23:39:09.305+0000] {processor.py:836} INFO - DAG(s) dict_keys(['11_branch_operator_with_decorator']) retrieved from /opt/airflow/dags/11_branch_operator_with_decorator.py
[2023-08-23T23:39:09.344+0000] {logging_mixin.py:150} INFO - [2023-08-23T23:39:09.343+0000] {dag.py:2742} INFO - Sync 1 DAGs
[2023-08-23T23:39:09.383+0000] {logging_mixin.py:150} INFO - [2023-08-23T23:39:09.382+0000] {dag.py:3508} INFO - Setting next_dagrun for 11_branch_operator_with_decorator to None, run_after=None
[2023-08-23T23:39:09.417+0000] {processor.py:179} INFO - Processing /opt/airflow/dags/11_branch_operator_with_decorator.py took 0.139 seconds
[2023-08-23T23:39:40.008+0000] {processor.py:157} INFO - Started process (PID=7989) to work on /opt/airflow/dags/11_branch_operator_with_decorator.py
[2023-08-23T23:39:40.014+0000] {processor.py:826} INFO - Processing file /opt/airflow/dags/11_branch_operator_with_decorator.py for tasks to queue
[2023-08-23T23:39:40.015+0000] {logging_mixin.py:150} INFO - [2023-08-23T23:39:40.015+0000] {dagbag.py:541} INFO - Filling up the DagBag from /opt/airflow/dags/11_branch_operator_with_decorator.py
[2023-08-23T23:39:40.024+0000] {processor.py:836} INFO - DAG(s) dict_keys(['11_branch_operator_with_decorator']) retrieved from /opt/airflow/dags/11_branch_operator_with_decorator.py
[2023-08-23T23:39:40.063+0000] {logging_mixin.py:150} INFO - [2023-08-23T23:39:40.063+0000] {dag.py:2742} INFO - Sync 1 DAGs
[2023-08-23T23:39:40.099+0000] {logging_mixin.py:150} INFO - [2023-08-23T23:39:40.099+0000] {dag.py:3508} INFO - Setting next_dagrun for 11_branch_operator_with_decorator to None, run_after=None
[2023-08-23T23:39:40.128+0000] {processor.py:179} INFO - Processing /opt/airflow/dags/11_branch_operator_with_decorator.py took 0.122 seconds
[2023-08-23T23:40:10.545+0000] {processor.py:157} INFO - Started process (PID=8053) to work on /opt/airflow/dags/11_branch_operator_with_decorator.py
[2023-08-23T23:40:10.546+0000] {processor.py:826} INFO - Processing file /opt/airflow/dags/11_branch_operator_with_decorator.py for tasks to queue
[2023-08-23T23:40:10.547+0000] {logging_mixin.py:150} INFO - [2023-08-23T23:40:10.547+0000] {dagbag.py:541} INFO - Filling up the DagBag from /opt/airflow/dags/11_branch_operator_with_decorator.py
[2023-08-23T23:40:10.559+0000] {processor.py:836} INFO - DAG(s) dict_keys(['11_branch_operator_with_decorator']) retrieved from /opt/airflow/dags/11_branch_operator_with_decorator.py
[2023-08-23T23:40:10.591+0000] {logging_mixin.py:150} INFO - [2023-08-23T23:40:10.590+0000] {dag.py:2742} INFO - Sync 1 DAGs
[2023-08-23T23:40:10.625+0000] {logging_mixin.py:150} INFO - [2023-08-23T23:40:10.625+0000] {dag.py:3508} INFO - Setting next_dagrun for 11_branch_operator_with_decorator to None, run_after=None
[2023-08-23T23:40:10.653+0000] {processor.py:179} INFO - Processing /opt/airflow/dags/11_branch_operator_with_decorator.py took 0.113 seconds
[2023-08-23T23:40:40.889+0000] {processor.py:157} INFO - Started process (PID=8118) to work on /opt/airflow/dags/11_branch_operator_with_decorator.py
[2023-08-23T23:40:40.891+0000] {processor.py:826} INFO - Processing file /opt/airflow/dags/11_branch_operator_with_decorator.py for tasks to queue
[2023-08-23T23:40:40.892+0000] {logging_mixin.py:150} INFO - [2023-08-23T23:40:40.891+0000] {dagbag.py:541} INFO - Filling up the DagBag from /opt/airflow/dags/11_branch_operator_with_decorator.py
[2023-08-23T23:40:40.898+0000] {processor.py:836} INFO - DAG(s) dict_keys(['11_branch_operator_with_decorator']) retrieved from /opt/airflow/dags/11_branch_operator_with_decorator.py
[2023-08-23T23:40:40.927+0000] {logging_mixin.py:150} INFO - [2023-08-23T23:40:40.926+0000] {dag.py:2742} INFO - Sync 1 DAGs
[2023-08-23T23:40:40.964+0000] {logging_mixin.py:150} INFO - [2023-08-23T23:40:40.964+0000] {dag.py:3508} INFO - Setting next_dagrun for 11_branch_operator_with_decorator to None, run_after=None
[2023-08-23T23:40:40.993+0000] {processor.py:179} INFO - Processing /opt/airflow/dags/11_branch_operator_with_decorator.py took 0.107 seconds
[2023-08-23T23:41:11.194+0000] {processor.py:157} INFO - Started process (PID=8182) to work on /opt/airflow/dags/11_branch_operator_with_decorator.py
[2023-08-23T23:41:11.196+0000] {processor.py:826} INFO - Processing file /opt/airflow/dags/11_branch_operator_with_decorator.py for tasks to queue
[2023-08-23T23:41:11.198+0000] {logging_mixin.py:150} INFO - [2023-08-23T23:41:11.197+0000] {dagbag.py:541} INFO - Filling up the DagBag from /opt/airflow/dags/11_branch_operator_with_decorator.py
[2023-08-23T23:41:11.207+0000] {processor.py:836} INFO - DAG(s) dict_keys(['11_branch_operator_with_decorator']) retrieved from /opt/airflow/dags/11_branch_operator_with_decorator.py
[2023-08-23T23:41:11.240+0000] {logging_mixin.py:150} INFO - [2023-08-23T23:41:11.239+0000] {dag.py:2742} INFO - Sync 1 DAGs
[2023-08-23T23:41:11.283+0000] {logging_mixin.py:150} INFO - [2023-08-23T23:41:11.283+0000] {dag.py:3508} INFO - Setting next_dagrun for 11_branch_operator_with_decorator to None, run_after=None
[2023-08-23T23:41:11.319+0000] {processor.py:179} INFO - Processing /opt/airflow/dags/11_branch_operator_with_decorator.py took 0.127 seconds
[2023-08-23T23:41:41.604+0000] {processor.py:157} INFO - Started process (PID=8253) to work on /opt/airflow/dags/11_branch_operator_with_decorator.py
[2023-08-23T23:41:41.606+0000] {processor.py:826} INFO - Processing file /opt/airflow/dags/11_branch_operator_with_decorator.py for tasks to queue
[2023-08-23T23:41:41.608+0000] {logging_mixin.py:150} INFO - [2023-08-23T23:41:41.607+0000] {dagbag.py:541} INFO - Filling up the DagBag from /opt/airflow/dags/11_branch_operator_with_decorator.py
[2023-08-23T23:41:41.614+0000] {processor.py:836} INFO - DAG(s) dict_keys(['11_branch_operator_with_decorator']) retrieved from /opt/airflow/dags/11_branch_operator_with_decorator.py
[2023-08-23T23:41:41.648+0000] {logging_mixin.py:150} INFO - [2023-08-23T23:41:41.648+0000] {dag.py:2742} INFO - Sync 1 DAGs
[2023-08-23T23:41:41.680+0000] {logging_mixin.py:150} INFO - [2023-08-23T23:41:41.680+0000] {dag.py:3508} INFO - Setting next_dagrun for 11_branch_operator_with_decorator to None, run_after=None
[2023-08-23T23:41:41.711+0000] {processor.py:179} INFO - Processing /opt/airflow/dags/11_branch_operator_with_decorator.py took 0.109 seconds
[2023-08-23T23:42:12.064+0000] {processor.py:157} INFO - Started process (PID=8317) to work on /opt/airflow/dags/11_branch_operator_with_decorator.py
[2023-08-23T23:42:12.071+0000] {processor.py:826} INFO - Processing file /opt/airflow/dags/11_branch_operator_with_decorator.py for tasks to queue
[2023-08-23T23:42:12.073+0000] {logging_mixin.py:150} INFO - [2023-08-23T23:42:12.072+0000] {dagbag.py:541} INFO - Filling up the DagBag from /opt/airflow/dags/11_branch_operator_with_decorator.py
[2023-08-23T23:42:12.080+0000] {processor.py:836} INFO - DAG(s) dict_keys(['11_branch_operator_with_decorator']) retrieved from /opt/airflow/dags/11_branch_operator_with_decorator.py
[2023-08-23T23:42:12.118+0000] {logging_mixin.py:150} INFO - [2023-08-23T23:42:12.117+0000] {dag.py:2742} INFO - Sync 1 DAGs
[2023-08-23T23:42:12.149+0000] {logging_mixin.py:150} INFO - [2023-08-23T23:42:12.149+0000] {dag.py:3508} INFO - Setting next_dagrun for 11_branch_operator_with_decorator to None, run_after=None
[2023-08-23T23:42:12.174+0000] {processor.py:179} INFO - Processing /opt/airflow/dags/11_branch_operator_with_decorator.py took 0.115 seconds
[2023-08-23T23:42:43.100+0000] {processor.py:157} INFO - Started process (PID=8381) to work on /opt/airflow/dags/11_branch_operator_with_decorator.py
[2023-08-23T23:42:43.101+0000] {processor.py:826} INFO - Processing file /opt/airflow/dags/11_branch_operator_with_decorator.py for tasks to queue
[2023-08-23T23:42:43.102+0000] {logging_mixin.py:150} INFO - [2023-08-23T23:42:43.102+0000] {dagbag.py:541} INFO - Filling up the DagBag from /opt/airflow/dags/11_branch_operator_with_decorator.py
[2023-08-23T23:42:43.110+0000] {processor.py:836} INFO - DAG(s) dict_keys(['11_branch_operator_with_decorator']) retrieved from /opt/airflow/dags/11_branch_operator_with_decorator.py
[2023-08-23T23:42:43.143+0000] {logging_mixin.py:150} INFO - [2023-08-23T23:42:43.143+0000] {dag.py:2742} INFO - Sync 1 DAGs
[2023-08-23T23:42:43.190+0000] {logging_mixin.py:150} INFO - [2023-08-23T23:42:43.189+0000] {dag.py:3508} INFO - Setting next_dagrun for 11_branch_operator_with_decorator to None, run_after=None
[2023-08-23T23:42:43.222+0000] {processor.py:179} INFO - Processing /opt/airflow/dags/11_branch_operator_with_decorator.py took 0.126 seconds
[2023-08-23T23:43:13.849+0000] {processor.py:157} INFO - Started process (PID=8445) to work on /opt/airflow/dags/11_branch_operator_with_decorator.py
[2023-08-23T23:43:13.855+0000] {processor.py:826} INFO - Processing file /opt/airflow/dags/11_branch_operator_with_decorator.py for tasks to queue
[2023-08-23T23:43:13.856+0000] {logging_mixin.py:150} INFO - [2023-08-23T23:43:13.856+0000] {dagbag.py:541} INFO - Filling up the DagBag from /opt/airflow/dags/11_branch_operator_with_decorator.py
[2023-08-23T23:43:13.868+0000] {processor.py:836} INFO - DAG(s) dict_keys(['11_branch_operator_with_decorator']) retrieved from /opt/airflow/dags/11_branch_operator_with_decorator.py
[2023-08-23T23:43:13.899+0000] {logging_mixin.py:150} INFO - [2023-08-23T23:43:13.899+0000] {dag.py:2742} INFO - Sync 1 DAGs
[2023-08-23T23:43:13.931+0000] {logging_mixin.py:150} INFO - [2023-08-23T23:43:13.931+0000] {dag.py:3508} INFO - Setting next_dagrun for 11_branch_operator_with_decorator to None, run_after=None
[2023-08-23T23:43:13.969+0000] {processor.py:179} INFO - Processing /opt/airflow/dags/11_branch_operator_with_decorator.py took 0.124 seconds
[2023-08-23T23:43:44.368+0000] {processor.py:157} INFO - Started process (PID=8509) to work on /opt/airflow/dags/11_branch_operator_with_decorator.py
[2023-08-23T23:43:44.369+0000] {processor.py:826} INFO - Processing file /opt/airflow/dags/11_branch_operator_with_decorator.py for tasks to queue
[2023-08-23T23:43:44.370+0000] {logging_mixin.py:150} INFO - [2023-08-23T23:43:44.370+0000] {dagbag.py:541} INFO - Filling up the DagBag from /opt/airflow/dags/11_branch_operator_with_decorator.py
[2023-08-23T23:43:44.382+0000] {processor.py:836} INFO - DAG(s) dict_keys(['11_branch_operator_with_decorator']) retrieved from /opt/airflow/dags/11_branch_operator_with_decorator.py
[2023-08-23T23:43:44.494+0000] {logging_mixin.py:150} INFO - [2023-08-23T23:43:44.494+0000] {dag.py:2742} INFO - Sync 1 DAGs
[2023-08-23T23:43:44.525+0000] {logging_mixin.py:150} INFO - [2023-08-23T23:43:44.525+0000] {dag.py:3508} INFO - Setting next_dagrun for 11_branch_operator_with_decorator to None, run_after=None
[2023-08-23T23:43:44.559+0000] {processor.py:179} INFO - Processing /opt/airflow/dags/11_branch_operator_with_decorator.py took 0.197 seconds
[2023-08-23T23:44:15.265+0000] {processor.py:157} INFO - Started process (PID=8573) to work on /opt/airflow/dags/11_branch_operator_with_decorator.py
[2023-08-23T23:44:15.266+0000] {processor.py:826} INFO - Processing file /opt/airflow/dags/11_branch_operator_with_decorator.py for tasks to queue
[2023-08-23T23:44:15.268+0000] {logging_mixin.py:150} INFO - [2023-08-23T23:44:15.267+0000] {dagbag.py:541} INFO - Filling up the DagBag from /opt/airflow/dags/11_branch_operator_with_decorator.py
[2023-08-23T23:44:15.277+0000] {processor.py:836} INFO - DAG(s) dict_keys(['11_branch_operator_with_decorator']) retrieved from /opt/airflow/dags/11_branch_operator_with_decorator.py
[2023-08-23T23:44:15.314+0000] {logging_mixin.py:150} INFO - [2023-08-23T23:44:15.313+0000] {dag.py:2742} INFO - Sync 1 DAGs
[2023-08-23T23:44:15.354+0000] {logging_mixin.py:150} INFO - [2023-08-23T23:44:15.353+0000] {dag.py:3508} INFO - Setting next_dagrun for 11_branch_operator_with_decorator to None, run_after=None
[2023-08-23T23:44:15.384+0000] {processor.py:179} INFO - Processing /opt/airflow/dags/11_branch_operator_with_decorator.py took 0.123 seconds
[2023-08-23T23:44:45.424+0000] {processor.py:157} INFO - Started process (PID=8637) to work on /opt/airflow/dags/11_branch_operator_with_decorator.py
[2023-08-23T23:44:45.425+0000] {processor.py:826} INFO - Processing file /opt/airflow/dags/11_branch_operator_with_decorator.py for tasks to queue
[2023-08-23T23:44:45.426+0000] {logging_mixin.py:150} INFO - [2023-08-23T23:44:45.426+0000] {dagbag.py:541} INFO - Filling up the DagBag from /opt/airflow/dags/11_branch_operator_with_decorator.py
[2023-08-23T23:44:45.432+0000] {processor.py:836} INFO - DAG(s) dict_keys(['11_branch_operator_with_decorator']) retrieved from /opt/airflow/dags/11_branch_operator_with_decorator.py
[2023-08-23T23:44:45.460+0000] {logging_mixin.py:150} INFO - [2023-08-23T23:44:45.459+0000] {dag.py:2742} INFO - Sync 1 DAGs
[2023-08-23T23:44:45.495+0000] {logging_mixin.py:150} INFO - [2023-08-23T23:44:45.495+0000] {dag.py:3508} INFO - Setting next_dagrun for 11_branch_operator_with_decorator to None, run_after=None
[2023-08-23T23:44:45.525+0000] {processor.py:179} INFO - Processing /opt/airflow/dags/11_branch_operator_with_decorator.py took 0.104 seconds
[2023-08-23T23:45:15.643+0000] {processor.py:157} INFO - Started process (PID=8701) to work on /opt/airflow/dags/11_branch_operator_with_decorator.py
[2023-08-23T23:45:15.644+0000] {processor.py:826} INFO - Processing file /opt/airflow/dags/11_branch_operator_with_decorator.py for tasks to queue
[2023-08-23T23:45:15.645+0000] {logging_mixin.py:150} INFO - [2023-08-23T23:45:15.645+0000] {dagbag.py:541} INFO - Filling up the DagBag from /opt/airflow/dags/11_branch_operator_with_decorator.py
[2023-08-23T23:45:15.652+0000] {processor.py:836} INFO - DAG(s) dict_keys(['11_branch_operator_with_decorator']) retrieved from /opt/airflow/dags/11_branch_operator_with_decorator.py
[2023-08-23T23:45:15.683+0000] {logging_mixin.py:150} INFO - [2023-08-23T23:45:15.683+0000] {dag.py:2742} INFO - Sync 1 DAGs
[2023-08-23T23:45:15.716+0000] {logging_mixin.py:150} INFO - [2023-08-23T23:45:15.716+0000] {dag.py:3508} INFO - Setting next_dagrun for 11_branch_operator_with_decorator to None, run_after=None
[2023-08-23T23:45:15.741+0000] {processor.py:179} INFO - Processing /opt/airflow/dags/11_branch_operator_with_decorator.py took 0.104 seconds
[2023-08-23T23:45:46.310+0000] {processor.py:157} INFO - Started process (PID=8762) to work on /opt/airflow/dags/11_branch_operator_with_decorator.py
[2023-08-23T23:45:46.312+0000] {processor.py:826} INFO - Processing file /opt/airflow/dags/11_branch_operator_with_decorator.py for tasks to queue
[2023-08-23T23:45:46.313+0000] {logging_mixin.py:150} INFO - [2023-08-23T23:45:46.312+0000] {dagbag.py:541} INFO - Filling up the DagBag from /opt/airflow/dags/11_branch_operator_with_decorator.py
[2023-08-23T23:45:46.319+0000] {processor.py:836} INFO - DAG(s) dict_keys(['11_branch_operator_with_decorator']) retrieved from /opt/airflow/dags/11_branch_operator_with_decorator.py
[2023-08-23T23:45:46.357+0000] {logging_mixin.py:150} INFO - [2023-08-23T23:45:46.356+0000] {dag.py:2742} INFO - Sync 1 DAGs
[2023-08-23T23:45:46.398+0000] {logging_mixin.py:150} INFO - [2023-08-23T23:45:46.398+0000] {dag.py:3508} INFO - Setting next_dagrun for 11_branch_operator_with_decorator to None, run_after=None
[2023-08-23T23:45:46.434+0000] {processor.py:179} INFO - Processing /opt/airflow/dags/11_branch_operator_with_decorator.py took 0.127 seconds
[2023-08-23T23:46:16.954+0000] {processor.py:157} INFO - Started process (PID=8826) to work on /opt/airflow/dags/11_branch_operator_with_decorator.py
[2023-08-23T23:46:16.955+0000] {processor.py:826} INFO - Processing file /opt/airflow/dags/11_branch_operator_with_decorator.py for tasks to queue
[2023-08-23T23:46:16.956+0000] {logging_mixin.py:150} INFO - [2023-08-23T23:46:16.956+0000] {dagbag.py:541} INFO - Filling up the DagBag from /opt/airflow/dags/11_branch_operator_with_decorator.py
[2023-08-23T23:46:16.962+0000] {processor.py:836} INFO - DAG(s) dict_keys(['11_branch_operator_with_decorator']) retrieved from /opt/airflow/dags/11_branch_operator_with_decorator.py
[2023-08-23T23:46:16.992+0000] {logging_mixin.py:150} INFO - [2023-08-23T23:46:16.992+0000] {dag.py:2742} INFO - Sync 1 DAGs
[2023-08-23T23:46:17.023+0000] {logging_mixin.py:150} INFO - [2023-08-23T23:46:17.023+0000] {dag.py:3508} INFO - Setting next_dagrun for 11_branch_operator_with_decorator to None, run_after=None
[2023-08-23T23:46:17.052+0000] {processor.py:179} INFO - Processing /opt/airflow/dags/11_branch_operator_with_decorator.py took 0.101 seconds
[2023-08-23T23:46:24.331+0000] {processor.py:157} INFO - Started process (PID=8865) to work on /opt/airflow/dags/11_branch_operator_with_decorator.py
[2023-08-23T23:46:24.333+0000] {processor.py:826} INFO - Processing file /opt/airflow/dags/11_branch_operator_with_decorator.py for tasks to queue
[2023-08-23T23:46:24.333+0000] {logging_mixin.py:150} INFO - [2023-08-23T23:46:24.333+0000] {dagbag.py:541} INFO - Filling up the DagBag from /opt/airflow/dags/11_branch_operator_with_decorator.py
[2023-08-23T23:46:24.342+0000] {processor.py:836} INFO - DAG(s) dict_keys(['11_branch_operator_with_decorator']) retrieved from /opt/airflow/dags/11_branch_operator_with_decorator.py
[2023-08-23T23:46:24.370+0000] {logging_mixin.py:150} INFO - [2023-08-23T23:46:24.370+0000] {dag.py:2742} INFO - Sync 1 DAGs
[2023-08-23T23:46:24.408+0000] {logging_mixin.py:150} INFO - [2023-08-23T23:46:24.407+0000] {dag.py:3508} INFO - Setting next_dagrun for 11_branch_operator_with_decorator to None, run_after=None
[2023-08-23T23:46:24.451+0000] {processor.py:179} INFO - Processing /opt/airflow/dags/11_branch_operator_with_decorator.py took 0.124 seconds
[2023-08-23T23:46:54.703+0000] {processor.py:157} INFO - Started process (PID=8930) to work on /opt/airflow/dags/11_branch_operator_with_decorator.py
[2023-08-23T23:46:54.706+0000] {processor.py:826} INFO - Processing file /opt/airflow/dags/11_branch_operator_with_decorator.py for tasks to queue
[2023-08-23T23:46:54.708+0000] {logging_mixin.py:150} INFO - [2023-08-23T23:46:54.707+0000] {dagbag.py:541} INFO - Filling up the DagBag from /opt/airflow/dags/11_branch_operator_with_decorator.py
[2023-08-23T23:46:54.716+0000] {processor.py:836} INFO - DAG(s) dict_keys(['11_branch_operator_with_decorator']) retrieved from /opt/airflow/dags/11_branch_operator_with_decorator.py
[2023-08-23T23:46:54.750+0000] {logging_mixin.py:150} INFO - [2023-08-23T23:46:54.749+0000] {dag.py:2742} INFO - Sync 1 DAGs
[2023-08-23T23:46:54.785+0000] {logging_mixin.py:150} INFO - [2023-08-23T23:46:54.785+0000] {dag.py:3508} INFO - Setting next_dagrun for 11_branch_operator_with_decorator to None, run_after=None
[2023-08-23T23:46:54.813+0000] {processor.py:179} INFO - Processing /opt/airflow/dags/11_branch_operator_with_decorator.py took 0.113 seconds
[2023-08-23T23:47:25.173+0000] {processor.py:157} INFO - Started process (PID=8990) to work on /opt/airflow/dags/11_branch_operator_with_decorator.py
[2023-08-23T23:47:25.174+0000] {processor.py:826} INFO - Processing file /opt/airflow/dags/11_branch_operator_with_decorator.py for tasks to queue
[2023-08-23T23:47:25.175+0000] {logging_mixin.py:150} INFO - [2023-08-23T23:47:25.175+0000] {dagbag.py:541} INFO - Filling up the DagBag from /opt/airflow/dags/11_branch_operator_with_decorator.py
[2023-08-23T23:47:25.184+0000] {processor.py:836} INFO - DAG(s) dict_keys(['11_branch_operator_with_decorator']) retrieved from /opt/airflow/dags/11_branch_operator_with_decorator.py
[2023-08-23T23:47:25.219+0000] {logging_mixin.py:150} INFO - [2023-08-23T23:47:25.218+0000] {dag.py:2742} INFO - Sync 1 DAGs
[2023-08-23T23:47:25.257+0000] {logging_mixin.py:150} INFO - [2023-08-23T23:47:25.256+0000] {dag.py:3508} INFO - Setting next_dagrun for 11_branch_operator_with_decorator to None, run_after=None
[2023-08-23T23:47:25.290+0000] {processor.py:179} INFO - Processing /opt/airflow/dags/11_branch_operator_with_decorator.py took 0.120 seconds
[2023-08-23T23:47:55.406+0000] {processor.py:157} INFO - Started process (PID=9055) to work on /opt/airflow/dags/11_branch_operator_with_decorator.py
[2023-08-23T23:47:55.408+0000] {processor.py:826} INFO - Processing file /opt/airflow/dags/11_branch_operator_with_decorator.py for tasks to queue
[2023-08-23T23:47:55.409+0000] {logging_mixin.py:150} INFO - [2023-08-23T23:47:55.408+0000] {dagbag.py:541} INFO - Filling up the DagBag from /opt/airflow/dags/11_branch_operator_with_decorator.py
[2023-08-23T23:47:55.415+0000] {processor.py:836} INFO - DAG(s) dict_keys(['11_branch_operator_with_decorator']) retrieved from /opt/airflow/dags/11_branch_operator_with_decorator.py
[2023-08-23T23:47:55.448+0000] {logging_mixin.py:150} INFO - [2023-08-23T23:47:55.448+0000] {dag.py:2742} INFO - Sync 1 DAGs
[2023-08-23T23:47:55.480+0000] {logging_mixin.py:150} INFO - [2023-08-23T23:47:55.480+0000] {dag.py:3508} INFO - Setting next_dagrun for 11_branch_operator_with_decorator to None, run_after=None
[2023-08-23T23:47:55.513+0000] {processor.py:179} INFO - Processing /opt/airflow/dags/11_branch_operator_with_decorator.py took 0.110 seconds
[2023-08-23T23:48:25.609+0000] {processor.py:157} INFO - Started process (PID=9113) to work on /opt/airflow/dags/11_branch_operator_with_decorator.py
[2023-08-23T23:48:25.611+0000] {processor.py:826} INFO - Processing file /opt/airflow/dags/11_branch_operator_with_decorator.py for tasks to queue
[2023-08-23T23:48:25.611+0000] {logging_mixin.py:150} INFO - [2023-08-23T23:48:25.611+0000] {dagbag.py:541} INFO - Filling up the DagBag from /opt/airflow/dags/11_branch_operator_with_decorator.py
[2023-08-23T23:48:25.619+0000] {processor.py:836} INFO - DAG(s) dict_keys(['11_branch_operator_with_decorator']) retrieved from /opt/airflow/dags/11_branch_operator_with_decorator.py
[2023-08-23T23:48:25.648+0000] {logging_mixin.py:150} INFO - [2023-08-23T23:48:25.648+0000] {dag.py:2742} INFO - Sync 1 DAGs
[2023-08-23T23:48:25.681+0000] {logging_mixin.py:150} INFO - [2023-08-23T23:48:25.681+0000] {dag.py:3508} INFO - Setting next_dagrun for 11_branch_operator_with_decorator to None, run_after=None
[2023-08-23T23:48:25.711+0000] {processor.py:179} INFO - Processing /opt/airflow/dags/11_branch_operator_with_decorator.py took 0.105 seconds
[2023-08-23T23:48:56.032+0000] {processor.py:157} INFO - Started process (PID=9172) to work on /opt/airflow/dags/11_branch_operator_with_decorator.py
[2023-08-23T23:48:56.033+0000] {processor.py:826} INFO - Processing file /opt/airflow/dags/11_branch_operator_with_decorator.py for tasks to queue
[2023-08-23T23:48:56.034+0000] {logging_mixin.py:150} INFO - [2023-08-23T23:48:56.034+0000] {dagbag.py:541} INFO - Filling up the DagBag from /opt/airflow/dags/11_branch_operator_with_decorator.py
[2023-08-23T23:48:56.044+0000] {processor.py:836} INFO - DAG(s) dict_keys(['11_branch_operator_with_decorator']) retrieved from /opt/airflow/dags/11_branch_operator_with_decorator.py
[2023-08-23T23:48:56.074+0000] {logging_mixin.py:150} INFO - [2023-08-23T23:48:56.074+0000] {dag.py:2742} INFO - Sync 1 DAGs
[2023-08-23T23:48:56.112+0000] {logging_mixin.py:150} INFO - [2023-08-23T23:48:56.111+0000] {dag.py:3508} INFO - Setting next_dagrun for 11_branch_operator_with_decorator to None, run_after=None
[2023-08-23T23:48:56.140+0000] {processor.py:179} INFO - Processing /opt/airflow/dags/11_branch_operator_with_decorator.py took 0.111 seconds
[2023-08-23T23:49:26.331+0000] {processor.py:157} INFO - Started process (PID=9237) to work on /opt/airflow/dags/11_branch_operator_with_decorator.py
[2023-08-23T23:49:26.339+0000] {processor.py:826} INFO - Processing file /opt/airflow/dags/11_branch_operator_with_decorator.py for tasks to queue
[2023-08-23T23:49:26.340+0000] {logging_mixin.py:150} INFO - [2023-08-23T23:49:26.339+0000] {dagbag.py:541} INFO - Filling up the DagBag from /opt/airflow/dags/11_branch_operator_with_decorator.py
[2023-08-23T23:49:26.346+0000] {processor.py:836} INFO - DAG(s) dict_keys(['11_branch_operator_with_decorator']) retrieved from /opt/airflow/dags/11_branch_operator_with_decorator.py
[2023-08-23T23:49:26.373+0000] {logging_mixin.py:150} INFO - [2023-08-23T23:49:26.373+0000] {dag.py:2742} INFO - Sync 1 DAGs
[2023-08-23T23:49:26.403+0000] {logging_mixin.py:150} INFO - [2023-08-23T23:49:26.403+0000] {dag.py:3508} INFO - Setting next_dagrun for 11_branch_operator_with_decorator to None, run_after=None
[2023-08-23T23:49:26.431+0000] {processor.py:179} INFO - Processing /opt/airflow/dags/11_branch_operator_with_decorator.py took 0.103 seconds
[2023-08-23T23:49:56.479+0000] {processor.py:157} INFO - Started process (PID=9302) to work on /opt/airflow/dags/11_branch_operator_with_decorator.py
[2023-08-23T23:49:56.480+0000] {processor.py:826} INFO - Processing file /opt/airflow/dags/11_branch_operator_with_decorator.py for tasks to queue
[2023-08-23T23:49:56.480+0000] {logging_mixin.py:150} INFO - [2023-08-23T23:49:56.480+0000] {dagbag.py:541} INFO - Filling up the DagBag from /opt/airflow/dags/11_branch_operator_with_decorator.py
[2023-08-23T23:49:56.488+0000] {processor.py:836} INFO - DAG(s) dict_keys(['11_branch_operator_with_decorator']) retrieved from /opt/airflow/dags/11_branch_operator_with_decorator.py
[2023-08-23T23:49:56.518+0000] {logging_mixin.py:150} INFO - [2023-08-23T23:49:56.518+0000] {dag.py:2742} INFO - Sync 1 DAGs
[2023-08-23T23:49:56.550+0000] {logging_mixin.py:150} INFO - [2023-08-23T23:49:56.549+0000] {dag.py:3508} INFO - Setting next_dagrun for 11_branch_operator_with_decorator to None, run_after=None
[2023-08-23T23:49:56.577+0000] {processor.py:179} INFO - Processing /opt/airflow/dags/11_branch_operator_with_decorator.py took 0.101 seconds
[2023-08-23T23:50:26.856+0000] {processor.py:157} INFO - Started process (PID=9367) to work on /opt/airflow/dags/11_branch_operator_with_decorator.py
[2023-08-23T23:50:26.862+0000] {processor.py:826} INFO - Processing file /opt/airflow/dags/11_branch_operator_with_decorator.py for tasks to queue
[2023-08-23T23:50:26.863+0000] {logging_mixin.py:150} INFO - [2023-08-23T23:50:26.863+0000] {dagbag.py:541} INFO - Filling up the DagBag from /opt/airflow/dags/11_branch_operator_with_decorator.py
[2023-08-23T23:50:26.869+0000] {processor.py:836} INFO - DAG(s) dict_keys(['11_branch_operator_with_decorator']) retrieved from /opt/airflow/dags/11_branch_operator_with_decorator.py
[2023-08-23T23:50:26.895+0000] {logging_mixin.py:150} INFO - [2023-08-23T23:50:26.895+0000] {dag.py:2742} INFO - Sync 1 DAGs
[2023-08-23T23:50:26.926+0000] {logging_mixin.py:150} INFO - [2023-08-23T23:50:26.925+0000] {dag.py:3508} INFO - Setting next_dagrun for 11_branch_operator_with_decorator to None, run_after=None
[2023-08-23T23:50:26.952+0000] {processor.py:179} INFO - Processing /opt/airflow/dags/11_branch_operator_with_decorator.py took 0.100 seconds
[2023-08-23T23:50:57.223+0000] {processor.py:157} INFO - Started process (PID=9432) to work on /opt/airflow/dags/11_branch_operator_with_decorator.py
[2023-08-23T23:50:57.224+0000] {processor.py:826} INFO - Processing file /opt/airflow/dags/11_branch_operator_with_decorator.py for tasks to queue
[2023-08-23T23:50:57.224+0000] {logging_mixin.py:150} INFO - [2023-08-23T23:50:57.224+0000] {dagbag.py:541} INFO - Filling up the DagBag from /opt/airflow/dags/11_branch_operator_with_decorator.py
[2023-08-23T23:50:57.230+0000] {processor.py:836} INFO - DAG(s) dict_keys(['11_branch_operator_with_decorator']) retrieved from /opt/airflow/dags/11_branch_operator_with_decorator.py
[2023-08-23T23:50:57.257+0000] {logging_mixin.py:150} INFO - [2023-08-23T23:50:57.256+0000] {dag.py:2742} INFO - Sync 1 DAGs
[2023-08-23T23:50:57.286+0000] {logging_mixin.py:150} INFO - [2023-08-23T23:50:57.285+0000] {dag.py:3508} INFO - Setting next_dagrun for 11_branch_operator_with_decorator to None, run_after=None
[2023-08-23T23:50:57.313+0000] {processor.py:179} INFO - Processing /opt/airflow/dags/11_branch_operator_with_decorator.py took 0.096 seconds
[2023-08-23T23:51:28.044+0000] {processor.py:157} INFO - Started process (PID=9497) to work on /opt/airflow/dags/11_branch_operator_with_decorator.py
[2023-08-23T23:51:28.046+0000] {processor.py:826} INFO - Processing file /opt/airflow/dags/11_branch_operator_with_decorator.py for tasks to queue
[2023-08-23T23:51:28.046+0000] {logging_mixin.py:150} INFO - [2023-08-23T23:51:28.046+0000] {dagbag.py:541} INFO - Filling up the DagBag from /opt/airflow/dags/11_branch_operator_with_decorator.py
[2023-08-23T23:51:28.053+0000] {processor.py:836} INFO - DAG(s) dict_keys(['11_branch_operator_with_decorator']) retrieved from /opt/airflow/dags/11_branch_operator_with_decorator.py
[2023-08-23T23:51:28.083+0000] {logging_mixin.py:150} INFO - [2023-08-23T23:51:28.083+0000] {dag.py:2742} INFO - Sync 1 DAGs
[2023-08-23T23:51:28.112+0000] {logging_mixin.py:150} INFO - [2023-08-23T23:51:28.112+0000] {dag.py:3508} INFO - Setting next_dagrun for 11_branch_operator_with_decorator to None, run_after=None
[2023-08-23T23:51:28.139+0000] {processor.py:179} INFO - Processing /opt/airflow/dags/11_branch_operator_with_decorator.py took 0.097 seconds
[2023-08-23T23:51:58.437+0000] {processor.py:157} INFO - Started process (PID=9562) to work on /opt/airflow/dags/11_branch_operator_with_decorator.py
[2023-08-23T23:51:58.438+0000] {processor.py:826} INFO - Processing file /opt/airflow/dags/11_branch_operator_with_decorator.py for tasks to queue
[2023-08-23T23:51:58.438+0000] {logging_mixin.py:150} INFO - [2023-08-23T23:51:58.438+0000] {dagbag.py:541} INFO - Filling up the DagBag from /opt/airflow/dags/11_branch_operator_with_decorator.py
[2023-08-23T23:51:58.444+0000] {processor.py:836} INFO - DAG(s) dict_keys(['11_branch_operator_with_decorator']) retrieved from /opt/airflow/dags/11_branch_operator_with_decorator.py
[2023-08-23T23:51:58.472+0000] {logging_mixin.py:150} INFO - [2023-08-23T23:51:58.471+0000] {dag.py:2742} INFO - Sync 1 DAGs
[2023-08-23T23:51:58.501+0000] {logging_mixin.py:150} INFO - [2023-08-23T23:51:58.501+0000] {dag.py:3508} INFO - Setting next_dagrun for 11_branch_operator_with_decorator to None, run_after=None
[2023-08-23T23:51:58.527+0000] {processor.py:179} INFO - Processing /opt/airflow/dags/11_branch_operator_with_decorator.py took 0.093 seconds
[2023-08-23T23:52:28.787+0000] {processor.py:157} INFO - Started process (PID=9627) to work on /opt/airflow/dags/11_branch_operator_with_decorator.py
[2023-08-23T23:52:28.793+0000] {processor.py:826} INFO - Processing file /opt/airflow/dags/11_branch_operator_with_decorator.py for tasks to queue
[2023-08-23T23:52:28.794+0000] {logging_mixin.py:150} INFO - [2023-08-23T23:52:28.794+0000] {dagbag.py:541} INFO - Filling up the DagBag from /opt/airflow/dags/11_branch_operator_with_decorator.py
[2023-08-23T23:52:28.800+0000] {processor.py:836} INFO - DAG(s) dict_keys(['11_branch_operator_with_decorator']) retrieved from /opt/airflow/dags/11_branch_operator_with_decorator.py
[2023-08-23T23:52:28.827+0000] {logging_mixin.py:150} INFO - [2023-08-23T23:52:28.826+0000] {dag.py:2742} INFO - Sync 1 DAGs
[2023-08-23T23:52:28.856+0000] {logging_mixin.py:150} INFO - [2023-08-23T23:52:28.856+0000] {dag.py:3508} INFO - Setting next_dagrun for 11_branch_operator_with_decorator to None, run_after=None
[2023-08-23T23:52:28.884+0000] {processor.py:179} INFO - Processing /opt/airflow/dags/11_branch_operator_with_decorator.py took 0.100 seconds
[2023-08-23T23:52:59.409+0000] {processor.py:157} INFO - Started process (PID=9692) to work on /opt/airflow/dags/11_branch_operator_with_decorator.py
[2023-08-23T23:52:59.416+0000] {processor.py:826} INFO - Processing file /opt/airflow/dags/11_branch_operator_with_decorator.py for tasks to queue
[2023-08-23T23:52:59.417+0000] {logging_mixin.py:150} INFO - [2023-08-23T23:52:59.416+0000] {dagbag.py:541} INFO - Filling up the DagBag from /opt/airflow/dags/11_branch_operator_with_decorator.py
[2023-08-23T23:52:59.422+0000] {processor.py:836} INFO - DAG(s) dict_keys(['11_branch_operator_with_decorator']) retrieved from /opt/airflow/dags/11_branch_operator_with_decorator.py
[2023-08-23T23:52:59.450+0000] {logging_mixin.py:150} INFO - [2023-08-23T23:52:59.450+0000] {dag.py:2742} INFO - Sync 1 DAGs
[2023-08-23T23:52:59.483+0000] {logging_mixin.py:150} INFO - [2023-08-23T23:52:59.482+0000] {dag.py:3508} INFO - Setting next_dagrun for 11_branch_operator_with_decorator to None, run_after=None
[2023-08-23T23:52:59.509+0000] {processor.py:179} INFO - Processing /opt/airflow/dags/11_branch_operator_with_decorator.py took 0.103 seconds
[2023-08-23T23:53:29.962+0000] {processor.py:157} INFO - Started process (PID=9757) to work on /opt/airflow/dags/11_branch_operator_with_decorator.py
[2023-08-23T23:53:29.962+0000] {processor.py:826} INFO - Processing file /opt/airflow/dags/11_branch_operator_with_decorator.py for tasks to queue
[2023-08-23T23:53:29.963+0000] {logging_mixin.py:150} INFO - [2023-08-23T23:53:29.963+0000] {dagbag.py:541} INFO - Filling up the DagBag from /opt/airflow/dags/11_branch_operator_with_decorator.py
[2023-08-23T23:53:29.969+0000] {processor.py:836} INFO - DAG(s) dict_keys(['11_branch_operator_with_decorator']) retrieved from /opt/airflow/dags/11_branch_operator_with_decorator.py
[2023-08-23T23:53:29.996+0000] {logging_mixin.py:150} INFO - [2023-08-23T23:53:29.996+0000] {dag.py:2742} INFO - Sync 1 DAGs
[2023-08-23T23:53:30.025+0000] {logging_mixin.py:150} INFO - [2023-08-23T23:53:30.025+0000] {dag.py:3508} INFO - Setting next_dagrun for 11_branch_operator_with_decorator to None, run_after=None
[2023-08-23T23:53:30.051+0000] {processor.py:179} INFO - Processing /opt/airflow/dags/11_branch_operator_with_decorator.py took 0.092 seconds
[2023-08-23T23:54:00.426+0000] {processor.py:157} INFO - Started process (PID=9822) to work on /opt/airflow/dags/11_branch_operator_with_decorator.py
[2023-08-23T23:54:00.432+0000] {processor.py:826} INFO - Processing file /opt/airflow/dags/11_branch_operator_with_decorator.py for tasks to queue
[2023-08-23T23:54:00.433+0000] {logging_mixin.py:150} INFO - [2023-08-23T23:54:00.433+0000] {dagbag.py:541} INFO - Filling up the DagBag from /opt/airflow/dags/11_branch_operator_with_decorator.py
[2023-08-23T23:54:00.439+0000] {processor.py:836} INFO - DAG(s) dict_keys(['11_branch_operator_with_decorator']) retrieved from /opt/airflow/dags/11_branch_operator_with_decorator.py
[2023-08-23T23:54:00.466+0000] {logging_mixin.py:150} INFO - [2023-08-23T23:54:00.465+0000] {dag.py:2742} INFO - Sync 1 DAGs
[2023-08-23T23:54:00.496+0000] {logging_mixin.py:150} INFO - [2023-08-23T23:54:00.495+0000] {dag.py:3508} INFO - Setting next_dagrun for 11_branch_operator_with_decorator to None, run_after=None
[2023-08-23T23:54:00.521+0000] {processor.py:179} INFO - Processing /opt/airflow/dags/11_branch_operator_with_decorator.py took 0.098 seconds
[2023-08-23T23:54:30.898+0000] {processor.py:157} INFO - Started process (PID=9887) to work on /opt/airflow/dags/11_branch_operator_with_decorator.py
[2023-08-23T23:54:30.898+0000] {processor.py:826} INFO - Processing file /opt/airflow/dags/11_branch_operator_with_decorator.py for tasks to queue
[2023-08-23T23:54:30.899+0000] {logging_mixin.py:150} INFO - [2023-08-23T23:54:30.899+0000] {dagbag.py:541} INFO - Filling up the DagBag from /opt/airflow/dags/11_branch_operator_with_decorator.py
[2023-08-23T23:54:30.905+0000] {processor.py:836} INFO - DAG(s) dict_keys(['11_branch_operator_with_decorator']) retrieved from /opt/airflow/dags/11_branch_operator_with_decorator.py
[2023-08-23T23:54:30.942+0000] {logging_mixin.py:150} INFO - [2023-08-23T23:54:30.942+0000] {dag.py:2742} INFO - Sync 1 DAGs
[2023-08-23T23:54:30.969+0000] {logging_mixin.py:150} INFO - [2023-08-23T23:54:30.969+0000] {dag.py:3508} INFO - Setting next_dagrun for 11_branch_operator_with_decorator to None, run_after=None
[2023-08-23T23:54:30.995+0000] {processor.py:179} INFO - Processing /opt/airflow/dags/11_branch_operator_with_decorator.py took 0.101 seconds
[2023-08-23T23:55:01.202+0000] {processor.py:157} INFO - Started process (PID=9952) to work on /opt/airflow/dags/11_branch_operator_with_decorator.py
[2023-08-23T23:55:01.203+0000] {processor.py:826} INFO - Processing file /opt/airflow/dags/11_branch_operator_with_decorator.py for tasks to queue
[2023-08-23T23:55:01.204+0000] {logging_mixin.py:150} INFO - [2023-08-23T23:55:01.203+0000] {dagbag.py:541} INFO - Filling up the DagBag from /opt/airflow/dags/11_branch_operator_with_decorator.py
[2023-08-23T23:55:01.210+0000] {processor.py:836} INFO - DAG(s) dict_keys(['11_branch_operator_with_decorator']) retrieved from /opt/airflow/dags/11_branch_operator_with_decorator.py
[2023-08-23T23:55:01.241+0000] {logging_mixin.py:150} INFO - [2023-08-23T23:55:01.241+0000] {dag.py:2742} INFO - Sync 1 DAGs
[2023-08-23T23:55:01.277+0000] {logging_mixin.py:150} INFO - [2023-08-23T23:55:01.277+0000] {dag.py:3508} INFO - Setting next_dagrun for 11_branch_operator_with_decorator to None, run_after=None
[2023-08-23T23:55:01.305+0000] {processor.py:179} INFO - Processing /opt/airflow/dags/11_branch_operator_with_decorator.py took 0.108 seconds
[2023-08-23T23:55:31.645+0000] {processor.py:157} INFO - Started process (PID=10017) to work on /opt/airflow/dags/11_branch_operator_with_decorator.py
[2023-08-23T23:55:31.646+0000] {processor.py:826} INFO - Processing file /opt/airflow/dags/11_branch_operator_with_decorator.py for tasks to queue
[2023-08-23T23:55:31.647+0000] {logging_mixin.py:150} INFO - [2023-08-23T23:55:31.647+0000] {dagbag.py:541} INFO - Filling up the DagBag from /opt/airflow/dags/11_branch_operator_with_decorator.py
[2023-08-23T23:55:31.653+0000] {processor.py:836} INFO - DAG(s) dict_keys(['11_branch_operator_with_decorator']) retrieved from /opt/airflow/dags/11_branch_operator_with_decorator.py
[2023-08-23T23:55:31.682+0000] {logging_mixin.py:150} INFO - [2023-08-23T23:55:31.682+0000] {dag.py:2742} INFO - Sync 1 DAGs
[2023-08-23T23:55:31.711+0000] {logging_mixin.py:150} INFO - [2023-08-23T23:55:31.711+0000] {dag.py:3508} INFO - Setting next_dagrun for 11_branch_operator_with_decorator to None, run_after=None
[2023-08-23T23:55:31.739+0000] {processor.py:179} INFO - Processing /opt/airflow/dags/11_branch_operator_with_decorator.py took 0.097 seconds
[2023-08-23T23:56:02.405+0000] {processor.py:157} INFO - Started process (PID=10082) to work on /opt/airflow/dags/11_branch_operator_with_decorator.py
[2023-08-23T23:56:02.408+0000] {processor.py:826} INFO - Processing file /opt/airflow/dags/11_branch_operator_with_decorator.py for tasks to queue
[2023-08-23T23:56:02.411+0000] {logging_mixin.py:150} INFO - [2023-08-23T23:56:02.410+0000] {dagbag.py:541} INFO - Filling up the DagBag from /opt/airflow/dags/11_branch_operator_with_decorator.py
[2023-08-23T23:56:02.430+0000] {processor.py:836} INFO - DAG(s) dict_keys(['11_branch_operator_with_decorator']) retrieved from /opt/airflow/dags/11_branch_operator_with_decorator.py
[2023-08-23T23:56:02.504+0000] {logging_mixin.py:150} INFO - [2023-08-23T23:56:02.503+0000] {dag.py:2742} INFO - Sync 1 DAGs
[2023-08-23T23:56:02.564+0000] {logging_mixin.py:150} INFO - [2023-08-23T23:56:02.564+0000] {dag.py:3508} INFO - Setting next_dagrun for 11_branch_operator_with_decorator to None, run_after=None
[2023-08-23T23:56:02.653+0000] {processor.py:179} INFO - Processing /opt/airflow/dags/11_branch_operator_with_decorator.py took 0.261 seconds
[2023-08-23T23:56:33.082+0000] {processor.py:157} INFO - Started process (PID=10147) to work on /opt/airflow/dags/11_branch_operator_with_decorator.py
[2023-08-23T23:56:33.082+0000] {processor.py:826} INFO - Processing file /opt/airflow/dags/11_branch_operator_with_decorator.py for tasks to queue
[2023-08-23T23:56:33.083+0000] {logging_mixin.py:150} INFO - [2023-08-23T23:56:33.083+0000] {dagbag.py:541} INFO - Filling up the DagBag from /opt/airflow/dags/11_branch_operator_with_decorator.py
[2023-08-23T23:56:33.089+0000] {processor.py:836} INFO - DAG(s) dict_keys(['11_branch_operator_with_decorator']) retrieved from /opt/airflow/dags/11_branch_operator_with_decorator.py
[2023-08-23T23:56:33.120+0000] {logging_mixin.py:150} INFO - [2023-08-23T23:56:33.119+0000] {dag.py:2742} INFO - Sync 1 DAGs
[2023-08-23T23:56:33.156+0000] {logging_mixin.py:150} INFO - [2023-08-23T23:56:33.155+0000] {dag.py:3508} INFO - Setting next_dagrun for 11_branch_operator_with_decorator to None, run_after=None
[2023-08-23T23:56:33.191+0000] {processor.py:179} INFO - Processing /opt/airflow/dags/11_branch_operator_with_decorator.py took 0.112 seconds
[2023-08-23T23:57:03.874+0000] {processor.py:157} INFO - Started process (PID=10212) to work on /opt/airflow/dags/11_branch_operator_with_decorator.py
[2023-08-23T23:57:03.877+0000] {processor.py:826} INFO - Processing file /opt/airflow/dags/11_branch_operator_with_decorator.py for tasks to queue
[2023-08-23T23:57:03.879+0000] {logging_mixin.py:150} INFO - [2023-08-23T23:57:03.878+0000] {dagbag.py:541} INFO - Filling up the DagBag from /opt/airflow/dags/11_branch_operator_with_decorator.py
[2023-08-23T23:57:03.904+0000] {processor.py:836} INFO - DAG(s) dict_keys(['11_branch_operator_with_decorator']) retrieved from /opt/airflow/dags/11_branch_operator_with_decorator.py
[2023-08-23T23:57:04.021+0000] {logging_mixin.py:150} INFO - [2023-08-23T23:57:04.020+0000] {dag.py:2742} INFO - Sync 1 DAGs
[2023-08-23T23:57:04.146+0000] {logging_mixin.py:150} INFO - [2023-08-23T23:57:04.145+0000] {dag.py:3508} INFO - Setting next_dagrun for 11_branch_operator_with_decorator to None, run_after=None
[2023-08-23T23:57:04.275+0000] {processor.py:179} INFO - Processing /opt/airflow/dags/11_branch_operator_with_decorator.py took 0.416 seconds
[2023-08-23T23:57:34.664+0000] {processor.py:157} INFO - Started process (PID=10277) to work on /opt/airflow/dags/11_branch_operator_with_decorator.py
[2023-08-23T23:57:34.670+0000] {processor.py:826} INFO - Processing file /opt/airflow/dags/11_branch_operator_with_decorator.py for tasks to queue
[2023-08-23T23:57:34.672+0000] {logging_mixin.py:150} INFO - [2023-08-23T23:57:34.671+0000] {dagbag.py:541} INFO - Filling up the DagBag from /opt/airflow/dags/11_branch_operator_with_decorator.py
[2023-08-23T23:57:34.680+0000] {processor.py:836} INFO - DAG(s) dict_keys(['11_branch_operator_with_decorator']) retrieved from /opt/airflow/dags/11_branch_operator_with_decorator.py
[2023-08-23T23:57:34.712+0000] {logging_mixin.py:150} INFO - [2023-08-23T23:57:34.711+0000] {dag.py:2742} INFO - Sync 1 DAGs
[2023-08-23T23:57:34.748+0000] {logging_mixin.py:150} INFO - [2023-08-23T23:57:34.748+0000] {dag.py:3508} INFO - Setting next_dagrun for 11_branch_operator_with_decorator to None, run_after=None
[2023-08-23T23:57:34.774+0000] {processor.py:179} INFO - Processing /opt/airflow/dags/11_branch_operator_with_decorator.py took 0.114 seconds
[2023-08-23T23:58:05.005+0000] {processor.py:157} INFO - Started process (PID=10343) to work on /opt/airflow/dags/11_branch_operator_with_decorator.py
[2023-08-23T23:58:05.006+0000] {processor.py:826} INFO - Processing file /opt/airflow/dags/11_branch_operator_with_decorator.py for tasks to queue
[2023-08-23T23:58:05.007+0000] {logging_mixin.py:150} INFO - [2023-08-23T23:58:05.007+0000] {dagbag.py:541} INFO - Filling up the DagBag from /opt/airflow/dags/11_branch_operator_with_decorator.py
[2023-08-23T23:58:05.016+0000] {processor.py:836} INFO - DAG(s) dict_keys(['11_branch_operator_with_decorator']) retrieved from /opt/airflow/dags/11_branch_operator_with_decorator.py
[2023-08-23T23:58:05.049+0000] {logging_mixin.py:150} INFO - [2023-08-23T23:58:05.049+0000] {dag.py:2742} INFO - Sync 1 DAGs
[2023-08-23T23:58:05.083+0000] {logging_mixin.py:150} INFO - [2023-08-23T23:58:05.083+0000] {dag.py:3508} INFO - Setting next_dagrun for 11_branch_operator_with_decorator to None, run_after=None
[2023-08-23T23:58:05.108+0000] {processor.py:179} INFO - Processing /opt/airflow/dags/11_branch_operator_with_decorator.py took 0.109 seconds
[2023-08-23T23:58:35.244+0000] {processor.py:157} INFO - Started process (PID=10408) to work on /opt/airflow/dags/11_branch_operator_with_decorator.py
[2023-08-23T23:58:35.245+0000] {processor.py:826} INFO - Processing file /opt/airflow/dags/11_branch_operator_with_decorator.py for tasks to queue
[2023-08-23T23:58:35.246+0000] {logging_mixin.py:150} INFO - [2023-08-23T23:58:35.246+0000] {dagbag.py:541} INFO - Filling up the DagBag from /opt/airflow/dags/11_branch_operator_with_decorator.py
[2023-08-23T23:58:35.257+0000] {processor.py:836} INFO - DAG(s) dict_keys(['11_branch_operator_with_decorator']) retrieved from /opt/airflow/dags/11_branch_operator_with_decorator.py
[2023-08-23T23:58:35.287+0000] {logging_mixin.py:150} INFO - [2023-08-23T23:58:35.286+0000] {dag.py:2742} INFO - Sync 1 DAGs
[2023-08-23T23:58:35.319+0000] {logging_mixin.py:150} INFO - [2023-08-23T23:58:35.319+0000] {dag.py:3508} INFO - Setting next_dagrun for 11_branch_operator_with_decorator to None, run_after=None
[2023-08-23T23:58:35.348+0000] {processor.py:179} INFO - Processing /opt/airflow/dags/11_branch_operator_with_decorator.py took 0.108 seconds
[2023-08-23T23:59:05.537+0000] {processor.py:157} INFO - Started process (PID=10474) to work on /opt/airflow/dags/11_branch_operator_with_decorator.py
[2023-08-23T23:59:05.538+0000] {processor.py:826} INFO - Processing file /opt/airflow/dags/11_branch_operator_with_decorator.py for tasks to queue
[2023-08-23T23:59:05.539+0000] {logging_mixin.py:150} INFO - [2023-08-23T23:59:05.538+0000] {dagbag.py:541} INFO - Filling up the DagBag from /opt/airflow/dags/11_branch_operator_with_decorator.py
[2023-08-23T23:59:05.548+0000] {processor.py:836} INFO - DAG(s) dict_keys(['11_branch_operator_with_decorator']) retrieved from /opt/airflow/dags/11_branch_operator_with_decorator.py
[2023-08-23T23:59:05.580+0000] {logging_mixin.py:150} INFO - [2023-08-23T23:59:05.580+0000] {dag.py:2742} INFO - Sync 1 DAGs
[2023-08-23T23:59:05.609+0000] {logging_mixin.py:150} INFO - [2023-08-23T23:59:05.609+0000] {dag.py:3508} INFO - Setting next_dagrun for 11_branch_operator_with_decorator to None, run_after=None
[2023-08-23T23:59:05.631+0000] {processor.py:179} INFO - Processing /opt/airflow/dags/11_branch_operator_with_decorator.py took 0.098 seconds
[2023-08-23T23:59:35.888+0000] {processor.py:157} INFO - Started process (PID=10540) to work on /opt/airflow/dags/11_branch_operator_with_decorator.py
[2023-08-23T23:59:35.893+0000] {processor.py:826} INFO - Processing file /opt/airflow/dags/11_branch_operator_with_decorator.py for tasks to queue
[2023-08-23T23:59:35.895+0000] {logging_mixin.py:150} INFO - [2023-08-23T23:59:35.894+0000] {dagbag.py:541} INFO - Filling up the DagBag from /opt/airflow/dags/11_branch_operator_with_decorator.py
[2023-08-23T23:59:35.906+0000] {processor.py:836} INFO - DAG(s) dict_keys(['11_branch_operator_with_decorator']) retrieved from /opt/airflow/dags/11_branch_operator_with_decorator.py
[2023-08-23T23:59:35.937+0000] {logging_mixin.py:150} INFO - [2023-08-23T23:59:35.937+0000] {dag.py:2742} INFO - Sync 1 DAGs
[2023-08-23T23:59:35.974+0000] {logging_mixin.py:150} INFO - [2023-08-23T23:59:35.974+0000] {dag.py:3508} INFO - Setting next_dagrun for 11_branch_operator_with_decorator to None, run_after=None
[2023-08-23T23:59:36.004+0000] {processor.py:179} INFO - Processing /opt/airflow/dags/11_branch_operator_with_decorator.py took 0.119 seconds
