[2023-08-23T23:33:56.855+0000] {processor.py:157} INFO - Started process (PID=7268) to work on /opt/airflow/dags/12_base_branch_operator.py
[2023-08-23T23:33:56.856+0000] {processor.py:826} INFO - Processing file /opt/airflow/dags/12_base_branch_operator.py for tasks to queue
[2023-08-23T23:33:56.856+0000] {logging_mixin.py:150} INFO - [2023-08-23T23:33:56.856+0000] {dagbag.py:541} INFO - Filling up the DagBag from /opt/airflow/dags/12_base_branch_operator.py
[2023-08-23T23:33:56.866+0000] {processor.py:836} INFO - DAG(s) dict_keys(['12_base_branch_operator']) retrieved from /opt/airflow/dags/12_base_branch_operator.py
[2023-08-23T23:33:57.004+0000] {logging_mixin.py:150} INFO - [2023-08-23T23:33:57.004+0000] {manager.py:504} INFO - Created Permission View: can read on DAG:12_base_branch_operator
[2023-08-23T23:33:57.022+0000] {logging_mixin.py:150} INFO - [2023-08-23T23:33:57.022+0000] {manager.py:504} INFO - Created Permission View: can delete on DAG:12_base_branch_operator
[2023-08-23T23:33:57.035+0000] {logging_mixin.py:150} INFO - [2023-08-23T23:33:57.035+0000] {manager.py:504} INFO - Created Permission View: can edit on DAG:12_base_branch_operator
[2023-08-23T23:33:57.057+0000] {logging_mixin.py:150} INFO - [2023-08-23T23:33:57.057+0000] {dag.py:2742} INFO - Sync 1 DAGs
[2023-08-23T23:33:57.075+0000] {logging_mixin.py:150} INFO - [2023-08-23T23:33:57.075+0000] {dag.py:2763} INFO - Creating ORM DAG for 12_base_branch_operator
[2023-08-23T23:33:57.095+0000] {logging_mixin.py:150} INFO - [2023-08-23T23:33:57.095+0000] {dag.py:3508} INFO - Setting next_dagrun for 12_base_branch_operator to 2023-08-30T15:00:00+00:00, run_after=2023-09-29T15:00:00+00:00
[2023-08-23T23:33:57.125+0000] {processor.py:179} INFO - Processing /opt/airflow/dags/12_base_branch_operator.py took 0.272 seconds
[2023-08-23T23:34:27.535+0000] {processor.py:157} INFO - Started process (PID=7332) to work on /opt/airflow/dags/12_base_branch_operator.py
[2023-08-23T23:34:27.536+0000] {processor.py:826} INFO - Processing file /opt/airflow/dags/12_base_branch_operator.py for tasks to queue
[2023-08-23T23:34:27.537+0000] {logging_mixin.py:150} INFO - [2023-08-23T23:34:27.537+0000] {dagbag.py:541} INFO - Filling up the DagBag from /opt/airflow/dags/12_base_branch_operator.py
[2023-08-23T23:34:27.548+0000] {processor.py:836} INFO - DAG(s) dict_keys(['12_base_branch_operator']) retrieved from /opt/airflow/dags/12_base_branch_operator.py
[2023-08-23T23:34:27.590+0000] {logging_mixin.py:150} INFO - [2023-08-23T23:34:27.589+0000] {dag.py:2742} INFO - Sync 1 DAGs
[2023-08-23T23:34:27.633+0000] {logging_mixin.py:150} INFO - [2023-08-23T23:34:27.633+0000] {dag.py:3508} INFO - Setting next_dagrun for 12_base_branch_operator to 2023-08-30T15:00:00+00:00, run_after=2023-09-29T15:00:00+00:00
[2023-08-23T23:34:27.664+0000] {processor.py:179} INFO - Processing /opt/airflow/dags/12_base_branch_operator.py took 0.134 seconds
[2023-08-23T23:34:57.810+0000] {processor.py:157} INFO - Started process (PID=7391) to work on /opt/airflow/dags/12_base_branch_operator.py
[2023-08-23T23:34:57.817+0000] {processor.py:826} INFO - Processing file /opt/airflow/dags/12_base_branch_operator.py for tasks to queue
[2023-08-23T23:34:57.818+0000] {logging_mixin.py:150} INFO - [2023-08-23T23:34:57.818+0000] {dagbag.py:541} INFO - Filling up the DagBag from /opt/airflow/dags/12_base_branch_operator.py
[2023-08-23T23:34:57.827+0000] {processor.py:836} INFO - DAG(s) dict_keys(['12_base_branch_operator']) retrieved from /opt/airflow/dags/12_base_branch_operator.py
[2023-08-23T23:34:57.858+0000] {logging_mixin.py:150} INFO - [2023-08-23T23:34:57.858+0000] {dag.py:2742} INFO - Sync 1 DAGs
[2023-08-23T23:34:57.896+0000] {logging_mixin.py:150} INFO - [2023-08-23T23:34:57.896+0000] {dag.py:3508} INFO - Setting next_dagrun for 12_base_branch_operator to 2023-08-30T15:00:00+00:00, run_after=2023-09-29T15:00:00+00:00
[2023-08-23T23:34:57.931+0000] {processor.py:179} INFO - Processing /opt/airflow/dags/12_base_branch_operator.py took 0.124 seconds
[2023-08-23T23:35:28.229+0000] {processor.py:157} INFO - Started process (PID=7455) to work on /opt/airflow/dags/12_base_branch_operator.py
[2023-08-23T23:35:28.235+0000] {processor.py:826} INFO - Processing file /opt/airflow/dags/12_base_branch_operator.py for tasks to queue
[2023-08-23T23:35:28.236+0000] {logging_mixin.py:150} INFO - [2023-08-23T23:35:28.235+0000] {dagbag.py:541} INFO - Filling up the DagBag from /opt/airflow/dags/12_base_branch_operator.py
[2023-08-23T23:35:28.246+0000] {processor.py:836} INFO - DAG(s) dict_keys(['12_base_branch_operator']) retrieved from /opt/airflow/dags/12_base_branch_operator.py
[2023-08-23T23:35:28.278+0000] {logging_mixin.py:150} INFO - [2023-08-23T23:35:28.278+0000] {dag.py:2742} INFO - Sync 1 DAGs
[2023-08-23T23:35:28.318+0000] {logging_mixin.py:150} INFO - [2023-08-23T23:35:28.318+0000] {dag.py:3508} INFO - Setting next_dagrun for 12_base_branch_operator to 2023-08-30T15:00:00+00:00, run_after=2023-09-29T15:00:00+00:00
[2023-08-23T23:35:28.348+0000] {processor.py:179} INFO - Processing /opt/airflow/dags/12_base_branch_operator.py took 0.123 seconds
[2023-08-23T23:35:58.923+0000] {processor.py:157} INFO - Started process (PID=7519) to work on /opt/airflow/dags/12_base_branch_operator.py
[2023-08-23T23:35:58.927+0000] {processor.py:826} INFO - Processing file /opt/airflow/dags/12_base_branch_operator.py for tasks to queue
[2023-08-23T23:35:58.929+0000] {logging_mixin.py:150} INFO - [2023-08-23T23:35:58.929+0000] {dagbag.py:541} INFO - Filling up the DagBag from /opt/airflow/dags/12_base_branch_operator.py
[2023-08-23T23:35:58.944+0000] {processor.py:836} INFO - DAG(s) dict_keys(['12_base_branch_operator']) retrieved from /opt/airflow/dags/12_base_branch_operator.py
[2023-08-23T23:35:58.981+0000] {logging_mixin.py:150} INFO - [2023-08-23T23:35:58.980+0000] {dag.py:2742} INFO - Sync 1 DAGs
[2023-08-23T23:35:59.032+0000] {logging_mixin.py:150} INFO - [2023-08-23T23:35:59.031+0000] {dag.py:3508} INFO - Setting next_dagrun for 12_base_branch_operator to 2023-08-30T15:00:00+00:00, run_after=2023-09-29T15:00:00+00:00
[2023-08-23T23:35:59.063+0000] {processor.py:179} INFO - Processing /opt/airflow/dags/12_base_branch_operator.py took 0.147 seconds
[2023-08-23T23:36:29.791+0000] {processor.py:157} INFO - Started process (PID=7583) to work on /opt/airflow/dags/12_base_branch_operator.py
[2023-08-23T23:36:29.797+0000] {processor.py:826} INFO - Processing file /opt/airflow/dags/12_base_branch_operator.py for tasks to queue
[2023-08-23T23:36:29.798+0000] {logging_mixin.py:150} INFO - [2023-08-23T23:36:29.797+0000] {dagbag.py:541} INFO - Filling up the DagBag from /opt/airflow/dags/12_base_branch_operator.py
[2023-08-23T23:36:29.806+0000] {processor.py:836} INFO - DAG(s) dict_keys(['12_base_branch_operator']) retrieved from /opt/airflow/dags/12_base_branch_operator.py
[2023-08-23T23:36:29.835+0000] {logging_mixin.py:150} INFO - [2023-08-23T23:36:29.835+0000] {dag.py:2742} INFO - Sync 1 DAGs
[2023-08-23T23:36:29.870+0000] {logging_mixin.py:150} INFO - [2023-08-23T23:36:29.870+0000] {dag.py:3508} INFO - Setting next_dagrun for 12_base_branch_operator to 2023-08-30T15:00:00+00:00, run_after=2023-09-29T15:00:00+00:00
[2023-08-23T23:36:29.898+0000] {processor.py:179} INFO - Processing /opt/airflow/dags/12_base_branch_operator.py took 0.110 seconds
[2023-08-23T23:36:59.929+0000] {processor.py:157} INFO - Started process (PID=7647) to work on /opt/airflow/dags/12_base_branch_operator.py
[2023-08-23T23:36:59.930+0000] {processor.py:826} INFO - Processing file /opt/airflow/dags/12_base_branch_operator.py for tasks to queue
[2023-08-23T23:36:59.931+0000] {logging_mixin.py:150} INFO - [2023-08-23T23:36:59.931+0000] {dagbag.py:541} INFO - Filling up the DagBag from /opt/airflow/dags/12_base_branch_operator.py
[2023-08-23T23:36:59.938+0000] {processor.py:836} INFO - DAG(s) dict_keys(['12_base_branch_operator']) retrieved from /opt/airflow/dags/12_base_branch_operator.py
[2023-08-23T23:36:59.967+0000] {logging_mixin.py:150} INFO - [2023-08-23T23:36:59.967+0000] {dag.py:2742} INFO - Sync 1 DAGs
[2023-08-23T23:37:00.006+0000] {logging_mixin.py:150} INFO - [2023-08-23T23:37:00.005+0000] {dag.py:3508} INFO - Setting next_dagrun for 12_base_branch_operator to 2023-08-30T15:00:00+00:00, run_after=2023-09-29T15:00:00+00:00
[2023-08-23T23:37:00.036+0000] {processor.py:179} INFO - Processing /opt/airflow/dags/12_base_branch_operator.py took 0.110 seconds
[2023-08-23T23:37:30.354+0000] {processor.py:157} INFO - Started process (PID=7711) to work on /opt/airflow/dags/12_base_branch_operator.py
[2023-08-23T23:37:30.357+0000] {processor.py:826} INFO - Processing file /opt/airflow/dags/12_base_branch_operator.py for tasks to queue
[2023-08-23T23:37:30.358+0000] {logging_mixin.py:150} INFO - [2023-08-23T23:37:30.358+0000] {dagbag.py:541} INFO - Filling up the DagBag from /opt/airflow/dags/12_base_branch_operator.py
[2023-08-23T23:37:30.369+0000] {processor.py:836} INFO - DAG(s) dict_keys(['12_base_branch_operator']) retrieved from /opt/airflow/dags/12_base_branch_operator.py
[2023-08-23T23:37:30.403+0000] {logging_mixin.py:150} INFO - [2023-08-23T23:37:30.402+0000] {dag.py:2742} INFO - Sync 1 DAGs
[2023-08-23T23:37:30.445+0000] {logging_mixin.py:150} INFO - [2023-08-23T23:37:30.445+0000] {dag.py:3508} INFO - Setting next_dagrun for 12_base_branch_operator to 2023-08-30T15:00:00+00:00, run_after=2023-09-29T15:00:00+00:00
[2023-08-23T23:37:30.481+0000] {processor.py:179} INFO - Processing /opt/airflow/dags/12_base_branch_operator.py took 0.131 seconds
[2023-08-23T23:38:00.756+0000] {processor.py:157} INFO - Started process (PID=7776) to work on /opt/airflow/dags/12_base_branch_operator.py
[2023-08-23T23:38:00.762+0000] {processor.py:826} INFO - Processing file /opt/airflow/dags/12_base_branch_operator.py for tasks to queue
[2023-08-23T23:38:00.763+0000] {logging_mixin.py:150} INFO - [2023-08-23T23:38:00.762+0000] {dagbag.py:541} INFO - Filling up the DagBag from /opt/airflow/dags/12_base_branch_operator.py
[2023-08-23T23:38:00.773+0000] {processor.py:836} INFO - DAG(s) dict_keys(['12_base_branch_operator']) retrieved from /opt/airflow/dags/12_base_branch_operator.py
[2023-08-23T23:38:00.806+0000] {logging_mixin.py:150} INFO - [2023-08-23T23:38:00.806+0000] {dag.py:2742} INFO - Sync 1 DAGs
[2023-08-23T23:38:00.840+0000] {logging_mixin.py:150} INFO - [2023-08-23T23:38:00.840+0000] {dag.py:3508} INFO - Setting next_dagrun for 12_base_branch_operator to 2023-08-30T15:00:00+00:00, run_after=2023-09-29T15:00:00+00:00
[2023-08-23T23:38:00.870+0000] {processor.py:179} INFO - Processing /opt/airflow/dags/12_base_branch_operator.py took 0.117 seconds
[2023-08-23T23:38:31.092+0000] {processor.py:157} INFO - Started process (PID=7840) to work on /opt/airflow/dags/12_base_branch_operator.py
[2023-08-23T23:38:31.094+0000] {processor.py:826} INFO - Processing file /opt/airflow/dags/12_base_branch_operator.py for tasks to queue
[2023-08-23T23:38:31.094+0000] {logging_mixin.py:150} INFO - [2023-08-23T23:38:31.094+0000] {dagbag.py:541} INFO - Filling up the DagBag from /opt/airflow/dags/12_base_branch_operator.py
[2023-08-23T23:38:31.103+0000] {processor.py:836} INFO - DAG(s) dict_keys(['12_base_branch_operator']) retrieved from /opt/airflow/dags/12_base_branch_operator.py
[2023-08-23T23:38:31.135+0000] {logging_mixin.py:150} INFO - [2023-08-23T23:38:31.135+0000] {dag.py:2742} INFO - Sync 1 DAGs
[2023-08-23T23:38:31.173+0000] {logging_mixin.py:150} INFO - [2023-08-23T23:38:31.173+0000] {dag.py:3508} INFO - Setting next_dagrun for 12_base_branch_operator to 2023-08-30T15:00:00+00:00, run_after=2023-09-29T15:00:00+00:00
[2023-08-23T23:38:31.206+0000] {processor.py:179} INFO - Processing /opt/airflow/dags/12_base_branch_operator.py took 0.117 seconds
[2023-08-23T23:39:01.613+0000] {processor.py:157} INFO - Started process (PID=7904) to work on /opt/airflow/dags/12_base_branch_operator.py
[2023-08-23T23:39:01.615+0000] {processor.py:826} INFO - Processing file /opt/airflow/dags/12_base_branch_operator.py for tasks to queue
[2023-08-23T23:39:01.616+0000] {logging_mixin.py:150} INFO - [2023-08-23T23:39:01.615+0000] {dagbag.py:541} INFO - Filling up the DagBag from /opt/airflow/dags/12_base_branch_operator.py
[2023-08-23T23:39:01.624+0000] {processor.py:836} INFO - DAG(s) dict_keys(['12_base_branch_operator']) retrieved from /opt/airflow/dags/12_base_branch_operator.py
[2023-08-23T23:39:01.655+0000] {logging_mixin.py:150} INFO - [2023-08-23T23:39:01.655+0000] {dag.py:2742} INFO - Sync 1 DAGs
[2023-08-23T23:39:01.689+0000] {logging_mixin.py:150} INFO - [2023-08-23T23:39:01.689+0000] {dag.py:3508} INFO - Setting next_dagrun for 12_base_branch_operator to 2023-08-30T15:00:00+00:00, run_after=2023-09-29T15:00:00+00:00
[2023-08-23T23:39:01.718+0000] {processor.py:179} INFO - Processing /opt/airflow/dags/12_base_branch_operator.py took 0.108 seconds
[2023-08-23T23:39:32.522+0000] {processor.py:157} INFO - Started process (PID=7968) to work on /opt/airflow/dags/12_base_branch_operator.py
[2023-08-23T23:39:32.528+0000] {processor.py:826} INFO - Processing file /opt/airflow/dags/12_base_branch_operator.py for tasks to queue
[2023-08-23T23:39:32.529+0000] {logging_mixin.py:150} INFO - [2023-08-23T23:39:32.528+0000] {dagbag.py:541} INFO - Filling up the DagBag from /opt/airflow/dags/12_base_branch_operator.py
[2023-08-23T23:39:32.540+0000] {processor.py:836} INFO - DAG(s) dict_keys(['12_base_branch_operator']) retrieved from /opt/airflow/dags/12_base_branch_operator.py
[2023-08-23T23:39:32.578+0000] {logging_mixin.py:150} INFO - [2023-08-23T23:39:32.578+0000] {dag.py:2742} INFO - Sync 1 DAGs
[2023-08-23T23:39:32.618+0000] {logging_mixin.py:150} INFO - [2023-08-23T23:39:32.617+0000] {dag.py:3508} INFO - Setting next_dagrun for 12_base_branch_operator to 2023-08-30T15:00:00+00:00, run_after=2023-09-29T15:00:00+00:00
[2023-08-23T23:39:32.655+0000] {processor.py:179} INFO - Processing /opt/airflow/dags/12_base_branch_operator.py took 0.138 seconds
[2023-08-23T23:40:02.992+0000] {processor.py:157} INFO - Started process (PID=8032) to work on /opt/airflow/dags/12_base_branch_operator.py
[2023-08-23T23:40:02.993+0000] {processor.py:826} INFO - Processing file /opt/airflow/dags/12_base_branch_operator.py for tasks to queue
[2023-08-23T23:40:02.994+0000] {logging_mixin.py:150} INFO - [2023-08-23T23:40:02.994+0000] {dagbag.py:541} INFO - Filling up the DagBag from /opt/airflow/dags/12_base_branch_operator.py
[2023-08-23T23:40:03.003+0000] {processor.py:836} INFO - DAG(s) dict_keys(['12_base_branch_operator']) retrieved from /opt/airflow/dags/12_base_branch_operator.py
[2023-08-23T23:40:03.035+0000] {logging_mixin.py:150} INFO - [2023-08-23T23:40:03.035+0000] {dag.py:2742} INFO - Sync 1 DAGs
[2023-08-23T23:40:03.073+0000] {logging_mixin.py:150} INFO - [2023-08-23T23:40:03.073+0000] {dag.py:3508} INFO - Setting next_dagrun for 12_base_branch_operator to 2023-08-30T15:00:00+00:00, run_after=2023-09-29T15:00:00+00:00
[2023-08-23T23:40:03.115+0000] {processor.py:179} INFO - Processing /opt/airflow/dags/12_base_branch_operator.py took 0.127 seconds
[2023-08-23T23:40:33.455+0000] {processor.py:157} INFO - Started process (PID=8097) to work on /opt/airflow/dags/12_base_branch_operator.py
[2023-08-23T23:40:33.457+0000] {processor.py:826} INFO - Processing file /opt/airflow/dags/12_base_branch_operator.py for tasks to queue
[2023-08-23T23:40:33.458+0000] {logging_mixin.py:150} INFO - [2023-08-23T23:40:33.457+0000] {dagbag.py:541} INFO - Filling up the DagBag from /opt/airflow/dags/12_base_branch_operator.py
[2023-08-23T23:40:33.466+0000] {processor.py:836} INFO - DAG(s) dict_keys(['12_base_branch_operator']) retrieved from /opt/airflow/dags/12_base_branch_operator.py
[2023-08-23T23:40:33.495+0000] {logging_mixin.py:150} INFO - [2023-08-23T23:40:33.495+0000] {dag.py:2742} INFO - Sync 1 DAGs
[2023-08-23T23:40:33.535+0000] {logging_mixin.py:150} INFO - [2023-08-23T23:40:33.535+0000] {dag.py:3508} INFO - Setting next_dagrun for 12_base_branch_operator to 2023-08-30T15:00:00+00:00, run_after=2023-09-29T15:00:00+00:00
[2023-08-23T23:40:33.568+0000] {processor.py:179} INFO - Processing /opt/airflow/dags/12_base_branch_operator.py took 0.116 seconds
[2023-08-23T23:41:03.611+0000] {processor.py:157} INFO - Started process (PID=8161) to work on /opt/airflow/dags/12_base_branch_operator.py
[2023-08-23T23:41:03.618+0000] {processor.py:826} INFO - Processing file /opt/airflow/dags/12_base_branch_operator.py for tasks to queue
[2023-08-23T23:41:03.619+0000] {logging_mixin.py:150} INFO - [2023-08-23T23:41:03.618+0000] {dagbag.py:541} INFO - Filling up the DagBag from /opt/airflow/dags/12_base_branch_operator.py
[2023-08-23T23:41:03.627+0000] {processor.py:836} INFO - DAG(s) dict_keys(['12_base_branch_operator']) retrieved from /opt/airflow/dags/12_base_branch_operator.py
[2023-08-23T23:41:03.663+0000] {logging_mixin.py:150} INFO - [2023-08-23T23:41:03.662+0000] {dag.py:2742} INFO - Sync 1 DAGs
[2023-08-23T23:41:03.703+0000] {logging_mixin.py:150} INFO - [2023-08-23T23:41:03.702+0000] {dag.py:3508} INFO - Setting next_dagrun for 12_base_branch_operator to 2023-08-30T15:00:00+00:00, run_after=2023-09-29T15:00:00+00:00
[2023-08-23T23:41:03.741+0000] {processor.py:179} INFO - Processing /opt/airflow/dags/12_base_branch_operator.py took 0.135 seconds
[2023-08-23T23:41:34.171+0000] {processor.py:157} INFO - Started process (PID=8225) to work on /opt/airflow/dags/12_base_branch_operator.py
[2023-08-23T23:41:34.172+0000] {processor.py:826} INFO - Processing file /opt/airflow/dags/12_base_branch_operator.py for tasks to queue
[2023-08-23T23:41:34.173+0000] {logging_mixin.py:150} INFO - [2023-08-23T23:41:34.173+0000] {dagbag.py:541} INFO - Filling up the DagBag from /opt/airflow/dags/12_base_branch_operator.py
[2023-08-23T23:41:34.183+0000] {processor.py:836} INFO - DAG(s) dict_keys(['12_base_branch_operator']) retrieved from /opt/airflow/dags/12_base_branch_operator.py
[2023-08-23T23:41:34.213+0000] {logging_mixin.py:150} INFO - [2023-08-23T23:41:34.213+0000] {dag.py:2742} INFO - Sync 1 DAGs
[2023-08-23T23:41:34.253+0000] {logging_mixin.py:150} INFO - [2023-08-23T23:41:34.252+0000] {dag.py:3508} INFO - Setting next_dagrun for 12_base_branch_operator to 2023-08-30T15:00:00+00:00, run_after=2023-09-29T15:00:00+00:00
[2023-08-23T23:41:34.280+0000] {processor.py:179} INFO - Processing /opt/airflow/dags/12_base_branch_operator.py took 0.113 seconds
[2023-08-23T23:42:04.514+0000] {processor.py:157} INFO - Started process (PID=8289) to work on /opt/airflow/dags/12_base_branch_operator.py
[2023-08-23T23:42:04.515+0000] {processor.py:826} INFO - Processing file /opt/airflow/dags/12_base_branch_operator.py for tasks to queue
[2023-08-23T23:42:04.516+0000] {logging_mixin.py:150} INFO - [2023-08-23T23:42:04.516+0000] {dagbag.py:541} INFO - Filling up the DagBag from /opt/airflow/dags/12_base_branch_operator.py
[2023-08-23T23:42:04.525+0000] {processor.py:836} INFO - DAG(s) dict_keys(['12_base_branch_operator']) retrieved from /opt/airflow/dags/12_base_branch_operator.py
[2023-08-23T23:42:04.560+0000] {logging_mixin.py:150} INFO - [2023-08-23T23:42:04.560+0000] {dag.py:2742} INFO - Sync 1 DAGs
[2023-08-23T23:42:04.599+0000] {logging_mixin.py:150} INFO - [2023-08-23T23:42:04.599+0000] {dag.py:3508} INFO - Setting next_dagrun for 12_base_branch_operator to 2023-08-30T15:00:00+00:00, run_after=2023-09-29T15:00:00+00:00
[2023-08-23T23:42:04.636+0000] {processor.py:179} INFO - Processing /opt/airflow/dags/12_base_branch_operator.py took 0.125 seconds
[2023-08-23T23:42:35.462+0000] {processor.py:157} INFO - Started process (PID=8353) to work on /opt/airflow/dags/12_base_branch_operator.py
[2023-08-23T23:42:35.467+0000] {processor.py:826} INFO - Processing file /opt/airflow/dags/12_base_branch_operator.py for tasks to queue
[2023-08-23T23:42:35.468+0000] {logging_mixin.py:150} INFO - [2023-08-23T23:42:35.468+0000] {dagbag.py:541} INFO - Filling up the DagBag from /opt/airflow/dags/12_base_branch_operator.py
[2023-08-23T23:42:35.478+0000] {processor.py:836} INFO - DAG(s) dict_keys(['12_base_branch_operator']) retrieved from /opt/airflow/dags/12_base_branch_operator.py
[2023-08-23T23:42:35.509+0000] {logging_mixin.py:150} INFO - [2023-08-23T23:42:35.509+0000] {dag.py:2742} INFO - Sync 1 DAGs
[2023-08-23T23:42:35.544+0000] {logging_mixin.py:150} INFO - [2023-08-23T23:42:35.543+0000] {dag.py:3508} INFO - Setting next_dagrun for 12_base_branch_operator to 2023-08-30T15:00:00+00:00, run_after=2023-09-29T15:00:00+00:00
[2023-08-23T23:42:35.572+0000] {processor.py:179} INFO - Processing /opt/airflow/dags/12_base_branch_operator.py took 0.113 seconds
[2023-08-23T23:43:06.217+0000] {processor.py:157} INFO - Started process (PID=8417) to work on /opt/airflow/dags/12_base_branch_operator.py
[2023-08-23T23:43:06.218+0000] {processor.py:826} INFO - Processing file /opt/airflow/dags/12_base_branch_operator.py for tasks to queue
[2023-08-23T23:43:06.219+0000] {logging_mixin.py:150} INFO - [2023-08-23T23:43:06.218+0000] {dagbag.py:541} INFO - Filling up the DagBag from /opt/airflow/dags/12_base_branch_operator.py
[2023-08-23T23:43:06.230+0000] {processor.py:836} INFO - DAG(s) dict_keys(['12_base_branch_operator']) retrieved from /opt/airflow/dags/12_base_branch_operator.py
[2023-08-23T23:43:06.263+0000] {logging_mixin.py:150} INFO - [2023-08-23T23:43:06.263+0000] {dag.py:2742} INFO - Sync 1 DAGs
[2023-08-23T23:43:06.298+0000] {logging_mixin.py:150} INFO - [2023-08-23T23:43:06.298+0000] {dag.py:3508} INFO - Setting next_dagrun for 12_base_branch_operator to 2023-08-30T15:00:00+00:00, run_after=2023-09-29T15:00:00+00:00
[2023-08-23T23:43:06.335+0000] {processor.py:179} INFO - Processing /opt/airflow/dags/12_base_branch_operator.py took 0.122 seconds
[2023-08-23T23:43:36.666+0000] {processor.py:157} INFO - Started process (PID=8481) to work on /opt/airflow/dags/12_base_branch_operator.py
[2023-08-23T23:43:36.668+0000] {processor.py:826} INFO - Processing file /opt/airflow/dags/12_base_branch_operator.py for tasks to queue
[2023-08-23T23:43:36.669+0000] {logging_mixin.py:150} INFO - [2023-08-23T23:43:36.669+0000] {dagbag.py:541} INFO - Filling up the DagBag from /opt/airflow/dags/12_base_branch_operator.py
[2023-08-23T23:43:36.679+0000] {processor.py:836} INFO - DAG(s) dict_keys(['12_base_branch_operator']) retrieved from /opt/airflow/dags/12_base_branch_operator.py
[2023-08-23T23:43:36.710+0000] {logging_mixin.py:150} INFO - [2023-08-23T23:43:36.710+0000] {dag.py:2742} INFO - Sync 1 DAGs
[2023-08-23T23:43:36.755+0000] {logging_mixin.py:150} INFO - [2023-08-23T23:43:36.755+0000] {dag.py:3508} INFO - Setting next_dagrun for 12_base_branch_operator to 2023-08-30T15:00:00+00:00, run_after=2023-09-29T15:00:00+00:00
[2023-08-23T23:43:36.783+0000] {processor.py:179} INFO - Processing /opt/airflow/dags/12_base_branch_operator.py took 0.120 seconds
[2023-08-23T23:44:06.825+0000] {processor.py:157} INFO - Started process (PID=8546) to work on /opt/airflow/dags/12_base_branch_operator.py
[2023-08-23T23:44:06.826+0000] {processor.py:826} INFO - Processing file /opt/airflow/dags/12_base_branch_operator.py for tasks to queue
[2023-08-23T23:44:06.827+0000] {logging_mixin.py:150} INFO - [2023-08-23T23:44:06.826+0000] {dagbag.py:541} INFO - Filling up the DagBag from /opt/airflow/dags/12_base_branch_operator.py
[2023-08-23T23:44:06.835+0000] {processor.py:836} INFO - DAG(s) dict_keys(['12_base_branch_operator']) retrieved from /opt/airflow/dags/12_base_branch_operator.py
[2023-08-23T23:44:06.872+0000] {logging_mixin.py:150} INFO - [2023-08-23T23:44:06.871+0000] {dag.py:2742} INFO - Sync 1 DAGs
[2023-08-23T23:44:06.911+0000] {logging_mixin.py:150} INFO - [2023-08-23T23:44:06.911+0000] {dag.py:3508} INFO - Setting next_dagrun for 12_base_branch_operator to 2023-08-30T15:00:00+00:00, run_after=2023-09-29T15:00:00+00:00
[2023-08-23T23:44:06.942+0000] {processor.py:179} INFO - Processing /opt/airflow/dags/12_base_branch_operator.py took 0.121 seconds
[2023-08-23T23:44:37.533+0000] {processor.py:157} INFO - Started process (PID=8609) to work on /opt/airflow/dags/12_base_branch_operator.py
[2023-08-23T23:44:37.536+0000] {processor.py:826} INFO - Processing file /opt/airflow/dags/12_base_branch_operator.py for tasks to queue
[2023-08-23T23:44:37.537+0000] {logging_mixin.py:150} INFO - [2023-08-23T23:44:37.536+0000] {dagbag.py:541} INFO - Filling up the DagBag from /opt/airflow/dags/12_base_branch_operator.py
[2023-08-23T23:44:37.546+0000] {processor.py:836} INFO - DAG(s) dict_keys(['12_base_branch_operator']) retrieved from /opt/airflow/dags/12_base_branch_operator.py
[2023-08-23T23:44:37.586+0000] {logging_mixin.py:150} INFO - [2023-08-23T23:44:37.585+0000] {dag.py:2742} INFO - Sync 1 DAGs
[2023-08-23T23:44:37.629+0000] {logging_mixin.py:150} INFO - [2023-08-23T23:44:37.629+0000] {dag.py:3508} INFO - Setting next_dagrun for 12_base_branch_operator to 2023-08-30T15:00:00+00:00, run_after=2023-09-29T15:00:00+00:00
[2023-08-23T23:44:37.662+0000] {processor.py:179} INFO - Processing /opt/airflow/dags/12_base_branch_operator.py took 0.133 seconds
[2023-08-23T23:45:07.964+0000] {processor.py:157} INFO - Started process (PID=8673) to work on /opt/airflow/dags/12_base_branch_operator.py
[2023-08-23T23:45:07.969+0000] {processor.py:826} INFO - Processing file /opt/airflow/dags/12_base_branch_operator.py for tasks to queue
[2023-08-23T23:45:07.970+0000] {logging_mixin.py:150} INFO - [2023-08-23T23:45:07.970+0000] {dagbag.py:541} INFO - Filling up the DagBag from /opt/airflow/dags/12_base_branch_operator.py
[2023-08-23T23:45:07.979+0000] {processor.py:836} INFO - DAG(s) dict_keys(['12_base_branch_operator']) retrieved from /opt/airflow/dags/12_base_branch_operator.py
[2023-08-23T23:45:08.007+0000] {logging_mixin.py:150} INFO - [2023-08-23T23:45:08.006+0000] {dag.py:2742} INFO - Sync 1 DAGs
[2023-08-23T23:45:08.039+0000] {logging_mixin.py:150} INFO - [2023-08-23T23:45:08.038+0000] {dag.py:3508} INFO - Setting next_dagrun for 12_base_branch_operator to 2023-08-30T15:00:00+00:00, run_after=2023-09-29T15:00:00+00:00
[2023-08-23T23:45:08.068+0000] {processor.py:179} INFO - Processing /opt/airflow/dags/12_base_branch_operator.py took 0.108 seconds
[2023-08-23T23:45:38.748+0000] {processor.py:157} INFO - Started process (PID=8737) to work on /opt/airflow/dags/12_base_branch_operator.py
[2023-08-23T23:45:38.754+0000] {processor.py:826} INFO - Processing file /opt/airflow/dags/12_base_branch_operator.py for tasks to queue
[2023-08-23T23:45:38.755+0000] {logging_mixin.py:150} INFO - [2023-08-23T23:45:38.755+0000] {dagbag.py:541} INFO - Filling up the DagBag from /opt/airflow/dags/12_base_branch_operator.py
[2023-08-23T23:45:38.763+0000] {processor.py:836} INFO - DAG(s) dict_keys(['12_base_branch_operator']) retrieved from /opt/airflow/dags/12_base_branch_operator.py
[2023-08-23T23:45:38.798+0000] {logging_mixin.py:150} INFO - [2023-08-23T23:45:38.797+0000] {dag.py:2742} INFO - Sync 1 DAGs
[2023-08-23T23:45:38.840+0000] {logging_mixin.py:150} INFO - [2023-08-23T23:45:38.840+0000] {dag.py:3508} INFO - Setting next_dagrun for 12_base_branch_operator to 2023-08-30T15:00:00+00:00, run_after=2023-09-29T15:00:00+00:00
[2023-08-23T23:45:38.875+0000] {processor.py:179} INFO - Processing /opt/airflow/dags/12_base_branch_operator.py took 0.130 seconds
[2023-08-23T23:46:09.801+0000] {processor.py:157} INFO - Started process (PID=8801) to work on /opt/airflow/dags/12_base_branch_operator.py
[2023-08-23T23:46:09.801+0000] {processor.py:826} INFO - Processing file /opt/airflow/dags/12_base_branch_operator.py for tasks to queue
[2023-08-23T23:46:09.802+0000] {logging_mixin.py:150} INFO - [2023-08-23T23:46:09.802+0000] {dagbag.py:541} INFO - Filling up the DagBag from /opt/airflow/dags/12_base_branch_operator.py
[2023-08-23T23:46:09.812+0000] {processor.py:836} INFO - DAG(s) dict_keys(['12_base_branch_operator']) retrieved from /opt/airflow/dags/12_base_branch_operator.py
[2023-08-23T23:46:09.843+0000] {logging_mixin.py:150} INFO - [2023-08-23T23:46:09.842+0000] {dag.py:2742} INFO - Sync 1 DAGs
[2023-08-23T23:46:09.878+0000] {logging_mixin.py:150} INFO - [2023-08-23T23:46:09.878+0000] {dag.py:3508} INFO - Setting next_dagrun for 12_base_branch_operator to 2023-08-30T15:00:00+00:00, run_after=2023-09-29T15:00:00+00:00
[2023-08-23T23:46:09.906+0000] {processor.py:179} INFO - Processing /opt/airflow/dags/12_base_branch_operator.py took 0.108 seconds
[2023-08-23T23:46:22.719+0000] {processor.py:157} INFO - Started process (PID=8849) to work on /opt/airflow/dags/12_base_branch_operator.py
[2023-08-23T23:46:22.721+0000] {processor.py:826} INFO - Processing file /opt/airflow/dags/12_base_branch_operator.py for tasks to queue
[2023-08-23T23:46:22.723+0000] {logging_mixin.py:150} INFO - [2023-08-23T23:46:22.722+0000] {dagbag.py:541} INFO - Filling up the DagBag from /opt/airflow/dags/12_base_branch_operator.py
[2023-08-23T23:46:22.735+0000] {processor.py:836} INFO - DAG(s) dict_keys(['12_base_branch_operator']) retrieved from /opt/airflow/dags/12_base_branch_operator.py
[2023-08-23T23:46:22.766+0000] {logging_mixin.py:150} INFO - [2023-08-23T23:46:22.766+0000] {dag.py:2742} INFO - Sync 1 DAGs
[2023-08-23T23:46:22.811+0000] {logging_mixin.py:150} INFO - [2023-08-23T23:46:22.810+0000] {dag.py:3508} INFO - Setting next_dagrun for 12_base_branch_operator to 2023-08-30T15:00:00+00:00, run_after=2023-09-29T15:00:00+00:00
[2023-08-23T23:46:22.844+0000] {processor.py:179} INFO - Processing /opt/airflow/dags/12_base_branch_operator.py took 0.128 seconds
[2023-08-23T23:46:53.199+0000] {processor.py:157} INFO - Started process (PID=8915) to work on /opt/airflow/dags/12_base_branch_operator.py
[2023-08-23T23:46:53.201+0000] {processor.py:826} INFO - Processing file /opt/airflow/dags/12_base_branch_operator.py for tasks to queue
[2023-08-23T23:46:53.202+0000] {logging_mixin.py:150} INFO - [2023-08-23T23:46:53.202+0000] {dagbag.py:541} INFO - Filling up the DagBag from /opt/airflow/dags/12_base_branch_operator.py
[2023-08-23T23:46:53.211+0000] {processor.py:836} INFO - DAG(s) dict_keys(['12_base_branch_operator']) retrieved from /opt/airflow/dags/12_base_branch_operator.py
[2023-08-23T23:46:53.241+0000] {logging_mixin.py:150} INFO - [2023-08-23T23:46:53.241+0000] {dag.py:2742} INFO - Sync 1 DAGs
[2023-08-23T23:46:53.277+0000] {logging_mixin.py:150} INFO - [2023-08-23T23:46:53.277+0000] {dag.py:3508} INFO - Setting next_dagrun for 12_base_branch_operator to 2023-08-30T15:00:00+00:00, run_after=2023-09-29T15:00:00+00:00
[2023-08-23T23:46:53.314+0000] {processor.py:179} INFO - Processing /opt/airflow/dags/12_base_branch_operator.py took 0.119 seconds
[2023-08-23T23:47:23.941+0000] {processor.py:157} INFO - Started process (PID=8979) to work on /opt/airflow/dags/12_base_branch_operator.py
[2023-08-23T23:47:23.948+0000] {processor.py:826} INFO - Processing file /opt/airflow/dags/12_base_branch_operator.py for tasks to queue
[2023-08-23T23:47:23.948+0000] {logging_mixin.py:150} INFO - [2023-08-23T23:47:23.948+0000] {dagbag.py:541} INFO - Filling up the DagBag from /opt/airflow/dags/12_base_branch_operator.py
[2023-08-23T23:47:23.956+0000] {processor.py:836} INFO - DAG(s) dict_keys(['12_base_branch_operator']) retrieved from /opt/airflow/dags/12_base_branch_operator.py
[2023-08-23T23:47:23.986+0000] {logging_mixin.py:150} INFO - [2023-08-23T23:47:23.985+0000] {dag.py:2742} INFO - Sync 1 DAGs
[2023-08-23T23:47:24.020+0000] {logging_mixin.py:150} INFO - [2023-08-23T23:47:24.019+0000] {dag.py:3508} INFO - Setting next_dagrun for 12_base_branch_operator to 2023-08-30T15:00:00+00:00, run_after=2023-09-29T15:00:00+00:00
[2023-08-23T23:47:24.051+0000] {processor.py:179} INFO - Processing /opt/airflow/dags/12_base_branch_operator.py took 0.115 seconds
[2023-08-23T23:47:54.353+0000] {processor.py:157} INFO - Started process (PID=9044) to work on /opt/airflow/dags/12_base_branch_operator.py
[2023-08-23T23:47:54.359+0000] {processor.py:826} INFO - Processing file /opt/airflow/dags/12_base_branch_operator.py for tasks to queue
[2023-08-23T23:47:54.360+0000] {logging_mixin.py:150} INFO - [2023-08-23T23:47:54.360+0000] {dagbag.py:541} INFO - Filling up the DagBag from /opt/airflow/dags/12_base_branch_operator.py
[2023-08-23T23:47:54.367+0000] {processor.py:836} INFO - DAG(s) dict_keys(['12_base_branch_operator']) retrieved from /opt/airflow/dags/12_base_branch_operator.py
[2023-08-23T23:47:54.396+0000] {logging_mixin.py:150} INFO - [2023-08-23T23:47:54.395+0000] {dag.py:2742} INFO - Sync 1 DAGs
[2023-08-23T23:47:54.427+0000] {logging_mixin.py:150} INFO - [2023-08-23T23:47:54.426+0000] {dag.py:3508} INFO - Setting next_dagrun for 12_base_branch_operator to 2023-08-30T15:00:00+00:00, run_after=2023-09-29T15:00:00+00:00
[2023-08-23T23:47:54.453+0000] {processor.py:179} INFO - Processing /opt/airflow/dags/12_base_branch_operator.py took 0.103 seconds
[2023-08-23T23:48:24.541+0000] {processor.py:157} INFO - Started process (PID=9107) to work on /opt/airflow/dags/12_base_branch_operator.py
[2023-08-23T23:48:24.543+0000] {processor.py:826} INFO - Processing file /opt/airflow/dags/12_base_branch_operator.py for tasks to queue
[2023-08-23T23:48:24.544+0000] {logging_mixin.py:150} INFO - [2023-08-23T23:48:24.544+0000] {dagbag.py:541} INFO - Filling up the DagBag from /opt/airflow/dags/12_base_branch_operator.py
[2023-08-23T23:48:24.555+0000] {processor.py:836} INFO - DAG(s) dict_keys(['12_base_branch_operator']) retrieved from /opt/airflow/dags/12_base_branch_operator.py
[2023-08-23T23:48:24.597+0000] {logging_mixin.py:150} INFO - [2023-08-23T23:48:24.597+0000] {dag.py:2742} INFO - Sync 1 DAGs
[2023-08-23T23:48:24.646+0000] {logging_mixin.py:150} INFO - [2023-08-23T23:48:24.645+0000] {dag.py:3508} INFO - Setting next_dagrun for 12_base_branch_operator to 2023-08-30T15:00:00+00:00, run_after=2023-09-29T15:00:00+00:00
[2023-08-23T23:48:24.689+0000] {processor.py:179} INFO - Processing /opt/airflow/dags/12_base_branch_operator.py took 0.150 seconds
[2023-08-23T23:48:54.917+0000] {processor.py:157} INFO - Started process (PID=9171) to work on /opt/airflow/dags/12_base_branch_operator.py
[2023-08-23T23:48:54.924+0000] {processor.py:826} INFO - Processing file /opt/airflow/dags/12_base_branch_operator.py for tasks to queue
[2023-08-23T23:48:54.925+0000] {logging_mixin.py:150} INFO - [2023-08-23T23:48:54.925+0000] {dagbag.py:541} INFO - Filling up the DagBag from /opt/airflow/dags/12_base_branch_operator.py
[2023-08-23T23:48:54.933+0000] {processor.py:836} INFO - DAG(s) dict_keys(['12_base_branch_operator']) retrieved from /opt/airflow/dags/12_base_branch_operator.py
[2023-08-23T23:48:54.961+0000] {logging_mixin.py:150} INFO - [2023-08-23T23:48:54.960+0000] {dag.py:2742} INFO - Sync 1 DAGs
[2023-08-23T23:48:54.990+0000] {logging_mixin.py:150} INFO - [2023-08-23T23:48:54.990+0000] {dag.py:3508} INFO - Setting next_dagrun for 12_base_branch_operator to 2023-08-30T15:00:00+00:00, run_after=2023-09-29T15:00:00+00:00
[2023-08-23T23:48:55.017+0000] {processor.py:179} INFO - Processing /opt/airflow/dags/12_base_branch_operator.py took 0.103 seconds
[2023-08-23T23:49:25.311+0000] {processor.py:157} INFO - Started process (PID=9236) to work on /opt/airflow/dags/12_base_branch_operator.py
[2023-08-23T23:49:25.318+0000] {processor.py:826} INFO - Processing file /opt/airflow/dags/12_base_branch_operator.py for tasks to queue
[2023-08-23T23:49:25.319+0000] {logging_mixin.py:150} INFO - [2023-08-23T23:49:25.319+0000] {dagbag.py:541} INFO - Filling up the DagBag from /opt/airflow/dags/12_base_branch_operator.py
[2023-08-23T23:49:25.326+0000] {processor.py:836} INFO - DAG(s) dict_keys(['12_base_branch_operator']) retrieved from /opt/airflow/dags/12_base_branch_operator.py
[2023-08-23T23:49:25.353+0000] {logging_mixin.py:150} INFO - [2023-08-23T23:49:25.353+0000] {dag.py:2742} INFO - Sync 1 DAGs
[2023-08-23T23:49:25.383+0000] {logging_mixin.py:150} INFO - [2023-08-23T23:49:25.382+0000] {dag.py:3508} INFO - Setting next_dagrun for 12_base_branch_operator to 2023-08-30T15:00:00+00:00, run_after=2023-09-29T15:00:00+00:00
[2023-08-23T23:49:25.407+0000] {processor.py:179} INFO - Processing /opt/airflow/dags/12_base_branch_operator.py took 0.099 seconds
[2023-08-23T23:49:55.463+0000] {processor.py:157} INFO - Started process (PID=9301) to work on /opt/airflow/dags/12_base_branch_operator.py
[2023-08-23T23:49:55.464+0000] {processor.py:826} INFO - Processing file /opt/airflow/dags/12_base_branch_operator.py for tasks to queue
[2023-08-23T23:49:55.464+0000] {logging_mixin.py:150} INFO - [2023-08-23T23:49:55.464+0000] {dagbag.py:541} INFO - Filling up the DagBag from /opt/airflow/dags/12_base_branch_operator.py
[2023-08-23T23:49:55.472+0000] {processor.py:836} INFO - DAG(s) dict_keys(['12_base_branch_operator']) retrieved from /opt/airflow/dags/12_base_branch_operator.py
[2023-08-23T23:49:55.500+0000] {logging_mixin.py:150} INFO - [2023-08-23T23:49:55.500+0000] {dag.py:2742} INFO - Sync 1 DAGs
[2023-08-23T23:49:55.532+0000] {logging_mixin.py:150} INFO - [2023-08-23T23:49:55.532+0000] {dag.py:3508} INFO - Setting next_dagrun for 12_base_branch_operator to 2023-08-30T15:00:00+00:00, run_after=2023-09-29T15:00:00+00:00
[2023-08-23T23:49:55.557+0000] {processor.py:179} INFO - Processing /opt/airflow/dags/12_base_branch_operator.py took 0.098 seconds
[2023-08-23T23:50:25.725+0000] {processor.py:157} INFO - Started process (PID=9366) to work on /opt/airflow/dags/12_base_branch_operator.py
[2023-08-23T23:50:25.731+0000] {processor.py:826} INFO - Processing file /opt/airflow/dags/12_base_branch_operator.py for tasks to queue
[2023-08-23T23:50:25.732+0000] {logging_mixin.py:150} INFO - [2023-08-23T23:50:25.732+0000] {dagbag.py:541} INFO - Filling up the DagBag from /opt/airflow/dags/12_base_branch_operator.py
[2023-08-23T23:50:25.740+0000] {processor.py:836} INFO - DAG(s) dict_keys(['12_base_branch_operator']) retrieved from /opt/airflow/dags/12_base_branch_operator.py
[2023-08-23T23:50:25.766+0000] {logging_mixin.py:150} INFO - [2023-08-23T23:50:25.766+0000] {dag.py:2742} INFO - Sync 1 DAGs
[2023-08-23T23:50:25.801+0000] {logging_mixin.py:150} INFO - [2023-08-23T23:50:25.801+0000] {dag.py:3508} INFO - Setting next_dagrun for 12_base_branch_operator to 2023-08-30T15:00:00+00:00, run_after=2023-09-29T15:00:00+00:00
[2023-08-23T23:50:25.827+0000] {processor.py:179} INFO - Processing /opt/airflow/dags/12_base_branch_operator.py took 0.105 seconds
[2023-08-23T23:50:56.202+0000] {processor.py:157} INFO - Started process (PID=9431) to work on /opt/airflow/dags/12_base_branch_operator.py
[2023-08-23T23:50:56.203+0000] {processor.py:826} INFO - Processing file /opt/airflow/dags/12_base_branch_operator.py for tasks to queue
[2023-08-23T23:50:56.204+0000] {logging_mixin.py:150} INFO - [2023-08-23T23:50:56.204+0000] {dagbag.py:541} INFO - Filling up the DagBag from /opt/airflow/dags/12_base_branch_operator.py
[2023-08-23T23:50:56.211+0000] {processor.py:836} INFO - DAG(s) dict_keys(['12_base_branch_operator']) retrieved from /opt/airflow/dags/12_base_branch_operator.py
[2023-08-23T23:50:56.240+0000] {logging_mixin.py:150} INFO - [2023-08-23T23:50:56.239+0000] {dag.py:2742} INFO - Sync 1 DAGs
[2023-08-23T23:50:56.270+0000] {logging_mixin.py:150} INFO - [2023-08-23T23:50:56.270+0000] {dag.py:3508} INFO - Setting next_dagrun for 12_base_branch_operator to 2023-08-30T15:00:00+00:00, run_after=2023-09-29T15:00:00+00:00
[2023-08-23T23:50:56.295+0000] {processor.py:179} INFO - Processing /opt/airflow/dags/12_base_branch_operator.py took 0.096 seconds
[2023-08-23T23:51:27.029+0000] {processor.py:157} INFO - Started process (PID=9496) to work on /opt/airflow/dags/12_base_branch_operator.py
[2023-08-23T23:51:27.031+0000] {processor.py:826} INFO - Processing file /opt/airflow/dags/12_base_branch_operator.py for tasks to queue
[2023-08-23T23:51:27.032+0000] {logging_mixin.py:150} INFO - [2023-08-23T23:51:27.031+0000] {dagbag.py:541} INFO - Filling up the DagBag from /opt/airflow/dags/12_base_branch_operator.py
[2023-08-23T23:51:27.039+0000] {processor.py:836} INFO - DAG(s) dict_keys(['12_base_branch_operator']) retrieved from /opt/airflow/dags/12_base_branch_operator.py
[2023-08-23T23:51:27.065+0000] {logging_mixin.py:150} INFO - [2023-08-23T23:51:27.065+0000] {dag.py:2742} INFO - Sync 1 DAGs
[2023-08-23T23:51:27.095+0000] {logging_mixin.py:150} INFO - [2023-08-23T23:51:27.095+0000] {dag.py:3508} INFO - Setting next_dagrun for 12_base_branch_operator to 2023-08-30T15:00:00+00:00, run_after=2023-09-29T15:00:00+00:00
[2023-08-23T23:51:27.120+0000] {processor.py:179} INFO - Processing /opt/airflow/dags/12_base_branch_operator.py took 0.093 seconds
[2023-08-23T23:51:57.426+0000] {processor.py:157} INFO - Started process (PID=9561) to work on /opt/airflow/dags/12_base_branch_operator.py
[2023-08-23T23:51:57.426+0000] {processor.py:826} INFO - Processing file /opt/airflow/dags/12_base_branch_operator.py for tasks to queue
[2023-08-23T23:51:57.427+0000] {logging_mixin.py:150} INFO - [2023-08-23T23:51:57.427+0000] {dagbag.py:541} INFO - Filling up the DagBag from /opt/airflow/dags/12_base_branch_operator.py
[2023-08-23T23:51:57.434+0000] {processor.py:836} INFO - DAG(s) dict_keys(['12_base_branch_operator']) retrieved from /opt/airflow/dags/12_base_branch_operator.py
[2023-08-23T23:51:57.461+0000] {logging_mixin.py:150} INFO - [2023-08-23T23:51:57.461+0000] {dag.py:2742} INFO - Sync 1 DAGs
[2023-08-23T23:51:57.492+0000] {logging_mixin.py:150} INFO - [2023-08-23T23:51:57.492+0000] {dag.py:3508} INFO - Setting next_dagrun for 12_base_branch_operator to 2023-08-30T15:00:00+00:00, run_after=2023-09-29T15:00:00+00:00
[2023-08-23T23:51:57.521+0000] {processor.py:179} INFO - Processing /opt/airflow/dags/12_base_branch_operator.py took 0.101 seconds
[2023-08-23T23:52:27.770+0000] {processor.py:157} INFO - Started process (PID=9626) to work on /opt/airflow/dags/12_base_branch_operator.py
[2023-08-23T23:52:27.772+0000] {processor.py:826} INFO - Processing file /opt/airflow/dags/12_base_branch_operator.py for tasks to queue
[2023-08-23T23:52:27.773+0000] {logging_mixin.py:150} INFO - [2023-08-23T23:52:27.772+0000] {dagbag.py:541} INFO - Filling up the DagBag from /opt/airflow/dags/12_base_branch_operator.py
[2023-08-23T23:52:27.780+0000] {processor.py:836} INFO - DAG(s) dict_keys(['12_base_branch_operator']) retrieved from /opt/airflow/dags/12_base_branch_operator.py
[2023-08-23T23:52:27.807+0000] {logging_mixin.py:150} INFO - [2023-08-23T23:52:27.807+0000] {dag.py:2742} INFO - Sync 1 DAGs
[2023-08-23T23:52:27.838+0000] {logging_mixin.py:150} INFO - [2023-08-23T23:52:27.838+0000] {dag.py:3508} INFO - Setting next_dagrun for 12_base_branch_operator to 2023-08-30T15:00:00+00:00, run_after=2023-09-29T15:00:00+00:00
[2023-08-23T23:52:27.869+0000] {processor.py:179} INFO - Processing /opt/airflow/dags/12_base_branch_operator.py took 0.102 seconds
[2023-08-23T23:52:58.393+0000] {processor.py:157} INFO - Started process (PID=9691) to work on /opt/airflow/dags/12_base_branch_operator.py
[2023-08-23T23:52:58.395+0000] {processor.py:826} INFO - Processing file /opt/airflow/dags/12_base_branch_operator.py for tasks to queue
[2023-08-23T23:52:58.395+0000] {logging_mixin.py:150} INFO - [2023-08-23T23:52:58.395+0000] {dagbag.py:541} INFO - Filling up the DagBag from /opt/airflow/dags/12_base_branch_operator.py
[2023-08-23T23:52:58.403+0000] {processor.py:836} INFO - DAG(s) dict_keys(['12_base_branch_operator']) retrieved from /opt/airflow/dags/12_base_branch_operator.py
[2023-08-23T23:52:58.433+0000] {logging_mixin.py:150} INFO - [2023-08-23T23:52:58.432+0000] {dag.py:2742} INFO - Sync 1 DAGs
[2023-08-23T23:52:58.464+0000] {logging_mixin.py:150} INFO - [2023-08-23T23:52:58.464+0000] {dag.py:3508} INFO - Setting next_dagrun for 12_base_branch_operator to 2023-08-30T15:00:00+00:00, run_after=2023-09-29T15:00:00+00:00
[2023-08-23T23:52:58.494+0000] {processor.py:179} INFO - Processing /opt/airflow/dags/12_base_branch_operator.py took 0.103 seconds
[2023-08-23T23:53:28.947+0000] {processor.py:157} INFO - Started process (PID=9756) to work on /opt/airflow/dags/12_base_branch_operator.py
[2023-08-23T23:53:28.947+0000] {processor.py:826} INFO - Processing file /opt/airflow/dags/12_base_branch_operator.py for tasks to queue
[2023-08-23T23:53:28.948+0000] {logging_mixin.py:150} INFO - [2023-08-23T23:53:28.948+0000] {dagbag.py:541} INFO - Filling up the DagBag from /opt/airflow/dags/12_base_branch_operator.py
[2023-08-23T23:53:28.955+0000] {processor.py:836} INFO - DAG(s) dict_keys(['12_base_branch_operator']) retrieved from /opt/airflow/dags/12_base_branch_operator.py
[2023-08-23T23:53:28.982+0000] {logging_mixin.py:150} INFO - [2023-08-23T23:53:28.982+0000] {dag.py:2742} INFO - Sync 1 DAGs
[2023-08-23T23:53:29.012+0000] {logging_mixin.py:150} INFO - [2023-08-23T23:53:29.012+0000] {dag.py:3508} INFO - Setting next_dagrun for 12_base_branch_operator to 2023-08-30T15:00:00+00:00, run_after=2023-09-29T15:00:00+00:00
[2023-08-23T23:53:29.039+0000] {processor.py:179} INFO - Processing /opt/airflow/dags/12_base_branch_operator.py took 0.096 seconds
[2023-08-23T23:53:59.403+0000] {processor.py:157} INFO - Started process (PID=9821) to work on /opt/airflow/dags/12_base_branch_operator.py
[2023-08-23T23:53:59.409+0000] {processor.py:826} INFO - Processing file /opt/airflow/dags/12_base_branch_operator.py for tasks to queue
[2023-08-23T23:53:59.410+0000] {logging_mixin.py:150} INFO - [2023-08-23T23:53:59.410+0000] {dagbag.py:541} INFO - Filling up the DagBag from /opt/airflow/dags/12_base_branch_operator.py
[2023-08-23T23:53:59.417+0000] {processor.py:836} INFO - DAG(s) dict_keys(['12_base_branch_operator']) retrieved from /opt/airflow/dags/12_base_branch_operator.py
[2023-08-23T23:53:59.444+0000] {logging_mixin.py:150} INFO - [2023-08-23T23:53:59.443+0000] {dag.py:2742} INFO - Sync 1 DAGs
[2023-08-23T23:53:59.475+0000] {logging_mixin.py:150} INFO - [2023-08-23T23:53:59.475+0000] {dag.py:3508} INFO - Setting next_dagrun for 12_base_branch_operator to 2023-08-30T15:00:00+00:00, run_after=2023-09-29T15:00:00+00:00
[2023-08-23T23:53:59.503+0000] {processor.py:179} INFO - Processing /opt/airflow/dags/12_base_branch_operator.py took 0.103 seconds
[2023-08-23T23:54:29.874+0000] {processor.py:157} INFO - Started process (PID=9886) to work on /opt/airflow/dags/12_base_branch_operator.py
[2023-08-23T23:54:29.875+0000] {processor.py:826} INFO - Processing file /opt/airflow/dags/12_base_branch_operator.py for tasks to queue
[2023-08-23T23:54:29.876+0000] {logging_mixin.py:150} INFO - [2023-08-23T23:54:29.875+0000] {dagbag.py:541} INFO - Filling up the DagBag from /opt/airflow/dags/12_base_branch_operator.py
[2023-08-23T23:54:29.893+0000] {processor.py:836} INFO - DAG(s) dict_keys(['12_base_branch_operator']) retrieved from /opt/airflow/dags/12_base_branch_operator.py
[2023-08-23T23:54:29.926+0000] {logging_mixin.py:150} INFO - [2023-08-23T23:54:29.925+0000] {dag.py:2742} INFO - Sync 1 DAGs
[2023-08-23T23:54:29.963+0000] {logging_mixin.py:150} INFO - [2023-08-23T23:54:29.963+0000] {dag.py:3508} INFO - Setting next_dagrun for 12_base_branch_operator to 2023-08-30T15:00:00+00:00, run_after=2023-09-29T15:00:00+00:00
[2023-08-23T23:54:29.990+0000] {processor.py:179} INFO - Processing /opt/airflow/dags/12_base_branch_operator.py took 0.120 seconds
[2023-08-23T23:55:00.180+0000] {processor.py:157} INFO - Started process (PID=9951) to work on /opt/airflow/dags/12_base_branch_operator.py
[2023-08-23T23:55:00.182+0000] {processor.py:826} INFO - Processing file /opt/airflow/dags/12_base_branch_operator.py for tasks to queue
[2023-08-23T23:55:00.182+0000] {logging_mixin.py:150} INFO - [2023-08-23T23:55:00.182+0000] {dagbag.py:541} INFO - Filling up the DagBag from /opt/airflow/dags/12_base_branch_operator.py
[2023-08-23T23:55:00.191+0000] {processor.py:836} INFO - DAG(s) dict_keys(['12_base_branch_operator']) retrieved from /opt/airflow/dags/12_base_branch_operator.py
[2023-08-23T23:55:00.220+0000] {logging_mixin.py:150} INFO - [2023-08-23T23:55:00.220+0000] {dag.py:2742} INFO - Sync 1 DAGs
[2023-08-23T23:55:00.261+0000] {logging_mixin.py:150} INFO - [2023-08-23T23:55:00.261+0000] {dag.py:3508} INFO - Setting next_dagrun for 12_base_branch_operator to 2023-08-30T15:00:00+00:00, run_after=2023-09-29T15:00:00+00:00
[2023-08-23T23:55:00.284+0000] {processor.py:179} INFO - Processing /opt/airflow/dags/12_base_branch_operator.py took 0.108 seconds
[2023-08-23T23:55:30.629+0000] {processor.py:157} INFO - Started process (PID=10016) to work on /opt/airflow/dags/12_base_branch_operator.py
[2023-08-23T23:55:30.629+0000] {processor.py:826} INFO - Processing file /opt/airflow/dags/12_base_branch_operator.py for tasks to queue
[2023-08-23T23:55:30.630+0000] {logging_mixin.py:150} INFO - [2023-08-23T23:55:30.630+0000] {dagbag.py:541} INFO - Filling up the DagBag from /opt/airflow/dags/12_base_branch_operator.py
[2023-08-23T23:55:30.638+0000] {processor.py:836} INFO - DAG(s) dict_keys(['12_base_branch_operator']) retrieved from /opt/airflow/dags/12_base_branch_operator.py
[2023-08-23T23:55:30.666+0000] {logging_mixin.py:150} INFO - [2023-08-23T23:55:30.665+0000] {dag.py:2742} INFO - Sync 1 DAGs
[2023-08-23T23:55:30.697+0000] {logging_mixin.py:150} INFO - [2023-08-23T23:55:30.697+0000] {dag.py:3508} INFO - Setting next_dagrun for 12_base_branch_operator to 2023-08-30T15:00:00+00:00, run_after=2023-09-29T15:00:00+00:00
[2023-08-23T23:55:30.727+0000] {processor.py:179} INFO - Processing /opt/airflow/dags/12_base_branch_operator.py took 0.101 seconds
[2023-08-23T23:56:01.293+0000] {processor.py:157} INFO - Started process (PID=10081) to work on /opt/airflow/dags/12_base_branch_operator.py
[2023-08-23T23:56:01.295+0000] {processor.py:826} INFO - Processing file /opt/airflow/dags/12_base_branch_operator.py for tasks to queue
[2023-08-23T23:56:01.297+0000] {logging_mixin.py:150} INFO - [2023-08-23T23:56:01.296+0000] {dagbag.py:541} INFO - Filling up the DagBag from /opt/airflow/dags/12_base_branch_operator.py
[2023-08-23T23:56:01.311+0000] {processor.py:836} INFO - DAG(s) dict_keys(['12_base_branch_operator']) retrieved from /opt/airflow/dags/12_base_branch_operator.py
[2023-08-23T23:56:01.356+0000] {logging_mixin.py:150} INFO - [2023-08-23T23:56:01.355+0000] {dag.py:2742} INFO - Sync 1 DAGs
[2023-08-23T23:56:01.422+0000] {logging_mixin.py:150} INFO - [2023-08-23T23:56:01.421+0000] {dag.py:3508} INFO - Setting next_dagrun for 12_base_branch_operator to 2023-08-30T15:00:00+00:00, run_after=2023-09-29T15:00:00+00:00
[2023-08-23T23:56:01.464+0000] {processor.py:179} INFO - Processing /opt/airflow/dags/12_base_branch_operator.py took 0.176 seconds
[2023-08-23T23:56:31.977+0000] {processor.py:157} INFO - Started process (PID=10146) to work on /opt/airflow/dags/12_base_branch_operator.py
[2023-08-23T23:56:31.977+0000] {processor.py:826} INFO - Processing file /opt/airflow/dags/12_base_branch_operator.py for tasks to queue
[2023-08-23T23:56:31.978+0000] {logging_mixin.py:150} INFO - [2023-08-23T23:56:31.978+0000] {dagbag.py:541} INFO - Filling up the DagBag from /opt/airflow/dags/12_base_branch_operator.py
[2023-08-23T23:56:31.987+0000] {processor.py:836} INFO - DAG(s) dict_keys(['12_base_branch_operator']) retrieved from /opt/airflow/dags/12_base_branch_operator.py
[2023-08-23T23:56:32.013+0000] {logging_mixin.py:150} INFO - [2023-08-23T23:56:32.013+0000] {dag.py:2742} INFO - Sync 1 DAGs
[2023-08-23T23:56:32.056+0000] {logging_mixin.py:150} INFO - [2023-08-23T23:56:32.056+0000] {dag.py:3508} INFO - Setting next_dagrun for 12_base_branch_operator to 2023-08-30T15:00:00+00:00, run_after=2023-09-29T15:00:00+00:00
[2023-08-23T23:56:32.084+0000] {processor.py:179} INFO - Processing /opt/airflow/dags/12_base_branch_operator.py took 0.112 seconds
[2023-08-23T23:57:02.561+0000] {processor.py:157} INFO - Started process (PID=10211) to work on /opt/airflow/dags/12_base_branch_operator.py
[2023-08-23T23:57:02.563+0000] {processor.py:826} INFO - Processing file /opt/airflow/dags/12_base_branch_operator.py for tasks to queue
[2023-08-23T23:57:02.566+0000] {logging_mixin.py:150} INFO - [2023-08-23T23:57:02.565+0000] {dagbag.py:541} INFO - Filling up the DagBag from /opt/airflow/dags/12_base_branch_operator.py
[2023-08-23T23:57:02.588+0000] {processor.py:836} INFO - DAG(s) dict_keys(['12_base_branch_operator']) retrieved from /opt/airflow/dags/12_base_branch_operator.py
[2023-08-23T23:57:02.691+0000] {logging_mixin.py:150} INFO - [2023-08-23T23:57:02.691+0000] {dag.py:2742} INFO - Sync 1 DAGs
[2023-08-23T23:57:02.800+0000] {logging_mixin.py:150} INFO - [2023-08-23T23:57:02.799+0000] {dag.py:3508} INFO - Setting next_dagrun for 12_base_branch_operator to 2023-08-30T15:00:00+00:00, run_after=2023-09-29T15:00:00+00:00
[2023-08-23T23:57:02.888+0000] {processor.py:179} INFO - Processing /opt/airflow/dags/12_base_branch_operator.py took 0.341 seconds
[2023-08-23T23:57:33.499+0000] {processor.py:157} INFO - Started process (PID=10276) to work on /opt/airflow/dags/12_base_branch_operator.py
[2023-08-23T23:57:33.499+0000] {processor.py:826} INFO - Processing file /opt/airflow/dags/12_base_branch_operator.py for tasks to queue
[2023-08-23T23:57:33.500+0000] {logging_mixin.py:150} INFO - [2023-08-23T23:57:33.500+0000] {dagbag.py:541} INFO - Filling up the DagBag from /opt/airflow/dags/12_base_branch_operator.py
[2023-08-23T23:57:33.507+0000] {processor.py:836} INFO - DAG(s) dict_keys(['12_base_branch_operator']) retrieved from /opt/airflow/dags/12_base_branch_operator.py
[2023-08-23T23:57:33.534+0000] {logging_mixin.py:150} INFO - [2023-08-23T23:57:33.534+0000] {dag.py:2742} INFO - Sync 1 DAGs
[2023-08-23T23:57:33.565+0000] {logging_mixin.py:150} INFO - [2023-08-23T23:57:33.565+0000] {dag.py:3508} INFO - Setting next_dagrun for 12_base_branch_operator to 2023-08-30T15:00:00+00:00, run_after=2023-09-29T15:00:00+00:00
[2023-08-23T23:57:33.595+0000] {processor.py:179} INFO - Processing /opt/airflow/dags/12_base_branch_operator.py took 0.103 seconds
[2023-08-23T23:58:03.865+0000] {processor.py:157} INFO - Started process (PID=10342) to work on /opt/airflow/dags/12_base_branch_operator.py
[2023-08-23T23:58:03.867+0000] {processor.py:826} INFO - Processing file /opt/airflow/dags/12_base_branch_operator.py for tasks to queue
[2023-08-23T23:58:03.868+0000] {logging_mixin.py:150} INFO - [2023-08-23T23:58:03.868+0000] {dagbag.py:541} INFO - Filling up the DagBag from /opt/airflow/dags/12_base_branch_operator.py
[2023-08-23T23:58:03.876+0000] {processor.py:836} INFO - DAG(s) dict_keys(['12_base_branch_operator']) retrieved from /opt/airflow/dags/12_base_branch_operator.py
[2023-08-23T23:58:03.903+0000] {logging_mixin.py:150} INFO - [2023-08-23T23:58:03.903+0000] {dag.py:2742} INFO - Sync 1 DAGs
[2023-08-23T23:58:03.936+0000] {logging_mixin.py:150} INFO - [2023-08-23T23:58:03.936+0000] {dag.py:3508} INFO - Setting next_dagrun for 12_base_branch_operator to 2023-08-30T15:00:00+00:00, run_after=2023-09-29T15:00:00+00:00
[2023-08-23T23:58:03.962+0000] {processor.py:179} INFO - Processing /opt/airflow/dags/12_base_branch_operator.py took 0.100 seconds
[2023-08-23T23:58:34.111+0000] {processor.py:157} INFO - Started process (PID=10407) to work on /opt/airflow/dags/12_base_branch_operator.py
[2023-08-23T23:58:34.111+0000] {processor.py:826} INFO - Processing file /opt/airflow/dags/12_base_branch_operator.py for tasks to queue
[2023-08-23T23:58:34.112+0000] {logging_mixin.py:150} INFO - [2023-08-23T23:58:34.112+0000] {dagbag.py:541} INFO - Filling up the DagBag from /opt/airflow/dags/12_base_branch_operator.py
[2023-08-23T23:58:34.119+0000] {processor.py:836} INFO - DAG(s) dict_keys(['12_base_branch_operator']) retrieved from /opt/airflow/dags/12_base_branch_operator.py
[2023-08-23T23:58:34.146+0000] {logging_mixin.py:150} INFO - [2023-08-23T23:58:34.146+0000] {dag.py:2742} INFO - Sync 1 DAGs
[2023-08-23T23:58:34.180+0000] {logging_mixin.py:150} INFO - [2023-08-23T23:58:34.180+0000] {dag.py:3508} INFO - Setting next_dagrun for 12_base_branch_operator to 2023-08-30T15:00:00+00:00, run_after=2023-09-29T15:00:00+00:00
[2023-08-23T23:58:34.212+0000] {processor.py:179} INFO - Processing /opt/airflow/dags/12_base_branch_operator.py took 0.104 seconds
[2023-08-23T23:59:04.516+0000] {processor.py:157} INFO - Started process (PID=10473) to work on /opt/airflow/dags/12_base_branch_operator.py
[2023-08-23T23:59:04.517+0000] {processor.py:826} INFO - Processing file /opt/airflow/dags/12_base_branch_operator.py for tasks to queue
[2023-08-23T23:59:04.518+0000] {logging_mixin.py:150} INFO - [2023-08-23T23:59:04.518+0000] {dagbag.py:541} INFO - Filling up the DagBag from /opt/airflow/dags/12_base_branch_operator.py
[2023-08-23T23:59:04.526+0000] {processor.py:836} INFO - DAG(s) dict_keys(['12_base_branch_operator']) retrieved from /opt/airflow/dags/12_base_branch_operator.py
[2023-08-23T23:59:04.555+0000] {logging_mixin.py:150} INFO - [2023-08-23T23:59:04.555+0000] {dag.py:2742} INFO - Sync 1 DAGs
[2023-08-23T23:59:04.589+0000] {logging_mixin.py:150} INFO - [2023-08-23T23:59:04.589+0000] {dag.py:3508} INFO - Setting next_dagrun for 12_base_branch_operator to 2023-08-30T15:00:00+00:00, run_after=2023-09-29T15:00:00+00:00
[2023-08-23T23:59:04.623+0000] {processor.py:179} INFO - Processing /opt/airflow/dags/12_base_branch_operator.py took 0.111 seconds
[2023-08-23T23:59:34.767+0000] {processor.py:157} INFO - Started process (PID=10539) to work on /opt/airflow/dags/12_base_branch_operator.py
[2023-08-23T23:59:34.768+0000] {processor.py:826} INFO - Processing file /opt/airflow/dags/12_base_branch_operator.py for tasks to queue
[2023-08-23T23:59:34.768+0000] {logging_mixin.py:150} INFO - [2023-08-23T23:59:34.768+0000] {dagbag.py:541} INFO - Filling up the DagBag from /opt/airflow/dags/12_base_branch_operator.py
[2023-08-23T23:59:34.781+0000] {processor.py:836} INFO - DAG(s) dict_keys(['12_base_branch_operator']) retrieved from /opt/airflow/dags/12_base_branch_operator.py
[2023-08-23T23:59:34.825+0000] {logging_mixin.py:150} INFO - [2023-08-23T23:59:34.825+0000] {dag.py:2742} INFO - Sync 1 DAGs
[2023-08-23T23:59:34.864+0000] {logging_mixin.py:150} INFO - [2023-08-23T23:59:34.863+0000] {dag.py:3508} INFO - Setting next_dagrun for 12_base_branch_operator to 2023-08-30T15:00:00+00:00, run_after=2023-09-29T15:00:00+00:00
[2023-08-23T23:59:34.899+0000] {processor.py:179} INFO - Processing /opt/airflow/dags/12_base_branch_operator.py took 0.137 seconds
