[2023-08-18T04:44:15.719+0000] {taskinstance.py:1103} INFO - Dependencies all met for dep_context=non-requeueable deps ti=<TaskInstance: dags_external_task_sensor.external_task_sensor_c scheduled__2023-08-16T22:00:00+00:00 [queued]>
[2023-08-18T04:44:15.732+0000] {taskinstance.py:1103} INFO - Dependencies all met for dep_context=requeueable deps ti=<TaskInstance: dags_external_task_sensor.external_task_sensor_c scheduled__2023-08-16T22:00:00+00:00 [queued]>
[2023-08-18T04:44:15.732+0000] {taskinstance.py:1308} INFO - Starting attempt 1 of 1
[2023-08-18T04:44:15.755+0000] {taskinstance.py:1327} INFO - Executing <Task(ExternalTaskSensor): external_task_sensor_c> on 2023-08-16 22:00:00+00:00
[2023-08-18T04:44:15.762+0000] {standard_task_runner.py:57} INFO - Started process 2349 to run task
[2023-08-18T04:44:15.765+0000] {standard_task_runner.py:84} INFO - Running: ['***', 'tasks', 'run', 'dags_external_task_sensor', 'external_task_sensor_c', 'scheduled__2023-08-16T22:00:00+00:00', '--job-id', '23', '--raw', '--subdir', 'DAGS_FOLDER/dags_external_task_sensor.py', '--cfg-path', '/tmp/tmp8yt50d5i']
[2023-08-18T04:44:15.767+0000] {standard_task_runner.py:85} INFO - Job 23: Subtask external_task_sensor_c
[2023-08-18T04:44:15.828+0000] {task_command.py:410} INFO - Running <TaskInstance: dags_external_task_sensor.external_task_sensor_c scheduled__2023-08-16T22:00:00+00:00 [running]> on host 05c492c53b17
[2023-08-18T04:44:15.930+0000] {taskinstance.py:1547} INFO - Exporting env vars: AIRFLOW_CTX_DAG_OWNER='***' AIRFLOW_CTX_DAG_ID='dags_external_task_sensor' AIRFLOW_CTX_TASK_ID='external_task_sensor_c' AIRFLOW_CTX_EXECUTION_DATE='2023-08-16T22:00:00+00:00' AIRFLOW_CTX_TRY_NUMBER='1' AIRFLOW_CTX_DAG_RUN_ID='scheduled__2023-08-16T22:00:00+00:00'
[2023-08-18T04:44:15.931+0000] {external_task.py:236} INFO - Poking for tasks ['task_c'] in dag dags_branch_python_operator on 2023-08-16T16:00:00+00:00 ... 
[2023-08-18T04:44:25.956+0000] {external_task.py:236} INFO - Poking for tasks ['task_c'] in dag dags_branch_python_operator on 2023-08-16T16:00:00+00:00 ... 
[2023-08-18T04:44:35.975+0000] {external_task.py:236} INFO - Poking for tasks ['task_c'] in dag dags_branch_python_operator on 2023-08-16T16:00:00+00:00 ... 
[2023-08-18T04:44:46.000+0000] {external_task.py:236} INFO - Poking for tasks ['task_c'] in dag dags_branch_python_operator on 2023-08-16T16:00:00+00:00 ... 
[2023-08-18T04:44:56.021+0000] {external_task.py:236} INFO - Poking for tasks ['task_c'] in dag dags_branch_python_operator on 2023-08-16T16:00:00+00:00 ... 
[2023-08-18T04:45:06.044+0000] {external_task.py:236} INFO - Poking for tasks ['task_c'] in dag dags_branch_python_operator on 2023-08-16T16:00:00+00:00 ... 
[2023-08-18T04:45:16.068+0000] {external_task.py:236} INFO - Poking for tasks ['task_c'] in dag dags_branch_python_operator on 2023-08-16T16:00:00+00:00 ... 
[2023-08-18T04:45:26.092+0000] {external_task.py:236} INFO - Poking for tasks ['task_c'] in dag dags_branch_python_operator on 2023-08-16T16:00:00+00:00 ... 
[2023-08-18T04:45:36.115+0000] {external_task.py:236} INFO - Poking for tasks ['task_c'] in dag dags_branch_python_operator on 2023-08-16T16:00:00+00:00 ... 
[2023-08-18T04:45:46.135+0000] {external_task.py:236} INFO - Poking for tasks ['task_c'] in dag dags_branch_python_operator on 2023-08-16T16:00:00+00:00 ... 
[2023-08-18T04:45:56.155+0000] {external_task.py:236} INFO - Poking for tasks ['task_c'] in dag dags_branch_python_operator on 2023-08-16T16:00:00+00:00 ... 
[2023-08-18T04:46:06.176+0000] {external_task.py:236} INFO - Poking for tasks ['task_c'] in dag dags_branch_python_operator on 2023-08-16T16:00:00+00:00 ... 
[2023-08-18T04:46:16.198+0000] {external_task.py:236} INFO - Poking for tasks ['task_c'] in dag dags_branch_python_operator on 2023-08-16T16:00:00+00:00 ... 
[2023-08-18T04:46:26.216+0000] {external_task.py:236} INFO - Poking for tasks ['task_c'] in dag dags_branch_python_operator on 2023-08-16T16:00:00+00:00 ... 
[2023-08-18T04:46:36.244+0000] {external_task.py:236} INFO - Poking for tasks ['task_c'] in dag dags_branch_python_operator on 2023-08-16T16:00:00+00:00 ... 
[2023-08-18T04:46:46.265+0000] {external_task.py:236} INFO - Poking for tasks ['task_c'] in dag dags_branch_python_operator on 2023-08-16T16:00:00+00:00 ... 
[2023-08-18T04:46:56.285+0000] {external_task.py:236} INFO - Poking for tasks ['task_c'] in dag dags_branch_python_operator on 2023-08-16T16:00:00+00:00 ... 
[2023-08-18T04:47:06.306+0000] {external_task.py:236} INFO - Poking for tasks ['task_c'] in dag dags_branch_python_operator on 2023-08-16T16:00:00+00:00 ... 
[2023-08-18T04:47:16.325+0000] {external_task.py:236} INFO - Poking for tasks ['task_c'] in dag dags_branch_python_operator on 2023-08-16T16:00:00+00:00 ... 
[2023-08-18T04:47:26.348+0000] {external_task.py:236} INFO - Poking for tasks ['task_c'] in dag dags_branch_python_operator on 2023-08-16T16:00:00+00:00 ... 
[2023-08-18T04:47:36.371+0000] {external_task.py:236} INFO - Poking for tasks ['task_c'] in dag dags_branch_python_operator on 2023-08-16T16:00:00+00:00 ... 
[2023-08-18T04:47:46.385+0000] {external_task.py:236} INFO - Poking for tasks ['task_c'] in dag dags_branch_python_operator on 2023-08-16T16:00:00+00:00 ... 
[2023-08-18T04:47:56.406+0000] {external_task.py:236} INFO - Poking for tasks ['task_c'] in dag dags_branch_python_operator on 2023-08-16T16:00:00+00:00 ... 
[2023-08-18T04:48:06.424+0000] {external_task.py:236} INFO - Poking for tasks ['task_c'] in dag dags_branch_python_operator on 2023-08-16T16:00:00+00:00 ... 
[2023-08-18T04:48:16.452+0000] {external_task.py:236} INFO - Poking for tasks ['task_c'] in dag dags_branch_python_operator on 2023-08-16T16:00:00+00:00 ... 
[2023-08-18T04:48:26.464+0000] {external_task.py:236} INFO - Poking for tasks ['task_c'] in dag dags_branch_python_operator on 2023-08-16T16:00:00+00:00 ... 
[2023-08-18T04:48:36.484+0000] {external_task.py:236} INFO - Poking for tasks ['task_c'] in dag dags_branch_python_operator on 2023-08-16T16:00:00+00:00 ... 
[2023-08-18T04:48:46.503+0000] {external_task.py:236} INFO - Poking for tasks ['task_c'] in dag dags_branch_python_operator on 2023-08-16T16:00:00+00:00 ... 
[2023-08-18T04:48:56.523+0000] {external_task.py:236} INFO - Poking for tasks ['task_c'] in dag dags_branch_python_operator on 2023-08-16T16:00:00+00:00 ... 
[2023-08-18T04:49:06.542+0000] {external_task.py:236} INFO - Poking for tasks ['task_c'] in dag dags_branch_python_operator on 2023-08-16T16:00:00+00:00 ... 
[2023-08-18T04:49:16.562+0000] {external_task.py:236} INFO - Poking for tasks ['task_c'] in dag dags_branch_python_operator on 2023-08-16T16:00:00+00:00 ... 
[2023-08-18T04:49:26.582+0000] {external_task.py:236} INFO - Poking for tasks ['task_c'] in dag dags_branch_python_operator on 2023-08-16T16:00:00+00:00 ... 
[2023-08-18T04:49:36.602+0000] {external_task.py:236} INFO - Poking for tasks ['task_c'] in dag dags_branch_python_operator on 2023-08-16T16:00:00+00:00 ... 
[2023-08-18T04:49:46.621+0000] {external_task.py:236} INFO - Poking for tasks ['task_c'] in dag dags_branch_python_operator on 2023-08-16T16:00:00+00:00 ... 
[2023-08-18T04:49:56.643+0000] {external_task.py:236} INFO - Poking for tasks ['task_c'] in dag dags_branch_python_operator on 2023-08-16T16:00:00+00:00 ... 
[2023-08-18T04:50:06.661+0000] {external_task.py:236} INFO - Poking for tasks ['task_c'] in dag dags_branch_python_operator on 2023-08-16T16:00:00+00:00 ... 
[2023-08-18T04:50:16.681+0000] {external_task.py:236} INFO - Poking for tasks ['task_c'] in dag dags_branch_python_operator on 2023-08-16T16:00:00+00:00 ... 
[2023-08-18T04:50:26.701+0000] {external_task.py:236} INFO - Poking for tasks ['task_c'] in dag dags_branch_python_operator on 2023-08-16T16:00:00+00:00 ... 
[2023-08-18T04:50:36.721+0000] {external_task.py:236} INFO - Poking for tasks ['task_c'] in dag dags_branch_python_operator on 2023-08-16T16:00:00+00:00 ... 
[2023-08-18T04:50:46.741+0000] {external_task.py:236} INFO - Poking for tasks ['task_c'] in dag dags_branch_python_operator on 2023-08-16T16:00:00+00:00 ... 
[2023-08-18T04:50:56.761+0000] {external_task.py:236} INFO - Poking for tasks ['task_c'] in dag dags_branch_python_operator on 2023-08-16T16:00:00+00:00 ... 
[2023-08-18T04:51:06.780+0000] {external_task.py:236} INFO - Poking for tasks ['task_c'] in dag dags_branch_python_operator on 2023-08-16T16:00:00+00:00 ... 
[2023-08-18T04:51:16.798+0000] {external_task.py:236} INFO - Poking for tasks ['task_c'] in dag dags_branch_python_operator on 2023-08-16T16:00:00+00:00 ... 
[2023-08-18T04:51:26.838+0000] {external_task.py:236} INFO - Poking for tasks ['task_c'] in dag dags_branch_python_operator on 2023-08-16T16:00:00+00:00 ... 
[2023-08-18T04:51:36.862+0000] {external_task.py:236} INFO - Poking for tasks ['task_c'] in dag dags_branch_python_operator on 2023-08-16T16:00:00+00:00 ... 
[2023-08-18T04:51:46.878+0000] {external_task.py:236} INFO - Poking for tasks ['task_c'] in dag dags_branch_python_operator on 2023-08-16T16:00:00+00:00 ... 
[2023-08-18T04:51:56.899+0000] {external_task.py:236} INFO - Poking for tasks ['task_c'] in dag dags_branch_python_operator on 2023-08-16T16:00:00+00:00 ... 
[2023-08-18T04:52:06.919+0000] {external_task.py:236} INFO - Poking for tasks ['task_c'] in dag dags_branch_python_operator on 2023-08-16T16:00:00+00:00 ... 
[2023-08-18T04:52:16.943+0000] {external_task.py:236} INFO - Poking for tasks ['task_c'] in dag dags_branch_python_operator on 2023-08-16T16:00:00+00:00 ... 
[2023-08-18T04:52:26.966+0000] {external_task.py:236} INFO - Poking for tasks ['task_c'] in dag dags_branch_python_operator on 2023-08-16T16:00:00+00:00 ... 
[2023-08-18T04:52:36.987+0000] {external_task.py:236} INFO - Poking for tasks ['task_c'] in dag dags_branch_python_operator on 2023-08-16T16:00:00+00:00 ... 
[2023-08-18T04:52:47.007+0000] {external_task.py:236} INFO - Poking for tasks ['task_c'] in dag dags_branch_python_operator on 2023-08-16T16:00:00+00:00 ... 
[2023-08-18T04:52:57.030+0000] {external_task.py:236} INFO - Poking for tasks ['task_c'] in dag dags_branch_python_operator on 2023-08-16T16:00:00+00:00 ... 
[2023-08-18T04:53:07.047+0000] {external_task.py:236} INFO - Poking for tasks ['task_c'] in dag dags_branch_python_operator on 2023-08-16T16:00:00+00:00 ... 
[2023-08-18T04:53:17.068+0000] {external_task.py:236} INFO - Poking for tasks ['task_c'] in dag dags_branch_python_operator on 2023-08-16T16:00:00+00:00 ... 
[2023-08-18T04:53:27.084+0000] {external_task.py:236} INFO - Poking for tasks ['task_c'] in dag dags_branch_python_operator on 2023-08-16T16:00:00+00:00 ... 
[2023-08-18T04:53:37.107+0000] {external_task.py:236} INFO - Poking for tasks ['task_c'] in dag dags_branch_python_operator on 2023-08-16T16:00:00+00:00 ... 
[2023-08-18T04:53:47.130+0000] {external_task.py:236} INFO - Poking for tasks ['task_c'] in dag dags_branch_python_operator on 2023-08-16T16:00:00+00:00 ... 
[2023-08-18T04:53:57.152+0000] {external_task.py:236} INFO - Poking for tasks ['task_c'] in dag dags_branch_python_operator on 2023-08-16T16:00:00+00:00 ... 
[2023-08-18T04:54:07.178+0000] {external_task.py:236} INFO - Poking for tasks ['task_c'] in dag dags_branch_python_operator on 2023-08-16T16:00:00+00:00 ... 
[2023-08-18T04:54:17.197+0000] {external_task.py:236} INFO - Poking for tasks ['task_c'] in dag dags_branch_python_operator on 2023-08-16T16:00:00+00:00 ... 
[2023-08-18T04:54:27.218+0000] {external_task.py:236} INFO - Poking for tasks ['task_c'] in dag dags_branch_python_operator on 2023-08-16T16:00:00+00:00 ... 
[2023-08-18T04:54:37.236+0000] {external_task.py:236} INFO - Poking for tasks ['task_c'] in dag dags_branch_python_operator on 2023-08-16T16:00:00+00:00 ... 
[2023-08-18T04:54:47.257+0000] {external_task.py:236} INFO - Poking for tasks ['task_c'] in dag dags_branch_python_operator on 2023-08-16T16:00:00+00:00 ... 
[2023-08-18T04:54:57.276+0000] {external_task.py:236} INFO - Poking for tasks ['task_c'] in dag dags_branch_python_operator on 2023-08-16T16:00:00+00:00 ... 
[2023-08-18T04:55:07.296+0000] {external_task.py:236} INFO - Poking for tasks ['task_c'] in dag dags_branch_python_operator on 2023-08-16T16:00:00+00:00 ... 
[2023-08-18T04:55:17.313+0000] {external_task.py:236} INFO - Poking for tasks ['task_c'] in dag dags_branch_python_operator on 2023-08-16T16:00:00+00:00 ... 
[2023-08-18T04:55:27.337+0000] {external_task.py:236} INFO - Poking for tasks ['task_c'] in dag dags_branch_python_operator on 2023-08-16T16:00:00+00:00 ... 
[2023-08-18T04:55:37.360+0000] {external_task.py:236} INFO - Poking for tasks ['task_c'] in dag dags_branch_python_operator on 2023-08-16T16:00:00+00:00 ... 
[2023-08-18T04:55:47.384+0000] {external_task.py:236} INFO - Poking for tasks ['task_c'] in dag dags_branch_python_operator on 2023-08-16T16:00:00+00:00 ... 
[2023-08-18T04:55:57.407+0000] {external_task.py:236} INFO - Poking for tasks ['task_c'] in dag dags_branch_python_operator on 2023-08-16T16:00:00+00:00 ... 
[2023-08-18T04:56:07.426+0000] {external_task.py:236} INFO - Poking for tasks ['task_c'] in dag dags_branch_python_operator on 2023-08-16T16:00:00+00:00 ... 
[2023-08-18T04:56:17.446+0000] {external_task.py:236} INFO - Poking for tasks ['task_c'] in dag dags_branch_python_operator on 2023-08-16T16:00:00+00:00 ... 
[2023-08-18T04:56:27.466+0000] {external_task.py:236} INFO - Poking for tasks ['task_c'] in dag dags_branch_python_operator on 2023-08-16T16:00:00+00:00 ... 
[2023-08-18T04:56:37.485+0000] {external_task.py:236} INFO - Poking for tasks ['task_c'] in dag dags_branch_python_operator on 2023-08-16T16:00:00+00:00 ... 
[2023-08-18T04:56:47.506+0000] {external_task.py:236} INFO - Poking for tasks ['task_c'] in dag dags_branch_python_operator on 2023-08-16T16:00:00+00:00 ... 
[2023-08-18T04:56:57.526+0000] {external_task.py:236} INFO - Poking for tasks ['task_c'] in dag dags_branch_python_operator on 2023-08-16T16:00:00+00:00 ... 
[2023-08-18T04:57:07.546+0000] {external_task.py:236} INFO - Poking for tasks ['task_c'] in dag dags_branch_python_operator on 2023-08-16T16:00:00+00:00 ... 
[2023-08-18T04:57:17.570+0000] {external_task.py:236} INFO - Poking for tasks ['task_c'] in dag dags_branch_python_operator on 2023-08-16T16:00:00+00:00 ... 
[2023-08-18T04:57:27.593+0000] {external_task.py:236} INFO - Poking for tasks ['task_c'] in dag dags_branch_python_operator on 2023-08-16T16:00:00+00:00 ... 
[2023-08-18T04:57:37.613+0000] {external_task.py:236} INFO - Poking for tasks ['task_c'] in dag dags_branch_python_operator on 2023-08-16T16:00:00+00:00 ... 
[2023-08-18T04:57:47.626+0000] {external_task.py:236} INFO - Poking for tasks ['task_c'] in dag dags_branch_python_operator on 2023-08-16T16:00:00+00:00 ... 
[2023-08-18T04:57:57.646+0000] {external_task.py:236} INFO - Poking for tasks ['task_c'] in dag dags_branch_python_operator on 2023-08-16T16:00:00+00:00 ... 
[2023-08-18T04:58:07.673+0000] {external_task.py:236} INFO - Poking for tasks ['task_c'] in dag dags_branch_python_operator on 2023-08-16T16:00:00+00:00 ... 
[2023-08-18T04:58:17.695+0000] {external_task.py:236} INFO - Poking for tasks ['task_c'] in dag dags_branch_python_operator on 2023-08-16T16:00:00+00:00 ... 
[2023-08-18T04:58:27.706+0000] {external_task.py:236} INFO - Poking for tasks ['task_c'] in dag dags_branch_python_operator on 2023-08-16T16:00:00+00:00 ... 
[2023-08-18T04:58:37.726+0000] {external_task.py:236} INFO - Poking for tasks ['task_c'] in dag dags_branch_python_operator on 2023-08-16T16:00:00+00:00 ... 
[2023-08-18T04:58:47.749+0000] {external_task.py:236} INFO - Poking for tasks ['task_c'] in dag dags_branch_python_operator on 2023-08-16T16:00:00+00:00 ... 
[2023-08-18T04:58:52.957+0000] {local_task_job_runner.py:292} WARNING - State of this instance has been externally set to failed. Terminating instance.
[2023-08-18T04:58:52.959+0000] {process_utils.py:135} INFO - Sending Signals.SIGTERM to group 2349. PIDs of all processes in the group: [2349]
[2023-08-18T04:58:52.960+0000] {process_utils.py:86} INFO - Sending the signal Signals.SIGTERM to group 2349
[2023-08-18T04:58:52.960+0000] {taskinstance.py:1517} ERROR - Received SIGTERM. Terminating subprocesses.
[2023-08-18T04:58:53.012+0000] {process_utils.py:79} INFO - Process psutil.Process(pid=2349, status='terminated', exitcode=0, started='04:44:15') (2349) terminated with exit code 0
