[2023-08-24T00:23:08.039+0000] {taskinstance.py:1103} INFO - Dependencies all met for dep_context=non-requeueable deps ti=<TaskInstance: 10_branch_operator.task_lostark manual__2023-08-24T00:23:03.752892+00:00 [queued]>
[2023-08-24T00:23:08.059+0000] {taskinstance.py:1103} INFO - Dependencies all met for dep_context=requeueable deps ti=<TaskInstance: 10_branch_operator.task_lostark manual__2023-08-24T00:23:03.752892+00:00 [queued]>
[2023-08-24T00:23:08.059+0000] {taskinstance.py:1308} INFO - Starting attempt 1 of 1
[2023-08-24T00:23:08.078+0000] {taskinstance.py:1327} INFO - Executing <Task(PythonOperator): task_lostark> on 2023-08-24 00:23:03.752892+00:00
[2023-08-24T00:23:08.086+0000] {standard_task_runner.py:57} INFO - Started process 1593 to run task
[2023-08-24T00:23:08.090+0000] {standard_task_runner.py:84} INFO - Running: ['***', 'tasks', 'run', '10_branch_operator', 'task_lostark', 'manual__2023-08-24T00:23:03.752892+00:00', '--job-id', '168', '--raw', '--subdir', 'DAGS_FOLDER/10_branch_operator.py', '--cfg-path', '/tmp/tmptppku_fk']
[2023-08-24T00:23:08.091+0000] {standard_task_runner.py:85} INFO - Job 168: Subtask task_lostark
[2023-08-24T00:23:08.146+0000] {task_command.py:410} INFO - Running <TaskInstance: 10_branch_operator.task_lostark manual__2023-08-24T00:23:03.752892+00:00 [running]> on host 05c492c53b17
[2023-08-24T00:23:08.251+0000] {taskinstance.py:1547} INFO - Exporting env vars: AIRFLOW_CTX_DAG_OWNER='***' AIRFLOW_CTX_DAG_ID='10_branch_operator' AIRFLOW_CTX_TASK_ID='task_lostark' AIRFLOW_CTX_EXECUTION_DATE='2023-08-24T00:23:03.752892+00:00' AIRFLOW_CTX_TRY_NUMBER='1' AIRFLOW_CTX_DAG_RUN_ID='manual__2023-08-24T00:23:03.752892+00:00'
[2023-08-24T00:23:08.254+0000] {warnings.py:110} WARNING - /home/***/.local/lib/python3.7/site-packages/***/utils/context.py:313: AirflowContextDeprecationWarning: Accessing 'execution_date' from the template is deprecated and will be removed in a future version. Please use 'data_interval_start' or 'logical_date' instead.
  warnings.warn(_create_deprecation_warning(k, replacements))

[2023-08-24T00:23:08.255+0000] {warnings.py:110} WARNING - /home/***/.local/lib/python3.7/site-packages/***/utils/context.py:313: AirflowContextDeprecationWarning: Accessing 'next_ds' from the template is deprecated and will be removed in a future version. Please use '{{ data_interval_end | ds }}' instead.
  warnings.warn(_create_deprecation_warning(k, replacements))

[2023-08-24T00:23:08.255+0000] {warnings.py:110} WARNING - /home/***/.local/lib/python3.7/site-packages/***/utils/context.py:313: AirflowContextDeprecationWarning: Accessing 'next_ds_nodash' from the template is deprecated and will be removed in a future version. Please use '{{ data_interval_end | ds_nodash }}' instead.
  warnings.warn(_create_deprecation_warning(k, replacements))

[2023-08-24T00:23:08.255+0000] {warnings.py:110} WARNING - /home/***/.local/lib/python3.7/site-packages/***/utils/context.py:313: AirflowContextDeprecationWarning: Accessing 'next_execution_date' from the template is deprecated and will be removed in a future version. Please use 'data_interval_end' instead.
  warnings.warn(_create_deprecation_warning(k, replacements))

[2023-08-24T00:23:08.255+0000] {warnings.py:110} WARNING - /home/***/.local/lib/python3.7/site-packages/***/utils/context.py:313: AirflowContextDeprecationWarning: Accessing 'prev_ds' from the template is deprecated and will be removed in a future version.
  warnings.warn(_create_deprecation_warning(k, replacements))

[2023-08-24T00:23:08.255+0000] {warnings.py:110} WARNING - /home/***/.local/lib/python3.7/site-packages/***/utils/context.py:313: AirflowContextDeprecationWarning: Accessing 'prev_ds_nodash' from the template is deprecated and will be removed in a future version.
  warnings.warn(_create_deprecation_warning(k, replacements))

[2023-08-24T00:23:08.255+0000] {warnings.py:110} WARNING - /home/***/.local/lib/python3.7/site-packages/***/utils/context.py:313: AirflowContextDeprecationWarning: Accessing 'prev_execution_date' from the template is deprecated and will be removed in a future version.
  warnings.warn(_create_deprecation_warning(k, replacements))

[2023-08-24T00:23:08.255+0000] {warnings.py:110} WARNING - /home/***/.local/lib/python3.7/site-packages/***/utils/context.py:313: AirflowContextDeprecationWarning: Accessing 'prev_execution_date_success' from the template is deprecated and will be removed in a future version. Please use 'prev_data_interval_start_success' instead.
  warnings.warn(_create_deprecation_warning(k, replacements))

[2023-08-24T00:23:08.256+0000] {warnings.py:110} WARNING - /home/***/.local/lib/python3.7/site-packages/***/utils/context.py:313: AirflowContextDeprecationWarning: Accessing 'tomorrow_ds' from the template is deprecated and will be removed in a future version.
  warnings.warn(_create_deprecation_warning(k, replacements))

[2023-08-24T00:23:08.256+0000] {warnings.py:110} WARNING - /home/***/.local/lib/python3.7/site-packages/***/utils/context.py:313: AirflowContextDeprecationWarning: Accessing 'tomorrow_ds_nodash' from the template is deprecated and will be removed in a future version.
  warnings.warn(_create_deprecation_warning(k, replacements))

[2023-08-24T00:23:08.268+0000] {warnings.py:110} WARNING - /home/***/.local/lib/python3.7/site-packages/***/utils/context.py:313: AirflowContextDeprecationWarning: Accessing 'yesterday_ds' from the template is deprecated and will be removed in a future version.
  warnings.warn(_create_deprecation_warning(k, replacements))

[2023-08-24T00:23:08.268+0000] {warnings.py:110} WARNING - /home/***/.local/lib/python3.7/site-packages/***/utils/context.py:313: AirflowContextDeprecationWarning: Accessing 'yesterday_ds_nodash' from the template is deprecated and will be removed in a future version.
  warnings.warn(_create_deprecation_warning(k, replacements))

[2023-08-24T00:23:08.269+0000] {logging_mixin.py:150} INFO - {'conf': <***.configuration.AirflowConfigParser object at 0x7f292bfc2810>,
 'conn': None,
 'dag': <DAG: 10_branch_operator>,
 'dag_run': <DagRun 10_branch_operator @ 2023-08-24 00:23:03.752892+00:00: manual__2023-08-24T00:23:03.752892+00:00, state:running, queued_at: 2023-08-24 00:23:03.768627+00:00. externally triggered: True>,
 'data_interval_end': DateTime(2023, 8, 24, 0, 23, 3, 752892, tzinfo=Timezone('UTC')),
 'data_interval_start': DateTime(2023, 8, 24, 0, 23, 3, 752892, tzinfo=Timezone('UTC')),
 'ds': '2023-08-24',
 'ds_nodash': '20230824',
 'execution_date': <Proxy at 0x7f28fe3aeeb0 with factory functools.partial(<function lazy_mapping_from_context.<locals>._deprecated_proxy_factory at 0x7f28fe399560>, 'execution_date', DateTime(2023, 8, 24, 0, 23, 3, 752892, tzinfo=Timezone('UTC')))>,
 'expanded_ti_count': None,
 'inlets': [],
 'logical_date': DateTime(2023, 8, 24, 0, 23, 3, 752892, tzinfo=Timezone('UTC')),
 'macros': <module '***.macros' from '/home/***/.local/lib/python3.7/site-packages/***/macros/__init__.py'>,
 'next_ds': <Proxy at 0x7f28fe3aef00 with factory functools.partial(<function lazy_mapping_from_context.<locals>._deprecated_proxy_factory at 0x7f28fe399560>, 'next_ds', '2023-08-24')>,
 'next_ds_nodash': <Proxy at 0x7f28fe3aef50 with factory functools.partial(<function lazy_mapping_from_context.<locals>._deprecated_proxy_factory at 0x7f28fe399560>, 'next_ds_nodash', '20230824')>,
 'next_execution_date': <Proxy at 0x7f28fe3aefa0 with factory functools.partial(<function lazy_mapping_from_context.<locals>._deprecated_proxy_factory at 0x7f28fe399560>, 'next_execution_date', DateTime(2023, 8, 24, 0, 23, 3, 752892, tzinfo=Timezone('UTC')))>,
 'outlets': [],
 'params': {},
 'prev_data_interval_end_success': None,
 'prev_data_interval_start_success': None,
 'prev_ds': <Proxy at 0x7f28fe3b4050 with factory functools.partial(<function lazy_mapping_from_context.<locals>._deprecated_proxy_factory at 0x7f28fe399560>, 'prev_ds', '2023-08-24')>,
 'prev_ds_nodash': <Proxy at 0x7f28fe3b40a0 with factory functools.partial(<function lazy_mapping_from_context.<locals>._deprecated_proxy_factory at 0x7f28fe399560>, 'prev_ds_nodash', '20230824')>,
 'prev_execution_date': <Proxy at 0x7f28fe3b40f0 with factory functools.partial(<function lazy_mapping_from_context.<locals>._deprecated_proxy_factory at 0x7f28fe399560>, 'prev_execution_date', DateTime(2023, 8, 24, 0, 23, 3, 752892, tzinfo=Timezone('UTC')))>,
 'prev_execution_date_success': <Proxy at 0x7f28fe3b4140 with factory functools.partial(<function lazy_mapping_from_context.<locals>._deprecated_proxy_factory at 0x7f28fe399560>, 'prev_execution_date_success', None)>,
 'prev_start_date_success': None,
 'run_id': 'manual__2023-08-24T00:23:03.752892+00:00',
 'task': <Task(PythonOperator): task_lostark>,
 'task_instance': <TaskInstance: 10_branch_operator.task_lostark manual__2023-08-24T00:23:03.752892+00:00 [running]>,
 'task_instance_key_str': '10_branch_operator__task_lostark__20230824',
 'templates_dict': None,
 'test_mode': False,
 'ti': <TaskInstance: 10_branch_operator.task_lostark manual__2023-08-24T00:23:03.752892+00:00 [running]>,
 'tomorrow_ds': <Proxy at 0x7f28fe3b4190 with factory functools.partial(<function lazy_mapping_from_context.<locals>._deprecated_proxy_factory at 0x7f28fe399560>, 'tomorrow_ds', '2023-08-25')>,
 'tomorrow_ds_nodash': <Proxy at 0x7f28fe3b41e0 with factory functools.partial(<function lazy_mapping_from_context.<locals>._deprecated_proxy_factory at 0x7f28fe399560>, 'tomorrow_ds_nodash', '20230825')>,
 'triggering_dataset_events': {},
 'ts': '2023-08-24T00:23:03.752892+00:00',
 'ts_nodash': '20230824T002303',
 'ts_nodash_with_tz': '20230824T002303.752892+0000',
 'user': 'bard',
 'var': {'json': None, 'value': None},
 'yesterday_ds': <Proxy at 0x7f28fe3b4230 with factory functools.partial(<function lazy_mapping_from_context.<locals>._deprecated_proxy_factory at 0x7f28fe399560>, 'yesterday_ds', '2023-08-23')>,
 'yesterday_ds_nodash': <Proxy at 0x7f28fe3b4280 with factory functools.partial(<function lazy_mapping_from_context.<locals>._deprecated_proxy_factory at 0x7f28fe399560>, 'yesterday_ds_nodash', '20230823')>}
[2023-08-24T00:23:08.269+0000] {python.py:183} INFO - Done. Returned value was: None
[2023-08-24T00:23:08.281+0000] {taskinstance.py:1350} INFO - Marking task as SUCCESS. dag_id=10_branch_operator, task_id=task_lostark, execution_date=20230824T002303, start_date=20230824T002308, end_date=20230824T002308
[2023-08-24T00:23:08.342+0000] {local_task_job_runner.py:225} INFO - Task exited with return code 0
[2023-08-24T00:23:08.368+0000] {taskinstance.py:2653} INFO - 0 downstream tasks scheduled from follow-on schedule check
