[2023-08-24T05:41:48.480+0000] {taskinstance.py:1103} INFO - Dependencies all met for dep_context=non-requeueable deps ti=<TaskInstance: 17_base_hook.insert_postgres manual__2023-08-24T05:35:50.094688+00:00 [queued]>
[2023-08-24T05:41:48.493+0000] {taskinstance.py:1103} INFO - Dependencies all met for dep_context=requeueable deps ti=<TaskInstance: 17_base_hook.insert_postgres manual__2023-08-24T05:35:50.094688+00:00 [queued]>
[2023-08-24T05:41:48.494+0000] {taskinstance.py:1308} INFO - Starting attempt 3 of 3
[2023-08-24T05:41:48.526+0000] {taskinstance.py:1327} INFO - Executing <Task(PythonOperator): insert_postgres> on 2023-08-24 05:35:50.094688+00:00
[2023-08-24T05:41:48.535+0000] {standard_task_runner.py:57} INFO - Started process 1722 to run task
[2023-08-24T05:41:48.541+0000] {standard_task_runner.py:84} INFO - Running: ['***', 'tasks', 'run', '17_base_hook', 'insert_postgres', 'manual__2023-08-24T05:35:50.094688+00:00', '--job-id', '225', '--raw', '--subdir', 'DAGS_FOLDER/17_base_hook.py', '--cfg-path', '/tmp/tmpt2_wozep']
[2023-08-24T05:41:48.544+0000] {standard_task_runner.py:85} INFO - Job 225: Subtask insert_postgres
[2023-08-24T05:41:48.625+0000] {task_command.py:410} INFO - Running <TaskInstance: 17_base_hook.insert_postgres manual__2023-08-24T05:35:50.094688+00:00 [running]> on host 8c493a5ffb5d
[2023-08-24T05:41:48.753+0000] {taskinstance.py:1547} INFO - Exporting env vars: AIRFLOW_CTX_DAG_OWNER='***' AIRFLOW_CTX_DAG_ID='17_base_hook' AIRFLOW_CTX_TASK_ID='insert_postgres' AIRFLOW_CTX_EXECUTION_DATE='2023-08-24T05:35:50.094688+00:00' AIRFLOW_CTX_TRY_NUMBER='3' AIRFLOW_CTX_DAG_RUN_ID='manual__2023-08-24T05:35:50.094688+00:00'
[2023-08-24T05:41:48.755+0000] {custom_postgres_hook.py:34} INFO - NumCorona에 /opt/***/files/corona/20230824/num_corona.csv을 적재합니다
[2023-08-24T05:41:48.770+0000] {base.py:73} INFO - Using connection ID 'conn-custom-postgres' for task execution.
[2023-08-24T05:41:48.791+0000] {custom_postgres_hook.py:40} INFO - 헤더는 0이고 파일은 replace
[2023-08-24T05:41:48.795+0000] {custom_postgres_hook.py:46} INFO - NumCorona.S_DT: 개행 문자 제거
[2023-08-24T05:41:48.797+0000] {custom_postgres_hook.py:46} INFO - NumCorona.T_DT: 개행 문자 제거
[2023-08-24T05:41:48.800+0000] {custom_postgres_hook.py:51} INFO - 적재 데이터의 크기: 1212
[2023-08-24T05:41:48.800+0000] {custom_postgres_hook.py:52} INFO - 적재 데이터의 컬럼 수: 26
[2023-08-24T05:41:49.025+0000] {python.py:183} INFO - Done. Returned value was: None
[2023-08-24T05:41:49.041+0000] {taskinstance.py:1350} INFO - Marking task as SUCCESS. dag_id=17_base_hook, task_id=insert_postgres, execution_date=20230824T053550, start_date=20230824T054148, end_date=20230824T054149
[2023-08-24T05:41:49.073+0000] {local_task_job_runner.py:225} INFO - Task exited with return code 0
[2023-08-24T05:41:49.099+0000] {taskinstance.py:2653} INFO - 0 downstream tasks scheduled from follow-on schedule check
