[2023-08-18T02:10:44.919+0000] {taskinstance.py:1103} INFO - Dependencies all met for dep_context=non-requeueable deps ti=<TaskInstance: dags_bash_sensor.sensor_task_by_poke scheduled__2023-08-16T21:00:00+00:00 [queued]>
[2023-08-18T02:10:44.931+0000] {taskinstance.py:1103} INFO - Dependencies all met for dep_context=requeueable deps ti=<TaskInstance: dags_bash_sensor.sensor_task_by_poke scheduled__2023-08-16T21:00:00+00:00 [queued]>
[2023-08-18T02:10:44.931+0000] {taskinstance.py:1308} INFO - Starting attempt 1 of 1
[2023-08-18T02:10:44.953+0000] {taskinstance.py:1327} INFO - Executing <Task(BashSensor): sensor_task_by_poke> on 2023-08-16 21:00:00+00:00
[2023-08-18T02:10:44.964+0000] {standard_task_runner.py:57} INFO - Started process 154 to run task
[2023-08-18T02:10:44.973+0000] {standard_task_runner.py:84} INFO - Running: ['***', 'tasks', 'run', 'dags_bash_sensor', 'sensor_task_by_poke', 'scheduled__2023-08-16T21:00:00+00:00', '--job-id', '7', '--raw', '--subdir', 'DAGS_FOLDER/dags_bash_sensor.py', '--cfg-path', '/tmp/tmpq8gm4f7h']
[2023-08-18T02:10:44.974+0000] {standard_task_runner.py:85} INFO - Job 7: Subtask sensor_task_by_poke
[2023-08-18T02:10:45.112+0000] {task_command.py:410} INFO - Running <TaskInstance: dags_bash_sensor.sensor_task_by_poke scheduled__2023-08-16T21:00:00+00:00 [running]> on host 05c492c53b17
[2023-08-18T02:10:45.317+0000] {taskinstance.py:1547} INFO - Exporting env vars: AIRFLOW_CTX_DAG_OWNER='***' AIRFLOW_CTX_DAG_ID='dags_bash_sensor' AIRFLOW_CTX_TASK_ID='sensor_task_by_poke' AIRFLOW_CTX_EXECUTION_DATE='2023-08-16T21:00:00+00:00' AIRFLOW_CTX_TRY_NUMBER='1' AIRFLOW_CTX_DAG_RUN_ID='scheduled__2023-08-16T21:00:00+00:00'
[2023-08-18T02:10:45.321+0000] {bash.py:70} INFO - Tmp dir root location: /tmp
[2023-08-18T02:10:45.324+0000] {bash.py:77} INFO - Temporary script location: /tmp/***tmp4b4j1uzv//tmp/***tmp4b4j1uzv/sensor_task_by_pokeob6756h5
[2023-08-18T02:10:45.324+0000] {bash.py:78} INFO - Running command: 
            echo $FILE &&
            if [ -f $FILE ]; then
                exit 0
            else
                exit 1
            fi
[2023-08-18T02:10:45.355+0000] {bash.py:90} INFO - Output:
[2023-08-18T02:10:45.357+0000] {bash.py:92} INFO - /opt/***/files/tvCorona19VaccinestatNew/20230818/tvCorona19Vaccinestatnew.csv
[2023-08-18T02:10:45.357+0000] {bash.py:94} INFO - Command exited with return code 1
[2023-08-18T02:10:45.358+0000] {bash.py:110} INFO - Non-zero return code and no retry code set, will retry later
[2023-08-18T02:11:15.390+0000] {bash.py:70} INFO - Tmp dir root location: /tmp
[2023-08-18T02:11:15.393+0000] {bash.py:77} INFO - Temporary script location: /tmp/***tmp8961prdu//tmp/***tmp8961prdu/sensor_task_by_pokebsiz4tdz
[2023-08-18T02:11:15.394+0000] {bash.py:78} INFO - Running command: 
            echo $FILE &&
            if [ -f $FILE ]; then
                exit 0
            else
                exit 1
            fi
[2023-08-18T02:11:15.412+0000] {bash.py:90} INFO - Output:
[2023-08-18T02:11:15.413+0000] {bash.py:92} INFO - /opt/***/files/tvCorona19VaccinestatNew/20230818/tvCorona19Vaccinestatnew.csv
[2023-08-18T02:11:15.414+0000] {bash.py:94} INFO - Command exited with return code 1
[2023-08-18T02:11:15.414+0000] {bash.py:110} INFO - Non-zero return code and no retry code set, will retry later
[2023-08-18T02:11:45.445+0000] {bash.py:70} INFO - Tmp dir root location: /tmp
[2023-08-18T02:11:45.446+0000] {bash.py:77} INFO - Temporary script location: /tmp/***tmpx544lwum//tmp/***tmpx544lwum/sensor_task_by_pokesxtzxhqz
[2023-08-18T02:11:45.447+0000] {bash.py:78} INFO - Running command: 
            echo $FILE &&
            if [ -f $FILE ]; then
                exit 0
            else
                exit 1
            fi
[2023-08-18T02:11:45.464+0000] {bash.py:90} INFO - Output:
[2023-08-18T02:11:45.465+0000] {bash.py:92} INFO - /opt/***/files/tvCorona19VaccinestatNew/20230818/tvCorona19Vaccinestatnew.csv
[2023-08-18T02:11:45.465+0000] {bash.py:94} INFO - Command exited with return code 1
[2023-08-18T02:11:45.466+0000] {bash.py:110} INFO - Non-zero return code and no retry code set, will retry later
[2023-08-18T02:12:15.497+0000] {bash.py:70} INFO - Tmp dir root location: /tmp
[2023-08-18T02:12:15.498+0000] {bash.py:77} INFO - Temporary script location: /tmp/***tmpy9k7f4zp//tmp/***tmpy9k7f4zp/sensor_task_by_poke26lx8rpk
[2023-08-18T02:12:15.499+0000] {bash.py:78} INFO - Running command: 
            echo $FILE &&
            if [ -f $FILE ]; then
                exit 0
            else
                exit 1
            fi
[2023-08-18T02:12:15.518+0000] {bash.py:90} INFO - Output:
[2023-08-18T02:12:15.519+0000] {bash.py:92} INFO - /opt/***/files/tvCorona19VaccinestatNew/20230818/tvCorona19Vaccinestatnew.csv
[2023-08-18T02:12:15.519+0000] {bash.py:94} INFO - Command exited with return code 1
[2023-08-18T02:12:15.519+0000] {bash.py:110} INFO - Non-zero return code and no retry code set, will retry later
[2023-08-18T02:12:45.546+0000] {bash.py:70} INFO - Tmp dir root location: /tmp
[2023-08-18T02:12:45.548+0000] {bash.py:77} INFO - Temporary script location: /tmp/***tmp6z6c59sf//tmp/***tmp6z6c59sf/sensor_task_by_pokegh981n1q
[2023-08-18T02:12:45.548+0000] {bash.py:78} INFO - Running command: 
            echo $FILE &&
            if [ -f $FILE ]; then
                exit 0
            else
                exit 1
            fi
[2023-08-18T02:12:45.565+0000] {bash.py:90} INFO - Output:
[2023-08-18T02:12:45.566+0000] {bash.py:92} INFO - /opt/***/files/tvCorona19VaccinestatNew/20230818/tvCorona19Vaccinestatnew.csv
[2023-08-18T02:12:45.566+0000] {bash.py:94} INFO - Command exited with return code 1
[2023-08-18T02:12:45.567+0000] {bash.py:110} INFO - Non-zero return code and no retry code set, will retry later
[2023-08-18T02:12:45.568+0000] {taskinstance.py:1824} ERROR - Task failed with exception
Traceback (most recent call last):
  File "/home/airflow/.local/lib/python3.7/site-packages/airflow/sensors/base.py", line 242, in execute
    raise AirflowSensorTimeout(message)
airflow.exceptions.AirflowSensorTimeout: Sensor has timed out; run duration of 120.25099880900052 seconds exceeds the specified timeout of 120.
[2023-08-18T02:12:45.584+0000] {taskinstance.py:1350} INFO - Immediate failure requested. Marking task as FAILED. dag_id=dags_bash_sensor, task_id=sensor_task_by_poke, execution_date=20230816T210000, start_date=20230818T021044, end_date=20230818T021245
[2023-08-18T02:12:45.616+0000] {standard_task_runner.py:109} ERROR - Failed to execute job 7 for task sensor_task_by_poke (Sensor has timed out; run duration of 120.25099880900052 seconds exceeds the specified timeout of 120.; 154)
[2023-08-18T02:12:45.644+0000] {local_task_job_runner.py:225} INFO - Task exited with return code 1
[2023-08-18T02:12:45.703+0000] {taskinstance.py:2653} INFO - 0 downstream tasks scheduled from follow-on schedule check
