[2023-08-31T03:16:25.554+0000] {processor.py:157} INFO - Started process (PID=57) to work on /opt/airflow/dags/05_python_operator_with_decorator.py
[2023-08-31T03:16:25.555+0000] {processor.py:826} INFO - Processing file /opt/airflow/dags/05_python_operator_with_decorator.py for tasks to queue
[2023-08-31T03:16:25.558+0000] {logging_mixin.py:150} INFO - [2023-08-31T03:16:25.557+0000] {dagbag.py:541} INFO - Filling up the DagBag from /opt/airflow/dags/05_python_operator_with_decorator.py
[2023-08-31T03:16:25.574+0000] {processor.py:836} INFO - DAG(s) dict_keys(['05_python_operator_with_decorator']) retrieved from /opt/airflow/dags/05_python_operator_with_decorator.py
[2023-08-31T03:16:25.609+0000] {logging_mixin.py:150} INFO - [2023-08-31T03:16:25.609+0000] {dag.py:2742} INFO - Sync 1 DAGs
[2023-08-31T03:16:25.647+0000] {logging_mixin.py:150} INFO - [2023-08-31T03:16:25.646+0000] {dag.py:3508} INFO - Setting next_dagrun for 05_python_operator_with_decorator to 2023-08-30T15:00:00+00:00, run_after=2023-09-29T15:00:00+00:00
[2023-08-31T03:16:25.676+0000] {processor.py:179} INFO - Processing /opt/airflow/dags/05_python_operator_with_decorator.py took 0.131 seconds
[2023-08-31T03:16:56.017+0000] {processor.py:157} INFO - Started process (PID=128) to work on /opt/airflow/dags/05_python_operator_with_decorator.py
[2023-08-31T03:16:56.018+0000] {processor.py:826} INFO - Processing file /opt/airflow/dags/05_python_operator_with_decorator.py for tasks to queue
[2023-08-31T03:16:56.019+0000] {logging_mixin.py:150} INFO - [2023-08-31T03:16:56.019+0000] {dagbag.py:541} INFO - Filling up the DagBag from /opt/airflow/dags/05_python_operator_with_decorator.py
[2023-08-31T03:16:56.030+0000] {processor.py:836} INFO - DAG(s) dict_keys(['05_python_operator_with_decorator']) retrieved from /opt/airflow/dags/05_python_operator_with_decorator.py
[2023-08-31T03:16:56.064+0000] {logging_mixin.py:150} INFO - [2023-08-31T03:16:56.063+0000] {dag.py:2742} INFO - Sync 1 DAGs
[2023-08-31T03:16:56.098+0000] {logging_mixin.py:150} INFO - [2023-08-31T03:16:56.098+0000] {dag.py:3508} INFO - Setting next_dagrun for 05_python_operator_with_decorator to 2023-08-30T15:00:00+00:00, run_after=2023-09-29T15:00:00+00:00
[2023-08-31T03:16:56.135+0000] {processor.py:179} INFO - Processing /opt/airflow/dags/05_python_operator_with_decorator.py took 0.120 seconds
[2023-08-31T03:17:26.485+0000] {processor.py:157} INFO - Started process (PID=199) to work on /opt/airflow/dags/05_python_operator_with_decorator.py
[2023-08-31T03:17:26.486+0000] {processor.py:826} INFO - Processing file /opt/airflow/dags/05_python_operator_with_decorator.py for tasks to queue
[2023-08-31T03:17:26.487+0000] {logging_mixin.py:150} INFO - [2023-08-31T03:17:26.487+0000] {dagbag.py:541} INFO - Filling up the DagBag from /opt/airflow/dags/05_python_operator_with_decorator.py
[2023-08-31T03:17:26.496+0000] {processor.py:836} INFO - DAG(s) dict_keys(['05_python_operator_with_decorator']) retrieved from /opt/airflow/dags/05_python_operator_with_decorator.py
[2023-08-31T03:17:26.528+0000] {logging_mixin.py:150} INFO - [2023-08-31T03:17:26.528+0000] {dag.py:2742} INFO - Sync 1 DAGs
[2023-08-31T03:17:26.566+0000] {logging_mixin.py:150} INFO - [2023-08-31T03:17:26.566+0000] {dag.py:3508} INFO - Setting next_dagrun for 05_python_operator_with_decorator to 2023-08-30T15:00:00+00:00, run_after=2023-09-29T15:00:00+00:00
[2023-08-31T03:17:26.597+0000] {processor.py:179} INFO - Processing /opt/airflow/dags/05_python_operator_with_decorator.py took 0.115 seconds
[2023-08-31T03:17:57.254+0000] {processor.py:157} INFO - Started process (PID=270) to work on /opt/airflow/dags/05_python_operator_with_decorator.py
[2023-08-31T03:17:57.256+0000] {processor.py:826} INFO - Processing file /opt/airflow/dags/05_python_operator_with_decorator.py for tasks to queue
[2023-08-31T03:17:57.257+0000] {logging_mixin.py:150} INFO - [2023-08-31T03:17:57.256+0000] {dagbag.py:541} INFO - Filling up the DagBag from /opt/airflow/dags/05_python_operator_with_decorator.py
[2023-08-31T03:17:57.266+0000] {processor.py:836} INFO - DAG(s) dict_keys(['05_python_operator_with_decorator']) retrieved from /opt/airflow/dags/05_python_operator_with_decorator.py
[2023-08-31T03:17:57.296+0000] {logging_mixin.py:150} INFO - [2023-08-31T03:17:57.295+0000] {dag.py:2742} INFO - Sync 1 DAGs
[2023-08-31T03:17:57.329+0000] {logging_mixin.py:150} INFO - [2023-08-31T03:17:57.329+0000] {dag.py:3508} INFO - Setting next_dagrun for 05_python_operator_with_decorator to 2023-08-30T15:00:00+00:00, run_after=2023-09-29T15:00:00+00:00
[2023-08-31T03:17:57.357+0000] {processor.py:179} INFO - Processing /opt/airflow/dags/05_python_operator_with_decorator.py took 0.106 seconds
[2023-08-31T03:18:27.954+0000] {processor.py:157} INFO - Started process (PID=341) to work on /opt/airflow/dags/05_python_operator_with_decorator.py
[2023-08-31T03:18:27.956+0000] {processor.py:826} INFO - Processing file /opt/airflow/dags/05_python_operator_with_decorator.py for tasks to queue
[2023-08-31T03:18:27.958+0000] {logging_mixin.py:150} INFO - [2023-08-31T03:18:27.957+0000] {dagbag.py:541} INFO - Filling up the DagBag from /opt/airflow/dags/05_python_operator_with_decorator.py
[2023-08-31T03:18:27.970+0000] {processor.py:836} INFO - DAG(s) dict_keys(['05_python_operator_with_decorator']) retrieved from /opt/airflow/dags/05_python_operator_with_decorator.py
[2023-08-31T03:18:28.006+0000] {logging_mixin.py:150} INFO - [2023-08-31T03:18:28.006+0000] {dag.py:2742} INFO - Sync 1 DAGs
[2023-08-31T03:18:28.049+0000] {logging_mixin.py:150} INFO - [2023-08-31T03:18:28.048+0000] {dag.py:3508} INFO - Setting next_dagrun for 05_python_operator_with_decorator to 2023-08-30T15:00:00+00:00, run_after=2023-09-29T15:00:00+00:00
[2023-08-31T03:18:28.086+0000] {processor.py:179} INFO - Processing /opt/airflow/dags/05_python_operator_with_decorator.py took 0.137 seconds
[2023-08-31T03:18:58.299+0000] {processor.py:157} INFO - Started process (PID=412) to work on /opt/airflow/dags/05_python_operator_with_decorator.py
[2023-08-31T03:18:58.300+0000] {processor.py:826} INFO - Processing file /opt/airflow/dags/05_python_operator_with_decorator.py for tasks to queue
[2023-08-31T03:18:58.301+0000] {logging_mixin.py:150} INFO - [2023-08-31T03:18:58.301+0000] {dagbag.py:541} INFO - Filling up the DagBag from /opt/airflow/dags/05_python_operator_with_decorator.py
[2023-08-31T03:18:58.311+0000] {processor.py:836} INFO - DAG(s) dict_keys(['05_python_operator_with_decorator']) retrieved from /opt/airflow/dags/05_python_operator_with_decorator.py
[2023-08-31T03:18:58.341+0000] {logging_mixin.py:150} INFO - [2023-08-31T03:18:58.341+0000] {dag.py:2742} INFO - Sync 1 DAGs
[2023-08-31T03:18:58.384+0000] {logging_mixin.py:150} INFO - [2023-08-31T03:18:58.384+0000] {dag.py:3508} INFO - Setting next_dagrun for 05_python_operator_with_decorator to 2023-08-30T15:00:00+00:00, run_after=2023-09-29T15:00:00+00:00
[2023-08-31T03:18:58.438+0000] {processor.py:179} INFO - Processing /opt/airflow/dags/05_python_operator_with_decorator.py took 0.142 seconds
