[2023-08-31T03:16:25.151+0000] {processor.py:157} INFO - Started process (PID=52) to work on /opt/airflow/dags/09_variable.py
[2023-08-31T03:16:25.152+0000] {processor.py:826} INFO - Processing file /opt/airflow/dags/09_variable.py for tasks to queue
[2023-08-31T03:16:25.153+0000] {logging_mixin.py:150} INFO - [2023-08-31T03:16:25.153+0000] {dagbag.py:541} INFO - Filling up the DagBag from /opt/airflow/dags/09_variable.py
[2023-08-31T03:16:25.166+0000] {processor.py:836} INFO - DAG(s) dict_keys(['09_variable']) retrieved from /opt/airflow/dags/09_variable.py
[2023-08-31T03:16:25.203+0000] {logging_mixin.py:150} INFO - [2023-08-31T03:16:25.202+0000] {dag.py:2742} INFO - Sync 1 DAGs
[2023-08-31T03:16:25.246+0000] {logging_mixin.py:150} INFO - [2023-08-31T03:16:25.246+0000] {dag.py:3508} INFO - Setting next_dagrun for 09_variable to 2023-08-29T15:00:00+00:00, run_after=2023-08-30T15:00:00+00:00
[2023-08-31T03:16:25.301+0000] {processor.py:179} INFO - Processing /opt/airflow/dags/09_variable.py took 0.153 seconds
[2023-08-31T03:16:55.376+0000] {processor.py:157} INFO - Started process (PID=123) to work on /opt/airflow/dags/09_variable.py
[2023-08-31T03:16:55.378+0000] {processor.py:826} INFO - Processing file /opt/airflow/dags/09_variable.py for tasks to queue
[2023-08-31T03:16:55.379+0000] {logging_mixin.py:150} INFO - [2023-08-31T03:16:55.379+0000] {dagbag.py:541} INFO - Filling up the DagBag from /opt/airflow/dags/09_variable.py
[2023-08-31T03:16:55.390+0000] {processor.py:836} INFO - DAG(s) dict_keys(['09_variable']) retrieved from /opt/airflow/dags/09_variable.py
[2023-08-31T03:16:55.423+0000] {logging_mixin.py:150} INFO - [2023-08-31T03:16:55.423+0000] {dag.py:2742} INFO - Sync 1 DAGs
[2023-08-31T03:16:55.458+0000] {logging_mixin.py:150} INFO - [2023-08-31T03:16:55.458+0000] {dag.py:3508} INFO - Setting next_dagrun for 09_variable to 2023-08-29T15:00:00+00:00, run_after=2023-08-30T15:00:00+00:00
[2023-08-31T03:16:55.484+0000] {processor.py:179} INFO - Processing /opt/airflow/dags/09_variable.py took 0.112 seconds
[2023-08-31T03:17:26.004+0000] {processor.py:157} INFO - Started process (PID=194) to work on /opt/airflow/dags/09_variable.py
[2023-08-31T03:17:26.005+0000] {processor.py:826} INFO - Processing file /opt/airflow/dags/09_variable.py for tasks to queue
[2023-08-31T03:17:26.006+0000] {logging_mixin.py:150} INFO - [2023-08-31T03:17:26.006+0000] {dagbag.py:541} INFO - Filling up the DagBag from /opt/airflow/dags/09_variable.py
[2023-08-31T03:17:26.013+0000] {processor.py:836} INFO - DAG(s) dict_keys(['09_variable']) retrieved from /opt/airflow/dags/09_variable.py
[2023-08-31T03:17:26.038+0000] {logging_mixin.py:150} INFO - [2023-08-31T03:17:26.038+0000] {dag.py:2742} INFO - Sync 1 DAGs
[2023-08-31T03:17:26.072+0000] {logging_mixin.py:150} INFO - [2023-08-31T03:17:26.071+0000] {dag.py:3508} INFO - Setting next_dagrun for 09_variable to 2023-08-29T15:00:00+00:00, run_after=2023-08-30T15:00:00+00:00
[2023-08-31T03:17:26.103+0000] {processor.py:179} INFO - Processing /opt/airflow/dags/09_variable.py took 0.102 seconds
[2023-08-31T03:17:56.737+0000] {processor.py:157} INFO - Started process (PID=265) to work on /opt/airflow/dags/09_variable.py
[2023-08-31T03:17:56.738+0000] {processor.py:826} INFO - Processing file /opt/airflow/dags/09_variable.py for tasks to queue
[2023-08-31T03:17:56.739+0000] {logging_mixin.py:150} INFO - [2023-08-31T03:17:56.739+0000] {dagbag.py:541} INFO - Filling up the DagBag from /opt/airflow/dags/09_variable.py
[2023-08-31T03:17:56.746+0000] {processor.py:836} INFO - DAG(s) dict_keys(['09_variable']) retrieved from /opt/airflow/dags/09_variable.py
[2023-08-31T03:17:56.773+0000] {logging_mixin.py:150} INFO - [2023-08-31T03:17:56.773+0000] {dag.py:2742} INFO - Sync 1 DAGs
[2023-08-31T03:17:56.814+0000] {logging_mixin.py:150} INFO - [2023-08-31T03:17:56.813+0000] {dag.py:3508} INFO - Setting next_dagrun for 09_variable to 2023-08-29T15:00:00+00:00, run_after=2023-08-30T15:00:00+00:00
[2023-08-31T03:17:56.842+0000] {processor.py:179} INFO - Processing /opt/airflow/dags/09_variable.py took 0.108 seconds
[2023-08-31T03:18:27.510+0000] {processor.py:157} INFO - Started process (PID=336) to work on /opt/airflow/dags/09_variable.py
[2023-08-31T03:18:27.512+0000] {processor.py:826} INFO - Processing file /opt/airflow/dags/09_variable.py for tasks to queue
[2023-08-31T03:18:27.514+0000] {logging_mixin.py:150} INFO - [2023-08-31T03:18:27.513+0000] {dagbag.py:541} INFO - Filling up the DagBag from /opt/airflow/dags/09_variable.py
[2023-08-31T03:18:27.525+0000] {processor.py:836} INFO - DAG(s) dict_keys(['09_variable']) retrieved from /opt/airflow/dags/09_variable.py
[2023-08-31T03:18:27.559+0000] {logging_mixin.py:150} INFO - [2023-08-31T03:18:27.558+0000] {dag.py:2742} INFO - Sync 1 DAGs
[2023-08-31T03:18:27.604+0000] {logging_mixin.py:150} INFO - [2023-08-31T03:18:27.604+0000] {dag.py:3508} INFO - Setting next_dagrun for 09_variable to 2023-08-29T15:00:00+00:00, run_after=2023-08-30T15:00:00+00:00
[2023-08-31T03:18:27.666+0000] {processor.py:179} INFO - Processing /opt/airflow/dags/09_variable.py took 0.160 seconds
[2023-08-31T03:18:57.706+0000] {processor.py:157} INFO - Started process (PID=407) to work on /opt/airflow/dags/09_variable.py
[2023-08-31T03:18:57.707+0000] {processor.py:826} INFO - Processing file /opt/airflow/dags/09_variable.py for tasks to queue
[2023-08-31T03:18:57.708+0000] {logging_mixin.py:150} INFO - [2023-08-31T03:18:57.708+0000] {dagbag.py:541} INFO - Filling up the DagBag from /opt/airflow/dags/09_variable.py
[2023-08-31T03:18:57.716+0000] {processor.py:836} INFO - DAG(s) dict_keys(['09_variable']) retrieved from /opt/airflow/dags/09_variable.py
[2023-08-31T03:18:57.745+0000] {logging_mixin.py:150} INFO - [2023-08-31T03:18:57.745+0000] {dag.py:2742} INFO - Sync 1 DAGs
[2023-08-31T03:18:57.794+0000] {logging_mixin.py:150} INFO - [2023-08-31T03:18:57.793+0000] {dag.py:3508} INFO - Setting next_dagrun for 09_variable to 2023-08-29T15:00:00+00:00, run_after=2023-08-30T15:00:00+00:00
[2023-08-31T03:18:57.834+0000] {processor.py:179} INFO - Processing /opt/airflow/dags/09_variable.py took 0.131 seconds
