[2023-08-31T03:16:24.975+0000] {processor.py:157} INFO - Started process (PID=50) to work on /opt/airflow/dags/10_branch_operator.py
[2023-08-31T03:16:24.976+0000] {processor.py:826} INFO - Processing file /opt/airflow/dags/10_branch_operator.py for tasks to queue
[2023-08-31T03:16:24.977+0000] {logging_mixin.py:150} INFO - [2023-08-31T03:16:24.977+0000] {dagbag.py:541} INFO - Filling up the DagBag from /opt/airflow/dags/10_branch_operator.py
[2023-08-31T03:16:24.990+0000] {processor.py:836} INFO - DAG(s) dict_keys(['10_branch_operator']) retrieved from /opt/airflow/dags/10_branch_operator.py
[2023-08-31T03:16:25.033+0000] {logging_mixin.py:150} INFO - [2023-08-31T03:16:25.032+0000] {dag.py:2742} INFO - Sync 1 DAGs
[2023-08-31T03:16:25.084+0000] {logging_mixin.py:150} INFO - [2023-08-31T03:16:25.084+0000] {dag.py:3508} INFO - Setting next_dagrun for 10_branch_operator to None, run_after=None
[2023-08-31T03:16:25.123+0000] {processor.py:179} INFO - Processing /opt/airflow/dags/10_branch_operator.py took 0.150 seconds
[2023-08-31T03:16:55.190+0000] {processor.py:157} INFO - Started process (PID=121) to work on /opt/airflow/dags/10_branch_operator.py
[2023-08-31T03:16:55.192+0000] {processor.py:826} INFO - Processing file /opt/airflow/dags/10_branch_operator.py for tasks to queue
[2023-08-31T03:16:55.193+0000] {logging_mixin.py:150} INFO - [2023-08-31T03:16:55.193+0000] {dagbag.py:541} INFO - Filling up the DagBag from /opt/airflow/dags/10_branch_operator.py
[2023-08-31T03:16:55.206+0000] {processor.py:836} INFO - DAG(s) dict_keys(['10_branch_operator']) retrieved from /opt/airflow/dags/10_branch_operator.py
[2023-08-31T03:16:55.270+0000] {logging_mixin.py:150} INFO - [2023-08-31T03:16:55.269+0000] {dag.py:2742} INFO - Sync 1 DAGs
[2023-08-31T03:16:55.311+0000] {logging_mixin.py:150} INFO - [2023-08-31T03:16:55.311+0000] {dag.py:3508} INFO - Setting next_dagrun for 10_branch_operator to None, run_after=None
[2023-08-31T03:16:55.346+0000] {processor.py:179} INFO - Processing /opt/airflow/dags/10_branch_operator.py took 0.160 seconds
[2023-08-31T03:17:25.877+0000] {processor.py:157} INFO - Started process (PID=192) to work on /opt/airflow/dags/10_branch_operator.py
[2023-08-31T03:17:25.877+0000] {processor.py:826} INFO - Processing file /opt/airflow/dags/10_branch_operator.py for tasks to queue
[2023-08-31T03:17:25.878+0000] {logging_mixin.py:150} INFO - [2023-08-31T03:17:25.878+0000] {dagbag.py:541} INFO - Filling up the DagBag from /opt/airflow/dags/10_branch_operator.py
[2023-08-31T03:17:25.885+0000] {processor.py:836} INFO - DAG(s) dict_keys(['10_branch_operator']) retrieved from /opt/airflow/dags/10_branch_operator.py
[2023-08-31T03:17:25.914+0000] {logging_mixin.py:150} INFO - [2023-08-31T03:17:25.914+0000] {dag.py:2742} INFO - Sync 1 DAGs
[2023-08-31T03:17:25.951+0000] {logging_mixin.py:150} INFO - [2023-08-31T03:17:25.950+0000] {dag.py:3508} INFO - Setting next_dagrun for 10_branch_operator to None, run_after=None
[2023-08-31T03:17:25.980+0000] {processor.py:179} INFO - Processing /opt/airflow/dags/10_branch_operator.py took 0.107 seconds
[2023-08-31T03:17:56.598+0000] {processor.py:157} INFO - Started process (PID=263) to work on /opt/airflow/dags/10_branch_operator.py
[2023-08-31T03:17:56.600+0000] {processor.py:826} INFO - Processing file /opt/airflow/dags/10_branch_operator.py for tasks to queue
[2023-08-31T03:17:56.601+0000] {logging_mixin.py:150} INFO - [2023-08-31T03:17:56.601+0000] {dagbag.py:541} INFO - Filling up the DagBag from /opt/airflow/dags/10_branch_operator.py
[2023-08-31T03:17:56.607+0000] {processor.py:836} INFO - DAG(s) dict_keys(['10_branch_operator']) retrieved from /opt/airflow/dags/10_branch_operator.py
[2023-08-31T03:17:56.639+0000] {logging_mixin.py:150} INFO - [2023-08-31T03:17:56.639+0000] {dag.py:2742} INFO - Sync 1 DAGs
[2023-08-31T03:17:56.677+0000] {logging_mixin.py:150} INFO - [2023-08-31T03:17:56.677+0000] {dag.py:3508} INFO - Setting next_dagrun for 10_branch_operator to None, run_after=None
[2023-08-31T03:17:56.713+0000] {processor.py:179} INFO - Processing /opt/airflow/dags/10_branch_operator.py took 0.118 seconds
[2023-08-31T03:18:27.329+0000] {processor.py:157} INFO - Started process (PID=334) to work on /opt/airflow/dags/10_branch_operator.py
[2023-08-31T03:18:27.331+0000] {processor.py:826} INFO - Processing file /opt/airflow/dags/10_branch_operator.py for tasks to queue
[2023-08-31T03:18:27.332+0000] {logging_mixin.py:150} INFO - [2023-08-31T03:18:27.332+0000] {dagbag.py:541} INFO - Filling up the DagBag from /opt/airflow/dags/10_branch_operator.py
[2023-08-31T03:18:27.340+0000] {processor.py:836} INFO - DAG(s) dict_keys(['10_branch_operator']) retrieved from /opt/airflow/dags/10_branch_operator.py
[2023-08-31T03:18:27.384+0000] {logging_mixin.py:150} INFO - [2023-08-31T03:18:27.383+0000] {dag.py:2742} INFO - Sync 1 DAGs
[2023-08-31T03:18:27.450+0000] {logging_mixin.py:150} INFO - [2023-08-31T03:18:27.450+0000] {dag.py:3508} INFO - Setting next_dagrun for 10_branch_operator to None, run_after=None
[2023-08-31T03:18:27.481+0000] {processor.py:179} INFO - Processing /opt/airflow/dags/10_branch_operator.py took 0.157 seconds
[2023-08-31T03:18:57.549+0000] {processor.py:157} INFO - Started process (PID=405) to work on /opt/airflow/dags/10_branch_operator.py
[2023-08-31T03:18:57.550+0000] {processor.py:826} INFO - Processing file /opt/airflow/dags/10_branch_operator.py for tasks to queue
[2023-08-31T03:18:57.551+0000] {logging_mixin.py:150} INFO - [2023-08-31T03:18:57.551+0000] {dagbag.py:541} INFO - Filling up the DagBag from /opt/airflow/dags/10_branch_operator.py
[2023-08-31T03:18:57.558+0000] {processor.py:836} INFO - DAG(s) dict_keys(['10_branch_operator']) retrieved from /opt/airflow/dags/10_branch_operator.py
[2023-08-31T03:18:57.594+0000] {logging_mixin.py:150} INFO - [2023-08-31T03:18:57.594+0000] {dag.py:2742} INFO - Sync 1 DAGs
[2023-08-31T03:18:57.641+0000] {logging_mixin.py:150} INFO - [2023-08-31T03:18:57.640+0000] {dag.py:3508} INFO - Setting next_dagrun for 10_branch_operator to None, run_after=None
[2023-08-31T03:18:57.674+0000] {processor.py:179} INFO - Processing /opt/airflow/dags/10_branch_operator.py took 0.130 seconds
