[2023-08-31T03:16:24.643+0000] {processor.py:157} INFO - Started process (PID=47) to work on /opt/airflow/dags/12_base_branch_operator.py
[2023-08-31T03:16:24.644+0000] {processor.py:826} INFO - Processing file /opt/airflow/dags/12_base_branch_operator.py for tasks to queue
[2023-08-31T03:16:24.645+0000] {logging_mixin.py:150} INFO - [2023-08-31T03:16:24.645+0000] {dagbag.py:541} INFO - Filling up the DagBag from /opt/airflow/dags/12_base_branch_operator.py
[2023-08-31T03:16:24.659+0000] {processor.py:836} INFO - DAG(s) dict_keys(['12_base_branch_operator']) retrieved from /opt/airflow/dags/12_base_branch_operator.py
[2023-08-31T03:16:24.703+0000] {logging_mixin.py:150} INFO - [2023-08-31T03:16:24.703+0000] {dag.py:2742} INFO - Sync 1 DAGs
[2023-08-31T03:16:24.749+0000] {logging_mixin.py:150} INFO - [2023-08-31T03:16:24.749+0000] {dag.py:3508} INFO - Setting next_dagrun for 12_base_branch_operator to 2023-08-30T15:00:00+00:00, run_after=2023-09-29T15:00:00+00:00
[2023-08-31T03:16:24.792+0000] {processor.py:179} INFO - Processing /opt/airflow/dags/12_base_branch_operator.py took 0.153 seconds
[2023-08-31T03:16:54.936+0000] {processor.py:157} INFO - Started process (PID=118) to work on /opt/airflow/dags/12_base_branch_operator.py
[2023-08-31T03:16:54.938+0000] {processor.py:826} INFO - Processing file /opt/airflow/dags/12_base_branch_operator.py for tasks to queue
[2023-08-31T03:16:54.939+0000] {logging_mixin.py:150} INFO - [2023-08-31T03:16:54.939+0000] {dagbag.py:541} INFO - Filling up the DagBag from /opt/airflow/dags/12_base_branch_operator.py
[2023-08-31T03:16:54.947+0000] {processor.py:836} INFO - DAG(s) dict_keys(['12_base_branch_operator']) retrieved from /opt/airflow/dags/12_base_branch_operator.py
[2023-08-31T03:16:54.970+0000] {logging_mixin.py:150} INFO - [2023-08-31T03:16:54.970+0000] {dag.py:2742} INFO - Sync 1 DAGs
[2023-08-31T03:16:55.002+0000] {logging_mixin.py:150} INFO - [2023-08-31T03:16:55.001+0000] {dag.py:3508} INFO - Setting next_dagrun for 12_base_branch_operator to 2023-08-30T15:00:00+00:00, run_after=2023-09-29T15:00:00+00:00
[2023-08-31T03:16:55.026+0000] {processor.py:179} INFO - Processing /opt/airflow/dags/12_base_branch_operator.py took 0.093 seconds
[2023-08-31T03:17:25.515+0000] {processor.py:157} INFO - Started process (PID=189) to work on /opt/airflow/dags/12_base_branch_operator.py
[2023-08-31T03:17:25.516+0000] {processor.py:826} INFO - Processing file /opt/airflow/dags/12_base_branch_operator.py for tasks to queue
[2023-08-31T03:17:25.517+0000] {logging_mixin.py:150} INFO - [2023-08-31T03:17:25.517+0000] {dagbag.py:541} INFO - Filling up the DagBag from /opt/airflow/dags/12_base_branch_operator.py
[2023-08-31T03:17:25.524+0000] {processor.py:836} INFO - DAG(s) dict_keys(['12_base_branch_operator']) retrieved from /opt/airflow/dags/12_base_branch_operator.py
[2023-08-31T03:17:25.555+0000] {logging_mixin.py:150} INFO - [2023-08-31T03:17:25.554+0000] {dag.py:2742} INFO - Sync 1 DAGs
[2023-08-31T03:17:25.592+0000] {logging_mixin.py:150} INFO - [2023-08-31T03:17:25.591+0000] {dag.py:3508} INFO - Setting next_dagrun for 12_base_branch_operator to 2023-08-30T15:00:00+00:00, run_after=2023-09-29T15:00:00+00:00
[2023-08-31T03:17:25.622+0000] {processor.py:179} INFO - Processing /opt/airflow/dags/12_base_branch_operator.py took 0.109 seconds
[2023-08-31T03:17:56.201+0000] {processor.py:157} INFO - Started process (PID=260) to work on /opt/airflow/dags/12_base_branch_operator.py
[2023-08-31T03:17:56.203+0000] {processor.py:826} INFO - Processing file /opt/airflow/dags/12_base_branch_operator.py for tasks to queue
[2023-08-31T03:17:56.204+0000] {logging_mixin.py:150} INFO - [2023-08-31T03:17:56.204+0000] {dagbag.py:541} INFO - Filling up the DagBag from /opt/airflow/dags/12_base_branch_operator.py
[2023-08-31T03:17:56.212+0000] {processor.py:836} INFO - DAG(s) dict_keys(['12_base_branch_operator']) retrieved from /opt/airflow/dags/12_base_branch_operator.py
[2023-08-31T03:17:56.240+0000] {logging_mixin.py:150} INFO - [2023-08-31T03:17:56.240+0000] {dag.py:2742} INFO - Sync 1 DAGs
[2023-08-31T03:17:56.281+0000] {logging_mixin.py:150} INFO - [2023-08-31T03:17:56.281+0000] {dag.py:3508} INFO - Setting next_dagrun for 12_base_branch_operator to 2023-08-30T15:00:00+00:00, run_after=2023-09-29T15:00:00+00:00
[2023-08-31T03:17:56.322+0000] {processor.py:179} INFO - Processing /opt/airflow/dags/12_base_branch_operator.py took 0.123 seconds
[2023-08-31T03:18:26.900+0000] {processor.py:157} INFO - Started process (PID=331) to work on /opt/airflow/dags/12_base_branch_operator.py
[2023-08-31T03:18:26.903+0000] {processor.py:826} INFO - Processing file /opt/airflow/dags/12_base_branch_operator.py for tasks to queue
[2023-08-31T03:18:26.904+0000] {logging_mixin.py:150} INFO - [2023-08-31T03:18:26.904+0000] {dagbag.py:541} INFO - Filling up the DagBag from /opt/airflow/dags/12_base_branch_operator.py
[2023-08-31T03:18:26.918+0000] {processor.py:836} INFO - DAG(s) dict_keys(['12_base_branch_operator']) retrieved from /opt/airflow/dags/12_base_branch_operator.py
[2023-08-31T03:18:26.956+0000] {logging_mixin.py:150} INFO - [2023-08-31T03:18:26.955+0000] {dag.py:2742} INFO - Sync 1 DAGs
[2023-08-31T03:18:27.034+0000] {logging_mixin.py:150} INFO - [2023-08-31T03:18:27.034+0000] {dag.py:3508} INFO - Setting next_dagrun for 12_base_branch_operator to 2023-08-30T15:00:00+00:00, run_after=2023-09-29T15:00:00+00:00
[2023-08-31T03:18:27.094+0000] {processor.py:179} INFO - Processing /opt/airflow/dags/12_base_branch_operator.py took 0.198 seconds
[2023-08-31T03:18:57.356+0000] {processor.py:157} INFO - Started process (PID=402) to work on /opt/airflow/dags/12_base_branch_operator.py
[2023-08-31T03:18:57.357+0000] {processor.py:826} INFO - Processing file /opt/airflow/dags/12_base_branch_operator.py for tasks to queue
[2023-08-31T03:18:57.359+0000] {logging_mixin.py:150} INFO - [2023-08-31T03:18:57.359+0000] {dagbag.py:541} INFO - Filling up the DagBag from /opt/airflow/dags/12_base_branch_operator.py
[2023-08-31T03:18:57.369+0000] {processor.py:836} INFO - DAG(s) dict_keys(['12_base_branch_operator']) retrieved from /opt/airflow/dags/12_base_branch_operator.py
[2023-08-31T03:18:57.411+0000] {logging_mixin.py:150} INFO - [2023-08-31T03:18:57.410+0000] {dag.py:2742} INFO - Sync 1 DAGs
[2023-08-31T03:18:57.449+0000] {logging_mixin.py:150} INFO - [2023-08-31T03:18:57.449+0000] {dag.py:3508} INFO - Setting next_dagrun for 12_base_branch_operator to 2023-08-30T15:00:00+00:00, run_after=2023-09-29T15:00:00+00:00
[2023-08-31T03:18:57.483+0000] {processor.py:179} INFO - Processing /opt/airflow/dags/12_base_branch_operator.py took 0.132 seconds
