[2023-08-31T03:16:24.496+0000] {processor.py:157} INFO - Started process (PID=46) to work on /opt/airflow/dags/16_base_operator.py
[2023-08-31T03:16:24.497+0000] {processor.py:826} INFO - Processing file /opt/airflow/dags/16_base_operator.py for tasks to queue
[2023-08-31T03:16:24.498+0000] {logging_mixin.py:150} INFO - [2023-08-31T03:16:24.498+0000] {dagbag.py:541} INFO - Filling up the DagBag from /opt/airflow/dags/16_base_operator.py
[2023-08-31T03:16:24.512+0000] {processor.py:836} INFO - DAG(s) dict_keys(['16_base_operator']) retrieved from /opt/airflow/dags/16_base_operator.py
[2023-08-31T03:16:24.557+0000] {logging_mixin.py:150} INFO - [2023-08-31T03:16:24.556+0000] {dag.py:2742} INFO - Sync 1 DAGs
[2023-08-31T03:16:24.597+0000] {logging_mixin.py:150} INFO - [2023-08-31T03:16:24.596+0000] {dag.py:3508} INFO - Setting next_dagrun for 16_base_operator to 2023-08-29T22:00:00+00:00, run_after=2023-08-30T22:00:00+00:00
[2023-08-31T03:16:24.629+0000] {processor.py:179} INFO - Processing /opt/airflow/dags/16_base_operator.py took 0.136 seconds
[2023-08-31T03:16:54.836+0000] {processor.py:157} INFO - Started process (PID=117) to work on /opt/airflow/dags/16_base_operator.py
[2023-08-31T03:16:54.837+0000] {processor.py:826} INFO - Processing file /opt/airflow/dags/16_base_operator.py for tasks to queue
[2023-08-31T03:16:54.838+0000] {logging_mixin.py:150} INFO - [2023-08-31T03:16:54.838+0000] {dagbag.py:541} INFO - Filling up the DagBag from /opt/airflow/dags/16_base_operator.py
[2023-08-31T03:16:54.848+0000] {processor.py:836} INFO - DAG(s) dict_keys(['16_base_operator']) retrieved from /opt/airflow/dags/16_base_operator.py
[2023-08-31T03:16:54.876+0000] {logging_mixin.py:150} INFO - [2023-08-31T03:16:54.875+0000] {dag.py:2742} INFO - Sync 1 DAGs
[2023-08-31T03:16:54.909+0000] {logging_mixin.py:150} INFO - [2023-08-31T03:16:54.909+0000] {dag.py:3508} INFO - Setting next_dagrun for 16_base_operator to 2023-08-29T22:00:00+00:00, run_after=2023-08-30T22:00:00+00:00
[2023-08-31T03:16:54.936+0000] {processor.py:179} INFO - Processing /opt/airflow/dags/16_base_operator.py took 0.103 seconds
[2023-08-31T03:17:25.509+0000] {processor.py:157} INFO - Started process (PID=188) to work on /opt/airflow/dags/16_base_operator.py
[2023-08-31T03:17:25.509+0000] {processor.py:826} INFO - Processing file /opt/airflow/dags/16_base_operator.py for tasks to queue
[2023-08-31T03:17:25.510+0000] {logging_mixin.py:150} INFO - [2023-08-31T03:17:25.510+0000] {dagbag.py:541} INFO - Filling up the DagBag from /opt/airflow/dags/16_base_operator.py
[2023-08-31T03:17:25.518+0000] {processor.py:836} INFO - DAG(s) dict_keys(['16_base_operator']) retrieved from /opt/airflow/dags/16_base_operator.py
[2023-08-31T03:17:25.548+0000] {logging_mixin.py:150} INFO - [2023-08-31T03:17:25.547+0000] {dag.py:2742} INFO - Sync 1 DAGs
[2023-08-31T03:17:25.587+0000] {logging_mixin.py:150} INFO - [2023-08-31T03:17:25.587+0000] {dag.py:3508} INFO - Setting next_dagrun for 16_base_operator to 2023-08-29T22:00:00+00:00, run_after=2023-08-30T22:00:00+00:00
[2023-08-31T03:17:25.619+0000] {processor.py:179} INFO - Processing /opt/airflow/dags/16_base_operator.py took 0.113 seconds
[2023-08-31T03:17:56.194+0000] {processor.py:157} INFO - Started process (PID=259) to work on /opt/airflow/dags/16_base_operator.py
[2023-08-31T03:17:56.195+0000] {processor.py:826} INFO - Processing file /opt/airflow/dags/16_base_operator.py for tasks to queue
[2023-08-31T03:17:56.197+0000] {logging_mixin.py:150} INFO - [2023-08-31T03:17:56.196+0000] {dagbag.py:541} INFO - Filling up the DagBag from /opt/airflow/dags/16_base_operator.py
[2023-08-31T03:17:56.206+0000] {processor.py:836} INFO - DAG(s) dict_keys(['16_base_operator']) retrieved from /opt/airflow/dags/16_base_operator.py
[2023-08-31T03:17:56.233+0000] {logging_mixin.py:150} INFO - [2023-08-31T03:17:56.233+0000] {dag.py:2742} INFO - Sync 1 DAGs
[2023-08-31T03:17:56.273+0000] {logging_mixin.py:150} INFO - [2023-08-31T03:17:56.272+0000] {dag.py:3508} INFO - Setting next_dagrun for 16_base_operator to 2023-08-29T22:00:00+00:00, run_after=2023-08-30T22:00:00+00:00
[2023-08-31T03:17:56.310+0000] {processor.py:179} INFO - Processing /opt/airflow/dags/16_base_operator.py took 0.119 seconds
[2023-08-31T03:18:26.890+0000] {processor.py:157} INFO - Started process (PID=330) to work on /opt/airflow/dags/16_base_operator.py
[2023-08-31T03:18:26.891+0000] {processor.py:826} INFO - Processing file /opt/airflow/dags/16_base_operator.py for tasks to queue
[2023-08-31T03:18:26.893+0000] {logging_mixin.py:150} INFO - [2023-08-31T03:18:26.893+0000] {dagbag.py:541} INFO - Filling up the DagBag from /opt/airflow/dags/16_base_operator.py
[2023-08-31T03:18:26.909+0000] {processor.py:836} INFO - DAG(s) dict_keys(['16_base_operator']) retrieved from /opt/airflow/dags/16_base_operator.py
[2023-08-31T03:18:26.949+0000] {logging_mixin.py:150} INFO - [2023-08-31T03:18:26.948+0000] {dag.py:2742} INFO - Sync 1 DAGs
[2023-08-31T03:18:27.021+0000] {logging_mixin.py:150} INFO - [2023-08-31T03:18:27.020+0000] {dag.py:3508} INFO - Setting next_dagrun for 16_base_operator to 2023-08-29T22:00:00+00:00, run_after=2023-08-30T22:00:00+00:00
[2023-08-31T03:18:27.072+0000] {processor.py:179} INFO - Processing /opt/airflow/dags/16_base_operator.py took 0.187 seconds
[2023-08-31T03:18:57.222+0000] {processor.py:157} INFO - Started process (PID=401) to work on /opt/airflow/dags/16_base_operator.py
[2023-08-31T03:18:57.223+0000] {processor.py:826} INFO - Processing file /opt/airflow/dags/16_base_operator.py for tasks to queue
[2023-08-31T03:18:57.224+0000] {logging_mixin.py:150} INFO - [2023-08-31T03:18:57.224+0000] {dagbag.py:541} INFO - Filling up the DagBag from /opt/airflow/dags/16_base_operator.py
[2023-08-31T03:18:57.235+0000] {processor.py:836} INFO - DAG(s) dict_keys(['16_base_operator']) retrieved from /opt/airflow/dags/16_base_operator.py
[2023-08-31T03:18:57.270+0000] {logging_mixin.py:150} INFO - [2023-08-31T03:18:57.269+0000] {dag.py:2742} INFO - Sync 1 DAGs
[2023-08-31T03:18:57.326+0000] {logging_mixin.py:150} INFO - [2023-08-31T03:18:57.326+0000] {dag.py:3508} INFO - Setting next_dagrun for 16_base_operator to 2023-08-29T22:00:00+00:00, run_after=2023-08-30T22:00:00+00:00
[2023-08-31T03:18:57.370+0000] {processor.py:179} INFO - Processing /opt/airflow/dags/16_base_operator.py took 0.154 seconds
