[2023-08-31T03:16:24.264+0000] {processor.py:157} INFO - Started process (PID=44) to work on /opt/airflow/dags/18_slack_callback.py
[2023-08-31T03:16:24.266+0000] {processor.py:826} INFO - Processing file /opt/airflow/dags/18_slack_callback.py for tasks to queue
[2023-08-31T03:16:24.271+0000] {logging_mixin.py:150} INFO - [2023-08-31T03:16:24.270+0000] {dagbag.py:541} INFO - Filling up the DagBag from /opt/airflow/dags/18_slack_callback.py
[2023-08-31T03:16:24.291+0000] {processor.py:836} INFO - DAG(s) dict_keys(['18_slack_callback']) retrieved from /opt/airflow/dags/18_slack_callback.py
[2023-08-31T03:16:24.385+0000] {logging_mixin.py:150} INFO - [2023-08-31T03:16:24.384+0000] {dag.py:2742} INFO - Sync 1 DAGs
[2023-08-31T03:16:24.424+0000] {logging_mixin.py:150} INFO - [2023-08-31T03:16:24.423+0000] {dag.py:3508} INFO - Setting next_dagrun for 18_slack_callback to None, run_after=None
[2023-08-31T03:16:24.460+0000] {processor.py:179} INFO - Processing /opt/airflow/dags/18_slack_callback.py took 0.204 seconds
[2023-08-31T03:16:54.585+0000] {processor.py:157} INFO - Started process (PID=115) to work on /opt/airflow/dags/18_slack_callback.py
[2023-08-31T03:16:54.587+0000] {processor.py:826} INFO - Processing file /opt/airflow/dags/18_slack_callback.py for tasks to queue
[2023-08-31T03:16:54.589+0000] {logging_mixin.py:150} INFO - [2023-08-31T03:16:54.588+0000] {dagbag.py:541} INFO - Filling up the DagBag from /opt/airflow/dags/18_slack_callback.py
[2023-08-31T03:16:54.601+0000] {processor.py:836} INFO - DAG(s) dict_keys(['18_slack_callback']) retrieved from /opt/airflow/dags/18_slack_callback.py
[2023-08-31T03:16:54.692+0000] {logging_mixin.py:150} INFO - [2023-08-31T03:16:54.692+0000] {dag.py:2742} INFO - Sync 1 DAGs
[2023-08-31T03:16:54.737+0000] {logging_mixin.py:150} INFO - [2023-08-31T03:16:54.737+0000] {dag.py:3508} INFO - Setting next_dagrun for 18_slack_callback to None, run_after=None
[2023-08-31T03:16:54.796+0000] {processor.py:179} INFO - Processing /opt/airflow/dags/18_slack_callback.py took 0.215 seconds
[2023-08-31T03:17:25.284+0000] {processor.py:157} INFO - Started process (PID=186) to work on /opt/airflow/dags/18_slack_callback.py
[2023-08-31T03:17:25.285+0000] {processor.py:826} INFO - Processing file /opt/airflow/dags/18_slack_callback.py for tasks to queue
[2023-08-31T03:17:25.286+0000] {logging_mixin.py:150} INFO - [2023-08-31T03:17:25.285+0000] {dagbag.py:541} INFO - Filling up the DagBag from /opt/airflow/dags/18_slack_callback.py
[2023-08-31T03:17:25.292+0000] {processor.py:836} INFO - DAG(s) dict_keys(['18_slack_callback']) retrieved from /opt/airflow/dags/18_slack_callback.py
[2023-08-31T03:17:25.323+0000] {logging_mixin.py:150} INFO - [2023-08-31T03:17:25.323+0000] {dag.py:2742} INFO - Sync 1 DAGs
[2023-08-31T03:17:25.352+0000] {logging_mixin.py:150} INFO - [2023-08-31T03:17:25.352+0000] {dag.py:3508} INFO - Setting next_dagrun for 18_slack_callback to None, run_after=None
[2023-08-31T03:17:25.377+0000] {processor.py:179} INFO - Processing /opt/airflow/dags/18_slack_callback.py took 0.097 seconds
[2023-08-31T03:17:55.946+0000] {processor.py:157} INFO - Started process (PID=257) to work on /opt/airflow/dags/18_slack_callback.py
[2023-08-31T03:17:55.947+0000] {processor.py:826} INFO - Processing file /opt/airflow/dags/18_slack_callback.py for tasks to queue
[2023-08-31T03:17:55.948+0000] {logging_mixin.py:150} INFO - [2023-08-31T03:17:55.948+0000] {dagbag.py:541} INFO - Filling up the DagBag from /opt/airflow/dags/18_slack_callback.py
[2023-08-31T03:17:55.955+0000] {processor.py:836} INFO - DAG(s) dict_keys(['18_slack_callback']) retrieved from /opt/airflow/dags/18_slack_callback.py
[2023-08-31T03:17:55.990+0000] {logging_mixin.py:150} INFO - [2023-08-31T03:17:55.990+0000] {dag.py:2742} INFO - Sync 1 DAGs
[2023-08-31T03:17:56.030+0000] {logging_mixin.py:150} INFO - [2023-08-31T03:17:56.029+0000] {dag.py:3508} INFO - Setting next_dagrun for 18_slack_callback to None, run_after=None
[2023-08-31T03:17:56.057+0000] {processor.py:179} INFO - Processing /opt/airflow/dags/18_slack_callback.py took 0.114 seconds
[2023-08-31T03:18:26.436+0000] {processor.py:157} INFO - Started process (PID=328) to work on /opt/airflow/dags/18_slack_callback.py
[2023-08-31T03:18:26.438+0000] {processor.py:826} INFO - Processing file /opt/airflow/dags/18_slack_callback.py for tasks to queue
[2023-08-31T03:18:26.440+0000] {logging_mixin.py:150} INFO - [2023-08-31T03:18:26.440+0000] {dagbag.py:541} INFO - Filling up the DagBag from /opt/airflow/dags/18_slack_callback.py
[2023-08-31T03:18:26.453+0000] {processor.py:836} INFO - DAG(s) dict_keys(['18_slack_callback']) retrieved from /opt/airflow/dags/18_slack_callback.py
[2023-08-31T03:18:26.514+0000] {logging_mixin.py:150} INFO - [2023-08-31T03:18:26.513+0000] {dag.py:2742} INFO - Sync 1 DAGs
[2023-08-31T03:18:26.608+0000] {logging_mixin.py:150} INFO - [2023-08-31T03:18:26.608+0000] {dag.py:3508} INFO - Setting next_dagrun for 18_slack_callback to None, run_after=None
[2023-08-31T03:18:26.659+0000] {processor.py:179} INFO - Processing /opt/airflow/dags/18_slack_callback.py took 0.228 seconds
[2023-08-31T03:18:56.977+0000] {processor.py:157} INFO - Started process (PID=399) to work on /opt/airflow/dags/18_slack_callback.py
[2023-08-31T03:18:56.981+0000] {processor.py:826} INFO - Processing file /opt/airflow/dags/18_slack_callback.py for tasks to queue
[2023-08-31T03:18:56.987+0000] {logging_mixin.py:150} INFO - [2023-08-31T03:18:56.986+0000] {dagbag.py:541} INFO - Filling up the DagBag from /opt/airflow/dags/18_slack_callback.py
[2023-08-31T03:18:57.000+0000] {processor.py:836} INFO - DAG(s) dict_keys(['18_slack_callback']) retrieved from /opt/airflow/dags/18_slack_callback.py
[2023-08-31T03:18:57.050+0000] {logging_mixin.py:150} INFO - [2023-08-31T03:18:57.050+0000] {dag.py:2742} INFO - Sync 1 DAGs
[2023-08-31T03:18:57.120+0000] {logging_mixin.py:150} INFO - [2023-08-31T03:18:57.119+0000] {dag.py:3508} INFO - Setting next_dagrun for 18_slack_callback to None, run_after=None
[2023-08-31T03:18:57.157+0000] {processor.py:179} INFO - Processing /opt/airflow/dags/18_slack_callback.py took 0.185 seconds
