[2023-08-18T05:16:02.396+0000] {taskinstance.py:1103} INFO - Dependencies all met for dep_context=non-requeueable deps ti=<TaskInstance: dags_external_task_sensor.external_task_sensor_a manual__2023-08-18T05:16:00.596865+00:00 [queued]>
[2023-08-18T05:16:02.413+0000] {taskinstance.py:1103} INFO - Dependencies all met for dep_context=requeueable deps ti=<TaskInstance: dags_external_task_sensor.external_task_sensor_a manual__2023-08-18T05:16:00.596865+00:00 [queued]>
[2023-08-18T05:16:02.413+0000] {taskinstance.py:1308} INFO - Starting attempt 1 of 1
[2023-08-18T05:16:02.438+0000] {taskinstance.py:1327} INFO - Executing <Task(ExternalTaskSensor): external_task_sensor_a> on 2023-08-18 05:16:00.596865+00:00
[2023-08-18T05:16:02.447+0000] {standard_task_runner.py:57} INFO - Started process 3024 to run task
[2023-08-18T05:16:02.451+0000] {standard_task_runner.py:84} INFO - Running: ['***', 'tasks', 'run', 'dags_external_task_sensor', 'external_task_sensor_a', 'manual__2023-08-18T05:16:00.596865+00:00', '--job-id', '67', '--raw', '--subdir', 'DAGS_FOLDER/dags_external_task_sensor.py', '--cfg-path', '/tmp/tmp151wg4jn']
[2023-08-18T05:16:02.452+0000] {standard_task_runner.py:85} INFO - Job 67: Subtask external_task_sensor_a
[2023-08-18T05:16:02.520+0000] {task_command.py:410} INFO - Running <TaskInstance: dags_external_task_sensor.external_task_sensor_a manual__2023-08-18T05:16:00.596865+00:00 [running]> on host 05c492c53b17
[2023-08-18T05:16:02.649+0000] {taskinstance.py:1547} INFO - Exporting env vars: AIRFLOW_CTX_DAG_OWNER='***' AIRFLOW_CTX_DAG_ID='dags_external_task_sensor' AIRFLOW_CTX_TASK_ID='external_task_sensor_a' AIRFLOW_CTX_EXECUTION_DATE='2023-08-18T05:16:00.596865+00:00' AIRFLOW_CTX_TRY_NUMBER='1' AIRFLOW_CTX_DAG_RUN_ID='manual__2023-08-18T05:16:00.596865+00:00'
[2023-08-18T05:16:02.651+0000] {external_task.py:236} INFO - Poking for tasks ['task_a'] in dag dags_branch_python_operator on 2023-08-17T23:16:00.596865+00:00 ... 
[2023-08-18T05:16:12.664+0000] {external_task.py:236} INFO - Poking for tasks ['task_a'] in dag dags_branch_python_operator on 2023-08-17T23:16:00.596865+00:00 ... 
[2023-08-18T05:16:22.685+0000] {external_task.py:236} INFO - Poking for tasks ['task_a'] in dag dags_branch_python_operator on 2023-08-17T23:16:00.596865+00:00 ... 
[2023-08-18T05:16:32.704+0000] {external_task.py:236} INFO - Poking for tasks ['task_a'] in dag dags_branch_python_operator on 2023-08-17T23:16:00.596865+00:00 ... 
[2023-08-18T05:16:42.724+0000] {external_task.py:236} INFO - Poking for tasks ['task_a'] in dag dags_branch_python_operator on 2023-08-17T23:16:00.596865+00:00 ... 
[2023-08-18T05:16:52.738+0000] {external_task.py:236} INFO - Poking for tasks ['task_a'] in dag dags_branch_python_operator on 2023-08-17T23:16:00.596865+00:00 ... 
[2023-08-18T05:17:02.753+0000] {external_task.py:236} INFO - Poking for tasks ['task_a'] in dag dags_branch_python_operator on 2023-08-17T23:16:00.596865+00:00 ... 
[2023-08-18T05:17:12.773+0000] {external_task.py:236} INFO - Poking for tasks ['task_a'] in dag dags_branch_python_operator on 2023-08-17T23:16:00.596865+00:00 ... 
[2023-08-18T05:17:22.793+0000] {external_task.py:236} INFO - Poking for tasks ['task_a'] in dag dags_branch_python_operator on 2023-08-17T23:16:00.596865+00:00 ... 
[2023-08-18T05:17:32.813+0000] {external_task.py:236} INFO - Poking for tasks ['task_a'] in dag dags_branch_python_operator on 2023-08-17T23:16:00.596865+00:00 ... 
[2023-08-18T05:17:42.838+0000] {external_task.py:236} INFO - Poking for tasks ['task_a'] in dag dags_branch_python_operator on 2023-08-17T23:16:00.596865+00:00 ... 
[2023-08-18T05:17:52.853+0000] {external_task.py:236} INFO - Poking for tasks ['task_a'] in dag dags_branch_python_operator on 2023-08-17T23:16:00.596865+00:00 ... 
[2023-08-18T05:18:02.875+0000] {external_task.py:236} INFO - Poking for tasks ['task_a'] in dag dags_branch_python_operator on 2023-08-17T23:16:00.596865+00:00 ... 
[2023-08-18T05:18:12.893+0000] {external_task.py:236} INFO - Poking for tasks ['task_a'] in dag dags_branch_python_operator on 2023-08-17T23:16:00.596865+00:00 ... 
[2023-08-18T05:18:22.913+0000] {external_task.py:236} INFO - Poking for tasks ['task_a'] in dag dags_branch_python_operator on 2023-08-17T23:16:00.596865+00:00 ... 
[2023-08-18T05:18:32.935+0000] {external_task.py:236} INFO - Poking for tasks ['task_a'] in dag dags_branch_python_operator on 2023-08-17T23:16:00.596865+00:00 ... 
[2023-08-18T05:18:42.958+0000] {external_task.py:236} INFO - Poking for tasks ['task_a'] in dag dags_branch_python_operator on 2023-08-17T23:16:00.596865+00:00 ... 
[2023-08-18T05:18:52.972+0000] {external_task.py:236} INFO - Poking for tasks ['task_a'] in dag dags_branch_python_operator on 2023-08-17T23:16:00.596865+00:00 ... 
[2023-08-18T05:19:02.998+0000] {external_task.py:236} INFO - Poking for tasks ['task_a'] in dag dags_branch_python_operator on 2023-08-17T23:16:00.596865+00:00 ... 
[2023-08-18T05:19:13.012+0000] {external_task.py:236} INFO - Poking for tasks ['task_a'] in dag dags_branch_python_operator on 2023-08-17T23:16:00.596865+00:00 ... 
[2023-08-18T05:19:23.032+0000] {external_task.py:236} INFO - Poking for tasks ['task_a'] in dag dags_branch_python_operator on 2023-08-17T23:16:00.596865+00:00 ... 
[2023-08-18T05:19:33.045+0000] {external_task.py:236} INFO - Poking for tasks ['task_a'] in dag dags_branch_python_operator on 2023-08-17T23:16:00.596865+00:00 ... 
[2023-08-18T05:19:43.066+0000] {external_task.py:236} INFO - Poking for tasks ['task_a'] in dag dags_branch_python_operator on 2023-08-17T23:16:00.596865+00:00 ... 
[2023-08-18T05:19:53.082+0000] {external_task.py:236} INFO - Poking for tasks ['task_a'] in dag dags_branch_python_operator on 2023-08-17T23:16:00.596865+00:00 ... 
[2023-08-18T05:20:03.107+0000] {external_task.py:236} INFO - Poking for tasks ['task_a'] in dag dags_branch_python_operator on 2023-08-17T23:16:00.596865+00:00 ... 
[2023-08-18T05:20:13.131+0000] {external_task.py:236} INFO - Poking for tasks ['task_a'] in dag dags_branch_python_operator on 2023-08-17T23:16:00.596865+00:00 ... 
[2023-08-18T05:20:14.653+0000] {local_task_job_runner.py:292} WARNING - State of this instance has been externally set to failed. Terminating instance.
[2023-08-18T05:20:14.656+0000] {process_utils.py:135} INFO - Sending Signals.SIGTERM to group 3024. PIDs of all processes in the group: [3024]
[2023-08-18T05:20:14.657+0000] {process_utils.py:86} INFO - Sending the signal Signals.SIGTERM to group 3024
[2023-08-18T05:20:14.657+0000] {taskinstance.py:1517} ERROR - Received SIGTERM. Terminating subprocesses.
[2023-08-18T05:20:14.710+0000] {process_utils.py:79} INFO - Process psutil.Process(pid=3024, status='terminated', exitcode=0, started='05:16:02') (3024) terminated with exit code 0
