[2023-08-18T05:20:19.970+0000] {taskinstance.py:1103} INFO - Dependencies all met for dep_context=non-requeueable deps ti=<TaskInstance: dags_external_task_sensor.external_task_sensor_a manual__2023-08-18T05:20:17.708748+00:00 [queued]>
[2023-08-18T05:20:19.988+0000] {taskinstance.py:1103} INFO - Dependencies all met for dep_context=requeueable deps ti=<TaskInstance: dags_external_task_sensor.external_task_sensor_a manual__2023-08-18T05:20:17.708748+00:00 [queued]>
[2023-08-18T05:20:19.989+0000] {taskinstance.py:1308} INFO - Starting attempt 1 of 1
[2023-08-18T05:20:20.015+0000] {taskinstance.py:1327} INFO - Executing <Task(ExternalTaskSensor): external_task_sensor_a> on 2023-08-18 05:20:17.708748+00:00
[2023-08-18T05:20:20.025+0000] {standard_task_runner.py:57} INFO - Started process 3123 to run task
[2023-08-18T05:20:20.029+0000] {standard_task_runner.py:84} INFO - Running: ['***', 'tasks', 'run', 'dags_external_task_sensor', 'external_task_sensor_a', 'manual__2023-08-18T05:20:17.708748+00:00', '--job-id', '72', '--raw', '--subdir', 'DAGS_FOLDER/dags_external_task_sensor.py', '--cfg-path', '/tmp/tmpq5hn8fnq']
[2023-08-18T05:20:20.030+0000] {standard_task_runner.py:85} INFO - Job 72: Subtask external_task_sensor_a
[2023-08-18T05:20:20.102+0000] {task_command.py:410} INFO - Running <TaskInstance: dags_external_task_sensor.external_task_sensor_a manual__2023-08-18T05:20:17.708748+00:00 [running]> on host 05c492c53b17
[2023-08-18T05:20:20.257+0000] {taskinstance.py:1547} INFO - Exporting env vars: AIRFLOW_CTX_DAG_OWNER='***' AIRFLOW_CTX_DAG_ID='dags_external_task_sensor' AIRFLOW_CTX_TASK_ID='external_task_sensor_a' AIRFLOW_CTX_EXECUTION_DATE='2023-08-18T05:20:17.708748+00:00' AIRFLOW_CTX_TRY_NUMBER='1' AIRFLOW_CTX_DAG_RUN_ID='manual__2023-08-18T05:20:17.708748+00:00'
[2023-08-18T05:20:20.258+0000] {external_task.py:236} INFO - Poking for tasks ['task_a'] in dag dags_branch_python_operator on 2023-08-17T23:20:17.708748+00:00 ... 
[2023-08-18T05:20:30.287+0000] {external_task.py:236} INFO - Poking for tasks ['task_a'] in dag dags_branch_python_operator on 2023-08-17T23:20:17.708748+00:00 ... 
[2023-08-18T05:20:40.304+0000] {external_task.py:236} INFO - Poking for tasks ['task_a'] in dag dags_branch_python_operator on 2023-08-17T23:20:17.708748+00:00 ... 
[2023-08-18T05:20:50.322+0000] {external_task.py:236} INFO - Poking for tasks ['task_a'] in dag dags_branch_python_operator on 2023-08-17T23:20:17.708748+00:00 ... 
[2023-08-18T05:21:00.342+0000] {external_task.py:236} INFO - Poking for tasks ['task_a'] in dag dags_branch_python_operator on 2023-08-17T23:20:17.708748+00:00 ... 
[2023-08-18T05:21:10.365+0000] {external_task.py:236} INFO - Poking for tasks ['task_a'] in dag dags_branch_python_operator on 2023-08-17T23:20:17.708748+00:00 ... 
[2023-08-18T05:21:20.392+0000] {external_task.py:236} INFO - Poking for tasks ['task_a'] in dag dags_branch_python_operator on 2023-08-17T23:20:17.708748+00:00 ... 
[2023-08-18T05:21:30.412+0000] {external_task.py:236} INFO - Poking for tasks ['task_a'] in dag dags_branch_python_operator on 2023-08-17T23:20:17.708748+00:00 ... 
[2023-08-18T05:21:40.425+0000] {external_task.py:236} INFO - Poking for tasks ['task_a'] in dag dags_branch_python_operator on 2023-08-17T23:20:17.708748+00:00 ... 
[2023-08-18T05:21:50.451+0000] {external_task.py:236} INFO - Poking for tasks ['task_a'] in dag dags_branch_python_operator on 2023-08-17T23:20:17.708748+00:00 ... 
[2023-08-18T05:22:00.479+0000] {external_task.py:236} INFO - Poking for tasks ['task_a'] in dag dags_branch_python_operator on 2023-08-17T23:20:17.708748+00:00 ... 
[2023-08-18T05:22:10.504+0000] {external_task.py:236} INFO - Poking for tasks ['task_a'] in dag dags_branch_python_operator on 2023-08-17T23:20:17.708748+00:00 ... 
[2023-08-18T05:22:20.522+0000] {external_task.py:236} INFO - Poking for tasks ['task_a'] in dag dags_branch_python_operator on 2023-08-17T23:20:17.708748+00:00 ... 
[2023-08-18T05:22:30.542+0000] {external_task.py:236} INFO - Poking for tasks ['task_a'] in dag dags_branch_python_operator on 2023-08-17T23:20:17.708748+00:00 ... 
[2023-08-18T05:22:40.563+0000] {external_task.py:236} INFO - Poking for tasks ['task_a'] in dag dags_branch_python_operator on 2023-08-17T23:20:17.708748+00:00 ... 
[2023-08-18T05:22:50.588+0000] {external_task.py:236} INFO - Poking for tasks ['task_a'] in dag dags_branch_python_operator on 2023-08-17T23:20:17.708748+00:00 ... 
[2023-08-18T05:23:00.612+0000] {external_task.py:236} INFO - Poking for tasks ['task_a'] in dag dags_branch_python_operator on 2023-08-17T23:20:17.708748+00:00 ... 
[2023-08-18T05:23:10.632+0000] {external_task.py:236} INFO - Poking for tasks ['task_a'] in dag dags_branch_python_operator on 2023-08-17T23:20:17.708748+00:00 ... 
[2023-08-18T05:23:20.655+0000] {external_task.py:236} INFO - Poking for tasks ['task_a'] in dag dags_branch_python_operator on 2023-08-17T23:20:17.708748+00:00 ... 
[2023-08-18T05:23:30.673+0000] {external_task.py:236} INFO - Poking for tasks ['task_a'] in dag dags_branch_python_operator on 2023-08-17T23:20:17.708748+00:00 ... 
[2023-08-18T05:23:40.692+0000] {external_task.py:236} INFO - Poking for tasks ['task_a'] in dag dags_branch_python_operator on 2023-08-17T23:20:17.708748+00:00 ... 
[2023-08-18T05:23:50.713+0000] {external_task.py:236} INFO - Poking for tasks ['task_a'] in dag dags_branch_python_operator on 2023-08-17T23:20:17.708748+00:00 ... 
[2023-08-18T05:24:00.734+0000] {external_task.py:236} INFO - Poking for tasks ['task_a'] in dag dags_branch_python_operator on 2023-08-17T23:20:17.708748+00:00 ... 
[2023-08-18T05:24:10.760+0000] {external_task.py:236} INFO - Poking for tasks ['task_a'] in dag dags_branch_python_operator on 2023-08-17T23:20:17.708748+00:00 ... 
[2023-08-18T05:24:20.783+0000] {external_task.py:236} INFO - Poking for tasks ['task_a'] in dag dags_branch_python_operator on 2023-08-17T23:20:17.708748+00:00 ... 
[2023-08-18T05:24:30.805+0000] {external_task.py:236} INFO - Poking for tasks ['task_a'] in dag dags_branch_python_operator on 2023-08-17T23:20:17.708748+00:00 ... 
[2023-08-18T05:24:40.816+0000] {external_task.py:236} INFO - Poking for tasks ['task_a'] in dag dags_branch_python_operator on 2023-08-17T23:20:17.708748+00:00 ... 
[2023-08-18T05:24:50.832+0000] {external_task.py:236} INFO - Poking for tasks ['task_a'] in dag dags_branch_python_operator on 2023-08-17T23:20:17.708748+00:00 ... 
[2023-08-18T05:25:00.851+0000] {external_task.py:236} INFO - Poking for tasks ['task_a'] in dag dags_branch_python_operator on 2023-08-17T23:20:17.708748+00:00 ... 
[2023-08-18T05:25:10.869+0000] {external_task.py:236} INFO - Poking for tasks ['task_a'] in dag dags_branch_python_operator on 2023-08-17T23:20:17.708748+00:00 ... 
[2023-08-18T05:25:20.889+0000] {external_task.py:236} INFO - Poking for tasks ['task_a'] in dag dags_branch_python_operator on 2023-08-17T23:20:17.708748+00:00 ... 
[2023-08-18T05:25:30.909+0000] {external_task.py:236} INFO - Poking for tasks ['task_a'] in dag dags_branch_python_operator on 2023-08-17T23:20:17.708748+00:00 ... 
[2023-08-18T05:25:40.932+0000] {external_task.py:236} INFO - Poking for tasks ['task_a'] in dag dags_branch_python_operator on 2023-08-17T23:20:17.708748+00:00 ... 
[2023-08-18T05:25:50.951+0000] {external_task.py:236} INFO - Poking for tasks ['task_a'] in dag dags_branch_python_operator on 2023-08-17T23:20:17.708748+00:00 ... 
[2023-08-18T05:26:00.963+0000] {external_task.py:236} INFO - Poking for tasks ['task_a'] in dag dags_branch_python_operator on 2023-08-17T23:20:17.708748+00:00 ... 
[2023-08-18T05:26:11.043+0000] {external_task.py:236} INFO - Poking for tasks ['task_a'] in dag dags_branch_python_operator on 2023-08-17T23:20:17.708748+00:00 ... 
[2023-08-18T05:26:21.066+0000] {external_task.py:236} INFO - Poking for tasks ['task_a'] in dag dags_branch_python_operator on 2023-08-17T23:20:17.708748+00:00 ... 
[2023-08-18T05:26:31.082+0000] {external_task.py:236} INFO - Poking for tasks ['task_a'] in dag dags_branch_python_operator on 2023-08-17T23:20:17.708748+00:00 ... 
[2023-08-18T05:26:41.101+0000] {external_task.py:236} INFO - Poking for tasks ['task_a'] in dag dags_branch_python_operator on 2023-08-17T23:20:17.708748+00:00 ... 
[2023-08-18T05:26:51.121+0000] {external_task.py:236} INFO - Poking for tasks ['task_a'] in dag dags_branch_python_operator on 2023-08-17T23:20:17.708748+00:00 ... 
[2023-08-18T05:27:01.141+0000] {external_task.py:236} INFO - Poking for tasks ['task_a'] in dag dags_branch_python_operator on 2023-08-17T23:20:17.708748+00:00 ... 
[2023-08-18T05:27:11.165+0000] {external_task.py:236} INFO - Poking for tasks ['task_a'] in dag dags_branch_python_operator on 2023-08-17T23:20:17.708748+00:00 ... 
[2023-08-18T05:27:21.181+0000] {external_task.py:236} INFO - Poking for tasks ['task_a'] in dag dags_branch_python_operator on 2023-08-17T23:20:17.708748+00:00 ... 
[2023-08-18T05:27:31.201+0000] {external_task.py:236} INFO - Poking for tasks ['task_a'] in dag dags_branch_python_operator on 2023-08-17T23:20:17.708748+00:00 ... 
[2023-08-18T05:27:41.223+0000] {external_task.py:236} INFO - Poking for tasks ['task_a'] in dag dags_branch_python_operator on 2023-08-17T23:20:17.708748+00:00 ... 
[2023-08-18T05:27:51.241+0000] {external_task.py:236} INFO - Poking for tasks ['task_a'] in dag dags_branch_python_operator on 2023-08-17T23:20:17.708748+00:00 ... 
[2023-08-18T05:28:01.251+0000] {external_task.py:236} INFO - Poking for tasks ['task_a'] in dag dags_branch_python_operator on 2023-08-17T23:20:17.708748+00:00 ... 
[2023-08-18T05:28:11.271+0000] {external_task.py:236} INFO - Poking for tasks ['task_a'] in dag dags_branch_python_operator on 2023-08-17T23:20:17.708748+00:00 ... 
[2023-08-18T05:28:21.291+0000] {external_task.py:236} INFO - Poking for tasks ['task_a'] in dag dags_branch_python_operator on 2023-08-17T23:20:17.708748+00:00 ... 
[2023-08-18T05:28:31.312+0000] {external_task.py:236} INFO - Poking for tasks ['task_a'] in dag dags_branch_python_operator on 2023-08-17T23:20:17.708748+00:00 ... 
[2023-08-18T05:28:41.334+0000] {external_task.py:236} INFO - Poking for tasks ['task_a'] in dag dags_branch_python_operator on 2023-08-17T23:20:17.708748+00:00 ... 
[2023-08-18T05:28:51.347+0000] {external_task.py:236} INFO - Poking for tasks ['task_a'] in dag dags_branch_python_operator on 2023-08-17T23:20:17.708748+00:00 ... 
[2023-08-18T05:29:01.361+0000] {external_task.py:236} INFO - Poking for tasks ['task_a'] in dag dags_branch_python_operator on 2023-08-17T23:20:17.708748+00:00 ... 
[2023-08-18T05:29:11.387+0000] {external_task.py:236} INFO - Poking for tasks ['task_a'] in dag dags_branch_python_operator on 2023-08-17T23:20:17.708748+00:00 ... 
[2023-08-18T05:29:21.409+0000] {external_task.py:236} INFO - Poking for tasks ['task_a'] in dag dags_branch_python_operator on 2023-08-17T23:20:17.708748+00:00 ... 
[2023-08-18T05:29:31.432+0000] {external_task.py:236} INFO - Poking for tasks ['task_a'] in dag dags_branch_python_operator on 2023-08-17T23:20:17.708748+00:00 ... 
[2023-08-18T05:29:41.456+0000] {external_task.py:236} INFO - Poking for tasks ['task_a'] in dag dags_branch_python_operator on 2023-08-17T23:20:17.708748+00:00 ... 
[2023-08-18T05:29:51.471+0000] {external_task.py:236} INFO - Poking for tasks ['task_a'] in dag dags_branch_python_operator on 2023-08-17T23:20:17.708748+00:00 ... 
[2023-08-18T05:30:01.492+0000] {external_task.py:236} INFO - Poking for tasks ['task_a'] in dag dags_branch_python_operator on 2023-08-17T23:20:17.708748+00:00 ... 
[2023-08-18T05:30:11.513+0000] {external_task.py:236} INFO - Poking for tasks ['task_a'] in dag dags_branch_python_operator on 2023-08-17T23:20:17.708748+00:00 ... 
[2023-08-18T05:30:21.531+0000] {external_task.py:236} INFO - Poking for tasks ['task_a'] in dag dags_branch_python_operator on 2023-08-17T23:20:17.708748+00:00 ... 
[2023-08-18T05:30:31.552+0000] {external_task.py:236} INFO - Poking for tasks ['task_a'] in dag dags_branch_python_operator on 2023-08-17T23:20:17.708748+00:00 ... 
[2023-08-18T05:30:41.575+0000] {external_task.py:236} INFO - Poking for tasks ['task_a'] in dag dags_branch_python_operator on 2023-08-17T23:20:17.708748+00:00 ... 
[2023-08-18T05:30:51.598+0000] {external_task.py:236} INFO - Poking for tasks ['task_a'] in dag dags_branch_python_operator on 2023-08-17T23:20:17.708748+00:00 ... 
[2023-08-18T05:31:01.620+0000] {external_task.py:236} INFO - Poking for tasks ['task_a'] in dag dags_branch_python_operator on 2023-08-17T23:20:17.708748+00:00 ... 
[2023-08-18T05:31:11.641+0000] {external_task.py:236} INFO - Poking for tasks ['task_a'] in dag dags_branch_python_operator on 2023-08-17T23:20:17.708748+00:00 ... 
[2023-08-18T05:31:21.665+0000] {external_task.py:236} INFO - Poking for tasks ['task_a'] in dag dags_branch_python_operator on 2023-08-17T23:20:17.708748+00:00 ... 
[2023-08-18T05:31:31.684+0000] {external_task.py:236} INFO - Poking for tasks ['task_a'] in dag dags_branch_python_operator on 2023-08-17T23:20:17.708748+00:00 ... 
[2023-08-18T05:31:41.701+0000] {external_task.py:236} INFO - Poking for tasks ['task_a'] in dag dags_branch_python_operator on 2023-08-17T23:20:17.708748+00:00 ... 
[2023-08-18T05:31:51.721+0000] {external_task.py:236} INFO - Poking for tasks ['task_a'] in dag dags_branch_python_operator on 2023-08-17T23:20:17.708748+00:00 ... 
[2023-08-18T05:32:01.744+0000] {external_task.py:236} INFO - Poking for tasks ['task_a'] in dag dags_branch_python_operator on 2023-08-17T23:20:17.708748+00:00 ... 
[2023-08-18T05:32:11.768+0000] {external_task.py:236} INFO - Poking for tasks ['task_a'] in dag dags_branch_python_operator on 2023-08-17T23:20:17.708748+00:00 ... 
[2023-08-18T05:32:21.793+0000] {external_task.py:236} INFO - Poking for tasks ['task_a'] in dag dags_branch_python_operator on 2023-08-17T23:20:17.708748+00:00 ... 
[2023-08-18T05:32:31.816+0000] {external_task.py:236} INFO - Poking for tasks ['task_a'] in dag dags_branch_python_operator on 2023-08-17T23:20:17.708748+00:00 ... 
[2023-08-18T05:32:41.832+0000] {external_task.py:236} INFO - Poking for tasks ['task_a'] in dag dags_branch_python_operator on 2023-08-17T23:20:17.708748+00:00 ... 
[2023-08-18T05:32:51.853+0000] {external_task.py:236} INFO - Poking for tasks ['task_a'] in dag dags_branch_python_operator on 2023-08-17T23:20:17.708748+00:00 ... 
[2023-08-18T05:33:01.876+0000] {external_task.py:236} INFO - Poking for tasks ['task_a'] in dag dags_branch_python_operator on 2023-08-17T23:20:17.708748+00:00 ... 
[2023-08-18T05:33:11.262+0000] {local_task_job_runner.py:292} WARNING - State of this instance has been externally set to failed. Terminating instance.
[2023-08-18T05:33:11.265+0000] {process_utils.py:135} INFO - Sending Signals.SIGTERM to group 3123. PIDs of all processes in the group: [3123]
[2023-08-18T05:33:11.265+0000] {process_utils.py:86} INFO - Sending the signal Signals.SIGTERM to group 3123
[2023-08-18T05:33:11.266+0000] {taskinstance.py:1517} ERROR - Received SIGTERM. Terminating subprocesses.
[2023-08-18T05:33:11.319+0000] {process_utils.py:79} INFO - Process psutil.Process(pid=3123, status='terminated', exitcode=0, started='05:20:19') (3123) terminated with exit code 0
