[2023-08-18T04:44:13.679+0000] {taskinstance.py:1103} INFO - Dependencies all met for dep_context=non-requeueable deps ti=<TaskInstance: dags_external_task_sensor.external_task_sensor_a scheduled__2023-08-16T22:00:00+00:00 [queued]>
[2023-08-18T04:44:13.696+0000] {taskinstance.py:1103} INFO - Dependencies all met for dep_context=requeueable deps ti=<TaskInstance: dags_external_task_sensor.external_task_sensor_a scheduled__2023-08-16T22:00:00+00:00 [queued]>
[2023-08-18T04:44:13.696+0000] {taskinstance.py:1308} INFO - Starting attempt 1 of 1
[2023-08-18T04:44:13.725+0000] {taskinstance.py:1327} INFO - Executing <Task(ExternalTaskSensor): external_task_sensor_a> on 2023-08-16 22:00:00+00:00
[2023-08-18T04:44:13.734+0000] {standard_task_runner.py:57} INFO - Started process 2348 to run task
[2023-08-18T04:44:13.738+0000] {standard_task_runner.py:84} INFO - Running: ['***', 'tasks', 'run', 'dags_external_task_sensor', 'external_task_sensor_a', 'scheduled__2023-08-16T22:00:00+00:00', '--job-id', '21', '--raw', '--subdir', 'DAGS_FOLDER/dags_external_task_sensor.py', '--cfg-path', '/tmp/tmpbf8u9cfd']
[2023-08-18T04:44:13.739+0000] {standard_task_runner.py:85} INFO - Job 21: Subtask external_task_sensor_a
[2023-08-18T04:44:13.828+0000] {task_command.py:410} INFO - Running <TaskInstance: dags_external_task_sensor.external_task_sensor_a scheduled__2023-08-16T22:00:00+00:00 [running]> on host 05c492c53b17
[2023-08-18T04:44:13.984+0000] {taskinstance.py:1547} INFO - Exporting env vars: AIRFLOW_CTX_DAG_OWNER='***' AIRFLOW_CTX_DAG_ID='dags_external_task_sensor' AIRFLOW_CTX_TASK_ID='external_task_sensor_a' AIRFLOW_CTX_EXECUTION_DATE='2023-08-16T22:00:00+00:00' AIRFLOW_CTX_TRY_NUMBER='1' AIRFLOW_CTX_DAG_RUN_ID='scheduled__2023-08-16T22:00:00+00:00'
[2023-08-18T04:44:13.986+0000] {external_task.py:236} INFO - Poking for tasks ['task_a'] in dag dags_branch_python_operator on 2023-08-16T16:00:00+00:00 ... 
[2023-08-18T04:44:24.005+0000] {external_task.py:236} INFO - Poking for tasks ['task_a'] in dag dags_branch_python_operator on 2023-08-16T16:00:00+00:00 ... 
[2023-08-18T04:44:34.019+0000] {external_task.py:236} INFO - Poking for tasks ['task_a'] in dag dags_branch_python_operator on 2023-08-16T16:00:00+00:00 ... 
[2023-08-18T04:44:44.035+0000] {external_task.py:236} INFO - Poking for tasks ['task_a'] in dag dags_branch_python_operator on 2023-08-16T16:00:00+00:00 ... 
[2023-08-18T04:44:54.055+0000] {external_task.py:236} INFO - Poking for tasks ['task_a'] in dag dags_branch_python_operator on 2023-08-16T16:00:00+00:00 ... 
[2023-08-18T04:45:04.071+0000] {external_task.py:236} INFO - Poking for tasks ['task_a'] in dag dags_branch_python_operator on 2023-08-16T16:00:00+00:00 ... 
[2023-08-18T04:45:14.093+0000] {external_task.py:236} INFO - Poking for tasks ['task_a'] in dag dags_branch_python_operator on 2023-08-16T16:00:00+00:00 ... 
[2023-08-18T04:45:24.115+0000] {external_task.py:236} INFO - Poking for tasks ['task_a'] in dag dags_branch_python_operator on 2023-08-16T16:00:00+00:00 ... 
[2023-08-18T04:45:34.135+0000] {external_task.py:236} INFO - Poking for tasks ['task_a'] in dag dags_branch_python_operator on 2023-08-16T16:00:00+00:00 ... 
[2023-08-18T04:45:44.160+0000] {external_task.py:236} INFO - Poking for tasks ['task_a'] in dag dags_branch_python_operator on 2023-08-16T16:00:00+00:00 ... 
[2023-08-18T04:45:54.175+0000] {external_task.py:236} INFO - Poking for tasks ['task_a'] in dag dags_branch_python_operator on 2023-08-16T16:00:00+00:00 ... 
[2023-08-18T04:46:04.195+0000] {external_task.py:236} INFO - Poking for tasks ['task_a'] in dag dags_branch_python_operator on 2023-08-16T16:00:00+00:00 ... 
[2023-08-18T04:46:14.215+0000] {external_task.py:236} INFO - Poking for tasks ['task_a'] in dag dags_branch_python_operator on 2023-08-16T16:00:00+00:00 ... 
[2023-08-18T04:46:24.239+0000] {external_task.py:236} INFO - Poking for tasks ['task_a'] in dag dags_branch_python_operator on 2023-08-16T16:00:00+00:00 ... 
[2023-08-18T04:46:34.266+0000] {external_task.py:236} INFO - Poking for tasks ['task_a'] in dag dags_branch_python_operator on 2023-08-16T16:00:00+00:00 ... 
[2023-08-18T04:46:44.291+0000] {external_task.py:236} INFO - Poking for tasks ['task_a'] in dag dags_branch_python_operator on 2023-08-16T16:00:00+00:00 ... 
[2023-08-18T04:46:54.305+0000] {external_task.py:236} INFO - Poking for tasks ['task_a'] in dag dags_branch_python_operator on 2023-08-16T16:00:00+00:00 ... 
[2023-08-18T04:47:04.329+0000] {external_task.py:236} INFO - Poking for tasks ['task_a'] in dag dags_branch_python_operator on 2023-08-16T16:00:00+00:00 ... 
[2023-08-18T04:47:14.345+0000] {external_task.py:236} INFO - Poking for tasks ['task_a'] in dag dags_branch_python_operator on 2023-08-16T16:00:00+00:00 ... 
[2023-08-18T04:47:24.365+0000] {external_task.py:236} INFO - Poking for tasks ['task_a'] in dag dags_branch_python_operator on 2023-08-16T16:00:00+00:00 ... 
[2023-08-18T04:47:34.385+0000] {external_task.py:236} INFO - Poking for tasks ['task_a'] in dag dags_branch_python_operator on 2023-08-16T16:00:00+00:00 ... 
[2023-08-18T04:47:44.415+0000] {external_task.py:236} INFO - Poking for tasks ['task_a'] in dag dags_branch_python_operator on 2023-08-16T16:00:00+00:00 ... 
[2023-08-18T04:47:54.439+0000] {external_task.py:236} INFO - Poking for tasks ['task_a'] in dag dags_branch_python_operator on 2023-08-16T16:00:00+00:00 ... 
[2023-08-18T04:48:04.463+0000] {external_task.py:236} INFO - Poking for tasks ['task_a'] in dag dags_branch_python_operator on 2023-08-16T16:00:00+00:00 ... 
[2023-08-18T04:48:14.484+0000] {external_task.py:236} INFO - Poking for tasks ['task_a'] in dag dags_branch_python_operator on 2023-08-16T16:00:00+00:00 ... 
[2023-08-18T04:48:24.506+0000] {external_task.py:236} INFO - Poking for tasks ['task_a'] in dag dags_branch_python_operator on 2023-08-16T16:00:00+00:00 ... 
[2023-08-18T04:48:34.529+0000] {external_task.py:236} INFO - Poking for tasks ['task_a'] in dag dags_branch_python_operator on 2023-08-16T16:00:00+00:00 ... 
[2023-08-18T04:48:44.563+0000] {external_task.py:236} INFO - Poking for tasks ['task_a'] in dag dags_branch_python_operator on 2023-08-16T16:00:00+00:00 ... 
[2023-08-18T04:48:54.600+0000] {external_task.py:236} INFO - Poking for tasks ['task_a'] in dag dags_branch_python_operator on 2023-08-16T16:00:00+00:00 ... 
[2023-08-18T04:49:04.654+0000] {external_task.py:236} INFO - Poking for tasks ['task_a'] in dag dags_branch_python_operator on 2023-08-16T16:00:00+00:00 ... 
[2023-08-18T04:49:14.679+0000] {external_task.py:236} INFO - Poking for tasks ['task_a'] in dag dags_branch_python_operator on 2023-08-16T16:00:00+00:00 ... 
[2023-08-18T04:49:24.692+0000] {external_task.py:236} INFO - Poking for tasks ['task_a'] in dag dags_branch_python_operator on 2023-08-16T16:00:00+00:00 ... 
[2023-08-18T04:49:34.712+0000] {external_task.py:236} INFO - Poking for tasks ['task_a'] in dag dags_branch_python_operator on 2023-08-16T16:00:00+00:00 ... 
[2023-08-18T04:49:44.734+0000] {external_task.py:236} INFO - Poking for tasks ['task_a'] in dag dags_branch_python_operator on 2023-08-16T16:00:00+00:00 ... 
[2023-08-18T04:49:54.757+0000] {external_task.py:236} INFO - Poking for tasks ['task_a'] in dag dags_branch_python_operator on 2023-08-16T16:00:00+00:00 ... 
[2023-08-18T04:50:04.771+0000] {external_task.py:236} INFO - Poking for tasks ['task_a'] in dag dags_branch_python_operator on 2023-08-16T16:00:00+00:00 ... 
[2023-08-18T04:50:14.791+0000] {external_task.py:236} INFO - Poking for tasks ['task_a'] in dag dags_branch_python_operator on 2023-08-16T16:00:00+00:00 ... 
[2023-08-18T04:50:24.811+0000] {external_task.py:236} INFO - Poking for tasks ['task_a'] in dag dags_branch_python_operator on 2023-08-16T16:00:00+00:00 ... 
[2023-08-18T04:50:34.837+0000] {external_task.py:236} INFO - Poking for tasks ['task_a'] in dag dags_branch_python_operator on 2023-08-16T16:00:00+00:00 ... 
[2023-08-18T04:50:44.859+0000] {external_task.py:236} INFO - Poking for tasks ['task_a'] in dag dags_branch_python_operator on 2023-08-16T16:00:00+00:00 ... 
[2023-08-18T04:50:54.881+0000] {external_task.py:236} INFO - Poking for tasks ['task_a'] in dag dags_branch_python_operator on 2023-08-16T16:00:00+00:00 ... 
[2023-08-18T04:51:04.899+0000] {external_task.py:236} INFO - Poking for tasks ['task_a'] in dag dags_branch_python_operator on 2023-08-16T16:00:00+00:00 ... 
[2023-08-18T04:51:14.918+0000] {external_task.py:236} INFO - Poking for tasks ['task_a'] in dag dags_branch_python_operator on 2023-08-16T16:00:00+00:00 ... 
[2023-08-18T04:51:24.936+0000] {external_task.py:236} INFO - Poking for tasks ['task_a'] in dag dags_branch_python_operator on 2023-08-16T16:00:00+00:00 ... 
[2023-08-18T04:51:34.958+0000] {external_task.py:236} INFO - Poking for tasks ['task_a'] in dag dags_branch_python_operator on 2023-08-16T16:00:00+00:00 ... 
[2023-08-18T04:51:44.998+0000] {external_task.py:236} INFO - Poking for tasks ['task_a'] in dag dags_branch_python_operator on 2023-08-16T16:00:00+00:00 ... 
[2023-08-18T04:51:55.017+0000] {external_task.py:236} INFO - Poking for tasks ['task_a'] in dag dags_branch_python_operator on 2023-08-16T16:00:00+00:00 ... 
[2023-08-18T04:52:05.037+0000] {external_task.py:236} INFO - Poking for tasks ['task_a'] in dag dags_branch_python_operator on 2023-08-16T16:00:00+00:00 ... 
[2023-08-18T04:52:15.057+0000] {external_task.py:236} INFO - Poking for tasks ['task_a'] in dag dags_branch_python_operator on 2023-08-16T16:00:00+00:00 ... 
[2023-08-18T04:52:25.077+0000] {external_task.py:236} INFO - Poking for tasks ['task_a'] in dag dags_branch_python_operator on 2023-08-16T16:00:00+00:00 ... 
[2023-08-18T04:52:35.097+0000] {external_task.py:236} INFO - Poking for tasks ['task_a'] in dag dags_branch_python_operator on 2023-08-16T16:00:00+00:00 ... 
[2023-08-18T04:52:45.117+0000] {external_task.py:236} INFO - Poking for tasks ['task_a'] in dag dags_branch_python_operator on 2023-08-16T16:00:00+00:00 ... 
[2023-08-18T04:52:55.137+0000] {external_task.py:236} INFO - Poking for tasks ['task_a'] in dag dags_branch_python_operator on 2023-08-16T16:00:00+00:00 ... 
[2023-08-18T04:53:05.157+0000] {external_task.py:236} INFO - Poking for tasks ['task_a'] in dag dags_branch_python_operator on 2023-08-16T16:00:00+00:00 ... 
[2023-08-18T04:53:15.177+0000] {external_task.py:236} INFO - Poking for tasks ['task_a'] in dag dags_branch_python_operator on 2023-08-16T16:00:00+00:00 ... 
[2023-08-18T04:53:25.197+0000] {external_task.py:236} INFO - Poking for tasks ['task_a'] in dag dags_branch_python_operator on 2023-08-16T16:00:00+00:00 ... 
[2023-08-18T04:53:35.218+0000] {external_task.py:236} INFO - Poking for tasks ['task_a'] in dag dags_branch_python_operator on 2023-08-16T16:00:00+00:00 ... 
[2023-08-18T04:53:45.237+0000] {external_task.py:236} INFO - Poking for tasks ['task_a'] in dag dags_branch_python_operator on 2023-08-16T16:00:00+00:00 ... 
[2023-08-18T04:53:55.257+0000] {external_task.py:236} INFO - Poking for tasks ['task_a'] in dag dags_branch_python_operator on 2023-08-16T16:00:00+00:00 ... 
[2023-08-18T04:54:05.277+0000] {external_task.py:236} INFO - Poking for tasks ['task_a'] in dag dags_branch_python_operator on 2023-08-16T16:00:00+00:00 ... 
[2023-08-18T04:54:15.297+0000] {external_task.py:236} INFO - Poking for tasks ['task_a'] in dag dags_branch_python_operator on 2023-08-16T16:00:00+00:00 ... 
[2023-08-18T04:54:25.316+0000] {external_task.py:236} INFO - Poking for tasks ['task_a'] in dag dags_branch_python_operator on 2023-08-16T16:00:00+00:00 ... 
[2023-08-18T04:54:35.336+0000] {external_task.py:236} INFO - Poking for tasks ['task_a'] in dag dags_branch_python_operator on 2023-08-16T16:00:00+00:00 ... 
[2023-08-18T04:54:45.356+0000] {external_task.py:236} INFO - Poking for tasks ['task_a'] in dag dags_branch_python_operator on 2023-08-16T16:00:00+00:00 ... 
[2023-08-18T04:54:55.377+0000] {external_task.py:236} INFO - Poking for tasks ['task_a'] in dag dags_branch_python_operator on 2023-08-16T16:00:00+00:00 ... 
[2023-08-18T04:55:05.444+0000] {external_task.py:236} INFO - Poking for tasks ['task_a'] in dag dags_branch_python_operator on 2023-08-16T16:00:00+00:00 ... 
[2023-08-18T04:55:15.466+0000] {external_task.py:236} INFO - Poking for tasks ['task_a'] in dag dags_branch_python_operator on 2023-08-16T16:00:00+00:00 ... 
[2023-08-18T04:55:25.487+0000] {external_task.py:236} INFO - Poking for tasks ['task_a'] in dag dags_branch_python_operator on 2023-08-16T16:00:00+00:00 ... 
[2023-08-18T04:55:35.506+0000] {external_task.py:236} INFO - Poking for tasks ['task_a'] in dag dags_branch_python_operator on 2023-08-16T16:00:00+00:00 ... 
[2023-08-18T04:55:45.527+0000] {external_task.py:236} INFO - Poking for tasks ['task_a'] in dag dags_branch_python_operator on 2023-08-16T16:00:00+00:00 ... 
[2023-08-18T04:55:55.546+0000] {external_task.py:236} INFO - Poking for tasks ['task_a'] in dag dags_branch_python_operator on 2023-08-16T16:00:00+00:00 ... 
[2023-08-18T04:56:05.567+0000] {external_task.py:236} INFO - Poking for tasks ['task_a'] in dag dags_branch_python_operator on 2023-08-16T16:00:00+00:00 ... 
[2023-08-18T04:56:15.590+0000] {external_task.py:236} INFO - Poking for tasks ['task_a'] in dag dags_branch_python_operator on 2023-08-16T16:00:00+00:00 ... 
[2023-08-18T04:56:25.605+0000] {external_task.py:236} INFO - Poking for tasks ['task_a'] in dag dags_branch_python_operator on 2023-08-16T16:00:00+00:00 ... 
[2023-08-18T04:56:35.630+0000] {external_task.py:236} INFO - Poking for tasks ['task_a'] in dag dags_branch_python_operator on 2023-08-16T16:00:00+00:00 ... 
[2023-08-18T04:56:45.647+0000] {external_task.py:236} INFO - Poking for tasks ['task_a'] in dag dags_branch_python_operator on 2023-08-16T16:00:00+00:00 ... 
[2023-08-18T04:56:55.666+0000] {external_task.py:236} INFO - Poking for tasks ['task_a'] in dag dags_branch_python_operator on 2023-08-16T16:00:00+00:00 ... 
[2023-08-18T04:57:05.691+0000] {external_task.py:236} INFO - Poking for tasks ['task_a'] in dag dags_branch_python_operator on 2023-08-16T16:00:00+00:00 ... 
[2023-08-18T04:57:15.766+0000] {external_task.py:236} INFO - Poking for tasks ['task_a'] in dag dags_branch_python_operator on 2023-08-16T16:00:00+00:00 ... 
[2023-08-18T04:57:25.792+0000] {external_task.py:236} INFO - Poking for tasks ['task_a'] in dag dags_branch_python_operator on 2023-08-16T16:00:00+00:00 ... 
[2023-08-18T04:57:35.806+0000] {external_task.py:236} INFO - Poking for tasks ['task_a'] in dag dags_branch_python_operator on 2023-08-16T16:00:00+00:00 ... 
[2023-08-18T04:57:45.866+0000] {external_task.py:236} INFO - Poking for tasks ['task_a'] in dag dags_branch_python_operator on 2023-08-16T16:00:00+00:00 ... 
[2023-08-18T04:57:55.886+0000] {external_task.py:236} INFO - Poking for tasks ['task_a'] in dag dags_branch_python_operator on 2023-08-16T16:00:00+00:00 ... 
[2023-08-18T04:58:05.912+0000] {external_task.py:236} INFO - Poking for tasks ['task_a'] in dag dags_branch_python_operator on 2023-08-16T16:00:00+00:00 ... 
[2023-08-18T04:58:15.936+0000] {external_task.py:236} INFO - Poking for tasks ['task_a'] in dag dags_branch_python_operator on 2023-08-16T16:00:00+00:00 ... 
[2023-08-18T04:58:25.956+0000] {external_task.py:236} INFO - Poking for tasks ['task_a'] in dag dags_branch_python_operator on 2023-08-16T16:00:00+00:00 ... 
[2023-08-18T04:58:35.977+0000] {external_task.py:236} INFO - Poking for tasks ['task_a'] in dag dags_branch_python_operator on 2023-08-16T16:00:00+00:00 ... 
[2023-08-18T04:58:45.996+0000] {external_task.py:236} INFO - Poking for tasks ['task_a'] in dag dags_branch_python_operator on 2023-08-16T16:00:00+00:00 ... 
[2023-08-18T04:58:56.016+0000] {external_task.py:236} INFO - Poking for tasks ['task_a'] in dag dags_branch_python_operator on 2023-08-16T16:00:00+00:00 ... 
[2023-08-18T04:58:56.131+0000] {local_task_job_runner.py:292} WARNING - State of this instance has been externally set to failed. Terminating instance.
[2023-08-18T04:58:56.135+0000] {process_utils.py:135} INFO - Sending Signals.SIGTERM to group 2348. PIDs of all processes in the group: [2348]
[2023-08-18T04:58:56.136+0000] {process_utils.py:86} INFO - Sending the signal Signals.SIGTERM to group 2348
[2023-08-18T04:58:56.136+0000] {taskinstance.py:1517} ERROR - Received SIGTERM. Terminating subprocesses.
[2023-08-18T04:58:56.188+0000] {process_utils.py:79} INFO - Process psutil.Process(pid=2348, status='terminated', exitcode=0, started='04:44:13') (2348) terminated with exit code 0
