[2023-08-18T04:44:13.673+0000] {taskinstance.py:1103} INFO - Dependencies all met for dep_context=non-requeueable deps ti=<TaskInstance: dags_external_task_sensor.external_task_sensor_b scheduled__2023-08-16T22:00:00+00:00 [queued]>
[2023-08-18T04:44:13.691+0000] {taskinstance.py:1103} INFO - Dependencies all met for dep_context=requeueable deps ti=<TaskInstance: dags_external_task_sensor.external_task_sensor_b scheduled__2023-08-16T22:00:00+00:00 [queued]>
[2023-08-18T04:44:13.691+0000] {taskinstance.py:1308} INFO - Starting attempt 1 of 1
[2023-08-18T04:44:13.716+0000] {taskinstance.py:1327} INFO - Executing <Task(ExternalTaskSensor): external_task_sensor_b> on 2023-08-16 22:00:00+00:00
[2023-08-18T04:44:13.727+0000] {standard_task_runner.py:57} INFO - Started process 2347 to run task
[2023-08-18T04:44:13.730+0000] {standard_task_runner.py:84} INFO - Running: ['***', 'tasks', 'run', 'dags_external_task_sensor', 'external_task_sensor_b', 'scheduled__2023-08-16T22:00:00+00:00', '--job-id', '22', '--raw', '--subdir', 'DAGS_FOLDER/dags_external_task_sensor.py', '--cfg-path', '/tmp/tmp0qc9cvil']
[2023-08-18T04:44:13.731+0000] {standard_task_runner.py:85} INFO - Job 22: Subtask external_task_sensor_b
[2023-08-18T04:44:13.814+0000] {task_command.py:410} INFO - Running <TaskInstance: dags_external_task_sensor.external_task_sensor_b scheduled__2023-08-16T22:00:00+00:00 [running]> on host 05c492c53b17
[2023-08-18T04:44:13.975+0000] {taskinstance.py:1547} INFO - Exporting env vars: AIRFLOW_CTX_DAG_OWNER='***' AIRFLOW_CTX_DAG_ID='dags_external_task_sensor' AIRFLOW_CTX_TASK_ID='external_task_sensor_b' AIRFLOW_CTX_EXECUTION_DATE='2023-08-16T22:00:00+00:00' AIRFLOW_CTX_TRY_NUMBER='1' AIRFLOW_CTX_DAG_RUN_ID='scheduled__2023-08-16T22:00:00+00:00'
[2023-08-18T04:44:13.976+0000] {external_task.py:236} INFO - Poking for tasks ['task_b'] in dag dags_branch_python_operator on 2023-08-16T16:00:00+00:00 ... 
[2023-08-18T04:44:23.995+0000] {external_task.py:236} INFO - Poking for tasks ['task_b'] in dag dags_branch_python_operator on 2023-08-16T16:00:00+00:00 ... 
[2023-08-18T04:44:34.015+0000] {external_task.py:236} INFO - Poking for tasks ['task_b'] in dag dags_branch_python_operator on 2023-08-16T16:00:00+00:00 ... 
[2023-08-18T04:44:44.035+0000] {external_task.py:236} INFO - Poking for tasks ['task_b'] in dag dags_branch_python_operator on 2023-08-16T16:00:00+00:00 ... 
[2023-08-18T04:44:54.060+0000] {external_task.py:236} INFO - Poking for tasks ['task_b'] in dag dags_branch_python_operator on 2023-08-16T16:00:00+00:00 ... 
[2023-08-18T04:45:04.083+0000] {external_task.py:236} INFO - Poking for tasks ['task_b'] in dag dags_branch_python_operator on 2023-08-16T16:00:00+00:00 ... 
[2023-08-18T04:45:14.105+0000] {external_task.py:236} INFO - Poking for tasks ['task_b'] in dag dags_branch_python_operator on 2023-08-16T16:00:00+00:00 ... 
[2023-08-18T04:45:24.128+0000] {external_task.py:236} INFO - Poking for tasks ['task_b'] in dag dags_branch_python_operator on 2023-08-16T16:00:00+00:00 ... 
[2023-08-18T04:45:34.154+0000] {external_task.py:236} INFO - Poking for tasks ['task_b'] in dag dags_branch_python_operator on 2023-08-16T16:00:00+00:00 ... 
[2023-08-18T04:45:44.171+0000] {external_task.py:236} INFO - Poking for tasks ['task_b'] in dag dags_branch_python_operator on 2023-08-16T16:00:00+00:00 ... 
[2023-08-18T04:45:54.185+0000] {external_task.py:236} INFO - Poking for tasks ['task_b'] in dag dags_branch_python_operator on 2023-08-16T16:00:00+00:00 ... 
[2023-08-18T04:46:04.206+0000] {external_task.py:236} INFO - Poking for tasks ['task_b'] in dag dags_branch_python_operator on 2023-08-16T16:00:00+00:00 ... 
[2023-08-18T04:46:14.225+0000] {external_task.py:236} INFO - Poking for tasks ['task_b'] in dag dags_branch_python_operator on 2023-08-16T16:00:00+00:00 ... 
[2023-08-18T04:46:24.248+0000] {external_task.py:236} INFO - Poking for tasks ['task_b'] in dag dags_branch_python_operator on 2023-08-16T16:00:00+00:00 ... 
[2023-08-18T04:46:34.273+0000] {external_task.py:236} INFO - Poking for tasks ['task_b'] in dag dags_branch_python_operator on 2023-08-16T16:00:00+00:00 ... 
[2023-08-18T04:46:44.298+0000] {external_task.py:236} INFO - Poking for tasks ['task_b'] in dag dags_branch_python_operator on 2023-08-16T16:00:00+00:00 ... 
[2023-08-18T04:46:54.318+0000] {external_task.py:236} INFO - Poking for tasks ['task_b'] in dag dags_branch_python_operator on 2023-08-16T16:00:00+00:00 ... 
[2023-08-18T04:47:04.343+0000] {external_task.py:236} INFO - Poking for tasks ['task_b'] in dag dags_branch_python_operator on 2023-08-16T16:00:00+00:00 ... 
[2023-08-18T04:47:14.355+0000] {external_task.py:236} INFO - Poking for tasks ['task_b'] in dag dags_branch_python_operator on 2023-08-16T16:00:00+00:00 ... 
[2023-08-18T04:47:24.377+0000] {external_task.py:236} INFO - Poking for tasks ['task_b'] in dag dags_branch_python_operator on 2023-08-16T16:00:00+00:00 ... 
[2023-08-18T04:47:34.399+0000] {external_task.py:236} INFO - Poking for tasks ['task_b'] in dag dags_branch_python_operator on 2023-08-16T16:00:00+00:00 ... 
[2023-08-18T04:47:44.425+0000] {external_task.py:236} INFO - Poking for tasks ['task_b'] in dag dags_branch_python_operator on 2023-08-16T16:00:00+00:00 ... 
[2023-08-18T04:47:54.450+0000] {external_task.py:236} INFO - Poking for tasks ['task_b'] in dag dags_branch_python_operator on 2023-08-16T16:00:00+00:00 ... 
[2023-08-18T04:48:04.471+0000] {external_task.py:236} INFO - Poking for tasks ['task_b'] in dag dags_branch_python_operator on 2023-08-16T16:00:00+00:00 ... 
[2023-08-18T04:48:14.484+0000] {external_task.py:236} INFO - Poking for tasks ['task_b'] in dag dags_branch_python_operator on 2023-08-16T16:00:00+00:00 ... 
[2023-08-18T04:48:24.506+0000] {external_task.py:236} INFO - Poking for tasks ['task_b'] in dag dags_branch_python_operator on 2023-08-16T16:00:00+00:00 ... 
[2023-08-18T04:48:34.524+0000] {external_task.py:236} INFO - Poking for tasks ['task_b'] in dag dags_branch_python_operator on 2023-08-16T16:00:00+00:00 ... 
[2023-08-18T04:48:44.553+0000] {external_task.py:236} INFO - Poking for tasks ['task_b'] in dag dags_branch_python_operator on 2023-08-16T16:00:00+00:00 ... 
[2023-08-18T04:48:54.585+0000] {external_task.py:236} INFO - Poking for tasks ['task_b'] in dag dags_branch_python_operator on 2023-08-16T16:00:00+00:00 ... 
[2023-08-18T04:49:04.632+0000] {external_task.py:236} INFO - Poking for tasks ['task_b'] in dag dags_branch_python_operator on 2023-08-16T16:00:00+00:00 ... 
[2023-08-18T04:49:14.655+0000] {external_task.py:236} INFO - Poking for tasks ['task_b'] in dag dags_branch_python_operator on 2023-08-16T16:00:00+00:00 ... 
[2023-08-18T04:49:24.672+0000] {external_task.py:236} INFO - Poking for tasks ['task_b'] in dag dags_branch_python_operator on 2023-08-16T16:00:00+00:00 ... 
[2023-08-18T04:49:34.686+0000] {external_task.py:236} INFO - Poking for tasks ['task_b'] in dag dags_branch_python_operator on 2023-08-16T16:00:00+00:00 ... 
[2023-08-18T04:49:44.701+0000] {external_task.py:236} INFO - Poking for tasks ['task_b'] in dag dags_branch_python_operator on 2023-08-16T16:00:00+00:00 ... 
[2023-08-18T04:49:54.724+0000] {external_task.py:236} INFO - Poking for tasks ['task_b'] in dag dags_branch_python_operator on 2023-08-16T16:00:00+00:00 ... 
[2023-08-18T04:50:04.746+0000] {external_task.py:236} INFO - Poking for tasks ['task_b'] in dag dags_branch_python_operator on 2023-08-16T16:00:00+00:00 ... 
[2023-08-18T04:50:14.771+0000] {external_task.py:236} INFO - Poking for tasks ['task_b'] in dag dags_branch_python_operator on 2023-08-16T16:00:00+00:00 ... 
[2023-08-18T04:50:24.791+0000] {external_task.py:236} INFO - Poking for tasks ['task_b'] in dag dags_branch_python_operator on 2023-08-16T16:00:00+00:00 ... 
[2023-08-18T04:50:34.811+0000] {external_task.py:236} INFO - Poking for tasks ['task_b'] in dag dags_branch_python_operator on 2023-08-16T16:00:00+00:00 ... 
[2023-08-18T04:50:44.831+0000] {external_task.py:236} INFO - Poking for tasks ['task_b'] in dag dags_branch_python_operator on 2023-08-16T16:00:00+00:00 ... 
[2023-08-18T04:50:54.851+0000] {external_task.py:236} INFO - Poking for tasks ['task_b'] in dag dags_branch_python_operator on 2023-08-16T16:00:00+00:00 ... 
[2023-08-18T04:51:04.868+0000] {external_task.py:236} INFO - Poking for tasks ['task_b'] in dag dags_branch_python_operator on 2023-08-16T16:00:00+00:00 ... 
[2023-08-18T04:51:14.888+0000] {external_task.py:236} INFO - Poking for tasks ['task_b'] in dag dags_branch_python_operator on 2023-08-16T16:00:00+00:00 ... 
[2023-08-18T04:51:24.911+0000] {external_task.py:236} INFO - Poking for tasks ['task_b'] in dag dags_branch_python_operator on 2023-08-16T16:00:00+00:00 ... 
[2023-08-18T04:51:34.927+0000] {external_task.py:236} INFO - Poking for tasks ['task_b'] in dag dags_branch_python_operator on 2023-08-16T16:00:00+00:00 ... 
[2023-08-18T04:51:44.959+0000] {external_task.py:236} INFO - Poking for tasks ['task_b'] in dag dags_branch_python_operator on 2023-08-16T16:00:00+00:00 ... 
[2023-08-18T04:51:54.977+0000] {external_task.py:236} INFO - Poking for tasks ['task_b'] in dag dags_branch_python_operator on 2023-08-16T16:00:00+00:00 ... 
[2023-08-18T04:52:04.999+0000] {external_task.py:236} INFO - Poking for tasks ['task_b'] in dag dags_branch_python_operator on 2023-08-16T16:00:00+00:00 ... 
[2023-08-18T04:52:15.022+0000] {external_task.py:236} INFO - Poking for tasks ['task_b'] in dag dags_branch_python_operator on 2023-08-16T16:00:00+00:00 ... 
[2023-08-18T04:52:25.046+0000] {external_task.py:236} INFO - Poking for tasks ['task_b'] in dag dags_branch_python_operator on 2023-08-16T16:00:00+00:00 ... 
[2023-08-18T04:52:35.057+0000] {external_task.py:236} INFO - Poking for tasks ['task_b'] in dag dags_branch_python_operator on 2023-08-16T16:00:00+00:00 ... 
[2023-08-18T04:52:45.077+0000] {external_task.py:236} INFO - Poking for tasks ['task_b'] in dag dags_branch_python_operator on 2023-08-16T16:00:00+00:00 ... 
[2023-08-18T04:52:55.096+0000] {external_task.py:236} INFO - Poking for tasks ['task_b'] in dag dags_branch_python_operator on 2023-08-16T16:00:00+00:00 ... 
[2023-08-18T04:53:05.117+0000] {external_task.py:236} INFO - Poking for tasks ['task_b'] in dag dags_branch_python_operator on 2023-08-16T16:00:00+00:00 ... 
[2023-08-18T04:53:15.137+0000] {external_task.py:236} INFO - Poking for tasks ['task_b'] in dag dags_branch_python_operator on 2023-08-16T16:00:00+00:00 ... 
[2023-08-18T04:53:25.157+0000] {external_task.py:236} INFO - Poking for tasks ['task_b'] in dag dags_branch_python_operator on 2023-08-16T16:00:00+00:00 ... 
[2023-08-18T04:53:35.180+0000] {external_task.py:236} INFO - Poking for tasks ['task_b'] in dag dags_branch_python_operator on 2023-08-16T16:00:00+00:00 ... 
[2023-08-18T04:53:45.208+0000] {external_task.py:236} INFO - Poking for tasks ['task_b'] in dag dags_branch_python_operator on 2023-08-16T16:00:00+00:00 ... 
[2023-08-18T04:53:55.229+0000] {external_task.py:236} INFO - Poking for tasks ['task_b'] in dag dags_branch_python_operator on 2023-08-16T16:00:00+00:00 ... 
[2023-08-18T04:54:05.250+0000] {external_task.py:236} INFO - Poking for tasks ['task_b'] in dag dags_branch_python_operator on 2023-08-16T16:00:00+00:00 ... 
[2023-08-18T04:54:15.274+0000] {external_task.py:236} INFO - Poking for tasks ['task_b'] in dag dags_branch_python_operator on 2023-08-16T16:00:00+00:00 ... 
[2023-08-18T04:54:25.294+0000] {external_task.py:236} INFO - Poking for tasks ['task_b'] in dag dags_branch_python_operator on 2023-08-16T16:00:00+00:00 ... 
[2023-08-18T04:54:35.315+0000] {external_task.py:236} INFO - Poking for tasks ['task_b'] in dag dags_branch_python_operator on 2023-08-16T16:00:00+00:00 ... 
[2023-08-18T04:54:45.339+0000] {external_task.py:236} INFO - Poking for tasks ['task_b'] in dag dags_branch_python_operator on 2023-08-16T16:00:00+00:00 ... 
[2023-08-18T04:54:55.357+0000] {external_task.py:236} INFO - Poking for tasks ['task_b'] in dag dags_branch_python_operator on 2023-08-16T16:00:00+00:00 ... 
[2023-08-18T04:55:05.436+0000] {external_task.py:236} INFO - Poking for tasks ['task_b'] in dag dags_branch_python_operator on 2023-08-16T16:00:00+00:00 ... 
[2023-08-18T04:55:15.458+0000] {external_task.py:236} INFO - Poking for tasks ['task_b'] in dag dags_branch_python_operator on 2023-08-16T16:00:00+00:00 ... 
[2023-08-18T04:55:25.476+0000] {external_task.py:236} INFO - Poking for tasks ['task_b'] in dag dags_branch_python_operator on 2023-08-16T16:00:00+00:00 ... 
[2023-08-18T04:55:35.500+0000] {external_task.py:236} INFO - Poking for tasks ['task_b'] in dag dags_branch_python_operator on 2023-08-16T16:00:00+00:00 ... 
[2023-08-18T04:55:45.523+0000] {external_task.py:236} INFO - Poking for tasks ['task_b'] in dag dags_branch_python_operator on 2023-08-16T16:00:00+00:00 ... 
[2023-08-18T04:55:55.540+0000] {external_task.py:236} INFO - Poking for tasks ['task_b'] in dag dags_branch_python_operator on 2023-08-16T16:00:00+00:00 ... 
[2023-08-18T04:56:05.554+0000] {external_task.py:236} INFO - Poking for tasks ['task_b'] in dag dags_branch_python_operator on 2023-08-16T16:00:00+00:00 ... 
[2023-08-18T04:56:15.579+0000] {external_task.py:236} INFO - Poking for tasks ['task_b'] in dag dags_branch_python_operator on 2023-08-16T16:00:00+00:00 ... 
[2023-08-18T04:56:25.603+0000] {external_task.py:236} INFO - Poking for tasks ['task_b'] in dag dags_branch_python_operator on 2023-08-16T16:00:00+00:00 ... 
[2023-08-18T04:56:35.626+0000] {external_task.py:236} INFO - Poking for tasks ['task_b'] in dag dags_branch_python_operator on 2023-08-16T16:00:00+00:00 ... 
[2023-08-18T04:56:45.647+0000] {external_task.py:236} INFO - Poking for tasks ['task_b'] in dag dags_branch_python_operator on 2023-08-16T16:00:00+00:00 ... 
[2023-08-18T04:56:55.666+0000] {external_task.py:236} INFO - Poking for tasks ['task_b'] in dag dags_branch_python_operator on 2023-08-16T16:00:00+00:00 ... 
[2023-08-18T04:57:05.691+0000] {external_task.py:236} INFO - Poking for tasks ['task_b'] in dag dags_branch_python_operator on 2023-08-16T16:00:00+00:00 ... 
[2023-08-18T04:57:15.767+0000] {external_task.py:236} INFO - Poking for tasks ['task_b'] in dag dags_branch_python_operator on 2023-08-16T16:00:00+00:00 ... 
[2023-08-18T04:57:25.786+0000] {external_task.py:236} INFO - Poking for tasks ['task_b'] in dag dags_branch_python_operator on 2023-08-16T16:00:00+00:00 ... 
[2023-08-18T04:57:35.806+0000] {external_task.py:236} INFO - Poking for tasks ['task_b'] in dag dags_branch_python_operator on 2023-08-16T16:00:00+00:00 ... 
[2023-08-18T04:57:45.859+0000] {external_task.py:236} INFO - Poking for tasks ['task_b'] in dag dags_branch_python_operator on 2023-08-16T16:00:00+00:00 ... 
[2023-08-18T04:57:55.876+0000] {external_task.py:236} INFO - Poking for tasks ['task_b'] in dag dags_branch_python_operator on 2023-08-16T16:00:00+00:00 ... 
[2023-08-18T04:58:05.898+0000] {external_task.py:236} INFO - Poking for tasks ['task_b'] in dag dags_branch_python_operator on 2023-08-16T16:00:00+00:00 ... 
[2023-08-18T04:58:15.916+0000] {external_task.py:236} INFO - Poking for tasks ['task_b'] in dag dags_branch_python_operator on 2023-08-16T16:00:00+00:00 ... 
[2023-08-18T04:58:25.936+0000] {external_task.py:236} INFO - Poking for tasks ['task_b'] in dag dags_branch_python_operator on 2023-08-16T16:00:00+00:00 ... 
[2023-08-18T04:58:35.956+0000] {external_task.py:236} INFO - Poking for tasks ['task_b'] in dag dags_branch_python_operator on 2023-08-16T16:00:00+00:00 ... 
[2023-08-18T04:58:45.982+0000] {external_task.py:236} INFO - Poking for tasks ['task_b'] in dag dags_branch_python_operator on 2023-08-16T16:00:00+00:00 ... 
[2023-08-18T04:58:56.006+0000] {external_task.py:236} INFO - Poking for tasks ['task_b'] in dag dags_branch_python_operator on 2023-08-16T16:00:00+00:00 ... 
[2023-08-18T04:58:56.132+0000] {local_task_job_runner.py:292} WARNING - State of this instance has been externally set to failed. Terminating instance.
[2023-08-18T04:58:56.136+0000] {process_utils.py:135} INFO - Sending Signals.SIGTERM to group 2347. PIDs of all processes in the group: [2347]
[2023-08-18T04:58:56.137+0000] {process_utils.py:86} INFO - Sending the signal Signals.SIGTERM to group 2347
[2023-08-18T04:58:56.137+0000] {taskinstance.py:1517} ERROR - Received SIGTERM. Terminating subprocesses.
[2023-08-18T04:58:56.189+0000] {process_utils.py:79} INFO - Process psutil.Process(pid=2347, status='terminated', exitcode=0, started='04:44:13') (2347) terminated with exit code 0
