[2023-08-18T04:59:36.786+0000] {taskinstance.py:1103} INFO - Dependencies all met for dep_context=non-requeueable deps ti=<TaskInstance: dags_external_task_sensor.external_task_sensor_a manual__2023-08-18T04:59:34.067502+00:00 [queued]>
[2023-08-18T04:59:36.803+0000] {taskinstance.py:1103} INFO - Dependencies all met for dep_context=requeueable deps ti=<TaskInstance: dags_external_task_sensor.external_task_sensor_a manual__2023-08-18T04:59:34.067502+00:00 [queued]>
[2023-08-18T04:59:36.803+0000] {taskinstance.py:1308} INFO - Starting attempt 1 of 1
[2023-08-18T04:59:36.832+0000] {taskinstance.py:1327} INFO - Executing <Task(ExternalTaskSensor): external_task_sensor_a> on 2023-08-18 04:59:34.067502+00:00
[2023-08-18T04:59:36.842+0000] {standard_task_runner.py:57} INFO - Started process 2685 to run task
[2023-08-18T04:59:36.846+0000] {standard_task_runner.py:84} INFO - Running: ['***', 'tasks', 'run', 'dags_external_task_sensor', 'external_task_sensor_a', 'manual__2023-08-18T04:59:34.067502+00:00', '--job-id', '47', '--raw', '--subdir', 'DAGS_FOLDER/dags_external_task_sensor.py', '--cfg-path', '/tmp/tmp0owu3wjw']
[2023-08-18T04:59:36.848+0000] {standard_task_runner.py:85} INFO - Job 47: Subtask external_task_sensor_a
[2023-08-18T04:59:36.920+0000] {task_command.py:410} INFO - Running <TaskInstance: dags_external_task_sensor.external_task_sensor_a manual__2023-08-18T04:59:34.067502+00:00 [running]> on host 05c492c53b17
[2023-08-18T04:59:37.046+0000] {taskinstance.py:1547} INFO - Exporting env vars: AIRFLOW_CTX_DAG_OWNER='***' AIRFLOW_CTX_DAG_ID='dags_external_task_sensor' AIRFLOW_CTX_TASK_ID='external_task_sensor_a' AIRFLOW_CTX_EXECUTION_DATE='2023-08-18T04:59:34.067502+00:00' AIRFLOW_CTX_TRY_NUMBER='1' AIRFLOW_CTX_DAG_RUN_ID='manual__2023-08-18T04:59:34.067502+00:00'
[2023-08-18T04:59:37.047+0000] {external_task.py:236} INFO - Poking for tasks ['task_a'] in dag dags_branch_python_operator on 2023-08-17T22:59:34.067502+00:00 ... 
[2023-08-18T04:59:47.070+0000] {external_task.py:236} INFO - Poking for tasks ['task_a'] in dag dags_branch_python_operator on 2023-08-17T22:59:34.067502+00:00 ... 
[2023-08-18T04:59:57.086+0000] {external_task.py:236} INFO - Poking for tasks ['task_a'] in dag dags_branch_python_operator on 2023-08-17T22:59:34.067502+00:00 ... 
[2023-08-18T05:00:07.107+0000] {external_task.py:236} INFO - Poking for tasks ['task_a'] in dag dags_branch_python_operator on 2023-08-17T22:59:34.067502+00:00 ... 
[2023-08-18T05:00:17.120+0000] {external_task.py:236} INFO - Poking for tasks ['task_a'] in dag dags_branch_python_operator on 2023-08-17T22:59:34.067502+00:00 ... 
[2023-08-18T05:00:27.136+0000] {external_task.py:236} INFO - Poking for tasks ['task_a'] in dag dags_branch_python_operator on 2023-08-17T22:59:34.067502+00:00 ... 
[2023-08-18T05:00:37.157+0000] {external_task.py:236} INFO - Poking for tasks ['task_a'] in dag dags_branch_python_operator on 2023-08-17T22:59:34.067502+00:00 ... 
[2023-08-18T05:00:47.181+0000] {external_task.py:236} INFO - Poking for tasks ['task_a'] in dag dags_branch_python_operator on 2023-08-17T22:59:34.067502+00:00 ... 
[2023-08-18T05:00:57.197+0000] {external_task.py:236} INFO - Poking for tasks ['task_a'] in dag dags_branch_python_operator on 2023-08-17T22:59:34.067502+00:00 ... 
[2023-08-18T05:01:07.216+0000] {external_task.py:236} INFO - Poking for tasks ['task_a'] in dag dags_branch_python_operator on 2023-08-17T22:59:34.067502+00:00 ... 
[2023-08-18T05:01:17.237+0000] {external_task.py:236} INFO - Poking for tasks ['task_a'] in dag dags_branch_python_operator on 2023-08-17T22:59:34.067502+00:00 ... 
[2023-08-18T05:01:27.266+0000] {external_task.py:236} INFO - Poking for tasks ['task_a'] in dag dags_branch_python_operator on 2023-08-17T22:59:34.067502+00:00 ... 
[2023-08-18T05:01:37.286+0000] {external_task.py:236} INFO - Poking for tasks ['task_a'] in dag dags_branch_python_operator on 2023-08-17T22:59:34.067502+00:00 ... 
[2023-08-18T05:01:47.306+0000] {external_task.py:236} INFO - Poking for tasks ['task_a'] in dag dags_branch_python_operator on 2023-08-17T22:59:34.067502+00:00 ... 
[2023-08-18T05:01:57.326+0000] {external_task.py:236} INFO - Poking for tasks ['task_a'] in dag dags_branch_python_operator on 2023-08-17T22:59:34.067502+00:00 ... 
[2023-08-18T05:02:07.351+0000] {external_task.py:236} INFO - Poking for tasks ['task_a'] in dag dags_branch_python_operator on 2023-08-17T22:59:34.067502+00:00 ... 
[2023-08-18T05:02:17.376+0000] {external_task.py:236} INFO - Poking for tasks ['task_a'] in dag dags_branch_python_operator on 2023-08-17T22:59:34.067502+00:00 ... 
[2023-08-18T05:02:27.396+0000] {external_task.py:236} INFO - Poking for tasks ['task_a'] in dag dags_branch_python_operator on 2023-08-17T22:59:34.067502+00:00 ... 
[2023-08-18T05:02:37.416+0000] {external_task.py:236} INFO - Poking for tasks ['task_a'] in dag dags_branch_python_operator on 2023-08-17T22:59:34.067502+00:00 ... 
[2023-08-18T05:02:47.440+0000] {external_task.py:236} INFO - Poking for tasks ['task_a'] in dag dags_branch_python_operator on 2023-08-17T22:59:34.067502+00:00 ... 
[2023-08-18T05:02:48.144+0000] {local_task_job_runner.py:292} WARNING - State of this instance has been externally set to failed. Terminating instance.
[2023-08-18T05:02:48.146+0000] {process_utils.py:135} INFO - Sending Signals.SIGTERM to group 2685. PIDs of all processes in the group: [2685]
[2023-08-18T05:02:48.147+0000] {process_utils.py:86} INFO - Sending the signal Signals.SIGTERM to group 2685
[2023-08-18T05:02:48.147+0000] {taskinstance.py:1517} ERROR - Received SIGTERM. Terminating subprocesses.
[2023-08-18T05:02:48.199+0000] {process_utils.py:79} INFO - Process psutil.Process(pid=2685, status='terminated', exitcode=0, started='04:59:36') (2685) terminated with exit code 0
