[2023-08-18T05:03:06.432+0000] {taskinstance.py:1103} INFO - Dependencies all met for dep_context=non-requeueable deps ti=<TaskInstance: dags_external_task_sensor.external_task_sensor_a manual__2023-08-18T04:59:34.067502+00:00 [queued]>
[2023-08-18T05:03:06.448+0000] {taskinstance.py:1103} INFO - Dependencies all met for dep_context=requeueable deps ti=<TaskInstance: dags_external_task_sensor.external_task_sensor_a manual__2023-08-18T04:59:34.067502+00:00 [queued]>
[2023-08-18T05:03:06.448+0000] {taskinstance.py:1308} INFO - Starting attempt 2 of 2
[2023-08-18T05:03:06.473+0000] {taskinstance.py:1327} INFO - Executing <Task(ExternalTaskSensor): external_task_sensor_a> on 2023-08-18 04:59:34.067502+00:00
[2023-08-18T05:03:06.486+0000] {standard_task_runner.py:57} INFO - Started process 2773 to run task
[2023-08-18T05:03:06.490+0000] {standard_task_runner.py:84} INFO - Running: ['***', 'tasks', 'run', 'dags_external_task_sensor', 'external_task_sensor_a', 'manual__2023-08-18T04:59:34.067502+00:00', '--job-id', '55', '--raw', '--subdir', 'DAGS_FOLDER/dags_external_task_sensor.py', '--cfg-path', '/tmp/tmp15mrzkqv']
[2023-08-18T05:03:06.491+0000] {standard_task_runner.py:85} INFO - Job 55: Subtask external_task_sensor_a
[2023-08-18T05:03:06.556+0000] {task_command.py:410} INFO - Running <TaskInstance: dags_external_task_sensor.external_task_sensor_a manual__2023-08-18T04:59:34.067502+00:00 [running]> on host 05c492c53b17
[2023-08-18T05:03:06.667+0000] {taskinstance.py:1547} INFO - Exporting env vars: AIRFLOW_CTX_DAG_OWNER='***' AIRFLOW_CTX_DAG_ID='dags_external_task_sensor' AIRFLOW_CTX_TASK_ID='external_task_sensor_a' AIRFLOW_CTX_EXECUTION_DATE='2023-08-18T04:59:34.067502+00:00' AIRFLOW_CTX_TRY_NUMBER='2' AIRFLOW_CTX_DAG_RUN_ID='manual__2023-08-18T04:59:34.067502+00:00'
[2023-08-18T05:03:06.668+0000] {external_task.py:236} INFO - Poking for tasks ['task_a'] in dag dags_branch_python_operator on 2023-08-17T22:59:34.067502+00:00 ... 
[2023-08-18T05:03:16.686+0000] {external_task.py:236} INFO - Poking for tasks ['task_a'] in dag dags_branch_python_operator on 2023-08-17T22:59:34.067502+00:00 ... 
[2023-08-18T05:03:26.706+0000] {external_task.py:236} INFO - Poking for tasks ['task_a'] in dag dags_branch_python_operator on 2023-08-17T22:59:34.067502+00:00 ... 
[2023-08-18T05:03:36.721+0000] {external_task.py:236} INFO - Poking for tasks ['task_a'] in dag dags_branch_python_operator on 2023-08-17T22:59:34.067502+00:00 ... 
[2023-08-18T05:03:46.747+0000] {external_task.py:236} INFO - Poking for tasks ['task_a'] in dag dags_branch_python_operator on 2023-08-17T22:59:34.067502+00:00 ... 
[2023-08-18T05:03:56.766+0000] {external_task.py:236} INFO - Poking for tasks ['task_a'] in dag dags_branch_python_operator on 2023-08-17T22:59:34.067502+00:00 ... 
[2023-08-18T05:04:06.786+0000] {external_task.py:236} INFO - Poking for tasks ['task_a'] in dag dags_branch_python_operator on 2023-08-17T22:59:34.067502+00:00 ... 
[2023-08-18T05:04:16.809+0000] {external_task.py:236} INFO - Poking for tasks ['task_a'] in dag dags_branch_python_operator on 2023-08-17T22:59:34.067502+00:00 ... 
[2023-08-18T05:04:26.826+0000] {external_task.py:236} INFO - Poking for tasks ['task_a'] in dag dags_branch_python_operator on 2023-08-17T22:59:34.067502+00:00 ... 
[2023-08-18T05:04:36.851+0000] {external_task.py:236} INFO - Poking for tasks ['task_a'] in dag dags_branch_python_operator on 2023-08-17T22:59:34.067502+00:00 ... 
[2023-08-18T05:04:46.877+0000] {external_task.py:236} INFO - Poking for tasks ['task_a'] in dag dags_branch_python_operator on 2023-08-17T22:59:34.067502+00:00 ... 
[2023-08-18T05:04:56.897+0000] {external_task.py:236} INFO - Poking for tasks ['task_a'] in dag dags_branch_python_operator on 2023-08-17T22:59:34.067502+00:00 ... 
[2023-08-18T05:05:06.916+0000] {external_task.py:236} INFO - Poking for tasks ['task_a'] in dag dags_branch_python_operator on 2023-08-17T22:59:34.067502+00:00 ... 
[2023-08-18T05:05:16.930+0000] {external_task.py:236} INFO - Poking for tasks ['task_a'] in dag dags_branch_python_operator on 2023-08-17T22:59:34.067502+00:00 ... 
[2023-08-18T05:05:26.954+0000] {external_task.py:236} INFO - Poking for tasks ['task_a'] in dag dags_branch_python_operator on 2023-08-17T22:59:34.067502+00:00 ... 
[2023-08-18T05:05:36.978+0000] {external_task.py:236} INFO - Poking for tasks ['task_a'] in dag dags_branch_python_operator on 2023-08-17T22:59:34.067502+00:00 ... 
[2023-08-18T05:05:47.002+0000] {external_task.py:236} INFO - Poking for tasks ['task_a'] in dag dags_branch_python_operator on 2023-08-17T22:59:34.067502+00:00 ... 
[2023-08-18T05:05:57.034+0000] {external_task.py:236} INFO - Poking for tasks ['task_a'] in dag dags_branch_python_operator on 2023-08-17T22:59:34.067502+00:00 ... 
[2023-08-18T05:06:07.057+0000] {external_task.py:236} INFO - Poking for tasks ['task_a'] in dag dags_branch_python_operator on 2023-08-17T22:59:34.067502+00:00 ... 
[2023-08-18T05:06:17.080+0000] {external_task.py:236} INFO - Poking for tasks ['task_a'] in dag dags_branch_python_operator on 2023-08-17T22:59:34.067502+00:00 ... 
[2023-08-18T05:06:27.106+0000] {external_task.py:236} INFO - Poking for tasks ['task_a'] in dag dags_branch_python_operator on 2023-08-17T22:59:34.067502+00:00 ... 
[2023-08-18T05:06:37.131+0000] {external_task.py:236} INFO - Poking for tasks ['task_a'] in dag dags_branch_python_operator on 2023-08-17T22:59:34.067502+00:00 ... 
[2023-08-18T05:06:47.155+0000] {external_task.py:236} INFO - Poking for tasks ['task_a'] in dag dags_branch_python_operator on 2023-08-17T22:59:34.067502+00:00 ... 
[2023-08-18T05:06:57.178+0000] {external_task.py:236} INFO - Poking for tasks ['task_a'] in dag dags_branch_python_operator on 2023-08-17T22:59:34.067502+00:00 ... 
[2023-08-18T05:07:07.204+0000] {external_task.py:236} INFO - Poking for tasks ['task_a'] in dag dags_branch_python_operator on 2023-08-17T22:59:34.067502+00:00 ... 
[2023-08-18T05:07:17.230+0000] {external_task.py:236} INFO - Poking for tasks ['task_a'] in dag dags_branch_python_operator on 2023-08-17T22:59:34.067502+00:00 ... 
[2023-08-18T05:07:27.245+0000] {external_task.py:236} INFO - Poking for tasks ['task_a'] in dag dags_branch_python_operator on 2023-08-17T22:59:34.067502+00:00 ... 
[2023-08-18T05:07:37.267+0000] {external_task.py:236} INFO - Poking for tasks ['task_a'] in dag dags_branch_python_operator on 2023-08-17T22:59:34.067502+00:00 ... 
[2023-08-18T05:07:47.291+0000] {external_task.py:236} INFO - Poking for tasks ['task_a'] in dag dags_branch_python_operator on 2023-08-17T22:59:34.067502+00:00 ... 
[2023-08-18T05:07:57.307+0000] {external_task.py:236} INFO - Poking for tasks ['task_a'] in dag dags_branch_python_operator on 2023-08-17T22:59:34.067502+00:00 ... 
[2023-08-18T05:08:07.326+0000] {external_task.py:236} INFO - Poking for tasks ['task_a'] in dag dags_branch_python_operator on 2023-08-17T22:59:34.067502+00:00 ... 
[2023-08-18T05:08:17.352+0000] {external_task.py:236} INFO - Poking for tasks ['task_a'] in dag dags_branch_python_operator on 2023-08-17T22:59:34.067502+00:00 ... 
[2023-08-18T05:08:27.374+0000] {external_task.py:236} INFO - Poking for tasks ['task_a'] in dag dags_branch_python_operator on 2023-08-17T22:59:34.067502+00:00 ... 
[2023-08-18T05:08:37.397+0000] {external_task.py:236} INFO - Poking for tasks ['task_a'] in dag dags_branch_python_operator on 2023-08-17T22:59:34.067502+00:00 ... 
[2023-08-18T05:08:47.416+0000] {external_task.py:236} INFO - Poking for tasks ['task_a'] in dag dags_branch_python_operator on 2023-08-17T22:59:34.067502+00:00 ... 
[2023-08-18T05:08:57.437+0000] {external_task.py:236} INFO - Poking for tasks ['task_a'] in dag dags_branch_python_operator on 2023-08-17T22:59:34.067502+00:00 ... 
[2023-08-18T05:09:07.457+0000] {external_task.py:236} INFO - Poking for tasks ['task_a'] in dag dags_branch_python_operator on 2023-08-17T22:59:34.067502+00:00 ... 
[2023-08-18T05:09:17.476+0000] {external_task.py:236} INFO - Poking for tasks ['task_a'] in dag dags_branch_python_operator on 2023-08-17T22:59:34.067502+00:00 ... 
[2023-08-18T05:09:27.501+0000] {external_task.py:236} INFO - Poking for tasks ['task_a'] in dag dags_branch_python_operator on 2023-08-17T22:59:34.067502+00:00 ... 
[2023-08-18T05:09:37.547+0000] {external_task.py:236} INFO - Poking for tasks ['task_a'] in dag dags_branch_python_operator on 2023-08-17T22:59:34.067502+00:00 ... 
[2023-08-18T05:09:47.566+0000] {external_task.py:236} INFO - Poking for tasks ['task_a'] in dag dags_branch_python_operator on 2023-08-17T22:59:34.067502+00:00 ... 
[2023-08-18T05:09:57.587+0000] {external_task.py:236} INFO - Poking for tasks ['task_a'] in dag dags_branch_python_operator on 2023-08-17T22:59:34.067502+00:00 ... 
[2023-08-18T05:10:07.606+0000] {external_task.py:236} INFO - Poking for tasks ['task_a'] in dag dags_branch_python_operator on 2023-08-17T22:59:34.067502+00:00 ... 
[2023-08-18T05:10:17.627+0000] {external_task.py:236} INFO - Poking for tasks ['task_a'] in dag dags_branch_python_operator on 2023-08-17T22:59:34.067502+00:00 ... 
[2023-08-18T05:10:27.646+0000] {external_task.py:236} INFO - Poking for tasks ['task_a'] in dag dags_branch_python_operator on 2023-08-17T22:59:34.067502+00:00 ... 
[2023-08-18T05:10:37.666+0000] {external_task.py:236} INFO - Poking for tasks ['task_a'] in dag dags_branch_python_operator on 2023-08-17T22:59:34.067502+00:00 ... 
[2023-08-18T05:10:47.689+0000] {external_task.py:236} INFO - Poking for tasks ['task_a'] in dag dags_branch_python_operator on 2023-08-17T22:59:34.067502+00:00 ... 
[2023-08-18T05:10:57.712+0000] {external_task.py:236} INFO - Poking for tasks ['task_a'] in dag dags_branch_python_operator on 2023-08-17T22:59:34.067502+00:00 ... 
[2023-08-18T05:11:07.734+0000] {external_task.py:236} INFO - Poking for tasks ['task_a'] in dag dags_branch_python_operator on 2023-08-17T22:59:34.067502+00:00 ... 
[2023-08-18T05:11:17.756+0000] {external_task.py:236} INFO - Poking for tasks ['task_a'] in dag dags_branch_python_operator on 2023-08-17T22:59:34.067502+00:00 ... 
[2023-08-18T05:11:27.779+0000] {external_task.py:236} INFO - Poking for tasks ['task_a'] in dag dags_branch_python_operator on 2023-08-17T22:59:34.067502+00:00 ... 
[2023-08-18T05:11:37.796+0000] {external_task.py:236} INFO - Poking for tasks ['task_a'] in dag dags_branch_python_operator on 2023-08-17T22:59:34.067502+00:00 ... 
[2023-08-18T05:11:47.816+0000] {external_task.py:236} INFO - Poking for tasks ['task_a'] in dag dags_branch_python_operator on 2023-08-17T22:59:34.067502+00:00 ... 
[2023-08-18T05:11:57.840+0000] {external_task.py:236} INFO - Poking for tasks ['task_a'] in dag dags_branch_python_operator on 2023-08-17T22:59:34.067502+00:00 ... 
[2023-08-18T05:12:07.856+0000] {external_task.py:236} INFO - Poking for tasks ['task_a'] in dag dags_branch_python_operator on 2023-08-17T22:59:34.067502+00:00 ... 
[2023-08-18T05:12:17.876+0000] {external_task.py:236} INFO - Poking for tasks ['task_a'] in dag dags_branch_python_operator on 2023-08-17T22:59:34.067502+00:00 ... 
[2023-08-18T05:12:27.141+0000] {local_task_job_runner.py:292} WARNING - State of this instance has been externally set to failed. Terminating instance.
[2023-08-18T05:12:27.145+0000] {process_utils.py:135} INFO - Sending Signals.SIGTERM to group 2773. PIDs of all processes in the group: [2773]
[2023-08-18T05:12:27.145+0000] {process_utils.py:86} INFO - Sending the signal Signals.SIGTERM to group 2773
[2023-08-18T05:12:27.146+0000] {taskinstance.py:1517} ERROR - Received SIGTERM. Terminating subprocesses.
[2023-08-18T05:12:27.199+0000] {process_utils.py:79} INFO - Process psutil.Process(pid=2773, status='terminated', exitcode=0, started='05:03:06') (2773) terminated with exit code 0
