[2023-08-18T05:20:19.978+0000] {taskinstance.py:1103} INFO - Dependencies all met for dep_context=non-requeueable deps ti=<TaskInstance: dags_external_task_sensor.external_task_sensor_c manual__2023-08-18T05:20:17.708748+00:00 [queued]>
[2023-08-18T05:20:19.998+0000] {taskinstance.py:1103} INFO - Dependencies all met for dep_context=requeueable deps ti=<TaskInstance: dags_external_task_sensor.external_task_sensor_c manual__2023-08-18T05:20:17.708748+00:00 [queued]>
[2023-08-18T05:20:19.999+0000] {taskinstance.py:1308} INFO - Starting attempt 1 of 1
[2023-08-18T05:20:20.026+0000] {taskinstance.py:1327} INFO - Executing <Task(ExternalTaskSensor): external_task_sensor_c> on 2023-08-18 05:20:17.708748+00:00
[2023-08-18T05:20:20.038+0000] {standard_task_runner.py:57} INFO - Started process 3124 to run task
[2023-08-18T05:20:20.042+0000] {standard_task_runner.py:84} INFO - Running: ['***', 'tasks', 'run', 'dags_external_task_sensor', 'external_task_sensor_c', 'manual__2023-08-18T05:20:17.708748+00:00', '--job-id', '73', '--raw', '--subdir', 'DAGS_FOLDER/dags_external_task_sensor.py', '--cfg-path', '/tmp/tmpid6xnziy']
[2023-08-18T05:20:20.043+0000] {standard_task_runner.py:85} INFO - Job 73: Subtask external_task_sensor_c
[2023-08-18T05:20:20.116+0000] {task_command.py:410} INFO - Running <TaskInstance: dags_external_task_sensor.external_task_sensor_c manual__2023-08-18T05:20:17.708748+00:00 [running]> on host 05c492c53b17
[2023-08-18T05:20:20.273+0000] {taskinstance.py:1547} INFO - Exporting env vars: AIRFLOW_CTX_DAG_OWNER='***' AIRFLOW_CTX_DAG_ID='dags_external_task_sensor' AIRFLOW_CTX_TASK_ID='external_task_sensor_c' AIRFLOW_CTX_EXECUTION_DATE='2023-08-18T05:20:17.708748+00:00' AIRFLOW_CTX_TRY_NUMBER='1' AIRFLOW_CTX_DAG_RUN_ID='manual__2023-08-18T05:20:17.708748+00:00'
[2023-08-18T05:20:20.274+0000] {external_task.py:236} INFO - Poking for tasks ['task_c'] in dag dags_branch_python_operator on 2023-08-17T23:20:17.708748+00:00 ... 
[2023-08-18T05:20:30.300+0000] {external_task.py:236} INFO - Poking for tasks ['task_c'] in dag dags_branch_python_operator on 2023-08-17T23:20:17.708748+00:00 ... 
[2023-08-18T05:20:40.320+0000] {external_task.py:236} INFO - Poking for tasks ['task_c'] in dag dags_branch_python_operator on 2023-08-17T23:20:17.708748+00:00 ... 
[2023-08-18T05:20:50.342+0000] {external_task.py:236} INFO - Poking for tasks ['task_c'] in dag dags_branch_python_operator on 2023-08-17T23:20:17.708748+00:00 ... 
[2023-08-18T05:21:00.362+0000] {external_task.py:236} INFO - Poking for tasks ['task_c'] in dag dags_branch_python_operator on 2023-08-17T23:20:17.708748+00:00 ... 
[2023-08-18T05:21:10.385+0000] {external_task.py:236} INFO - Poking for tasks ['task_c'] in dag dags_branch_python_operator on 2023-08-17T23:20:17.708748+00:00 ... 
[2023-08-18T05:21:20.402+0000] {external_task.py:236} INFO - Poking for tasks ['task_c'] in dag dags_branch_python_operator on 2023-08-17T23:20:17.708748+00:00 ... 
[2023-08-18T05:21:30.422+0000] {external_task.py:236} INFO - Poking for tasks ['task_c'] in dag dags_branch_python_operator on 2023-08-17T23:20:17.708748+00:00 ... 
[2023-08-18T05:21:40.441+0000] {external_task.py:236} INFO - Poking for tasks ['task_c'] in dag dags_branch_python_operator on 2023-08-17T23:20:17.708748+00:00 ... 
[2023-08-18T05:21:50.462+0000] {external_task.py:236} INFO - Poking for tasks ['task_c'] in dag dags_branch_python_operator on 2023-08-17T23:20:17.708748+00:00 ... 
[2023-08-18T05:22:00.481+0000] {external_task.py:236} INFO - Poking for tasks ['task_c'] in dag dags_branch_python_operator on 2023-08-17T23:20:17.708748+00:00 ... 
[2023-08-18T05:22:10.508+0000] {external_task.py:236} INFO - Poking for tasks ['task_c'] in dag dags_branch_python_operator on 2023-08-17T23:20:17.708748+00:00 ... 
[2023-08-18T05:22:20.522+0000] {external_task.py:236} INFO - Poking for tasks ['task_c'] in dag dags_branch_python_operator on 2023-08-17T23:20:17.708748+00:00 ... 
[2023-08-18T05:22:30.542+0000] {external_task.py:236} INFO - Poking for tasks ['task_c'] in dag dags_branch_python_operator on 2023-08-17T23:20:17.708748+00:00 ... 
[2023-08-18T05:22:40.563+0000] {external_task.py:236} INFO - Poking for tasks ['task_c'] in dag dags_branch_python_operator on 2023-08-17T23:20:17.708748+00:00 ... 
[2023-08-18T05:22:50.588+0000] {external_task.py:236} INFO - Poking for tasks ['task_c'] in dag dags_branch_python_operator on 2023-08-17T23:20:17.708748+00:00 ... 
[2023-08-18T05:23:00.612+0000] {external_task.py:236} INFO - Poking for tasks ['task_c'] in dag dags_branch_python_operator on 2023-08-17T23:20:17.708748+00:00 ... 
[2023-08-18T05:23:10.636+0000] {external_task.py:236} INFO - Poking for tasks ['task_c'] in dag dags_branch_python_operator on 2023-08-17T23:20:17.708748+00:00 ... 
[2023-08-18T05:23:20.659+0000] {external_task.py:236} INFO - Poking for tasks ['task_c'] in dag dags_branch_python_operator on 2023-08-17T23:20:17.708748+00:00 ... 
[2023-08-18T05:23:30.672+0000] {external_task.py:236} INFO - Poking for tasks ['task_c'] in dag dags_branch_python_operator on 2023-08-17T23:20:17.708748+00:00 ... 
[2023-08-18T05:23:40.697+0000] {external_task.py:236} INFO - Poking for tasks ['task_c'] in dag dags_branch_python_operator on 2023-08-17T23:20:17.708748+00:00 ... 
[2023-08-18T05:23:50.712+0000] {external_task.py:236} INFO - Poking for tasks ['task_c'] in dag dags_branch_python_operator on 2023-08-17T23:20:17.708748+00:00 ... 
[2023-08-18T05:24:00.734+0000] {external_task.py:236} INFO - Poking for tasks ['task_c'] in dag dags_branch_python_operator on 2023-08-17T23:20:17.708748+00:00 ... 
[2023-08-18T05:24:10.760+0000] {external_task.py:236} INFO - Poking for tasks ['task_c'] in dag dags_branch_python_operator on 2023-08-17T23:20:17.708748+00:00 ... 
[2023-08-18T05:24:20.783+0000] {external_task.py:236} INFO - Poking for tasks ['task_c'] in dag dags_branch_python_operator on 2023-08-17T23:20:17.708748+00:00 ... 
[2023-08-18T05:24:30.805+0000] {external_task.py:236} INFO - Poking for tasks ['task_c'] in dag dags_branch_python_operator on 2023-08-17T23:20:17.708748+00:00 ... 
[2023-08-18T05:24:40.817+0000] {external_task.py:236} INFO - Poking for tasks ['task_c'] in dag dags_branch_python_operator on 2023-08-17T23:20:17.708748+00:00 ... 
[2023-08-18T05:24:50.838+0000] {external_task.py:236} INFO - Poking for tasks ['task_c'] in dag dags_branch_python_operator on 2023-08-17T23:20:17.708748+00:00 ... 
[2023-08-18T05:25:00.851+0000] {external_task.py:236} INFO - Poking for tasks ['task_c'] in dag dags_branch_python_operator on 2023-08-17T23:20:17.708748+00:00 ... 
[2023-08-18T05:25:10.873+0000] {external_task.py:236} INFO - Poking for tasks ['task_c'] in dag dags_branch_python_operator on 2023-08-17T23:20:17.708748+00:00 ... 
[2023-08-18T05:25:20.894+0000] {external_task.py:236} INFO - Poking for tasks ['task_c'] in dag dags_branch_python_operator on 2023-08-17T23:20:17.708748+00:00 ... 
[2023-08-18T05:25:30.909+0000] {external_task.py:236} INFO - Poking for tasks ['task_c'] in dag dags_branch_python_operator on 2023-08-17T23:20:17.708748+00:00 ... 
[2023-08-18T05:25:40.932+0000] {external_task.py:236} INFO - Poking for tasks ['task_c'] in dag dags_branch_python_operator on 2023-08-17T23:20:17.708748+00:00 ... 
[2023-08-18T05:25:50.951+0000] {external_task.py:236} INFO - Poking for tasks ['task_c'] in dag dags_branch_python_operator on 2023-08-17T23:20:17.708748+00:00 ... 
[2023-08-18T05:26:00.971+0000] {external_task.py:236} INFO - Poking for tasks ['task_c'] in dag dags_branch_python_operator on 2023-08-17T23:20:17.708748+00:00 ... 
[2023-08-18T05:26:11.044+0000] {external_task.py:236} INFO - Poking for tasks ['task_c'] in dag dags_branch_python_operator on 2023-08-17T23:20:17.708748+00:00 ... 
[2023-08-18T05:26:21.067+0000] {external_task.py:236} INFO - Poking for tasks ['task_c'] in dag dags_branch_python_operator on 2023-08-17T23:20:17.708748+00:00 ... 
[2023-08-18T05:26:31.081+0000] {external_task.py:236} INFO - Poking for tasks ['task_c'] in dag dags_branch_python_operator on 2023-08-17T23:20:17.708748+00:00 ... 
[2023-08-18T05:26:41.106+0000] {external_task.py:236} INFO - Poking for tasks ['task_c'] in dag dags_branch_python_operator on 2023-08-17T23:20:17.708748+00:00 ... 
[2023-08-18T05:26:51.128+0000] {external_task.py:236} INFO - Poking for tasks ['task_c'] in dag dags_branch_python_operator on 2023-08-17T23:20:17.708748+00:00 ... 
[2023-08-18T05:27:01.149+0000] {external_task.py:236} INFO - Poking for tasks ['task_c'] in dag dags_branch_python_operator on 2023-08-17T23:20:17.708748+00:00 ... 
[2023-08-18T05:27:11.171+0000] {external_task.py:236} INFO - Poking for tasks ['task_c'] in dag dags_branch_python_operator on 2023-08-17T23:20:17.708748+00:00 ... 
[2023-08-18T05:27:21.191+0000] {external_task.py:236} INFO - Poking for tasks ['task_c'] in dag dags_branch_python_operator on 2023-08-17T23:20:17.708748+00:00 ... 
[2023-08-18T05:27:31.209+0000] {external_task.py:236} INFO - Poking for tasks ['task_c'] in dag dags_branch_python_operator on 2023-08-17T23:20:17.708748+00:00 ... 
[2023-08-18T05:27:41.226+0000] {external_task.py:236} INFO - Poking for tasks ['task_c'] in dag dags_branch_python_operator on 2023-08-17T23:20:17.708748+00:00 ... 
[2023-08-18T05:27:51.248+0000] {external_task.py:236} INFO - Poking for tasks ['task_c'] in dag dags_branch_python_operator on 2023-08-17T23:20:17.708748+00:00 ... 
[2023-08-18T05:28:01.269+0000] {external_task.py:236} INFO - Poking for tasks ['task_c'] in dag dags_branch_python_operator on 2023-08-17T23:20:17.708748+00:00 ... 
[2023-08-18T05:28:11.284+0000] {external_task.py:236} INFO - Poking for tasks ['task_c'] in dag dags_branch_python_operator on 2023-08-17T23:20:17.708748+00:00 ... 
[2023-08-18T05:28:21.304+0000] {external_task.py:236} INFO - Poking for tasks ['task_c'] in dag dags_branch_python_operator on 2023-08-17T23:20:17.708748+00:00 ... 
[2023-08-18T05:28:31.326+0000] {external_task.py:236} INFO - Poking for tasks ['task_c'] in dag dags_branch_python_operator on 2023-08-17T23:20:17.708748+00:00 ... 
[2023-08-18T05:28:41.342+0000] {external_task.py:236} INFO - Poking for tasks ['task_c'] in dag dags_branch_python_operator on 2023-08-17T23:20:17.708748+00:00 ... 
[2023-08-18T05:28:51.365+0000] {external_task.py:236} INFO - Poking for tasks ['task_c'] in dag dags_branch_python_operator on 2023-08-17T23:20:17.708748+00:00 ... 
[2023-08-18T05:29:01.382+0000] {external_task.py:236} INFO - Poking for tasks ['task_c'] in dag dags_branch_python_operator on 2023-08-17T23:20:17.708748+00:00 ... 
[2023-08-18T05:29:11.402+0000] {external_task.py:236} INFO - Poking for tasks ['task_c'] in dag dags_branch_python_operator on 2023-08-17T23:20:17.708748+00:00 ... 
[2023-08-18T05:29:21.424+0000] {external_task.py:236} INFO - Poking for tasks ['task_c'] in dag dags_branch_python_operator on 2023-08-17T23:20:17.708748+00:00 ... 
[2023-08-18T05:29:31.444+0000] {external_task.py:236} INFO - Poking for tasks ['task_c'] in dag dags_branch_python_operator on 2023-08-17T23:20:17.708748+00:00 ... 
[2023-08-18T05:29:41.463+0000] {external_task.py:236} INFO - Poking for tasks ['task_c'] in dag dags_branch_python_operator on 2023-08-17T23:20:17.708748+00:00 ... 
[2023-08-18T05:29:51.481+0000] {external_task.py:236} INFO - Poking for tasks ['task_c'] in dag dags_branch_python_operator on 2023-08-17T23:20:17.708748+00:00 ... 
[2023-08-18T05:30:01.509+0000] {external_task.py:236} INFO - Poking for tasks ['task_c'] in dag dags_branch_python_operator on 2023-08-17T23:20:17.708748+00:00 ... 
[2023-08-18T05:30:11.531+0000] {external_task.py:236} INFO - Poking for tasks ['task_c'] in dag dags_branch_python_operator on 2023-08-17T23:20:17.708748+00:00 ... 
[2023-08-18T05:30:21.551+0000] {external_task.py:236} INFO - Poking for tasks ['task_c'] in dag dags_branch_python_operator on 2023-08-17T23:20:17.708748+00:00 ... 
[2023-08-18T05:30:31.572+0000] {external_task.py:236} INFO - Poking for tasks ['task_c'] in dag dags_branch_python_operator on 2023-08-17T23:20:17.708748+00:00 ... 
[2023-08-18T05:30:41.591+0000] {external_task.py:236} INFO - Poking for tasks ['task_c'] in dag dags_branch_python_operator on 2023-08-17T23:20:17.708748+00:00 ... 
[2023-08-18T05:30:51.611+0000] {external_task.py:236} INFO - Poking for tasks ['task_c'] in dag dags_branch_python_operator on 2023-08-17T23:20:17.708748+00:00 ... 
[2023-08-18T05:31:01.627+0000] {external_task.py:236} INFO - Poking for tasks ['task_c'] in dag dags_branch_python_operator on 2023-08-17T23:20:17.708748+00:00 ... 
[2023-08-18T05:31:11.651+0000] {external_task.py:236} INFO - Poking for tasks ['task_c'] in dag dags_branch_python_operator on 2023-08-17T23:20:17.708748+00:00 ... 
[2023-08-18T05:31:21.673+0000] {external_task.py:236} INFO - Poking for tasks ['task_c'] in dag dags_branch_python_operator on 2023-08-17T23:20:17.708748+00:00 ... 
[2023-08-18T05:31:31.695+0000] {external_task.py:236} INFO - Poking for tasks ['task_c'] in dag dags_branch_python_operator on 2023-08-17T23:20:17.708748+00:00 ... 
[2023-08-18T05:31:41.716+0000] {external_task.py:236} INFO - Poking for tasks ['task_c'] in dag dags_branch_python_operator on 2023-08-17T23:20:17.708748+00:00 ... 
[2023-08-18T05:31:51.731+0000] {external_task.py:236} INFO - Poking for tasks ['task_c'] in dag dags_branch_python_operator on 2023-08-17T23:20:17.708748+00:00 ... 
[2023-08-18T05:32:01.752+0000] {external_task.py:236} INFO - Poking for tasks ['task_c'] in dag dags_branch_python_operator on 2023-08-17T23:20:17.708748+00:00 ... 
[2023-08-18T05:32:11.774+0000] {external_task.py:236} INFO - Poking for tasks ['task_c'] in dag dags_branch_python_operator on 2023-08-17T23:20:17.708748+00:00 ... 
[2023-08-18T05:32:21.795+0000] {external_task.py:236} INFO - Poking for tasks ['task_c'] in dag dags_branch_python_operator on 2023-08-17T23:20:17.708748+00:00 ... 
[2023-08-18T05:32:31.816+0000] {external_task.py:236} INFO - Poking for tasks ['task_c'] in dag dags_branch_python_operator on 2023-08-17T23:20:17.708748+00:00 ... 
[2023-08-18T05:32:41.831+0000] {external_task.py:236} INFO - Poking for tasks ['task_c'] in dag dags_branch_python_operator on 2023-08-17T23:20:17.708748+00:00 ... 
[2023-08-18T05:32:51.851+0000] {external_task.py:236} INFO - Poking for tasks ['task_c'] in dag dags_branch_python_operator on 2023-08-17T23:20:17.708748+00:00 ... 
[2023-08-18T05:33:01.881+0000] {external_task.py:236} INFO - Poking for tasks ['task_c'] in dag dags_branch_python_operator on 2023-08-17T23:20:17.708748+00:00 ... 
[2023-08-18T05:33:11.902+0000] {external_task.py:236} INFO - Poking for tasks ['task_c'] in dag dags_branch_python_operator on 2023-08-17T23:20:17.708748+00:00 ... 
[2023-08-18T05:33:21.921+0000] {external_task.py:236} INFO - Poking for tasks ['task_c'] in dag dags_branch_python_operator on 2023-08-17T23:20:17.708748+00:00 ... 
[2023-08-18T05:33:31.941+0000] {external_task.py:236} INFO - Poking for tasks ['task_c'] in dag dags_branch_python_operator on 2023-08-17T23:20:17.708748+00:00 ... 
[2023-08-18T05:33:41.961+0000] {external_task.py:236} INFO - Poking for tasks ['task_c'] in dag dags_branch_python_operator on 2023-08-17T23:20:17.708748+00:00 ... 
[2023-08-18T05:33:51.981+0000] {external_task.py:236} INFO - Poking for tasks ['task_c'] in dag dags_branch_python_operator on 2023-08-17T23:20:17.708748+00:00 ... 
[2023-08-18T05:34:02.006+0000] {external_task.py:236} INFO - Poking for tasks ['task_c'] in dag dags_branch_python_operator on 2023-08-17T23:20:17.708748+00:00 ... 
[2023-08-18T05:34:12.022+0000] {external_task.py:236} INFO - Poking for tasks ['task_c'] in dag dags_branch_python_operator on 2023-08-17T23:20:17.708748+00:00 ... 
[2023-08-18T05:34:22.045+0000] {external_task.py:236} INFO - Poking for tasks ['task_c'] in dag dags_branch_python_operator on 2023-08-17T23:20:17.708748+00:00 ... 
[2023-08-18T05:34:32.070+0000] {external_task.py:236} INFO - Poking for tasks ['task_c'] in dag dags_branch_python_operator on 2023-08-17T23:20:17.708748+00:00 ... 
[2023-08-18T05:34:42.091+0000] {external_task.py:236} INFO - Poking for tasks ['task_c'] in dag dags_branch_python_operator on 2023-08-17T23:20:17.708748+00:00 ... 
[2023-08-18T05:34:52.111+0000] {external_task.py:236} INFO - Poking for tasks ['task_c'] in dag dags_branch_python_operator on 2023-08-17T23:20:17.708748+00:00 ... 
[2023-08-18T05:35:02.131+0000] {external_task.py:236} INFO - Poking for tasks ['task_c'] in dag dags_branch_python_operator on 2023-08-17T23:20:17.708748+00:00 ... 
[2023-08-18T05:35:12.151+0000] {external_task.py:236} INFO - Poking for tasks ['task_c'] in dag dags_branch_python_operator on 2023-08-17T23:20:17.708748+00:00 ... 
[2023-08-18T05:35:22.176+0000] {external_task.py:236} INFO - Poking for tasks ['task_c'] in dag dags_branch_python_operator on 2023-08-17T23:20:17.708748+00:00 ... 
[2023-08-18T05:35:32.199+0000] {external_task.py:236} INFO - Poking for tasks ['task_c'] in dag dags_branch_python_operator on 2023-08-17T23:20:17.708748+00:00 ... 
[2023-08-18T05:35:42.220+0000] {external_task.py:236} INFO - Poking for tasks ['task_c'] in dag dags_branch_python_operator on 2023-08-17T23:20:17.708748+00:00 ... 
[2023-08-18T05:35:52.242+0000] {external_task.py:236} INFO - Poking for tasks ['task_c'] in dag dags_branch_python_operator on 2023-08-17T23:20:17.708748+00:00 ... 
[2023-08-18T05:36:02.270+0000] {external_task.py:236} INFO - Poking for tasks ['task_c'] in dag dags_branch_python_operator on 2023-08-17T23:20:17.708748+00:00 ... 
[2023-08-18T05:36:12.292+0000] {external_task.py:236} INFO - Poking for tasks ['task_c'] in dag dags_branch_python_operator on 2023-08-17T23:20:17.708748+00:00 ... 
[2023-08-18T05:36:22.311+0000] {external_task.py:236} INFO - Poking for tasks ['task_c'] in dag dags_branch_python_operator on 2023-08-17T23:20:17.708748+00:00 ... 
[2023-08-18T05:36:32.336+0000] {external_task.py:236} INFO - Poking for tasks ['task_c'] in dag dags_branch_python_operator on 2023-08-17T23:20:17.708748+00:00 ... 
[2023-08-18T05:36:42.351+0000] {external_task.py:236} INFO - Poking for tasks ['task_c'] in dag dags_branch_python_operator on 2023-08-17T23:20:17.708748+00:00 ... 
[2023-08-18T05:36:52.371+0000] {external_task.py:236} INFO - Poking for tasks ['task_c'] in dag dags_branch_python_operator on 2023-08-17T23:20:17.708748+00:00 ... 
[2023-08-18T05:37:02.391+0000] {external_task.py:236} INFO - Poking for tasks ['task_c'] in dag dags_branch_python_operator on 2023-08-17T23:20:17.708748+00:00 ... 
[2023-08-18T05:37:12.411+0000] {external_task.py:236} INFO - Poking for tasks ['task_c'] in dag dags_branch_python_operator on 2023-08-17T23:20:17.708748+00:00 ... 
[2023-08-18T05:37:22.431+0000] {external_task.py:236} INFO - Poking for tasks ['task_c'] in dag dags_branch_python_operator on 2023-08-17T23:20:17.708748+00:00 ... 
[2023-08-18T05:37:32.455+0000] {external_task.py:236} INFO - Poking for tasks ['task_c'] in dag dags_branch_python_operator on 2023-08-17T23:20:17.708748+00:00 ... 
[2023-08-18T05:37:42.478+0000] {external_task.py:236} INFO - Poking for tasks ['task_c'] in dag dags_branch_python_operator on 2023-08-17T23:20:17.708748+00:00 ... 
[2023-08-18T05:37:52.492+0000] {external_task.py:236} INFO - Poking for tasks ['task_c'] in dag dags_branch_python_operator on 2023-08-17T23:20:17.708748+00:00 ... 
[2023-08-18T05:38:02.513+0000] {external_task.py:236} INFO - Poking for tasks ['task_c'] in dag dags_branch_python_operator on 2023-08-17T23:20:17.708748+00:00 ... 
[2023-08-18T05:38:12.531+0000] {external_task.py:236} INFO - Poking for tasks ['task_c'] in dag dags_branch_python_operator on 2023-08-17T23:20:17.708748+00:00 ... 
[2023-08-18T05:38:22.551+0000] {external_task.py:236} INFO - Poking for tasks ['task_c'] in dag dags_branch_python_operator on 2023-08-17T23:20:17.708748+00:00 ... 
[2023-08-18T05:38:32.571+0000] {external_task.py:236} INFO - Poking for tasks ['task_c'] in dag dags_branch_python_operator on 2023-08-17T23:20:17.708748+00:00 ... 
[2023-08-18T05:38:42.590+0000] {external_task.py:236} INFO - Poking for tasks ['task_c'] in dag dags_branch_python_operator on 2023-08-17T23:20:17.708748+00:00 ... 
[2023-08-18T05:38:43.876+0000] {process_utils.py:135} INFO - Sending Signals.SIGTERM to group 3124. PIDs of all processes in the group: [3124]
[2023-08-18T05:38:43.877+0000] {process_utils.py:86} INFO - Sending the signal Signals.SIGTERM to group 3124
[2023-08-18T05:38:43.878+0000] {taskinstance.py:1517} ERROR - Received SIGTERM. Terminating subprocesses.
[2023-08-18T05:38:43.891+0000] {taskinstance.py:1824} ERROR - Task failed with exception
Traceback (most recent call last):
  File "/home/airflow/.local/lib/python3.7/site-packages/airflow/sensors/base.py", line 253, in execute
    time.sleep(self._get_next_poke_interval(started_at, run_duration, try_number))
  File "/home/airflow/.local/lib/python3.7/site-packages/airflow/models/taskinstance.py", line 1519, in signal_handler
    raise AirflowException("Task received SIGTERM signal")
airflow.exceptions.AirflowException: Task received SIGTERM signal
[2023-08-18T05:38:43.898+0000] {taskinstance.py:1350} INFO - Marking task as FAILED. dag_id=dags_external_task_sensor, task_id=external_task_sensor_c, execution_date=20230818T052017, start_date=20230818T052019, end_date=20230818T053843
[2023-08-18T05:38:43.931+0000] {standard_task_runner.py:109} ERROR - Failed to execute job 73 for task external_task_sensor_c ((psycopg2.errors.ForeignKeyViolation) insert or update on table "task_fail" violates foreign key constraint "task_fail_ti_fkey"
DETAIL:  Key (dag_id, task_id, run_id, map_index)=(dags_external_task_sensor, external_task_sensor_c, manual__2023-08-18T05:20:17.708748+00:00, -1) is not present in table "task_instance".

[SQL: INSERT INTO task_fail (task_id, dag_id, run_id, map_index, start_date, end_date, duration) VALUES (%(task_id)s, %(dag_id)s, %(run_id)s, %(map_index)s, %(start_date)s, %(end_date)s, %(duration)s) RETURNING task_fail.id]
[parameters: {'task_id': 'external_task_sensor_c', 'dag_id': 'dags_external_task_sensor', 'run_id': 'manual__2023-08-18T05:20:17.708748+00:00', 'map_index': -1, 'start_date': datetime.datetime(2023, 8, 18, 5, 20, 19, 979940, tzinfo=Timezone('UTC')), 'end_date': datetime.datetime(2023, 8, 18, 5, 38, 43, 897703, tzinfo=Timezone('UTC')), 'duration': 1103}]
(Background on this error at: https://sqlalche.me/e/14/gkpj); 3124)
[2023-08-18T05:38:43.970+0000] {process_utils.py:79} INFO - Process psutil.Process(pid=3124, status='terminated', exitcode=1, started='05:20:19') (3124) terminated with exit code 1
