[2023-08-18T05:20:20.035+0000] {taskinstance.py:1103} INFO - Dependencies all met for dep_context=non-requeueable deps ti=<TaskInstance: dags_external_task_sensor.external_task_sensor_b manual__2023-08-18T05:20:17.708748+00:00 [queued]>
[2023-08-18T05:20:20.056+0000] {taskinstance.py:1103} INFO - Dependencies all met for dep_context=requeueable deps ti=<TaskInstance: dags_external_task_sensor.external_task_sensor_b manual__2023-08-18T05:20:17.708748+00:00 [queued]>
[2023-08-18T05:20:20.056+0000] {taskinstance.py:1308} INFO - Starting attempt 1 of 1
[2023-08-18T05:20:20.085+0000] {taskinstance.py:1327} INFO - Executing <Task(ExternalTaskSensor): external_task_sensor_b> on 2023-08-18 05:20:17.708748+00:00
[2023-08-18T05:20:20.095+0000] {standard_task_runner.py:57} INFO - Started process 3125 to run task
[2023-08-18T05:20:20.102+0000] {standard_task_runner.py:84} INFO - Running: ['***', 'tasks', 'run', 'dags_external_task_sensor', 'external_task_sensor_b', 'manual__2023-08-18T05:20:17.708748+00:00', '--job-id', '74', '--raw', '--subdir', 'DAGS_FOLDER/dags_external_task_sensor.py', '--cfg-path', '/tmp/tmpojp7k7ll']
[2023-08-18T05:20:20.103+0000] {standard_task_runner.py:85} INFO - Job 74: Subtask external_task_sensor_b
[2023-08-18T05:20:20.170+0000] {task_command.py:410} INFO - Running <TaskInstance: dags_external_task_sensor.external_task_sensor_b manual__2023-08-18T05:20:17.708748+00:00 [running]> on host 05c492c53b17
[2023-08-18T05:20:20.311+0000] {taskinstance.py:1547} INFO - Exporting env vars: AIRFLOW_CTX_DAG_OWNER='***' AIRFLOW_CTX_DAG_ID='dags_external_task_sensor' AIRFLOW_CTX_TASK_ID='external_task_sensor_b' AIRFLOW_CTX_EXECUTION_DATE='2023-08-18T05:20:17.708748+00:00' AIRFLOW_CTX_TRY_NUMBER='1' AIRFLOW_CTX_DAG_RUN_ID='manual__2023-08-18T05:20:17.708748+00:00'
[2023-08-18T05:20:20.315+0000] {external_task.py:236} INFO - Poking for tasks ['task_b'] in dag dags_branch_python_operator on 2023-08-17T23:20:17.708748+00:00 ... 
[2023-08-18T05:20:30.343+0000] {external_task.py:236} INFO - Poking for tasks ['task_b'] in dag dags_branch_python_operator on 2023-08-17T23:20:17.708748+00:00 ... 
[2023-08-18T05:20:40.363+0000] {external_task.py:236} INFO - Poking for tasks ['task_b'] in dag dags_branch_python_operator on 2023-08-17T23:20:17.708748+00:00 ... 
[2023-08-18T05:20:50.382+0000] {external_task.py:236} INFO - Poking for tasks ['task_b'] in dag dags_branch_python_operator on 2023-08-17T23:20:17.708748+00:00 ... 
[2023-08-18T05:21:00.402+0000] {external_task.py:236} INFO - Poking for tasks ['task_b'] in dag dags_branch_python_operator on 2023-08-17T23:20:17.708748+00:00 ... 
[2023-08-18T05:21:10.422+0000] {external_task.py:236} INFO - Poking for tasks ['task_b'] in dag dags_branch_python_operator on 2023-08-17T23:20:17.708748+00:00 ... 
[2023-08-18T05:21:20.443+0000] {external_task.py:236} INFO - Poking for tasks ['task_b'] in dag dags_branch_python_operator on 2023-08-17T23:20:17.708748+00:00 ... 
[2023-08-18T05:21:30.463+0000] {external_task.py:236} INFO - Poking for tasks ['task_b'] in dag dags_branch_python_operator on 2023-08-17T23:20:17.708748+00:00 ... 
[2023-08-18T05:21:40.481+0000] {external_task.py:236} INFO - Poking for tasks ['task_b'] in dag dags_branch_python_operator on 2023-08-17T23:20:17.708748+00:00 ... 
[2023-08-18T05:21:50.502+0000] {external_task.py:236} INFO - Poking for tasks ['task_b'] in dag dags_branch_python_operator on 2023-08-17T23:20:17.708748+00:00 ... 
[2023-08-18T05:22:00.530+0000] {external_task.py:236} INFO - Poking for tasks ['task_b'] in dag dags_branch_python_operator on 2023-08-17T23:20:17.708748+00:00 ... 
[2023-08-18T05:22:10.562+0000] {external_task.py:236} INFO - Poking for tasks ['task_b'] in dag dags_branch_python_operator on 2023-08-17T23:20:17.708748+00:00 ... 
[2023-08-18T05:22:20.586+0000] {external_task.py:236} INFO - Poking for tasks ['task_b'] in dag dags_branch_python_operator on 2023-08-17T23:20:17.708748+00:00 ... 
[2023-08-18T05:22:30.602+0000] {external_task.py:236} INFO - Poking for tasks ['task_b'] in dag dags_branch_python_operator on 2023-08-17T23:20:17.708748+00:00 ... 
[2023-08-18T05:22:40.623+0000] {external_task.py:236} INFO - Poking for tasks ['task_b'] in dag dags_branch_python_operator on 2023-08-17T23:20:17.708748+00:00 ... 
[2023-08-18T05:22:50.642+0000] {external_task.py:236} INFO - Poking for tasks ['task_b'] in dag dags_branch_python_operator on 2023-08-17T23:20:17.708748+00:00 ... 
[2023-08-18T05:23:00.663+0000] {external_task.py:236} INFO - Poking for tasks ['task_b'] in dag dags_branch_python_operator on 2023-08-17T23:20:17.708748+00:00 ... 
[2023-08-18T05:23:10.682+0000] {external_task.py:236} INFO - Poking for tasks ['task_b'] in dag dags_branch_python_operator on 2023-08-17T23:20:17.708748+00:00 ... 
[2023-08-18T05:23:20.702+0000] {external_task.py:236} INFO - Poking for tasks ['task_b'] in dag dags_branch_python_operator on 2023-08-17T23:20:17.708748+00:00 ... 
[2023-08-18T05:23:30.722+0000] {external_task.py:236} INFO - Poking for tasks ['task_b'] in dag dags_branch_python_operator on 2023-08-17T23:20:17.708748+00:00 ... 
[2023-08-18T05:23:40.751+0000] {external_task.py:236} INFO - Poking for tasks ['task_b'] in dag dags_branch_python_operator on 2023-08-17T23:20:17.708748+00:00 ... 
[2023-08-18T05:23:50.778+0000] {external_task.py:236} INFO - Poking for tasks ['task_b'] in dag dags_branch_python_operator on 2023-08-17T23:20:17.708748+00:00 ... 
[2023-08-18T05:24:00.802+0000] {external_task.py:236} INFO - Poking for tasks ['task_b'] in dag dags_branch_python_operator on 2023-08-17T23:20:17.708748+00:00 ... 
[2023-08-18T05:24:10.822+0000] {external_task.py:236} INFO - Poking for tasks ['task_b'] in dag dags_branch_python_operator on 2023-08-17T23:20:17.708748+00:00 ... 
[2023-08-18T05:24:20.842+0000] {external_task.py:236} INFO - Poking for tasks ['task_b'] in dag dags_branch_python_operator on 2023-08-17T23:20:17.708748+00:00 ... 
[2023-08-18T05:24:30.862+0000] {external_task.py:236} INFO - Poking for tasks ['task_b'] in dag dags_branch_python_operator on 2023-08-17T23:20:17.708748+00:00 ... 
[2023-08-18T05:24:40.879+0000] {external_task.py:236} INFO - Poking for tasks ['task_b'] in dag dags_branch_python_operator on 2023-08-17T23:20:17.708748+00:00 ... 
[2023-08-18T05:24:50.902+0000] {external_task.py:236} INFO - Poking for tasks ['task_b'] in dag dags_branch_python_operator on 2023-08-17T23:20:17.708748+00:00 ... 
[2023-08-18T05:25:00.929+0000] {external_task.py:236} INFO - Poking for tasks ['task_b'] in dag dags_branch_python_operator on 2023-08-17T23:20:17.708748+00:00 ... 
[2023-08-18T05:25:10.949+0000] {external_task.py:236} INFO - Poking for tasks ['task_b'] in dag dags_branch_python_operator on 2023-08-17T23:20:17.708748+00:00 ... 
[2023-08-18T05:25:20.969+0000] {external_task.py:236} INFO - Poking for tasks ['task_b'] in dag dags_branch_python_operator on 2023-08-17T23:20:17.708748+00:00 ... 
[2023-08-18T05:25:30.989+0000] {external_task.py:236} INFO - Poking for tasks ['task_b'] in dag dags_branch_python_operator on 2023-08-17T23:20:17.708748+00:00 ... 
[2023-08-18T05:25:41.011+0000] {external_task.py:236} INFO - Poking for tasks ['task_b'] in dag dags_branch_python_operator on 2023-08-17T23:20:17.708748+00:00 ... 
[2023-08-18T05:25:51.031+0000] {external_task.py:236} INFO - Poking for tasks ['task_b'] in dag dags_branch_python_operator on 2023-08-17T23:20:17.708748+00:00 ... 
[2023-08-18T05:26:01.050+0000] {external_task.py:236} INFO - Poking for tasks ['task_b'] in dag dags_branch_python_operator on 2023-08-17T23:20:17.708748+00:00 ... 
[2023-08-18T05:26:11.072+0000] {external_task.py:236} INFO - Poking for tasks ['task_b'] in dag dags_branch_python_operator on 2023-08-17T23:20:17.708748+00:00 ... 
[2023-08-18T05:26:21.091+0000] {external_task.py:236} INFO - Poking for tasks ['task_b'] in dag dags_branch_python_operator on 2023-08-17T23:20:17.708748+00:00 ... 
[2023-08-18T05:26:31.114+0000] {external_task.py:236} INFO - Poking for tasks ['task_b'] in dag dags_branch_python_operator on 2023-08-17T23:20:17.708748+00:00 ... 
[2023-08-18T05:26:41.141+0000] {external_task.py:236} INFO - Poking for tasks ['task_b'] in dag dags_branch_python_operator on 2023-08-17T23:20:17.708748+00:00 ... 
[2023-08-18T05:26:51.161+0000] {external_task.py:236} INFO - Poking for tasks ['task_b'] in dag dags_branch_python_operator on 2023-08-17T23:20:17.708748+00:00 ... 
[2023-08-18T05:27:01.182+0000] {external_task.py:236} INFO - Poking for tasks ['task_b'] in dag dags_branch_python_operator on 2023-08-17T23:20:17.708748+00:00 ... 
[2023-08-18T05:27:11.210+0000] {external_task.py:236} INFO - Poking for tasks ['task_b'] in dag dags_branch_python_operator on 2023-08-17T23:20:17.708748+00:00 ... 
[2023-08-18T05:27:21.231+0000] {external_task.py:236} INFO - Poking for tasks ['task_b'] in dag dags_branch_python_operator on 2023-08-17T23:20:17.708748+00:00 ... 
[2023-08-18T05:27:31.251+0000] {external_task.py:236} INFO - Poking for tasks ['task_b'] in dag dags_branch_python_operator on 2023-08-17T23:20:17.708748+00:00 ... 
[2023-08-18T05:27:41.271+0000] {external_task.py:236} INFO - Poking for tasks ['task_b'] in dag dags_branch_python_operator on 2023-08-17T23:20:17.708748+00:00 ... 
[2023-08-18T05:27:51.291+0000] {external_task.py:236} INFO - Poking for tasks ['task_b'] in dag dags_branch_python_operator on 2023-08-17T23:20:17.708748+00:00 ... 
[2023-08-18T05:28:01.311+0000] {external_task.py:236} INFO - Poking for tasks ['task_b'] in dag dags_branch_python_operator on 2023-08-17T23:20:17.708748+00:00 ... 
[2023-08-18T05:28:11.332+0000] {external_task.py:236} INFO - Poking for tasks ['task_b'] in dag dags_branch_python_operator on 2023-08-17T23:20:17.708748+00:00 ... 
[2023-08-18T05:28:21.356+0000] {external_task.py:236} INFO - Poking for tasks ['task_b'] in dag dags_branch_python_operator on 2023-08-17T23:20:17.708748+00:00 ... 
[2023-08-18T05:28:31.381+0000] {external_task.py:236} INFO - Poking for tasks ['task_b'] in dag dags_branch_python_operator on 2023-08-17T23:20:17.708748+00:00 ... 
[2023-08-18T05:28:41.402+0000] {external_task.py:236} INFO - Poking for tasks ['task_b'] in dag dags_branch_python_operator on 2023-08-17T23:20:17.708748+00:00 ... 
[2023-08-18T05:28:51.429+0000] {external_task.py:236} INFO - Poking for tasks ['task_b'] in dag dags_branch_python_operator on 2023-08-17T23:20:17.708748+00:00 ... 
[2023-08-18T05:29:01.457+0000] {external_task.py:236} INFO - Poking for tasks ['task_b'] in dag dags_branch_python_operator on 2023-08-17T23:20:17.708748+00:00 ... 
[2023-08-18T05:29:11.472+0000] {external_task.py:236} INFO - Poking for tasks ['task_b'] in dag dags_branch_python_operator on 2023-08-17T23:20:17.708748+00:00 ... 
[2023-08-18T05:29:21.492+0000] {external_task.py:236} INFO - Poking for tasks ['task_b'] in dag dags_branch_python_operator on 2023-08-17T23:20:17.708748+00:00 ... 
[2023-08-18T05:29:31.512+0000] {external_task.py:236} INFO - Poking for tasks ['task_b'] in dag dags_branch_python_operator on 2023-08-17T23:20:17.708748+00:00 ... 
[2023-08-18T05:29:41.535+0000] {external_task.py:236} INFO - Poking for tasks ['task_b'] in dag dags_branch_python_operator on 2023-08-17T23:20:17.708748+00:00 ... 
[2023-08-18T05:29:51.561+0000] {external_task.py:236} INFO - Poking for tasks ['task_b'] in dag dags_branch_python_operator on 2023-08-17T23:20:17.708748+00:00 ... 
[2023-08-18T05:30:01.582+0000] {external_task.py:236} INFO - Poking for tasks ['task_b'] in dag dags_branch_python_operator on 2023-08-17T23:20:17.708748+00:00 ... 
[2023-08-18T05:30:11.601+0000] {external_task.py:236} INFO - Poking for tasks ['task_b'] in dag dags_branch_python_operator on 2023-08-17T23:20:17.708748+00:00 ... 
[2023-08-18T05:30:21.629+0000] {external_task.py:236} INFO - Poking for tasks ['task_b'] in dag dags_branch_python_operator on 2023-08-17T23:20:17.708748+00:00 ... 
[2023-08-18T05:30:31.652+0000] {external_task.py:236} INFO - Poking for tasks ['task_b'] in dag dags_branch_python_operator on 2023-08-17T23:20:17.708748+00:00 ... 
[2023-08-18T05:30:41.679+0000] {external_task.py:236} INFO - Poking for tasks ['task_b'] in dag dags_branch_python_operator on 2023-08-17T23:20:17.708748+00:00 ... 
[2023-08-18T05:30:51.705+0000] {external_task.py:236} INFO - Poking for tasks ['task_b'] in dag dags_branch_python_operator on 2023-08-17T23:20:17.708748+00:00 ... 
[2023-08-18T05:31:01.734+0000] {external_task.py:236} INFO - Poking for tasks ['task_b'] in dag dags_branch_python_operator on 2023-08-17T23:20:17.708748+00:00 ... 
[2023-08-18T05:31:11.759+0000] {external_task.py:236} INFO - Poking for tasks ['task_b'] in dag dags_branch_python_operator on 2023-08-17T23:20:17.708748+00:00 ... 
[2023-08-18T05:31:21.776+0000] {external_task.py:236} INFO - Poking for tasks ['task_b'] in dag dags_branch_python_operator on 2023-08-17T23:20:17.708748+00:00 ... 
[2023-08-18T05:31:31.804+0000] {external_task.py:236} INFO - Poking for tasks ['task_b'] in dag dags_branch_python_operator on 2023-08-17T23:20:17.708748+00:00 ... 
[2023-08-18T05:31:41.821+0000] {external_task.py:236} INFO - Poking for tasks ['task_b'] in dag dags_branch_python_operator on 2023-08-17T23:20:17.708748+00:00 ... 
[2023-08-18T05:31:51.850+0000] {external_task.py:236} INFO - Poking for tasks ['task_b'] in dag dags_branch_python_operator on 2023-08-17T23:20:17.708748+00:00 ... 
[2023-08-18T05:32:01.876+0000] {external_task.py:236} INFO - Poking for tasks ['task_b'] in dag dags_branch_python_operator on 2023-08-17T23:20:17.708748+00:00 ... 
[2023-08-18T05:32:11.901+0000] {external_task.py:236} INFO - Poking for tasks ['task_b'] in dag dags_branch_python_operator on 2023-08-17T23:20:17.708748+00:00 ... 
[2023-08-18T05:32:21.927+0000] {external_task.py:236} INFO - Poking for tasks ['task_b'] in dag dags_branch_python_operator on 2023-08-17T23:20:17.708748+00:00 ... 
[2023-08-18T05:32:31.955+0000] {external_task.py:236} INFO - Poking for tasks ['task_b'] in dag dags_branch_python_operator on 2023-08-17T23:20:17.708748+00:00 ... 
[2023-08-18T05:32:41.981+0000] {external_task.py:236} INFO - Poking for tasks ['task_b'] in dag dags_branch_python_operator on 2023-08-17T23:20:17.708748+00:00 ... 
[2023-08-18T05:32:52.005+0000] {external_task.py:236} INFO - Poking for tasks ['task_b'] in dag dags_branch_python_operator on 2023-08-17T23:20:17.708748+00:00 ... 
[2023-08-18T05:33:02.031+0000] {external_task.py:236} INFO - Poking for tasks ['task_b'] in dag dags_branch_python_operator on 2023-08-17T23:20:17.708748+00:00 ... 
[2023-08-18T05:33:12.051+0000] {external_task.py:236} INFO - Poking for tasks ['task_b'] in dag dags_branch_python_operator on 2023-08-17T23:20:17.708748+00:00 ... 
[2023-08-18T05:33:22.094+0000] {external_task.py:236} INFO - Poking for tasks ['task_b'] in dag dags_branch_python_operator on 2023-08-17T23:20:17.708748+00:00 ... 
[2023-08-18T05:33:32.121+0000] {external_task.py:236} INFO - Poking for tasks ['task_b'] in dag dags_branch_python_operator on 2023-08-17T23:20:17.708748+00:00 ... 
[2023-08-18T05:33:42.141+0000] {external_task.py:236} INFO - Poking for tasks ['task_b'] in dag dags_branch_python_operator on 2023-08-17T23:20:17.708748+00:00 ... 
[2023-08-18T05:33:52.161+0000] {external_task.py:236} INFO - Poking for tasks ['task_b'] in dag dags_branch_python_operator on 2023-08-17T23:20:17.708748+00:00 ... 
[2023-08-18T05:34:02.187+0000] {external_task.py:236} INFO - Poking for tasks ['task_b'] in dag dags_branch_python_operator on 2023-08-17T23:20:17.708748+00:00 ... 
[2023-08-18T05:34:12.214+0000] {external_task.py:236} INFO - Poking for tasks ['task_b'] in dag dags_branch_python_operator on 2023-08-17T23:20:17.708748+00:00 ... 
[2023-08-18T05:34:22.231+0000] {external_task.py:236} INFO - Poking for tasks ['task_b'] in dag dags_branch_python_operator on 2023-08-17T23:20:17.708748+00:00 ... 
[2023-08-18T05:34:32.251+0000] {external_task.py:236} INFO - Poking for tasks ['task_b'] in dag dags_branch_python_operator on 2023-08-17T23:20:17.708748+00:00 ... 
[2023-08-18T05:34:42.271+0000] {external_task.py:236} INFO - Poking for tasks ['task_b'] in dag dags_branch_python_operator on 2023-08-17T23:20:17.708748+00:00 ... 
[2023-08-18T05:34:52.291+0000] {external_task.py:236} INFO - Poking for tasks ['task_b'] in dag dags_branch_python_operator on 2023-08-17T23:20:17.708748+00:00 ... 
[2023-08-18T05:35:02.316+0000] {external_task.py:236} INFO - Poking for tasks ['task_b'] in dag dags_branch_python_operator on 2023-08-17T23:20:17.708748+00:00 ... 
[2023-08-18T05:35:12.341+0000] {external_task.py:236} INFO - Poking for tasks ['task_b'] in dag dags_branch_python_operator on 2023-08-17T23:20:17.708748+00:00 ... 
[2023-08-18T05:35:22.371+0000] {external_task.py:236} INFO - Poking for tasks ['task_b'] in dag dags_branch_python_operator on 2023-08-17T23:20:17.708748+00:00 ... 
[2023-08-18T05:35:32.401+0000] {external_task.py:236} INFO - Poking for tasks ['task_b'] in dag dags_branch_python_operator on 2023-08-17T23:20:17.708748+00:00 ... 
[2023-08-18T05:35:42.421+0000] {external_task.py:236} INFO - Poking for tasks ['task_b'] in dag dags_branch_python_operator on 2023-08-17T23:20:17.708748+00:00 ... 
[2023-08-18T05:35:52.442+0000] {external_task.py:236} INFO - Poking for tasks ['task_b'] in dag dags_branch_python_operator on 2023-08-17T23:20:17.708748+00:00 ... 
[2023-08-18T05:36:02.471+0000] {external_task.py:236} INFO - Poking for tasks ['task_b'] in dag dags_branch_python_operator on 2023-08-17T23:20:17.708748+00:00 ... 
[2023-08-18T05:36:12.491+0000] {external_task.py:236} INFO - Poking for tasks ['task_b'] in dag dags_branch_python_operator on 2023-08-17T23:20:17.708748+00:00 ... 
[2023-08-18T05:36:22.511+0000] {external_task.py:236} INFO - Poking for tasks ['task_b'] in dag dags_branch_python_operator on 2023-08-17T23:20:17.708748+00:00 ... 
[2023-08-18T05:36:32.536+0000] {external_task.py:236} INFO - Poking for tasks ['task_b'] in dag dags_branch_python_operator on 2023-08-17T23:20:17.708748+00:00 ... 
[2023-08-18T05:36:42.551+0000] {external_task.py:236} INFO - Poking for tasks ['task_b'] in dag dags_branch_python_operator on 2023-08-17T23:20:17.708748+00:00 ... 
[2023-08-18T05:36:52.571+0000] {external_task.py:236} INFO - Poking for tasks ['task_b'] in dag dags_branch_python_operator on 2023-08-17T23:20:17.708748+00:00 ... 
[2023-08-18T05:37:02.592+0000] {external_task.py:236} INFO - Poking for tasks ['task_b'] in dag dags_branch_python_operator on 2023-08-17T23:20:17.708748+00:00 ... 
[2023-08-18T05:37:12.611+0000] {external_task.py:236} INFO - Poking for tasks ['task_b'] in dag dags_branch_python_operator on 2023-08-17T23:20:17.708748+00:00 ... 
[2023-08-18T05:37:22.631+0000] {external_task.py:236} INFO - Poking for tasks ['task_b'] in dag dags_branch_python_operator on 2023-08-17T23:20:17.708748+00:00 ... 
[2023-08-18T05:37:32.657+0000] {external_task.py:236} INFO - Poking for tasks ['task_b'] in dag dags_branch_python_operator on 2023-08-17T23:20:17.708748+00:00 ... 
[2023-08-18T05:37:42.683+0000] {external_task.py:236} INFO - Poking for tasks ['task_b'] in dag dags_branch_python_operator on 2023-08-17T23:20:17.708748+00:00 ... 
[2023-08-18T05:37:52.711+0000] {external_task.py:236} INFO - Poking for tasks ['task_b'] in dag dags_branch_python_operator on 2023-08-17T23:20:17.708748+00:00 ... 
[2023-08-18T05:38:02.742+0000] {external_task.py:236} INFO - Poking for tasks ['task_b'] in dag dags_branch_python_operator on 2023-08-17T23:20:17.708748+00:00 ... 
[2023-08-18T05:38:12.770+0000] {external_task.py:236} INFO - Poking for tasks ['task_b'] in dag dags_branch_python_operator on 2023-08-17T23:20:17.708748+00:00 ... 
[2023-08-18T05:38:22.791+0000] {external_task.py:236} INFO - Poking for tasks ['task_b'] in dag dags_branch_python_operator on 2023-08-17T23:20:17.708748+00:00 ... 
[2023-08-18T05:38:32.811+0000] {external_task.py:236} INFO - Poking for tasks ['task_b'] in dag dags_branch_python_operator on 2023-08-17T23:20:17.708748+00:00 ... 
[2023-08-18T05:38:42.832+0000] {external_task.py:236} INFO - Poking for tasks ['task_b'] in dag dags_branch_python_operator on 2023-08-17T23:20:17.708748+00:00 ... 
[2023-08-18T05:38:43.876+0000] {process_utils.py:135} INFO - Sending Signals.SIGTERM to group 3125. PIDs of all processes in the group: [3125]
[2023-08-18T05:38:43.877+0000] {process_utils.py:86} INFO - Sending the signal Signals.SIGTERM to group 3125
[2023-08-18T05:38:43.877+0000] {taskinstance.py:1517} ERROR - Received SIGTERM. Terminating subprocesses.
[2023-08-18T05:38:43.891+0000] {taskinstance.py:1824} ERROR - Task failed with exception
Traceback (most recent call last):
  File "/home/airflow/.local/lib/python3.7/site-packages/airflow/sensors/base.py", line 253, in execute
    time.sleep(self._get_next_poke_interval(started_at, run_duration, try_number))
  File "/home/airflow/.local/lib/python3.7/site-packages/airflow/models/taskinstance.py", line 1519, in signal_handler
    raise AirflowException("Task received SIGTERM signal")
airflow.exceptions.AirflowException: Task received SIGTERM signal
[2023-08-18T05:38:43.898+0000] {taskinstance.py:1350} INFO - Marking task as FAILED. dag_id=dags_external_task_sensor, task_id=external_task_sensor_b, execution_date=20230818T052017, start_date=20230818T052020, end_date=20230818T053843
[2023-08-18T05:38:43.922+0000] {standard_task_runner.py:109} ERROR - Failed to execute job 74 for task external_task_sensor_b ((psycopg2.errors.ForeignKeyViolation) insert or update on table "task_fail" violates foreign key constraint "task_fail_ti_fkey"
DETAIL:  Key (dag_id, task_id, run_id, map_index)=(dags_external_task_sensor, external_task_sensor_b, manual__2023-08-18T05:20:17.708748+00:00, -1) is not present in table "task_instance".

[SQL: INSERT INTO task_fail (task_id, dag_id, run_id, map_index, start_date, end_date, duration) VALUES (%(task_id)s, %(dag_id)s, %(run_id)s, %(map_index)s, %(start_date)s, %(end_date)s, %(duration)s) RETURNING task_fail.id]
[parameters: {'task_id': 'external_task_sensor_b', 'dag_id': 'dags_external_task_sensor', 'run_id': 'manual__2023-08-18T05:20:17.708748+00:00', 'map_index': -1, 'start_date': datetime.datetime(2023, 8, 18, 5, 20, 20, 36641, tzinfo=Timezone('UTC')), 'end_date': datetime.datetime(2023, 8, 18, 5, 38, 43, 897638, tzinfo=Timezone('UTC')), 'duration': 1103}]
(Background on this error at: https://sqlalche.me/e/14/gkpj); 3125)
[2023-08-18T05:38:43.970+0000] {process_utils.py:79} INFO - Process psutil.Process(pid=3125, status='terminated', exitcode=1, started='05:20:19') (3125) terminated with exit code 1
