[2023-08-18T05:16:02.448+0000] {taskinstance.py:1103} INFO - Dependencies all met for dep_context=non-requeueable deps ti=<TaskInstance: dags_external_task_sensor.external_task_sensor_c manual__2023-08-18T05:16:00.596865+00:00 [queued]>
[2023-08-18T05:16:02.466+0000] {taskinstance.py:1103} INFO - Dependencies all met for dep_context=requeueable deps ti=<TaskInstance: dags_external_task_sensor.external_task_sensor_c manual__2023-08-18T05:16:00.596865+00:00 [queued]>
[2023-08-18T05:16:02.466+0000] {taskinstance.py:1308} INFO - Starting attempt 1 of 1
[2023-08-18T05:16:02.493+0000] {taskinstance.py:1327} INFO - Executing <Task(ExternalTaskSensor): external_task_sensor_c> on 2023-08-18 05:16:00.596865+00:00
[2023-08-18T05:16:02.503+0000] {standard_task_runner.py:57} INFO - Started process 3026 to run task
[2023-08-18T05:16:02.506+0000] {standard_task_runner.py:84} INFO - Running: ['***', 'tasks', 'run', 'dags_external_task_sensor', 'external_task_sensor_c', 'manual__2023-08-18T05:16:00.596865+00:00', '--job-id', '68', '--raw', '--subdir', 'DAGS_FOLDER/dags_external_task_sensor.py', '--cfg-path', '/tmp/tmpz6uqqznq']
[2023-08-18T05:16:02.507+0000] {standard_task_runner.py:85} INFO - Job 68: Subtask external_task_sensor_c
[2023-08-18T05:16:02.572+0000] {task_command.py:410} INFO - Running <TaskInstance: dags_external_task_sensor.external_task_sensor_c manual__2023-08-18T05:16:00.596865+00:00 [running]> on host 05c492c53b17
[2023-08-18T05:16:02.704+0000] {taskinstance.py:1547} INFO - Exporting env vars: AIRFLOW_CTX_DAG_OWNER='***' AIRFLOW_CTX_DAG_ID='dags_external_task_sensor' AIRFLOW_CTX_TASK_ID='external_task_sensor_c' AIRFLOW_CTX_EXECUTION_DATE='2023-08-18T05:16:00.596865+00:00' AIRFLOW_CTX_TRY_NUMBER='1' AIRFLOW_CTX_DAG_RUN_ID='manual__2023-08-18T05:16:00.596865+00:00'
[2023-08-18T05:16:02.705+0000] {external_task.py:236} INFO - Poking for tasks ['task_c'] in dag dags_branch_python_operator on 2023-08-17T23:16:00.596865+00:00 ... 
[2023-08-18T05:16:12.725+0000] {external_task.py:236} INFO - Poking for tasks ['task_c'] in dag dags_branch_python_operator on 2023-08-17T23:16:00.596865+00:00 ... 
[2023-08-18T05:16:22.745+0000] {external_task.py:236} INFO - Poking for tasks ['task_c'] in dag dags_branch_python_operator on 2023-08-17T23:16:00.596865+00:00 ... 
[2023-08-18T05:16:32.767+0000] {external_task.py:236} INFO - Poking for tasks ['task_c'] in dag dags_branch_python_operator on 2023-08-17T23:16:00.596865+00:00 ... 
[2023-08-18T05:16:42.783+0000] {external_task.py:236} INFO - Poking for tasks ['task_c'] in dag dags_branch_python_operator on 2023-08-17T23:16:00.596865+00:00 ... 
[2023-08-18T05:16:52.803+0000] {external_task.py:236} INFO - Poking for tasks ['task_c'] in dag dags_branch_python_operator on 2023-08-17T23:16:00.596865+00:00 ... 
[2023-08-18T05:17:02.823+0000] {external_task.py:236} INFO - Poking for tasks ['task_c'] in dag dags_branch_python_operator on 2023-08-17T23:16:00.596865+00:00 ... 
[2023-08-18T05:17:12.844+0000] {external_task.py:236} INFO - Poking for tasks ['task_c'] in dag dags_branch_python_operator on 2023-08-17T23:16:00.596865+00:00 ... 
[2023-08-18T05:17:22.863+0000] {external_task.py:236} INFO - Poking for tasks ['task_c'] in dag dags_branch_python_operator on 2023-08-17T23:16:00.596865+00:00 ... 
[2023-08-18T05:17:32.883+0000] {external_task.py:236} INFO - Poking for tasks ['task_c'] in dag dags_branch_python_operator on 2023-08-17T23:16:00.596865+00:00 ... 
[2023-08-18T05:17:42.909+0000] {external_task.py:236} INFO - Poking for tasks ['task_c'] in dag dags_branch_python_operator on 2023-08-17T23:16:00.596865+00:00 ... 
[2023-08-18T05:17:52.929+0000] {external_task.py:236} INFO - Poking for tasks ['task_c'] in dag dags_branch_python_operator on 2023-08-17T23:16:00.596865+00:00 ... 
[2023-08-18T05:18:02.951+0000] {external_task.py:236} INFO - Poking for tasks ['task_c'] in dag dags_branch_python_operator on 2023-08-17T23:16:00.596865+00:00 ... 
[2023-08-18T05:18:12.973+0000] {external_task.py:236} INFO - Poking for tasks ['task_c'] in dag dags_branch_python_operator on 2023-08-17T23:16:00.596865+00:00 ... 
[2023-08-18T05:18:23.003+0000] {external_task.py:236} INFO - Poking for tasks ['task_c'] in dag dags_branch_python_operator on 2023-08-17T23:16:00.596865+00:00 ... 
[2023-08-18T05:18:33.025+0000] {external_task.py:236} INFO - Poking for tasks ['task_c'] in dag dags_branch_python_operator on 2023-08-17T23:16:00.596865+00:00 ... 
[2023-08-18T05:18:43.042+0000] {external_task.py:236} INFO - Poking for tasks ['task_c'] in dag dags_branch_python_operator on 2023-08-17T23:16:00.596865+00:00 ... 
[2023-08-18T05:18:53.052+0000] {external_task.py:236} INFO - Poking for tasks ['task_c'] in dag dags_branch_python_operator on 2023-08-17T23:16:00.596865+00:00 ... 
[2023-08-18T05:19:03.077+0000] {external_task.py:236} INFO - Poking for tasks ['task_c'] in dag dags_branch_python_operator on 2023-08-17T23:16:00.596865+00:00 ... 
[2023-08-18T05:19:13.099+0000] {external_task.py:236} INFO - Poking for tasks ['task_c'] in dag dags_branch_python_operator on 2023-08-17T23:16:00.596865+00:00 ... 
[2023-08-18T05:19:23.124+0000] {external_task.py:236} INFO - Poking for tasks ['task_c'] in dag dags_branch_python_operator on 2023-08-17T23:16:00.596865+00:00 ... 
[2023-08-18T05:19:33.146+0000] {external_task.py:236} INFO - Poking for tasks ['task_c'] in dag dags_branch_python_operator on 2023-08-17T23:16:00.596865+00:00 ... 
[2023-08-18T05:19:43.167+0000] {external_task.py:236} INFO - Poking for tasks ['task_c'] in dag dags_branch_python_operator on 2023-08-17T23:16:00.596865+00:00 ... 
[2023-08-18T05:19:53.189+0000] {external_task.py:236} INFO - Poking for tasks ['task_c'] in dag dags_branch_python_operator on 2023-08-17T23:16:00.596865+00:00 ... 
[2023-08-18T05:20:03.203+0000] {external_task.py:236} INFO - Poking for tasks ['task_c'] in dag dags_branch_python_operator on 2023-08-17T23:16:00.596865+00:00 ... 
[2023-08-18T05:20:13.226+0000] {external_task.py:236} INFO - Poking for tasks ['task_c'] in dag dags_branch_python_operator on 2023-08-17T23:16:00.596865+00:00 ... 
[2023-08-18T05:20:14.592+0000] {local_task_job_runner.py:292} WARNING - State of this instance has been externally set to failed. Terminating instance.
[2023-08-18T05:20:14.595+0000] {process_utils.py:135} INFO - Sending Signals.SIGTERM to group 3026. PIDs of all processes in the group: [3026]
[2023-08-18T05:20:14.596+0000] {process_utils.py:86} INFO - Sending the signal Signals.SIGTERM to group 3026
[2023-08-18T05:20:14.597+0000] {taskinstance.py:1517} ERROR - Received SIGTERM. Terminating subprocesses.
[2023-08-18T05:20:14.649+0000] {process_utils.py:79} INFO - Process psutil.Process(pid=3026, status='terminated', exitcode=0, started='05:16:02') (3026) terminated with exit code 0
