[2023-08-24T23:32:58.237+0000] {processor.py:157} INFO - Started process (PID=4867) to work on /opt/airflow/dags/19_pool.py
[2023-08-24T23:32:58.238+0000] {processor.py:826} INFO - Processing file /opt/airflow/dags/19_pool.py for tasks to queue
[2023-08-24T23:32:58.239+0000] {logging_mixin.py:150} INFO - [2023-08-24T23:32:58.239+0000] {dagbag.py:541} INFO - Filling up the DagBag from /opt/airflow/dags/19_pool.py
[2023-08-24T23:32:58.245+0000] {logging_mixin.py:150} INFO - [2023-08-24T23:32:58.243+0000] {dagbag.py:350} ERROR - Failed to import: /opt/airflow/dags/19_pool.py
Traceback (most recent call last):
  File "/home/airflow/.local/lib/python3.7/site-packages/airflow/models/dagbag.py", line 346, in parse
    loader.exec_module(new_module)
  File "<frozen importlib._bootstrap_external>", line 728, in exec_module
  File "<frozen importlib._bootstrap>", line 219, in _call_with_frames_removed
  File "/opt/airflow/dags/19_pool.py", line 13, in <module>
    "pool": "pool_small"
TypeError: __init__() got an unexpected keyword argument 'cathup'
[2023-08-24T23:32:58.245+0000] {processor.py:838} WARNING - No viable dags retrieved from /opt/airflow/dags/19_pool.py
[2023-08-24T23:32:58.273+0000] {processor.py:179} INFO - Processing /opt/airflow/dags/19_pool.py took 0.039 seconds
[2023-08-24T23:33:10.591+0000] {processor.py:157} INFO - Started process (PID=4906) to work on /opt/airflow/dags/19_pool.py
[2023-08-24T23:33:10.592+0000] {processor.py:826} INFO - Processing file /opt/airflow/dags/19_pool.py for tasks to queue
[2023-08-24T23:33:10.593+0000] {logging_mixin.py:150} INFO - [2023-08-24T23:33:10.592+0000] {dagbag.py:541} INFO - Filling up the DagBag from /opt/airflow/dags/19_pool.py
[2023-08-24T23:33:10.597+0000] {logging_mixin.py:150} INFO - [2023-08-24T23:33:10.596+0000] {dagbag.py:350} ERROR - Failed to import: /opt/airflow/dags/19_pool.py
Traceback (most recent call last):
  File "/home/airflow/.local/lib/python3.7/site-packages/airflow/models/dagbag.py", line 346, in parse
    loader.exec_module(new_module)
  File "<frozen importlib._bootstrap_external>", line 728, in exec_module
  File "<frozen importlib._bootstrap>", line 219, in _call_with_frames_removed
  File "/opt/airflow/dags/19_pool.py", line 13, in <module>
    "pool": "pool_small"
TypeError: __init__() got an unexpected keyword argument 'cathup'
[2023-08-24T23:33:10.598+0000] {processor.py:838} WARNING - No viable dags retrieved from /opt/airflow/dags/19_pool.py
[2023-08-24T23:33:10.623+0000] {processor.py:179} INFO - Processing /opt/airflow/dags/19_pool.py took 0.036 seconds
[2023-08-24T23:33:34.236+0000] {processor.py:157} INFO - Started process (PID=4956) to work on /opt/airflow/dags/19_pool.py
[2023-08-24T23:33:34.238+0000] {processor.py:826} INFO - Processing file /opt/airflow/dags/19_pool.py for tasks to queue
[2023-08-24T23:33:34.239+0000] {logging_mixin.py:150} INFO - [2023-08-24T23:33:34.239+0000] {dagbag.py:541} INFO - Filling up the DagBag from /opt/airflow/dags/19_pool.py
[2023-08-24T23:33:34.248+0000] {processor.py:836} INFO - DAG(s) dict_keys(['19_pool.py']) retrieved from /opt/airflow/dags/19_pool.py
[2023-08-24T23:33:34.395+0000] {logging_mixin.py:150} INFO - [2023-08-24T23:33:34.394+0000] {manager.py:504} INFO - Created Permission View: can delete on DAG:19_pool.py
[2023-08-24T23:33:34.424+0000] {logging_mixin.py:150} INFO - [2023-08-24T23:33:34.424+0000] {manager.py:504} INFO - Created Permission View: can edit on DAG:19_pool.py
[2023-08-24T23:33:34.440+0000] {logging_mixin.py:150} INFO - [2023-08-24T23:33:34.439+0000] {manager.py:504} INFO - Created Permission View: can read on DAG:19_pool.py
[2023-08-24T23:33:34.463+0000] {logging_mixin.py:150} INFO - [2023-08-24T23:33:34.462+0000] {dag.py:2742} INFO - Sync 1 DAGs
[2023-08-24T23:33:34.480+0000] {logging_mixin.py:150} INFO - [2023-08-24T23:33:34.479+0000] {dag.py:2763} INFO - Creating ORM DAG for 19_pool.py
[2023-08-24T23:33:34.494+0000] {logging_mixin.py:150} INFO - [2023-08-24T23:33:34.494+0000] {dag.py:3508} INFO - Setting next_dagrun for 19_pool.py to None, run_after=None
[2023-08-24T23:33:34.534+0000] {processor.py:179} INFO - Processing /opt/airflow/dags/19_pool.py took 0.301 seconds
[2023-08-24T23:34:05.536+0000] {processor.py:157} INFO - Started process (PID=5027) to work on /opt/airflow/dags/19_pool.py
[2023-08-24T23:34:05.537+0000] {processor.py:826} INFO - Processing file /opt/airflow/dags/19_pool.py for tasks to queue
[2023-08-24T23:34:05.538+0000] {logging_mixin.py:150} INFO - [2023-08-24T23:34:05.538+0000] {dagbag.py:541} INFO - Filling up the DagBag from /opt/airflow/dags/19_pool.py
[2023-08-24T23:34:05.545+0000] {processor.py:836} INFO - DAG(s) dict_keys(['19_pool.py']) retrieved from /opt/airflow/dags/19_pool.py
[2023-08-24T23:34:05.577+0000] {logging_mixin.py:150} INFO - [2023-08-24T23:34:05.577+0000] {dag.py:2742} INFO - Sync 1 DAGs
[2023-08-24T23:34:05.612+0000] {logging_mixin.py:150} INFO - [2023-08-24T23:34:05.611+0000] {dag.py:3508} INFO - Setting next_dagrun for 19_pool.py to None, run_after=None
[2023-08-24T23:34:05.643+0000] {processor.py:179} INFO - Processing /opt/airflow/dags/19_pool.py took 0.110 seconds
[2023-08-24T23:34:35.717+0000] {processor.py:157} INFO - Started process (PID=5103) to work on /opt/airflow/dags/19_pool.py
[2023-08-24T23:34:35.718+0000] {processor.py:826} INFO - Processing file /opt/airflow/dags/19_pool.py for tasks to queue
[2023-08-24T23:34:35.719+0000] {logging_mixin.py:150} INFO - [2023-08-24T23:34:35.719+0000] {dagbag.py:541} INFO - Filling up the DagBag from /opt/airflow/dags/19_pool.py
[2023-08-24T23:34:35.726+0000] {processor.py:836} INFO - DAG(s) dict_keys(['19_pool.py']) retrieved from /opt/airflow/dags/19_pool.py
[2023-08-24T23:34:35.755+0000] {logging_mixin.py:150} INFO - [2023-08-24T23:34:35.755+0000] {dag.py:2742} INFO - Sync 1 DAGs
[2023-08-24T23:34:35.786+0000] {logging_mixin.py:150} INFO - [2023-08-24T23:34:35.786+0000] {dag.py:3508} INFO - Setting next_dagrun for 19_pool.py to None, run_after=None
[2023-08-24T23:34:35.813+0000] {processor.py:179} INFO - Processing /opt/airflow/dags/19_pool.py took 0.099 seconds
[2023-08-24T23:35:05.886+0000] {processor.py:157} INFO - Started process (PID=5171) to work on /opt/airflow/dags/19_pool.py
[2023-08-24T23:35:05.887+0000] {processor.py:826} INFO - Processing file /opt/airflow/dags/19_pool.py for tasks to queue
[2023-08-24T23:35:05.888+0000] {logging_mixin.py:150} INFO - [2023-08-24T23:35:05.888+0000] {dagbag.py:541} INFO - Filling up the DagBag from /opt/airflow/dags/19_pool.py
[2023-08-24T23:35:05.895+0000] {processor.py:836} INFO - DAG(s) dict_keys(['19_pool.py']) retrieved from /opt/airflow/dags/19_pool.py
[2023-08-24T23:35:05.923+0000] {logging_mixin.py:150} INFO - [2023-08-24T23:35:05.923+0000] {dag.py:2742} INFO - Sync 1 DAGs
[2023-08-24T23:35:05.955+0000] {logging_mixin.py:150} INFO - [2023-08-24T23:35:05.955+0000] {dag.py:3508} INFO - Setting next_dagrun for 19_pool.py to None, run_after=None
[2023-08-24T23:35:05.985+0000] {processor.py:179} INFO - Processing /opt/airflow/dags/19_pool.py took 0.102 seconds
[2023-08-24T23:35:36.842+0000] {processor.py:157} INFO - Started process (PID=5245) to work on /opt/airflow/dags/19_pool.py
[2023-08-24T23:35:36.845+0000] {processor.py:826} INFO - Processing file /opt/airflow/dags/19_pool.py for tasks to queue
[2023-08-24T23:35:36.847+0000] {logging_mixin.py:150} INFO - [2023-08-24T23:35:36.846+0000] {dagbag.py:541} INFO - Filling up the DagBag from /opt/airflow/dags/19_pool.py
[2023-08-24T23:35:36.858+0000] {processor.py:836} INFO - DAG(s) dict_keys(['19_pool.py']) retrieved from /opt/airflow/dags/19_pool.py
[2023-08-24T23:35:36.898+0000] {logging_mixin.py:150} INFO - [2023-08-24T23:35:36.897+0000] {dag.py:2742} INFO - Sync 1 DAGs
[2023-08-24T23:35:36.932+0000] {logging_mixin.py:150} INFO - [2023-08-24T23:35:36.931+0000] {dag.py:3508} INFO - Setting next_dagrun for 19_pool.py to None, run_after=None
[2023-08-24T23:35:36.967+0000] {processor.py:179} INFO - Processing /opt/airflow/dags/19_pool.py took 0.133 seconds
[2023-08-24T23:36:06.994+0000] {processor.py:157} INFO - Started process (PID=5308) to work on /opt/airflow/dags/19_pool.py
[2023-08-24T23:36:06.996+0000] {processor.py:826} INFO - Processing file /opt/airflow/dags/19_pool.py for tasks to queue
[2023-08-24T23:36:06.997+0000] {logging_mixin.py:150} INFO - [2023-08-24T23:36:06.997+0000] {dagbag.py:541} INFO - Filling up the DagBag from /opt/airflow/dags/19_pool.py
[2023-08-24T23:36:07.003+0000] {processor.py:836} INFO - DAG(s) dict_keys(['19_pool.py']) retrieved from /opt/airflow/dags/19_pool.py
[2023-08-24T23:36:07.034+0000] {logging_mixin.py:150} INFO - [2023-08-24T23:36:07.034+0000] {dag.py:2742} INFO - Sync 1 DAGs
[2023-08-24T23:36:07.074+0000] {logging_mixin.py:150} INFO - [2023-08-24T23:36:07.073+0000] {dag.py:3508} INFO - Setting next_dagrun for 19_pool.py to None, run_after=None
[2023-08-24T23:36:07.112+0000] {processor.py:179} INFO - Processing /opt/airflow/dags/19_pool.py took 0.122 seconds
[2023-08-24T23:36:37.884+0000] {processor.py:157} INFO - Started process (PID=5379) to work on /opt/airflow/dags/19_pool.py
[2023-08-24T23:36:37.885+0000] {processor.py:826} INFO - Processing file /opt/airflow/dags/19_pool.py for tasks to queue
[2023-08-24T23:36:37.886+0000] {logging_mixin.py:150} INFO - [2023-08-24T23:36:37.886+0000] {dagbag.py:541} INFO - Filling up the DagBag from /opt/airflow/dags/19_pool.py
[2023-08-24T23:36:37.901+0000] {processor.py:836} INFO - DAG(s) dict_keys(['19_pool.py']) retrieved from /opt/airflow/dags/19_pool.py
[2023-08-24T23:36:37.940+0000] {logging_mixin.py:150} INFO - [2023-08-24T23:36:37.940+0000] {dag.py:2742} INFO - Sync 1 DAGs
[2023-08-24T23:36:37.974+0000] {logging_mixin.py:150} INFO - [2023-08-24T23:36:37.974+0000] {dag.py:3508} INFO - Setting next_dagrun for 19_pool.py to None, run_after=None
[2023-08-24T23:36:38.001+0000] {processor.py:179} INFO - Processing /opt/airflow/dags/19_pool.py took 0.121 seconds
[2023-08-24T23:37:08.065+0000] {processor.py:157} INFO - Started process (PID=5450) to work on /opt/airflow/dags/19_pool.py
[2023-08-24T23:37:08.067+0000] {processor.py:826} INFO - Processing file /opt/airflow/dags/19_pool.py for tasks to queue
[2023-08-24T23:37:08.068+0000] {logging_mixin.py:150} INFO - [2023-08-24T23:37:08.068+0000] {dagbag.py:541} INFO - Filling up the DagBag from /opt/airflow/dags/19_pool.py
[2023-08-24T23:37:08.074+0000] {processor.py:836} INFO - DAG(s) dict_keys(['19_pool.py']) retrieved from /opt/airflow/dags/19_pool.py
[2023-08-24T23:37:08.102+0000] {logging_mixin.py:150} INFO - [2023-08-24T23:37:08.102+0000] {dag.py:2742} INFO - Sync 1 DAGs
[2023-08-24T23:37:08.132+0000] {logging_mixin.py:150} INFO - [2023-08-24T23:37:08.132+0000] {dag.py:3508} INFO - Setting next_dagrun for 19_pool.py to None, run_after=None
[2023-08-24T23:37:08.160+0000] {processor.py:179} INFO - Processing /opt/airflow/dags/19_pool.py took 0.098 seconds
[2023-08-24T23:37:38.204+0000] {processor.py:157} INFO - Started process (PID=5521) to work on /opt/airflow/dags/19_pool.py
[2023-08-24T23:37:38.206+0000] {processor.py:826} INFO - Processing file /opt/airflow/dags/19_pool.py for tasks to queue
[2023-08-24T23:37:38.207+0000] {logging_mixin.py:150} INFO - [2023-08-24T23:37:38.207+0000] {dagbag.py:541} INFO - Filling up the DagBag from /opt/airflow/dags/19_pool.py
[2023-08-24T23:37:38.213+0000] {processor.py:836} INFO - DAG(s) dict_keys(['19_pool.py']) retrieved from /opt/airflow/dags/19_pool.py
[2023-08-24T23:37:38.241+0000] {logging_mixin.py:150} INFO - [2023-08-24T23:37:38.240+0000] {dag.py:2742} INFO - Sync 1 DAGs
[2023-08-24T23:37:38.277+0000] {logging_mixin.py:150} INFO - [2023-08-24T23:37:38.277+0000] {dag.py:3508} INFO - Setting next_dagrun for 19_pool.py to None, run_after=None
[2023-08-24T23:37:38.312+0000] {processor.py:179} INFO - Processing /opt/airflow/dags/19_pool.py took 0.110 seconds
[2023-08-24T23:38:08.475+0000] {processor.py:157} INFO - Started process (PID=5592) to work on /opt/airflow/dags/19_pool.py
[2023-08-24T23:38:08.481+0000] {processor.py:826} INFO - Processing file /opt/airflow/dags/19_pool.py for tasks to queue
[2023-08-24T23:38:08.482+0000] {logging_mixin.py:150} INFO - [2023-08-24T23:38:08.482+0000] {dagbag.py:541} INFO - Filling up the DagBag from /opt/airflow/dags/19_pool.py
[2023-08-24T23:38:08.488+0000] {processor.py:836} INFO - DAG(s) dict_keys(['19_pool.py']) retrieved from /opt/airflow/dags/19_pool.py
[2023-08-24T23:38:08.517+0000] {logging_mixin.py:150} INFO - [2023-08-24T23:38:08.517+0000] {dag.py:2742} INFO - Sync 1 DAGs
[2023-08-24T23:38:08.550+0000] {logging_mixin.py:150} INFO - [2023-08-24T23:38:08.550+0000] {dag.py:3508} INFO - Setting next_dagrun for 19_pool.py to None, run_after=None
[2023-08-24T23:38:08.580+0000] {processor.py:179} INFO - Processing /opt/airflow/dags/19_pool.py took 0.107 seconds
[2023-08-24T23:38:38.751+0000] {processor.py:157} INFO - Started process (PID=5663) to work on /opt/airflow/dags/19_pool.py
[2023-08-24T23:38:38.752+0000] {processor.py:826} INFO - Processing file /opt/airflow/dags/19_pool.py for tasks to queue
[2023-08-24T23:38:38.753+0000] {logging_mixin.py:150} INFO - [2023-08-24T23:38:38.753+0000] {dagbag.py:541} INFO - Filling up the DagBag from /opt/airflow/dags/19_pool.py
[2023-08-24T23:38:38.760+0000] {processor.py:836} INFO - DAG(s) dict_keys(['19_pool.py']) retrieved from /opt/airflow/dags/19_pool.py
[2023-08-24T23:38:38.788+0000] {logging_mixin.py:150} INFO - [2023-08-24T23:38:38.788+0000] {dag.py:2742} INFO - Sync 1 DAGs
[2023-08-24T23:38:38.820+0000] {logging_mixin.py:150} INFO - [2023-08-24T23:38:38.819+0000] {dag.py:3508} INFO - Setting next_dagrun for 19_pool.py to None, run_after=None
[2023-08-24T23:38:38.850+0000] {processor.py:179} INFO - Processing /opt/airflow/dags/19_pool.py took 0.103 seconds
[2023-08-24T23:39:09.534+0000] {processor.py:157} INFO - Started process (PID=5735) to work on /opt/airflow/dags/19_pool.py
[2023-08-24T23:39:09.540+0000] {processor.py:826} INFO - Processing file /opt/airflow/dags/19_pool.py for tasks to queue
[2023-08-24T23:39:09.541+0000] {logging_mixin.py:150} INFO - [2023-08-24T23:39:09.541+0000] {dagbag.py:541} INFO - Filling up the DagBag from /opt/airflow/dags/19_pool.py
[2023-08-24T23:39:09.548+0000] {processor.py:836} INFO - DAG(s) dict_keys(['19_pool.py']) retrieved from /opt/airflow/dags/19_pool.py
[2023-08-24T23:39:09.578+0000] {logging_mixin.py:150} INFO - [2023-08-24T23:39:09.578+0000] {dag.py:2742} INFO - Sync 1 DAGs
[2023-08-24T23:39:09.610+0000] {logging_mixin.py:150} INFO - [2023-08-24T23:39:09.610+0000] {dag.py:3508} INFO - Setting next_dagrun for 19_pool.py to None, run_after=None
[2023-08-24T23:39:09.639+0000] {processor.py:179} INFO - Processing /opt/airflow/dags/19_pool.py took 0.109 seconds
[2023-08-24T23:39:16.299+0000] {processor.py:157} INFO - Started process (PID=5759) to work on /opt/airflow/dags/19_pool.py
[2023-08-24T23:39:16.300+0000] {processor.py:826} INFO - Processing file /opt/airflow/dags/19_pool.py for tasks to queue
[2023-08-24T23:39:16.301+0000] {logging_mixin.py:150} INFO - [2023-08-24T23:39:16.301+0000] {dagbag.py:541} INFO - Filling up the DagBag from /opt/airflow/dags/19_pool.py
[2023-08-24T23:39:16.313+0000] {processor.py:836} INFO - DAG(s) dict_keys(['19_pool.py']) retrieved from /opt/airflow/dags/19_pool.py
[2023-08-24T23:39:16.349+0000] {logging_mixin.py:150} INFO - [2023-08-24T23:39:16.349+0000] {dag.py:2742} INFO - Sync 1 DAGs
[2023-08-24T23:39:16.388+0000] {logging_mixin.py:150} INFO - [2023-08-24T23:39:16.388+0000] {dag.py:3508} INFO - Setting next_dagrun for 19_pool.py to None, run_after=None
[2023-08-24T23:39:16.419+0000] {processor.py:179} INFO - Processing /opt/airflow/dags/19_pool.py took 0.125 seconds
[2023-08-24T23:39:46.444+0000] {processor.py:157} INFO - Started process (PID=5823) to work on /opt/airflow/dags/19_pool.py
[2023-08-24T23:39:46.445+0000] {processor.py:826} INFO - Processing file /opt/airflow/dags/19_pool.py for tasks to queue
[2023-08-24T23:39:46.446+0000] {logging_mixin.py:150} INFO - [2023-08-24T23:39:46.446+0000] {dagbag.py:541} INFO - Filling up the DagBag from /opt/airflow/dags/19_pool.py
[2023-08-24T23:39:46.452+0000] {processor.py:836} INFO - DAG(s) dict_keys(['19_pool.py']) retrieved from /opt/airflow/dags/19_pool.py
[2023-08-24T23:39:46.486+0000] {logging_mixin.py:150} INFO - [2023-08-24T23:39:46.486+0000] {dag.py:2742} INFO - Sync 1 DAGs
[2023-08-24T23:39:46.522+0000] {logging_mixin.py:150} INFO - [2023-08-24T23:39:46.522+0000] {dag.py:3508} INFO - Setting next_dagrun for 19_pool.py to None, run_after=None
[2023-08-24T23:39:46.556+0000] {processor.py:179} INFO - Processing /opt/airflow/dags/19_pool.py took 0.116 seconds
[2023-08-24T23:40:16.836+0000] {processor.py:157} INFO - Started process (PID=5894) to work on /opt/airflow/dags/19_pool.py
[2023-08-24T23:40:16.837+0000] {processor.py:826} INFO - Processing file /opt/airflow/dags/19_pool.py for tasks to queue
[2023-08-24T23:40:16.838+0000] {logging_mixin.py:150} INFO - [2023-08-24T23:40:16.838+0000] {dagbag.py:541} INFO - Filling up the DagBag from /opt/airflow/dags/19_pool.py
[2023-08-24T23:40:16.846+0000] {processor.py:836} INFO - DAG(s) dict_keys(['19_pool.py']) retrieved from /opt/airflow/dags/19_pool.py
[2023-08-24T23:40:16.885+0000] {logging_mixin.py:150} INFO - [2023-08-24T23:40:16.884+0000] {dag.py:2742} INFO - Sync 1 DAGs
[2023-08-24T23:40:16.924+0000] {logging_mixin.py:150} INFO - [2023-08-24T23:40:16.923+0000] {dag.py:3508} INFO - Setting next_dagrun for 19_pool.py to None, run_after=None
[2023-08-24T23:40:16.960+0000] {processor.py:179} INFO - Processing /opt/airflow/dags/19_pool.py took 0.128 seconds
[2023-08-24T23:40:47.071+0000] {processor.py:157} INFO - Started process (PID=5962) to work on /opt/airflow/dags/19_pool.py
[2023-08-24T23:40:47.073+0000] {processor.py:826} INFO - Processing file /opt/airflow/dags/19_pool.py for tasks to queue
[2023-08-24T23:40:47.074+0000] {logging_mixin.py:150} INFO - [2023-08-24T23:40:47.073+0000] {dagbag.py:541} INFO - Filling up the DagBag from /opt/airflow/dags/19_pool.py
[2023-08-24T23:40:47.082+0000] {processor.py:836} INFO - DAG(s) dict_keys(['19_pool.py']) retrieved from /opt/airflow/dags/19_pool.py
[2023-08-24T23:40:47.115+0000] {logging_mixin.py:150} INFO - [2023-08-24T23:40:47.114+0000] {dag.py:2742} INFO - Sync 1 DAGs
[2023-08-24T23:40:47.154+0000] {logging_mixin.py:150} INFO - [2023-08-24T23:40:47.153+0000] {dag.py:3508} INFO - Setting next_dagrun for 19_pool.py to None, run_after=None
[2023-08-24T23:40:47.188+0000] {processor.py:179} INFO - Processing /opt/airflow/dags/19_pool.py took 0.120 seconds
[2023-08-24T23:41:17.624+0000] {processor.py:157} INFO - Started process (PID=6032) to work on /opt/airflow/dags/19_pool.py
[2023-08-24T23:41:17.625+0000] {processor.py:826} INFO - Processing file /opt/airflow/dags/19_pool.py for tasks to queue
[2023-08-24T23:41:17.626+0000] {logging_mixin.py:150} INFO - [2023-08-24T23:41:17.625+0000] {dagbag.py:541} INFO - Filling up the DagBag from /opt/airflow/dags/19_pool.py
[2023-08-24T23:41:17.634+0000] {processor.py:836} INFO - DAG(s) dict_keys(['19_pool.py']) retrieved from /opt/airflow/dags/19_pool.py
[2023-08-24T23:41:17.667+0000] {logging_mixin.py:150} INFO - [2023-08-24T23:41:17.666+0000] {dag.py:2742} INFO - Sync 1 DAGs
[2023-08-24T23:41:17.699+0000] {logging_mixin.py:150} INFO - [2023-08-24T23:41:17.699+0000] {dag.py:3508} INFO - Setting next_dagrun for 19_pool.py to None, run_after=None
[2023-08-24T23:41:17.732+0000] {processor.py:179} INFO - Processing /opt/airflow/dags/19_pool.py took 0.111 seconds
[2023-08-24T23:41:47.779+0000] {processor.py:157} INFO - Started process (PID=6097) to work on /opt/airflow/dags/19_pool.py
[2023-08-24T23:41:47.781+0000] {processor.py:826} INFO - Processing file /opt/airflow/dags/19_pool.py for tasks to queue
[2023-08-24T23:41:47.782+0000] {logging_mixin.py:150} INFO - [2023-08-24T23:41:47.781+0000] {dagbag.py:541} INFO - Filling up the DagBag from /opt/airflow/dags/19_pool.py
[2023-08-24T23:41:47.789+0000] {processor.py:836} INFO - DAG(s) dict_keys(['19_pool.py']) retrieved from /opt/airflow/dags/19_pool.py
[2023-08-24T23:41:47.819+0000] {logging_mixin.py:150} INFO - [2023-08-24T23:41:47.819+0000] {dag.py:2742} INFO - Sync 1 DAGs
[2023-08-24T23:41:47.854+0000] {logging_mixin.py:150} INFO - [2023-08-24T23:41:47.853+0000] {dag.py:3508} INFO - Setting next_dagrun for 19_pool.py to None, run_after=None
[2023-08-24T23:41:47.887+0000] {processor.py:179} INFO - Processing /opt/airflow/dags/19_pool.py took 0.111 seconds
[2023-08-24T23:42:18.171+0000] {processor.py:157} INFO - Started process (PID=6167) to work on /opt/airflow/dags/19_pool.py
[2023-08-24T23:42:18.172+0000] {processor.py:826} INFO - Processing file /opt/airflow/dags/19_pool.py for tasks to queue
[2023-08-24T23:42:18.173+0000] {logging_mixin.py:150} INFO - [2023-08-24T23:42:18.173+0000] {dagbag.py:541} INFO - Filling up the DagBag from /opt/airflow/dags/19_pool.py
[2023-08-24T23:42:18.180+0000] {processor.py:836} INFO - DAG(s) dict_keys(['19_pool.py']) retrieved from /opt/airflow/dags/19_pool.py
[2023-08-24T23:42:18.213+0000] {logging_mixin.py:150} INFO - [2023-08-24T23:42:18.212+0000] {dag.py:2742} INFO - Sync 1 DAGs
[2023-08-24T23:42:18.244+0000] {logging_mixin.py:150} INFO - [2023-08-24T23:42:18.244+0000] {dag.py:3508} INFO - Setting next_dagrun for 19_pool.py to None, run_after=None
[2023-08-24T23:42:18.273+0000] {processor.py:179} INFO - Processing /opt/airflow/dags/19_pool.py took 0.106 seconds
[2023-08-24T23:42:48.561+0000] {processor.py:157} INFO - Started process (PID=6238) to work on /opt/airflow/dags/19_pool.py
[2023-08-24T23:42:48.566+0000] {processor.py:826} INFO - Processing file /opt/airflow/dags/19_pool.py for tasks to queue
[2023-08-24T23:42:48.568+0000] {logging_mixin.py:150} INFO - [2023-08-24T23:42:48.567+0000] {dagbag.py:541} INFO - Filling up the DagBag from /opt/airflow/dags/19_pool.py
[2023-08-24T23:42:48.595+0000] {processor.py:836} INFO - DAG(s) dict_keys(['19_pool.py']) retrieved from /opt/airflow/dags/19_pool.py
[2023-08-24T23:42:48.629+0000] {logging_mixin.py:150} INFO - [2023-08-24T23:42:48.629+0000] {dag.py:2742} INFO - Sync 1 DAGs
[2023-08-24T23:42:48.658+0000] {logging_mixin.py:150} INFO - [2023-08-24T23:42:48.658+0000] {dag.py:3508} INFO - Setting next_dagrun for 19_pool.py to None, run_after=None
[2023-08-24T23:42:48.683+0000] {processor.py:179} INFO - Processing /opt/airflow/dags/19_pool.py took 0.137 seconds
[2023-08-24T23:43:19.094+0000] {processor.py:157} INFO - Started process (PID=6309) to work on /opt/airflow/dags/19_pool.py
[2023-08-24T23:43:19.096+0000] {processor.py:826} INFO - Processing file /opt/airflow/dags/19_pool.py for tasks to queue
[2023-08-24T23:43:19.097+0000] {logging_mixin.py:150} INFO - [2023-08-24T23:43:19.096+0000] {dagbag.py:541} INFO - Filling up the DagBag from /opt/airflow/dags/19_pool.py
[2023-08-24T23:43:19.104+0000] {processor.py:836} INFO - DAG(s) dict_keys(['19_pool.py']) retrieved from /opt/airflow/dags/19_pool.py
[2023-08-24T23:43:19.136+0000] {logging_mixin.py:150} INFO - [2023-08-24T23:43:19.136+0000] {dag.py:2742} INFO - Sync 1 DAGs
[2023-08-24T23:43:19.170+0000] {logging_mixin.py:150} INFO - [2023-08-24T23:43:19.169+0000] {dag.py:3508} INFO - Setting next_dagrun for 19_pool.py to None, run_after=None
[2023-08-24T23:43:19.200+0000] {processor.py:179} INFO - Processing /opt/airflow/dags/19_pool.py took 0.108 seconds
[2023-08-24T23:43:49.875+0000] {processor.py:157} INFO - Started process (PID=6379) to work on /opt/airflow/dags/19_pool.py
[2023-08-24T23:43:49.881+0000] {processor.py:826} INFO - Processing file /opt/airflow/dags/19_pool.py for tasks to queue
[2023-08-24T23:43:49.882+0000] {logging_mixin.py:150} INFO - [2023-08-24T23:43:49.882+0000] {dagbag.py:541} INFO - Filling up the DagBag from /opt/airflow/dags/19_pool.py
[2023-08-24T23:43:49.892+0000] {processor.py:836} INFO - DAG(s) dict_keys(['19_pool.py']) retrieved from /opt/airflow/dags/19_pool.py
[2023-08-24T23:43:49.925+0000] {logging_mixin.py:150} INFO - [2023-08-24T23:43:49.925+0000] {dag.py:2742} INFO - Sync 1 DAGs
[2023-08-24T23:43:49.959+0000] {logging_mixin.py:150} INFO - [2023-08-24T23:43:49.958+0000] {dag.py:3508} INFO - Setting next_dagrun for 19_pool.py to None, run_after=None
[2023-08-24T23:43:49.993+0000] {processor.py:179} INFO - Processing /opt/airflow/dags/19_pool.py took 0.121 seconds
[2023-08-24T23:44:20.722+0000] {processor.py:157} INFO - Started process (PID=6451) to work on /opt/airflow/dags/19_pool.py
[2023-08-24T23:44:20.723+0000] {processor.py:826} INFO - Processing file /opt/airflow/dags/19_pool.py for tasks to queue
[2023-08-24T23:44:20.725+0000] {logging_mixin.py:150} INFO - [2023-08-24T23:44:20.724+0000] {dagbag.py:541} INFO - Filling up the DagBag from /opt/airflow/dags/19_pool.py
[2023-08-24T23:44:20.731+0000] {processor.py:836} INFO - DAG(s) dict_keys(['19_pool.py']) retrieved from /opt/airflow/dags/19_pool.py
[2023-08-24T23:44:20.766+0000] {logging_mixin.py:150} INFO - [2023-08-24T23:44:20.765+0000] {dag.py:2742} INFO - Sync 1 DAGs
[2023-08-24T23:44:20.799+0000] {logging_mixin.py:150} INFO - [2023-08-24T23:44:20.798+0000] {dag.py:3508} INFO - Setting next_dagrun for 19_pool.py to None, run_after=None
[2023-08-24T23:44:20.831+0000] {processor.py:179} INFO - Processing /opt/airflow/dags/19_pool.py took 0.113 seconds
[2023-08-24T23:44:51.649+0000] {processor.py:157} INFO - Started process (PID=6522) to work on /opt/airflow/dags/19_pool.py
[2023-08-24T23:44:51.650+0000] {processor.py:826} INFO - Processing file /opt/airflow/dags/19_pool.py for tasks to queue
[2023-08-24T23:44:51.651+0000] {logging_mixin.py:150} INFO - [2023-08-24T23:44:51.651+0000] {dagbag.py:541} INFO - Filling up the DagBag from /opt/airflow/dags/19_pool.py
[2023-08-24T23:44:51.659+0000] {processor.py:836} INFO - DAG(s) dict_keys(['19_pool.py']) retrieved from /opt/airflow/dags/19_pool.py
[2023-08-24T23:44:51.693+0000] {logging_mixin.py:150} INFO - [2023-08-24T23:44:51.693+0000] {dag.py:2742} INFO - Sync 1 DAGs
[2023-08-24T23:44:51.731+0000] {logging_mixin.py:150} INFO - [2023-08-24T23:44:51.731+0000] {dag.py:3508} INFO - Setting next_dagrun for 19_pool.py to None, run_after=None
[2023-08-24T23:44:51.765+0000] {processor.py:179} INFO - Processing /opt/airflow/dags/19_pool.py took 0.120 seconds
[2023-08-24T23:45:21.913+0000] {processor.py:157} INFO - Started process (PID=6593) to work on /opt/airflow/dags/19_pool.py
[2023-08-24T23:45:21.919+0000] {processor.py:826} INFO - Processing file /opt/airflow/dags/19_pool.py for tasks to queue
[2023-08-24T23:45:21.919+0000] {logging_mixin.py:150} INFO - [2023-08-24T23:45:21.919+0000] {dagbag.py:541} INFO - Filling up the DagBag from /opt/airflow/dags/19_pool.py
[2023-08-24T23:45:21.927+0000] {processor.py:836} INFO - DAG(s) dict_keys(['19_pool.py']) retrieved from /opt/airflow/dags/19_pool.py
[2023-08-24T23:45:21.963+0000] {logging_mixin.py:150} INFO - [2023-08-24T23:45:21.963+0000] {dag.py:2742} INFO - Sync 1 DAGs
[2023-08-24T23:45:22.005+0000] {logging_mixin.py:150} INFO - [2023-08-24T23:45:22.005+0000] {dag.py:3508} INFO - Setting next_dagrun for 19_pool.py to None, run_after=None
[2023-08-24T23:45:22.047+0000] {processor.py:179} INFO - Processing /opt/airflow/dags/19_pool.py took 0.137 seconds
[2023-08-24T23:45:52.394+0000] {processor.py:157} INFO - Started process (PID=6664) to work on /opt/airflow/dags/19_pool.py
[2023-08-24T23:45:52.395+0000] {processor.py:826} INFO - Processing file /opt/airflow/dags/19_pool.py for tasks to queue
[2023-08-24T23:45:52.397+0000] {logging_mixin.py:150} INFO - [2023-08-24T23:45:52.396+0000] {dagbag.py:541} INFO - Filling up the DagBag from /opt/airflow/dags/19_pool.py
[2023-08-24T23:45:52.403+0000] {processor.py:836} INFO - DAG(s) dict_keys(['19_pool.py']) retrieved from /opt/airflow/dags/19_pool.py
[2023-08-24T23:45:52.436+0000] {logging_mixin.py:150} INFO - [2023-08-24T23:45:52.435+0000] {dag.py:2742} INFO - Sync 1 DAGs
[2023-08-24T23:45:52.469+0000] {logging_mixin.py:150} INFO - [2023-08-24T23:45:52.469+0000] {dag.py:3508} INFO - Setting next_dagrun for 19_pool.py to None, run_after=None
[2023-08-24T23:45:52.501+0000] {processor.py:179} INFO - Processing /opt/airflow/dags/19_pool.py took 0.110 seconds
[2023-08-24T23:46:23.065+0000] {processor.py:157} INFO - Started process (PID=6735) to work on /opt/airflow/dags/19_pool.py
[2023-08-24T23:46:23.066+0000] {processor.py:826} INFO - Processing file /opt/airflow/dags/19_pool.py for tasks to queue
[2023-08-24T23:46:23.067+0000] {logging_mixin.py:150} INFO - [2023-08-24T23:46:23.067+0000] {dagbag.py:541} INFO - Filling up the DagBag from /opt/airflow/dags/19_pool.py
[2023-08-24T23:46:23.075+0000] {processor.py:836} INFO - DAG(s) dict_keys(['19_pool.py']) retrieved from /opt/airflow/dags/19_pool.py
[2023-08-24T23:46:23.113+0000] {logging_mixin.py:150} INFO - [2023-08-24T23:46:23.112+0000] {dag.py:2742} INFO - Sync 1 DAGs
[2023-08-24T23:46:23.149+0000] {logging_mixin.py:150} INFO - [2023-08-24T23:46:23.149+0000] {dag.py:3508} INFO - Setting next_dagrun for 19_pool.py to None, run_after=None
[2023-08-24T23:46:23.182+0000] {processor.py:179} INFO - Processing /opt/airflow/dags/19_pool.py took 0.121 seconds
[2023-08-24T23:46:53.353+0000] {processor.py:157} INFO - Started process (PID=6806) to work on /opt/airflow/dags/19_pool.py
[2023-08-24T23:46:53.354+0000] {processor.py:826} INFO - Processing file /opt/airflow/dags/19_pool.py for tasks to queue
[2023-08-24T23:46:53.355+0000] {logging_mixin.py:150} INFO - [2023-08-24T23:46:53.355+0000] {dagbag.py:541} INFO - Filling up the DagBag from /opt/airflow/dags/19_pool.py
[2023-08-24T23:46:53.361+0000] {processor.py:836} INFO - DAG(s) dict_keys(['19_pool.py']) retrieved from /opt/airflow/dags/19_pool.py
[2023-08-24T23:46:53.393+0000] {logging_mixin.py:150} INFO - [2023-08-24T23:46:53.392+0000] {dag.py:2742} INFO - Sync 1 DAGs
[2023-08-24T23:46:53.435+0000] {logging_mixin.py:150} INFO - [2023-08-24T23:46:53.435+0000] {dag.py:3508} INFO - Setting next_dagrun for 19_pool.py to None, run_after=None
[2023-08-24T23:46:53.465+0000] {processor.py:179} INFO - Processing /opt/airflow/dags/19_pool.py took 0.116 seconds
[2023-08-24T23:47:23.962+0000] {processor.py:157} INFO - Started process (PID=6877) to work on /opt/airflow/dags/19_pool.py
[2023-08-24T23:47:23.963+0000] {processor.py:826} INFO - Processing file /opt/airflow/dags/19_pool.py for tasks to queue
[2023-08-24T23:47:23.964+0000] {logging_mixin.py:150} INFO - [2023-08-24T23:47:23.964+0000] {dagbag.py:541} INFO - Filling up the DagBag from /opt/airflow/dags/19_pool.py
[2023-08-24T23:47:23.976+0000] {processor.py:836} INFO - DAG(s) dict_keys(['19_pool.py']) retrieved from /opt/airflow/dags/19_pool.py
[2023-08-24T23:47:24.026+0000] {logging_mixin.py:150} INFO - [2023-08-24T23:47:24.026+0000] {dag.py:2742} INFO - Sync 1 DAGs
[2023-08-24T23:47:24.071+0000] {logging_mixin.py:150} INFO - [2023-08-24T23:47:24.071+0000] {dag.py:3508} INFO - Setting next_dagrun for 19_pool.py to None, run_after=None
[2023-08-24T23:47:24.134+0000] {processor.py:179} INFO - Processing /opt/airflow/dags/19_pool.py took 0.175 seconds
[2023-08-24T23:47:54.572+0000] {processor.py:157} INFO - Started process (PID=6948) to work on /opt/airflow/dags/19_pool.py
[2023-08-24T23:47:54.574+0000] {processor.py:826} INFO - Processing file /opt/airflow/dags/19_pool.py for tasks to queue
[2023-08-24T23:47:54.575+0000] {logging_mixin.py:150} INFO - [2023-08-24T23:47:54.575+0000] {dagbag.py:541} INFO - Filling up the DagBag from /opt/airflow/dags/19_pool.py
[2023-08-24T23:47:54.583+0000] {processor.py:836} INFO - DAG(s) dict_keys(['19_pool.py']) retrieved from /opt/airflow/dags/19_pool.py
[2023-08-24T23:47:54.621+0000] {logging_mixin.py:150} INFO - [2023-08-24T23:47:54.621+0000] {dag.py:2742} INFO - Sync 1 DAGs
[2023-08-24T23:47:54.656+0000] {logging_mixin.py:150} INFO - [2023-08-24T23:47:54.656+0000] {dag.py:3508} INFO - Setting next_dagrun for 19_pool.py to None, run_after=None
[2023-08-24T23:47:54.692+0000] {processor.py:179} INFO - Processing /opt/airflow/dags/19_pool.py took 0.124 seconds
[2023-08-24T23:48:25.459+0000] {processor.py:157} INFO - Started process (PID=7019) to work on /opt/airflow/dags/19_pool.py
[2023-08-24T23:48:25.669+0000] {processor.py:826} INFO - Processing file /opt/airflow/dags/19_pool.py for tasks to queue
[2023-08-24T23:48:25.671+0000] {logging_mixin.py:150} INFO - [2023-08-24T23:48:25.670+0000] {dagbag.py:541} INFO - Filling up the DagBag from /opt/airflow/dags/19_pool.py
[2023-08-24T23:48:25.678+0000] {processor.py:836} INFO - DAG(s) dict_keys(['19_pool.py']) retrieved from /opt/airflow/dags/19_pool.py
[2023-08-24T23:48:25.714+0000] {logging_mixin.py:150} INFO - [2023-08-24T23:48:25.714+0000] {dag.py:2742} INFO - Sync 1 DAGs
[2023-08-24T23:48:25.747+0000] {logging_mixin.py:150} INFO - [2023-08-24T23:48:25.747+0000] {dag.py:3508} INFO - Setting next_dagrun for 19_pool.py to None, run_after=None
[2023-08-24T23:48:25.789+0000] {processor.py:179} INFO - Processing /opt/airflow/dags/19_pool.py took 0.334 seconds
[2023-08-24T23:48:56.101+0000] {processor.py:157} INFO - Started process (PID=7090) to work on /opt/airflow/dags/19_pool.py
[2023-08-24T23:48:56.103+0000] {processor.py:826} INFO - Processing file /opt/airflow/dags/19_pool.py for tasks to queue
[2023-08-24T23:48:56.104+0000] {logging_mixin.py:150} INFO - [2023-08-24T23:48:56.104+0000] {dagbag.py:541} INFO - Filling up the DagBag from /opt/airflow/dags/19_pool.py
[2023-08-24T23:48:56.113+0000] {processor.py:836} INFO - DAG(s) dict_keys(['19_pool.py']) retrieved from /opt/airflow/dags/19_pool.py
[2023-08-24T23:48:56.159+0000] {logging_mixin.py:150} INFO - [2023-08-24T23:48:56.158+0000] {dag.py:2742} INFO - Sync 1 DAGs
[2023-08-24T23:48:56.197+0000] {logging_mixin.py:150} INFO - [2023-08-24T23:48:56.197+0000] {dag.py:3508} INFO - Setting next_dagrun for 19_pool.py to None, run_after=None
[2023-08-24T23:48:56.232+0000] {processor.py:179} INFO - Processing /opt/airflow/dags/19_pool.py took 0.136 seconds
[2023-08-24T23:49:26.364+0000] {processor.py:157} INFO - Started process (PID=7160) to work on /opt/airflow/dags/19_pool.py
[2023-08-24T23:49:26.365+0000] {processor.py:826} INFO - Processing file /opt/airflow/dags/19_pool.py for tasks to queue
[2023-08-24T23:49:26.366+0000] {logging_mixin.py:150} INFO - [2023-08-24T23:49:26.366+0000] {dagbag.py:541} INFO - Filling up the DagBag from /opt/airflow/dags/19_pool.py
[2023-08-24T23:49:26.373+0000] {processor.py:836} INFO - DAG(s) dict_keys(['19_pool.py']) retrieved from /opt/airflow/dags/19_pool.py
[2023-08-24T23:49:26.409+0000] {logging_mixin.py:150} INFO - [2023-08-24T23:49:26.409+0000] {dag.py:2742} INFO - Sync 1 DAGs
[2023-08-24T23:49:26.449+0000] {logging_mixin.py:150} INFO - [2023-08-24T23:49:26.448+0000] {dag.py:3508} INFO - Setting next_dagrun for 19_pool.py to None, run_after=None
[2023-08-24T23:49:26.482+0000] {processor.py:179} INFO - Processing /opt/airflow/dags/19_pool.py took 0.121 seconds
[2023-08-24T23:49:56.548+0000] {processor.py:157} INFO - Started process (PID=7231) to work on /opt/airflow/dags/19_pool.py
[2023-08-24T23:49:56.552+0000] {processor.py:826} INFO - Processing file /opt/airflow/dags/19_pool.py for tasks to queue
[2023-08-24T23:49:56.553+0000] {logging_mixin.py:150} INFO - [2023-08-24T23:49:56.553+0000] {dagbag.py:541} INFO - Filling up the DagBag from /opt/airflow/dags/19_pool.py
[2023-08-24T23:49:56.560+0000] {processor.py:836} INFO - DAG(s) dict_keys(['19_pool.py']) retrieved from /opt/airflow/dags/19_pool.py
[2023-08-24T23:49:56.600+0000] {logging_mixin.py:150} INFO - [2023-08-24T23:49:56.599+0000] {dag.py:2742} INFO - Sync 1 DAGs
[2023-08-24T23:49:56.639+0000] {logging_mixin.py:150} INFO - [2023-08-24T23:49:56.638+0000] {dag.py:3508} INFO - Setting next_dagrun for 19_pool.py to None, run_after=None
[2023-08-24T23:49:56.670+0000] {processor.py:179} INFO - Processing /opt/airflow/dags/19_pool.py took 0.126 seconds
[2023-08-24T23:50:26.951+0000] {processor.py:157} INFO - Started process (PID=7302) to work on /opt/airflow/dags/19_pool.py
[2023-08-24T23:50:26.956+0000] {processor.py:826} INFO - Processing file /opt/airflow/dags/19_pool.py for tasks to queue
[2023-08-24T23:50:26.957+0000] {logging_mixin.py:150} INFO - [2023-08-24T23:50:26.957+0000] {dagbag.py:541} INFO - Filling up the DagBag from /opt/airflow/dags/19_pool.py
[2023-08-24T23:50:26.964+0000] {processor.py:836} INFO - DAG(s) dict_keys(['19_pool.py']) retrieved from /opt/airflow/dags/19_pool.py
[2023-08-24T23:50:26.995+0000] {logging_mixin.py:150} INFO - [2023-08-24T23:50:26.995+0000] {dag.py:2742} INFO - Sync 1 DAGs
[2023-08-24T23:50:27.030+0000] {logging_mixin.py:150} INFO - [2023-08-24T23:50:27.029+0000] {dag.py:3508} INFO - Setting next_dagrun for 19_pool.py to None, run_after=None
[2023-08-24T23:50:27.061+0000] {processor.py:179} INFO - Processing /opt/airflow/dags/19_pool.py took 0.113 seconds
[2023-08-24T23:50:57.104+0000] {processor.py:157} INFO - Started process (PID=7373) to work on /opt/airflow/dags/19_pool.py
[2023-08-24T23:50:57.111+0000] {processor.py:826} INFO - Processing file /opt/airflow/dags/19_pool.py for tasks to queue
[2023-08-24T23:50:57.112+0000] {logging_mixin.py:150} INFO - [2023-08-24T23:50:57.112+0000] {dagbag.py:541} INFO - Filling up the DagBag from /opt/airflow/dags/19_pool.py
[2023-08-24T23:50:57.121+0000] {processor.py:836} INFO - DAG(s) dict_keys(['19_pool.py']) retrieved from /opt/airflow/dags/19_pool.py
[2023-08-24T23:50:57.151+0000] {logging_mixin.py:150} INFO - [2023-08-24T23:50:57.151+0000] {dag.py:2742} INFO - Sync 1 DAGs
[2023-08-24T23:50:57.183+0000] {logging_mixin.py:150} INFO - [2023-08-24T23:50:57.183+0000] {dag.py:3508} INFO - Setting next_dagrun for 19_pool.py to None, run_after=None
[2023-08-24T23:50:57.213+0000] {processor.py:179} INFO - Processing /opt/airflow/dags/19_pool.py took 0.113 seconds
[2023-08-24T23:51:27.642+0000] {processor.py:157} INFO - Started process (PID=7444) to work on /opt/airflow/dags/19_pool.py
[2023-08-24T23:51:27.648+0000] {processor.py:826} INFO - Processing file /opt/airflow/dags/19_pool.py for tasks to queue
[2023-08-24T23:51:27.649+0000] {logging_mixin.py:150} INFO - [2023-08-24T23:51:27.649+0000] {dagbag.py:541} INFO - Filling up the DagBag from /opt/airflow/dags/19_pool.py
[2023-08-24T23:51:27.657+0000] {processor.py:836} INFO - DAG(s) dict_keys(['19_pool.py']) retrieved from /opt/airflow/dags/19_pool.py
[2023-08-24T23:51:27.686+0000] {logging_mixin.py:150} INFO - [2023-08-24T23:51:27.686+0000] {dag.py:2742} INFO - Sync 1 DAGs
[2023-08-24T23:51:27.718+0000] {logging_mixin.py:150} INFO - [2023-08-24T23:51:27.718+0000] {dag.py:3508} INFO - Setting next_dagrun for 19_pool.py to None, run_after=None
[2023-08-24T23:51:27.751+0000] {processor.py:179} INFO - Processing /opt/airflow/dags/19_pool.py took 0.112 seconds
[2023-08-24T23:51:58.332+0000] {processor.py:157} INFO - Started process (PID=7515) to work on /opt/airflow/dags/19_pool.py
[2023-08-24T23:51:58.333+0000] {processor.py:826} INFO - Processing file /opt/airflow/dags/19_pool.py for tasks to queue
[2023-08-24T23:51:58.334+0000] {logging_mixin.py:150} INFO - [2023-08-24T23:51:58.334+0000] {dagbag.py:541} INFO - Filling up the DagBag from /opt/airflow/dags/19_pool.py
[2023-08-24T23:51:58.341+0000] {processor.py:836} INFO - DAG(s) dict_keys(['19_pool.py']) retrieved from /opt/airflow/dags/19_pool.py
[2023-08-24T23:51:58.370+0000] {logging_mixin.py:150} INFO - [2023-08-24T23:51:58.370+0000] {dag.py:2742} INFO - Sync 1 DAGs
[2023-08-24T23:51:58.404+0000] {logging_mixin.py:150} INFO - [2023-08-24T23:51:58.403+0000] {dag.py:3508} INFO - Setting next_dagrun for 19_pool.py to None, run_after=None
[2023-08-24T23:51:58.434+0000] {processor.py:179} INFO - Processing /opt/airflow/dags/19_pool.py took 0.105 seconds
[2023-08-24T23:52:29.059+0000] {processor.py:157} INFO - Started process (PID=7586) to work on /opt/airflow/dags/19_pool.py
[2023-08-24T23:52:29.065+0000] {processor.py:826} INFO - Processing file /opt/airflow/dags/19_pool.py for tasks to queue
[2023-08-24T23:52:29.066+0000] {logging_mixin.py:150} INFO - [2023-08-24T23:52:29.066+0000] {dagbag.py:541} INFO - Filling up the DagBag from /opt/airflow/dags/19_pool.py
[2023-08-24T23:52:29.075+0000] {processor.py:836} INFO - DAG(s) dict_keys(['19_pool.py']) retrieved from /opt/airflow/dags/19_pool.py
[2023-08-24T23:52:29.107+0000] {logging_mixin.py:150} INFO - [2023-08-24T23:52:29.106+0000] {dag.py:2742} INFO - Sync 1 DAGs
[2023-08-24T23:52:29.148+0000] {logging_mixin.py:150} INFO - [2023-08-24T23:52:29.147+0000] {dag.py:3508} INFO - Setting next_dagrun for 19_pool.py to None, run_after=None
[2023-08-24T23:52:29.180+0000] {processor.py:179} INFO - Processing /opt/airflow/dags/19_pool.py took 0.123 seconds
[2023-08-24T23:52:59.760+0000] {processor.py:157} INFO - Started process (PID=7657) to work on /opt/airflow/dags/19_pool.py
[2023-08-24T23:52:59.762+0000] {processor.py:826} INFO - Processing file /opt/airflow/dags/19_pool.py for tasks to queue
[2023-08-24T23:52:59.763+0000] {logging_mixin.py:150} INFO - [2023-08-24T23:52:59.763+0000] {dagbag.py:541} INFO - Filling up the DagBag from /opt/airflow/dags/19_pool.py
[2023-08-24T23:52:59.769+0000] {processor.py:836} INFO - DAG(s) dict_keys(['19_pool.py']) retrieved from /opt/airflow/dags/19_pool.py
[2023-08-24T23:52:59.800+0000] {logging_mixin.py:150} INFO - [2023-08-24T23:52:59.799+0000] {dag.py:2742} INFO - Sync 1 DAGs
[2023-08-24T23:52:59.831+0000] {logging_mixin.py:150} INFO - [2023-08-24T23:52:59.831+0000] {dag.py:3508} INFO - Setting next_dagrun for 19_pool.py to None, run_after=None
[2023-08-24T23:52:59.867+0000] {processor.py:179} INFO - Processing /opt/airflow/dags/19_pool.py took 0.110 seconds
[2023-08-24T23:53:30.535+0000] {processor.py:157} INFO - Started process (PID=7735) to work on /opt/airflow/dags/19_pool.py
[2023-08-24T23:53:30.536+0000] {processor.py:826} INFO - Processing file /opt/airflow/dags/19_pool.py for tasks to queue
[2023-08-24T23:53:30.537+0000] {logging_mixin.py:150} INFO - [2023-08-24T23:53:30.537+0000] {dagbag.py:541} INFO - Filling up the DagBag from /opt/airflow/dags/19_pool.py
[2023-08-24T23:53:30.546+0000] {processor.py:836} INFO - DAG(s) dict_keys(['19_pool.py']) retrieved from /opt/airflow/dags/19_pool.py
[2023-08-24T23:53:30.576+0000] {logging_mixin.py:150} INFO - [2023-08-24T23:53:30.575+0000] {dag.py:2742} INFO - Sync 1 DAGs
[2023-08-24T23:53:30.606+0000] {logging_mixin.py:150} INFO - [2023-08-24T23:53:30.605+0000] {dag.py:3508} INFO - Setting next_dagrun for 19_pool.py to None, run_after=None
[2023-08-24T23:53:30.633+0000] {processor.py:179} INFO - Processing /opt/airflow/dags/19_pool.py took 0.102 seconds
[2023-08-24T23:54:01.408+0000] {processor.py:157} INFO - Started process (PID=7806) to work on /opt/airflow/dags/19_pool.py
[2023-08-24T23:54:01.414+0000] {processor.py:826} INFO - Processing file /opt/airflow/dags/19_pool.py for tasks to queue
[2023-08-24T23:54:01.415+0000] {logging_mixin.py:150} INFO - [2023-08-24T23:54:01.414+0000] {dagbag.py:541} INFO - Filling up the DagBag from /opt/airflow/dags/19_pool.py
[2023-08-24T23:54:01.422+0000] {processor.py:836} INFO - DAG(s) dict_keys(['19_pool.py']) retrieved from /opt/airflow/dags/19_pool.py
[2023-08-24T23:54:01.455+0000] {logging_mixin.py:150} INFO - [2023-08-24T23:54:01.455+0000] {dag.py:2742} INFO - Sync 1 DAGs
[2023-08-24T23:54:01.490+0000] {logging_mixin.py:150} INFO - [2023-08-24T23:54:01.489+0000] {dag.py:3508} INFO - Setting next_dagrun for 19_pool.py to None, run_after=None
[2023-08-24T23:54:01.515+0000] {processor.py:179} INFO - Processing /opt/airflow/dags/19_pool.py took 0.110 seconds
[2023-08-24T23:54:31.727+0000] {processor.py:157} INFO - Started process (PID=7877) to work on /opt/airflow/dags/19_pool.py
[2023-08-24T23:54:31.729+0000] {processor.py:826} INFO - Processing file /opt/airflow/dags/19_pool.py for tasks to queue
[2023-08-24T23:54:31.730+0000] {logging_mixin.py:150} INFO - [2023-08-24T23:54:31.729+0000] {dagbag.py:541} INFO - Filling up the DagBag from /opt/airflow/dags/19_pool.py
[2023-08-24T23:54:31.739+0000] {processor.py:836} INFO - DAG(s) dict_keys(['19_pool.py']) retrieved from /opt/airflow/dags/19_pool.py
[2023-08-24T23:54:31.771+0000] {logging_mixin.py:150} INFO - [2023-08-24T23:54:31.771+0000] {dag.py:2742} INFO - Sync 1 DAGs
[2023-08-24T23:54:31.804+0000] {logging_mixin.py:150} INFO - [2023-08-24T23:54:31.804+0000] {dag.py:3508} INFO - Setting next_dagrun for 19_pool.py to None, run_after=None
[2023-08-24T23:54:31.833+0000] {processor.py:179} INFO - Processing /opt/airflow/dags/19_pool.py took 0.110 seconds
[2023-08-24T23:55:01.862+0000] {processor.py:157} INFO - Started process (PID=7948) to work on /opt/airflow/dags/19_pool.py
[2023-08-24T23:55:01.868+0000] {processor.py:826} INFO - Processing file /opt/airflow/dags/19_pool.py for tasks to queue
[2023-08-24T23:55:01.869+0000] {logging_mixin.py:150} INFO - [2023-08-24T23:55:01.869+0000] {dagbag.py:541} INFO - Filling up the DagBag from /opt/airflow/dags/19_pool.py
[2023-08-24T23:55:01.876+0000] {processor.py:836} INFO - DAG(s) dict_keys(['19_pool.py']) retrieved from /opt/airflow/dags/19_pool.py
[2023-08-24T23:55:01.906+0000] {logging_mixin.py:150} INFO - [2023-08-24T23:55:01.906+0000] {dag.py:2742} INFO - Sync 1 DAGs
[2023-08-24T23:55:01.935+0000] {logging_mixin.py:150} INFO - [2023-08-24T23:55:01.935+0000] {dag.py:3508} INFO - Setting next_dagrun for 19_pool.py to None, run_after=None
[2023-08-24T23:55:01.965+0000] {processor.py:179} INFO - Processing /opt/airflow/dags/19_pool.py took 0.106 seconds
[2023-08-24T23:55:32.470+0000] {processor.py:157} INFO - Started process (PID=8019) to work on /opt/airflow/dags/19_pool.py
[2023-08-24T23:55:32.472+0000] {processor.py:826} INFO - Processing file /opt/airflow/dags/19_pool.py for tasks to queue
[2023-08-24T23:55:32.473+0000] {logging_mixin.py:150} INFO - [2023-08-24T23:55:32.473+0000] {dagbag.py:541} INFO - Filling up the DagBag from /opt/airflow/dags/19_pool.py
[2023-08-24T23:55:32.480+0000] {processor.py:836} INFO - DAG(s) dict_keys(['19_pool.py']) retrieved from /opt/airflow/dags/19_pool.py
[2023-08-24T23:55:32.510+0000] {logging_mixin.py:150} INFO - [2023-08-24T23:55:32.509+0000] {dag.py:2742} INFO - Sync 1 DAGs
[2023-08-24T23:55:32.539+0000] {logging_mixin.py:150} INFO - [2023-08-24T23:55:32.539+0000] {dag.py:3508} INFO - Setting next_dagrun for 19_pool.py to None, run_after=None
[2023-08-24T23:55:32.569+0000] {processor.py:179} INFO - Processing /opt/airflow/dags/19_pool.py took 0.103 seconds
[2023-08-24T23:56:02.943+0000] {processor.py:157} INFO - Started process (PID=8091) to work on /opt/airflow/dags/19_pool.py
[2023-08-24T23:56:02.949+0000] {processor.py:826} INFO - Processing file /opt/airflow/dags/19_pool.py for tasks to queue
[2023-08-24T23:56:02.950+0000] {logging_mixin.py:150} INFO - [2023-08-24T23:56:02.950+0000] {dagbag.py:541} INFO - Filling up the DagBag from /opt/airflow/dags/19_pool.py
[2023-08-24T23:56:02.957+0000] {processor.py:836} INFO - DAG(s) dict_keys(['19_pool.py']) retrieved from /opt/airflow/dags/19_pool.py
[2023-08-24T23:56:02.998+0000] {logging_mixin.py:150} INFO - [2023-08-24T23:56:02.998+0000] {dag.py:2742} INFO - Sync 1 DAGs
[2023-08-24T23:56:03.042+0000] {logging_mixin.py:150} INFO - [2023-08-24T23:56:03.042+0000] {dag.py:3508} INFO - Setting next_dagrun for 19_pool.py to None, run_after=None
[2023-08-24T23:56:03.075+0000] {processor.py:179} INFO - Processing /opt/airflow/dags/19_pool.py took 0.136 seconds
[2023-08-24T23:56:33.459+0000] {processor.py:157} INFO - Started process (PID=8162) to work on /opt/airflow/dags/19_pool.py
[2023-08-24T23:56:33.460+0000] {processor.py:826} INFO - Processing file /opt/airflow/dags/19_pool.py for tasks to queue
[2023-08-24T23:56:33.461+0000] {logging_mixin.py:150} INFO - [2023-08-24T23:56:33.460+0000] {dagbag.py:541} INFO - Filling up the DagBag from /opt/airflow/dags/19_pool.py
[2023-08-24T23:56:33.467+0000] {processor.py:836} INFO - DAG(s) dict_keys(['19_pool.py']) retrieved from /opt/airflow/dags/19_pool.py
[2023-08-24T23:56:33.496+0000] {logging_mixin.py:150} INFO - [2023-08-24T23:56:33.496+0000] {dag.py:2742} INFO - Sync 1 DAGs
[2023-08-24T23:56:33.528+0000] {logging_mixin.py:150} INFO - [2023-08-24T23:56:33.527+0000] {dag.py:3508} INFO - Setting next_dagrun for 19_pool.py to None, run_after=None
[2023-08-24T23:56:33.563+0000] {processor.py:179} INFO - Processing /opt/airflow/dags/19_pool.py took 0.107 seconds
[2023-08-24T23:57:04.385+0000] {processor.py:157} INFO - Started process (PID=8233) to work on /opt/airflow/dags/19_pool.py
[2023-08-24T23:57:04.386+0000] {processor.py:826} INFO - Processing file /opt/airflow/dags/19_pool.py for tasks to queue
[2023-08-24T23:57:04.387+0000] {logging_mixin.py:150} INFO - [2023-08-24T23:57:04.387+0000] {dagbag.py:541} INFO - Filling up the DagBag from /opt/airflow/dags/19_pool.py
[2023-08-24T23:57:04.395+0000] {processor.py:836} INFO - DAG(s) dict_keys(['19_pool.py']) retrieved from /opt/airflow/dags/19_pool.py
[2023-08-24T23:57:04.428+0000] {logging_mixin.py:150} INFO - [2023-08-24T23:57:04.427+0000] {dag.py:2742} INFO - Sync 1 DAGs
[2023-08-24T23:57:04.460+0000] {logging_mixin.py:150} INFO - [2023-08-24T23:57:04.460+0000] {dag.py:3508} INFO - Setting next_dagrun for 19_pool.py to None, run_after=None
[2023-08-24T23:57:04.489+0000] {processor.py:179} INFO - Processing /opt/airflow/dags/19_pool.py took 0.107 seconds
[2023-08-24T23:57:35.142+0000] {processor.py:157} INFO - Started process (PID=8304) to work on /opt/airflow/dags/19_pool.py
[2023-08-24T23:57:35.143+0000] {processor.py:826} INFO - Processing file /opt/airflow/dags/19_pool.py for tasks to queue
[2023-08-24T23:57:35.144+0000] {logging_mixin.py:150} INFO - [2023-08-24T23:57:35.144+0000] {dagbag.py:541} INFO - Filling up the DagBag from /opt/airflow/dags/19_pool.py
[2023-08-24T23:57:35.151+0000] {processor.py:836} INFO - DAG(s) dict_keys(['19_pool.py']) retrieved from /opt/airflow/dags/19_pool.py
[2023-08-24T23:57:35.181+0000] {logging_mixin.py:150} INFO - [2023-08-24T23:57:35.181+0000] {dag.py:2742} INFO - Sync 1 DAGs
[2023-08-24T23:57:35.211+0000] {logging_mixin.py:150} INFO - [2023-08-24T23:57:35.210+0000] {dag.py:3508} INFO - Setting next_dagrun for 19_pool.py to None, run_after=None
[2023-08-24T23:57:35.245+0000] {processor.py:179} INFO - Processing /opt/airflow/dags/19_pool.py took 0.107 seconds
[2023-08-24T23:58:05.720+0000] {processor.py:157} INFO - Started process (PID=8375) to work on /opt/airflow/dags/19_pool.py
[2023-08-24T23:58:05.726+0000] {processor.py:826} INFO - Processing file /opt/airflow/dags/19_pool.py for tasks to queue
[2023-08-24T23:58:05.727+0000] {logging_mixin.py:150} INFO - [2023-08-24T23:58:05.726+0000] {dagbag.py:541} INFO - Filling up the DagBag from /opt/airflow/dags/19_pool.py
[2023-08-24T23:58:05.733+0000] {processor.py:836} INFO - DAG(s) dict_keys(['19_pool.py']) retrieved from /opt/airflow/dags/19_pool.py
[2023-08-24T23:58:05.768+0000] {logging_mixin.py:150} INFO - [2023-08-24T23:58:05.768+0000] {dag.py:2742} INFO - Sync 1 DAGs
[2023-08-24T23:58:05.805+0000] {logging_mixin.py:150} INFO - [2023-08-24T23:58:05.805+0000] {dag.py:3508} INFO - Setting next_dagrun for 19_pool.py to None, run_after=None
[2023-08-24T23:58:05.835+0000] {processor.py:179} INFO - Processing /opt/airflow/dags/19_pool.py took 0.119 seconds
[2023-08-24T23:58:36.416+0000] {processor.py:157} INFO - Started process (PID=8446) to work on /opt/airflow/dags/19_pool.py
[2023-08-24T23:58:36.423+0000] {processor.py:826} INFO - Processing file /opt/airflow/dags/19_pool.py for tasks to queue
[2023-08-24T23:58:36.423+0000] {logging_mixin.py:150} INFO - [2023-08-24T23:58:36.423+0000] {dagbag.py:541} INFO - Filling up the DagBag from /opt/airflow/dags/19_pool.py
[2023-08-24T23:58:36.430+0000] {processor.py:836} INFO - DAG(s) dict_keys(['19_pool.py']) retrieved from /opt/airflow/dags/19_pool.py
[2023-08-24T23:58:36.459+0000] {logging_mixin.py:150} INFO - [2023-08-24T23:58:36.459+0000] {dag.py:2742} INFO - Sync 1 DAGs
[2023-08-24T23:58:36.489+0000] {logging_mixin.py:150} INFO - [2023-08-24T23:58:36.489+0000] {dag.py:3508} INFO - Setting next_dagrun for 19_pool.py to None, run_after=None
[2023-08-24T23:58:36.520+0000] {processor.py:179} INFO - Processing /opt/airflow/dags/19_pool.py took 0.107 seconds
[2023-08-24T23:59:07.192+0000] {processor.py:157} INFO - Started process (PID=8517) to work on /opt/airflow/dags/19_pool.py
[2023-08-24T23:59:07.198+0000] {processor.py:826} INFO - Processing file /opt/airflow/dags/19_pool.py for tasks to queue
[2023-08-24T23:59:07.199+0000] {logging_mixin.py:150} INFO - [2023-08-24T23:59:07.198+0000] {dagbag.py:541} INFO - Filling up the DagBag from /opt/airflow/dags/19_pool.py
[2023-08-24T23:59:07.207+0000] {processor.py:836} INFO - DAG(s) dict_keys(['19_pool.py']) retrieved from /opt/airflow/dags/19_pool.py
[2023-08-24T23:59:07.238+0000] {logging_mixin.py:150} INFO - [2023-08-24T23:59:07.238+0000] {dag.py:2742} INFO - Sync 1 DAGs
[2023-08-24T23:59:07.277+0000] {logging_mixin.py:150} INFO - [2023-08-24T23:59:07.277+0000] {dag.py:3508} INFO - Setting next_dagrun for 19_pool.py to None, run_after=None
[2023-08-24T23:59:07.308+0000] {processor.py:179} INFO - Processing /opt/airflow/dags/19_pool.py took 0.119 seconds
[2023-08-24T23:59:37.955+0000] {processor.py:157} INFO - Started process (PID=8588) to work on /opt/airflow/dags/19_pool.py
[2023-08-24T23:59:37.955+0000] {processor.py:826} INFO - Processing file /opt/airflow/dags/19_pool.py for tasks to queue
[2023-08-24T23:59:37.956+0000] {logging_mixin.py:150} INFO - [2023-08-24T23:59:37.956+0000] {dagbag.py:541} INFO - Filling up the DagBag from /opt/airflow/dags/19_pool.py
[2023-08-24T23:59:37.963+0000] {processor.py:836} INFO - DAG(s) dict_keys(['19_pool.py']) retrieved from /opt/airflow/dags/19_pool.py
[2023-08-24T23:59:37.997+0000] {logging_mixin.py:150} INFO - [2023-08-24T23:59:37.997+0000] {dag.py:2742} INFO - Sync 1 DAGs
[2023-08-24T23:59:38.028+0000] {logging_mixin.py:150} INFO - [2023-08-24T23:59:38.028+0000] {dag.py:3508} INFO - Setting next_dagrun for 19_pool.py to None, run_after=None
[2023-08-24T23:59:38.058+0000] {processor.py:179} INFO - Processing /opt/airflow/dags/19_pool.py took 0.106 seconds
