[2023-08-18T04:56:50.846+0000] {taskinstance.py:1103} INFO - Dependencies all met for dep_context=non-requeueable deps ti=<TaskInstance: dags_external_task_sensor.external_task_sensor_b manual__2023-08-18T04:55:47.721833+00:00 [queued]>
[2023-08-18T04:56:50.863+0000] {taskinstance.py:1103} INFO - Dependencies all met for dep_context=requeueable deps ti=<TaskInstance: dags_external_task_sensor.external_task_sensor_b manual__2023-08-18T04:55:47.721833+00:00 [queued]>
[2023-08-18T04:56:50.864+0000] {taskinstance.py:1308} INFO - Starting attempt 2 of 2
[2023-08-18T04:56:50.896+0000] {taskinstance.py:1327} INFO - Executing <Task(ExternalTaskSensor): external_task_sensor_b> on 2023-08-18 04:55:47.721833+00:00
[2023-08-18T04:56:50.909+0000] {standard_task_runner.py:57} INFO - Started process 2618 to run task
[2023-08-18T04:56:50.914+0000] {standard_task_runner.py:84} INFO - Running: ['***', 'tasks', 'run', 'dags_external_task_sensor', 'external_task_sensor_b', 'manual__2023-08-18T04:55:47.721833+00:00', '--job-id', '39', '--raw', '--subdir', 'DAGS_FOLDER/dags_external_task_sensor.py', '--cfg-path', '/tmp/tmp8w8s4p0l']
[2023-08-18T04:56:50.915+0000] {standard_task_runner.py:85} INFO - Job 39: Subtask external_task_sensor_b
[2023-08-18T04:56:50.977+0000] {task_command.py:410} INFO - Running <TaskInstance: dags_external_task_sensor.external_task_sensor_b manual__2023-08-18T04:55:47.721833+00:00 [running]> on host 05c492c53b17
[2023-08-18T04:56:51.078+0000] {taskinstance.py:1547} INFO - Exporting env vars: AIRFLOW_CTX_DAG_OWNER='***' AIRFLOW_CTX_DAG_ID='dags_external_task_sensor' AIRFLOW_CTX_TASK_ID='external_task_sensor_b' AIRFLOW_CTX_EXECUTION_DATE='2023-08-18T04:55:47.721833+00:00' AIRFLOW_CTX_TRY_NUMBER='2' AIRFLOW_CTX_DAG_RUN_ID='manual__2023-08-18T04:55:47.721833+00:00'
[2023-08-18T04:56:51.081+0000] {external_task.py:236} INFO - Poking for tasks ['task_b'] in dag dags_branch_python_operator on 2023-08-17T22:55:47.721833+00:00 ... 
[2023-08-18T04:57:01.097+0000] {external_task.py:236} INFO - Poking for tasks ['task_b'] in dag dags_branch_python_operator on 2023-08-17T22:55:47.721833+00:00 ... 
[2023-08-18T04:57:11.116+0000] {external_task.py:236} INFO - Poking for tasks ['task_b'] in dag dags_branch_python_operator on 2023-08-17T22:55:47.721833+00:00 ... 
[2023-08-18T04:57:21.136+0000] {external_task.py:236} INFO - Poking for tasks ['task_b'] in dag dags_branch_python_operator on 2023-08-17T22:55:47.721833+00:00 ... 
[2023-08-18T04:57:31.156+0000] {external_task.py:236} INFO - Poking for tasks ['task_b'] in dag dags_branch_python_operator on 2023-08-17T22:55:47.721833+00:00 ... 
[2023-08-18T04:57:41.176+0000] {external_task.py:236} INFO - Poking for tasks ['task_b'] in dag dags_branch_python_operator on 2023-08-17T22:55:47.721833+00:00 ... 
[2023-08-18T04:57:51.196+0000] {external_task.py:236} INFO - Poking for tasks ['task_b'] in dag dags_branch_python_operator on 2023-08-17T22:55:47.721833+00:00 ... 
[2023-08-18T04:58:01.216+0000] {external_task.py:236} INFO - Poking for tasks ['task_b'] in dag dags_branch_python_operator on 2023-08-17T22:55:47.721833+00:00 ... 
[2023-08-18T04:58:11.236+0000] {external_task.py:236} INFO - Poking for tasks ['task_b'] in dag dags_branch_python_operator on 2023-08-17T22:55:47.721833+00:00 ... 
[2023-08-18T04:58:21.256+0000] {external_task.py:236} INFO - Poking for tasks ['task_b'] in dag dags_branch_python_operator on 2023-08-17T22:55:47.721833+00:00 ... 
[2023-08-18T04:58:31.286+0000] {external_task.py:236} INFO - Poking for tasks ['task_b'] in dag dags_branch_python_operator on 2023-08-17T22:55:47.721833+00:00 ... 
[2023-08-18T04:58:41.306+0000] {external_task.py:236} INFO - Poking for tasks ['task_b'] in dag dags_branch_python_operator on 2023-08-17T22:55:47.721833+00:00 ... 
[2023-08-18T04:58:51.326+0000] {external_task.py:236} INFO - Poking for tasks ['task_b'] in dag dags_branch_python_operator on 2023-08-17T22:55:47.721833+00:00 ... 
[2023-08-18T04:58:57.129+0000] {local_task_job_runner.py:292} WARNING - State of this instance has been externally set to queued. Terminating instance.
[2023-08-18T04:58:57.133+0000] {process_utils.py:135} INFO - Sending Signals.SIGTERM to group 2618. PIDs of all processes in the group: [2618]
[2023-08-18T04:58:57.133+0000] {process_utils.py:86} INFO - Sending the signal Signals.SIGTERM to group 2618
[2023-08-18T04:58:57.134+0000] {taskinstance.py:1517} ERROR - Received SIGTERM. Terminating subprocesses.
[2023-08-18T04:58:57.160+0000] {taskinstance.py:1824} ERROR - Task failed with exception
Traceback (most recent call last):
  File "/home/airflow/.local/lib/python3.7/site-packages/airflow/sensors/base.py", line 253, in execute
    time.sleep(self._get_next_poke_interval(started_at, run_duration, try_number))
  File "/home/airflow/.local/lib/python3.7/site-packages/airflow/models/taskinstance.py", line 1519, in signal_handler
    raise AirflowException("Task received SIGTERM signal")
airflow.exceptions.AirflowException: Task received SIGTERM signal
[2023-08-18T04:58:57.172+0000] {taskinstance.py:1350} INFO - Marking task as FAILED. dag_id=dags_external_task_sensor, task_id=external_task_sensor_b, execution_date=20230818T045547, start_date=20230818T045650, end_date=20230818T045857
[2023-08-18T04:58:57.240+0000] {standard_task_runner.py:109} ERROR - Failed to execute job 39 for task external_task_sensor_b (Task received SIGTERM signal; 2618)
[2023-08-18T04:58:57.272+0000] {process_utils.py:79} INFO - Process psutil.Process(pid=2618, status='terminated', exitcode=1, started='04:56:50') (2618) terminated with exit code 1
