[2023-08-18T05:03:06.408+0000] {taskinstance.py:1103} INFO - Dependencies all met for dep_context=non-requeueable deps ti=<TaskInstance: dags_external_task_sensor.external_task_sensor_b manual__2023-08-18T04:59:34.067502+00:00 [queued]>
[2023-08-18T05:03:06.423+0000] {taskinstance.py:1103} INFO - Dependencies all met for dep_context=requeueable deps ti=<TaskInstance: dags_external_task_sensor.external_task_sensor_b manual__2023-08-18T04:59:34.067502+00:00 [queued]>
[2023-08-18T05:03:06.423+0000] {taskinstance.py:1308} INFO - Starting attempt 2 of 2
[2023-08-18T05:03:06.454+0000] {taskinstance.py:1327} INFO - Executing <Task(ExternalTaskSensor): external_task_sensor_b> on 2023-08-18 04:59:34.067502+00:00
[2023-08-18T05:03:06.466+0000] {standard_task_runner.py:57} INFO - Started process 2771 to run task
[2023-08-18T05:03:06.471+0000] {standard_task_runner.py:84} INFO - Running: ['***', 'tasks', 'run', 'dags_external_task_sensor', 'external_task_sensor_b', 'manual__2023-08-18T04:59:34.067502+00:00', '--job-id', '54', '--raw', '--subdir', 'DAGS_FOLDER/dags_external_task_sensor.py', '--cfg-path', '/tmp/tmpjac_if32']
[2023-08-18T05:03:06.472+0000] {standard_task_runner.py:85} INFO - Job 54: Subtask external_task_sensor_b
[2023-08-18T05:03:06.539+0000] {task_command.py:410} INFO - Running <TaskInstance: dags_external_task_sensor.external_task_sensor_b manual__2023-08-18T04:59:34.067502+00:00 [running]> on host 05c492c53b17
[2023-08-18T05:03:06.659+0000] {taskinstance.py:1547} INFO - Exporting env vars: AIRFLOW_CTX_DAG_OWNER='***' AIRFLOW_CTX_DAG_ID='dags_external_task_sensor' AIRFLOW_CTX_TASK_ID='external_task_sensor_b' AIRFLOW_CTX_EXECUTION_DATE='2023-08-18T04:59:34.067502+00:00' AIRFLOW_CTX_TRY_NUMBER='2' AIRFLOW_CTX_DAG_RUN_ID='manual__2023-08-18T04:59:34.067502+00:00'
[2023-08-18T05:03:06.660+0000] {external_task.py:236} INFO - Poking for tasks ['task_b'] in dag dags_branch_python_operator on 2023-08-17T22:59:34.067502+00:00 ... 
[2023-08-18T05:03:16.686+0000] {external_task.py:236} INFO - Poking for tasks ['task_b'] in dag dags_branch_python_operator on 2023-08-17T22:59:34.067502+00:00 ... 
[2023-08-18T05:03:26.709+0000] {external_task.py:236} INFO - Poking for tasks ['task_b'] in dag dags_branch_python_operator on 2023-08-17T22:59:34.067502+00:00 ... 
[2023-08-18T05:03:36.726+0000] {external_task.py:236} INFO - Poking for tasks ['task_b'] in dag dags_branch_python_operator on 2023-08-17T22:59:34.067502+00:00 ... 
[2023-08-18T05:03:46.756+0000] {external_task.py:236} INFO - Poking for tasks ['task_b'] in dag dags_branch_python_operator on 2023-08-17T22:59:34.067502+00:00 ... 
[2023-08-18T05:03:56.779+0000] {external_task.py:236} INFO - Poking for tasks ['task_b'] in dag dags_branch_python_operator on 2023-08-17T22:59:34.067502+00:00 ... 
[2023-08-18T05:04:06.806+0000] {external_task.py:236} INFO - Poking for tasks ['task_b'] in dag dags_branch_python_operator on 2023-08-17T22:59:34.067502+00:00 ... 
[2023-08-18T05:04:16.826+0000] {external_task.py:236} INFO - Poking for tasks ['task_b'] in dag dags_branch_python_operator on 2023-08-17T22:59:34.067502+00:00 ... 
[2023-08-18T05:04:26.850+0000] {external_task.py:236} INFO - Poking for tasks ['task_b'] in dag dags_branch_python_operator on 2023-08-17T22:59:34.067502+00:00 ... 
[2023-08-18T05:04:36.876+0000] {external_task.py:236} INFO - Poking for tasks ['task_b'] in dag dags_branch_python_operator on 2023-08-17T22:59:34.067502+00:00 ... 
[2023-08-18T05:04:46.906+0000] {external_task.py:236} INFO - Poking for tasks ['task_b'] in dag dags_branch_python_operator on 2023-08-17T22:59:34.067502+00:00 ... 
[2023-08-18T05:04:56.926+0000] {external_task.py:236} INFO - Poking for tasks ['task_b'] in dag dags_branch_python_operator on 2023-08-17T22:59:34.067502+00:00 ... 
[2023-08-18T05:05:06.946+0000] {external_task.py:236} INFO - Poking for tasks ['task_b'] in dag dags_branch_python_operator on 2023-08-17T22:59:34.067502+00:00 ... 
[2023-08-18T05:05:16.966+0000] {external_task.py:236} INFO - Poking for tasks ['task_b'] in dag dags_branch_python_operator on 2023-08-17T22:59:34.067502+00:00 ... 
[2023-08-18T05:05:26.990+0000] {external_task.py:236} INFO - Poking for tasks ['task_b'] in dag dags_branch_python_operator on 2023-08-17T22:59:34.067502+00:00 ... 
[2023-08-18T05:05:37.012+0000] {external_task.py:236} INFO - Poking for tasks ['task_b'] in dag dags_branch_python_operator on 2023-08-17T22:59:34.067502+00:00 ... 
[2023-08-18T05:05:47.038+0000] {external_task.py:236} INFO - Poking for tasks ['task_b'] in dag dags_branch_python_operator on 2023-08-17T22:59:34.067502+00:00 ... 
[2023-08-18T05:05:57.066+0000] {external_task.py:236} INFO - Poking for tasks ['task_b'] in dag dags_branch_python_operator on 2023-08-17T22:59:34.067502+00:00 ... 
[2023-08-18T05:06:07.086+0000] {external_task.py:236} INFO - Poking for tasks ['task_b'] in dag dags_branch_python_operator on 2023-08-17T22:59:34.067502+00:00 ... 
[2023-08-18T05:06:17.106+0000] {external_task.py:236} INFO - Poking for tasks ['task_b'] in dag dags_branch_python_operator on 2023-08-17T22:59:34.067502+00:00 ... 
[2023-08-18T05:06:27.126+0000] {external_task.py:236} INFO - Poking for tasks ['task_b'] in dag dags_branch_python_operator on 2023-08-17T22:59:34.067502+00:00 ... 
[2023-08-18T05:06:37.151+0000] {external_task.py:236} INFO - Poking for tasks ['task_b'] in dag dags_branch_python_operator on 2023-08-17T22:59:34.067502+00:00 ... 
[2023-08-18T05:06:47.174+0000] {external_task.py:236} INFO - Poking for tasks ['task_b'] in dag dags_branch_python_operator on 2023-08-17T22:59:34.067502+00:00 ... 
[2023-08-18T05:06:57.196+0000] {external_task.py:236} INFO - Poking for tasks ['task_b'] in dag dags_branch_python_operator on 2023-08-17T22:59:34.067502+00:00 ... 
[2023-08-18T05:07:07.216+0000] {external_task.py:236} INFO - Poking for tasks ['task_b'] in dag dags_branch_python_operator on 2023-08-17T22:59:34.067502+00:00 ... 
[2023-08-18T05:07:17.236+0000] {external_task.py:236} INFO - Poking for tasks ['task_b'] in dag dags_branch_python_operator on 2023-08-17T22:59:34.067502+00:00 ... 
[2023-08-18T05:07:27.256+0000] {external_task.py:236} INFO - Poking for tasks ['task_b'] in dag dags_branch_python_operator on 2023-08-17T22:59:34.067502+00:00 ... 
[2023-08-18T05:07:37.277+0000] {external_task.py:236} INFO - Poking for tasks ['task_b'] in dag dags_branch_python_operator on 2023-08-17T22:59:34.067502+00:00 ... 
[2023-08-18T05:07:47.297+0000] {external_task.py:236} INFO - Poking for tasks ['task_b'] in dag dags_branch_python_operator on 2023-08-17T22:59:34.067502+00:00 ... 
[2023-08-18T05:07:57.317+0000] {external_task.py:236} INFO - Poking for tasks ['task_b'] in dag dags_branch_python_operator on 2023-08-17T22:59:34.067502+00:00 ... 
[2023-08-18T05:08:07.336+0000] {external_task.py:236} INFO - Poking for tasks ['task_b'] in dag dags_branch_python_operator on 2023-08-17T22:59:34.067502+00:00 ... 
[2023-08-18T05:08:17.366+0000] {external_task.py:236} INFO - Poking for tasks ['task_b'] in dag dags_branch_python_operator on 2023-08-17T22:59:34.067502+00:00 ... 
[2023-08-18T05:08:27.394+0000] {external_task.py:236} INFO - Poking for tasks ['task_b'] in dag dags_branch_python_operator on 2023-08-17T22:59:34.067502+00:00 ... 
[2023-08-18T05:08:37.416+0000] {external_task.py:236} INFO - Poking for tasks ['task_b'] in dag dags_branch_python_operator on 2023-08-17T22:59:34.067502+00:00 ... 
[2023-08-18T05:08:47.441+0000] {external_task.py:236} INFO - Poking for tasks ['task_b'] in dag dags_branch_python_operator on 2023-08-17T22:59:34.067502+00:00 ... 
[2023-08-18T05:08:57.462+0000] {external_task.py:236} INFO - Poking for tasks ['task_b'] in dag dags_branch_python_operator on 2023-08-17T22:59:34.067502+00:00 ... 
[2023-08-18T05:09:07.476+0000] {external_task.py:236} INFO - Poking for tasks ['task_b'] in dag dags_branch_python_operator on 2023-08-17T22:59:34.067502+00:00 ... 
[2023-08-18T05:09:17.496+0000] {external_task.py:236} INFO - Poking for tasks ['task_b'] in dag dags_branch_python_operator on 2023-08-17T22:59:34.067502+00:00 ... 
[2023-08-18T05:09:27.517+0000] {external_task.py:236} INFO - Poking for tasks ['task_b'] in dag dags_branch_python_operator on 2023-08-17T22:59:34.067502+00:00 ... 
[2023-08-18T05:09:37.567+0000] {external_task.py:236} INFO - Poking for tasks ['task_b'] in dag dags_branch_python_operator on 2023-08-17T22:59:34.067502+00:00 ... 
[2023-08-18T05:09:47.587+0000] {external_task.py:236} INFO - Poking for tasks ['task_b'] in dag dags_branch_python_operator on 2023-08-17T22:59:34.067502+00:00 ... 
[2023-08-18T05:09:57.609+0000] {external_task.py:236} INFO - Poking for tasks ['task_b'] in dag dags_branch_python_operator on 2023-08-17T22:59:34.067502+00:00 ... 
[2023-08-18T05:10:07.644+0000] {external_task.py:236} INFO - Poking for tasks ['task_b'] in dag dags_branch_python_operator on 2023-08-17T22:59:34.067502+00:00 ... 
[2023-08-18T05:10:17.666+0000] {external_task.py:236} INFO - Poking for tasks ['task_b'] in dag dags_branch_python_operator on 2023-08-17T22:59:34.067502+00:00 ... 
[2023-08-18T05:10:27.686+0000] {external_task.py:236} INFO - Poking for tasks ['task_b'] in dag dags_branch_python_operator on 2023-08-17T22:59:34.067502+00:00 ... 
[2023-08-18T05:10:37.707+0000] {external_task.py:236} INFO - Poking for tasks ['task_b'] in dag dags_branch_python_operator on 2023-08-17T22:59:34.067502+00:00 ... 
[2023-08-18T05:10:47.726+0000] {external_task.py:236} INFO - Poking for tasks ['task_b'] in dag dags_branch_python_operator on 2023-08-17T22:59:34.067502+00:00 ... 
[2023-08-18T05:10:57.752+0000] {external_task.py:236} INFO - Poking for tasks ['task_b'] in dag dags_branch_python_operator on 2023-08-17T22:59:34.067502+00:00 ... 
[2023-08-18T05:11:07.776+0000] {external_task.py:236} INFO - Poking for tasks ['task_b'] in dag dags_branch_python_operator on 2023-08-17T22:59:34.067502+00:00 ... 
[2023-08-18T05:11:17.796+0000] {external_task.py:236} INFO - Poking for tasks ['task_b'] in dag dags_branch_python_operator on 2023-08-17T22:59:34.067502+00:00 ... 
[2023-08-18T05:11:27.816+0000] {external_task.py:236} INFO - Poking for tasks ['task_b'] in dag dags_branch_python_operator on 2023-08-17T22:59:34.067502+00:00 ... 
[2023-08-18T05:11:37.867+0000] {external_task.py:236} INFO - Poking for tasks ['task_b'] in dag dags_branch_python_operator on 2023-08-17T22:59:34.067502+00:00 ... 
[2023-08-18T05:11:47.896+0000] {external_task.py:236} INFO - Poking for tasks ['task_b'] in dag dags_branch_python_operator on 2023-08-17T22:59:34.067502+00:00 ... 
[2023-08-18T05:11:57.917+0000] {external_task.py:236} INFO - Poking for tasks ['task_b'] in dag dags_branch_python_operator on 2023-08-17T22:59:34.067502+00:00 ... 
[2023-08-18T05:12:07.937+0000] {external_task.py:236} INFO - Poking for tasks ['task_b'] in dag dags_branch_python_operator on 2023-08-17T22:59:34.067502+00:00 ... 
[2023-08-18T05:12:17.962+0000] {external_task.py:236} INFO - Poking for tasks ['task_b'] in dag dags_branch_python_operator on 2023-08-17T22:59:34.067502+00:00 ... 
[2023-08-18T05:12:26.648+0000] {local_task_job_runner.py:292} WARNING - State of this instance has been externally set to failed. Terminating instance.
[2023-08-18T05:12:26.650+0000] {process_utils.py:135} INFO - Sending Signals.SIGTERM to group 2771. PIDs of all processes in the group: [2771]
[2023-08-18T05:12:26.651+0000] {process_utils.py:86} INFO - Sending the signal Signals.SIGTERM to group 2771
[2023-08-18T05:12:26.651+0000] {taskinstance.py:1517} ERROR - Received SIGTERM. Terminating subprocesses.
[2023-08-18T05:12:26.704+0000] {process_utils.py:79} INFO - Process psutil.Process(pid=2771, status='terminated', exitcode=0, started='05:03:06') (2771) terminated with exit code 0
